[2024-10-12T20:07:14.065+0700] {processor.py:161} INFO - Started process (PID=9445) to work on /home/hanifmmufid/airflow/dags/bash_operator_daily_dag_v03.py
[2024-10-12T20:07:14.067+0700] {processor.py:830} INFO - Processing file /home/hanifmmufid/airflow/dags/bash_operator_daily_dag_v03.py for tasks to queue
[2024-10-12T20:07:14.068+0700] {logging_mixin.py:188} INFO - [2024-10-12T20:07:14.067+0700] {dagbag.py:540} INFO - Filling up the DagBag from /home/hanifmmufid/airflow/dags/bash_operator_daily_dag_v03.py
[2024-10-12T20:07:14.084+0700] {processor.py:840} INFO - DAG(s) 'bash_operator_daily_dag_v03' retrieved from /home/hanifmmufid/airflow/dags/bash_operator_daily_dag_v03.py
[2024-10-12T20:07:14.256+0700] {logging_mixin.py:188} INFO - [2024-10-12T20:07:14.255+0700] {override.py:1901} INFO - Created Permission View: can edit on DAG:bash_operator_daily_dag_v03
[2024-10-12T20:07:14.274+0700] {logging_mixin.py:188} INFO - [2024-10-12T20:07:14.274+0700] {override.py:1901} INFO - Created Permission View: can read on DAG:bash_operator_daily_dag_v03
[2024-10-12T20:07:14.290+0700] {logging_mixin.py:188} INFO - [2024-10-12T20:07:14.289+0700] {override.py:1901} INFO - Created Permission View: can delete on DAG:bash_operator_daily_dag_v03
[2024-10-12T20:07:14.290+0700] {logging_mixin.py:188} INFO - [2024-10-12T20:07:14.290+0700] {dag.py:3096} INFO - Sync 1 DAGs
[2024-10-12T20:07:14.300+0700] {logging_mixin.py:188} INFO - [2024-10-12T20:07:14.300+0700] {dag.py:3118} INFO - Creating ORM DAG for bash_operator_daily_dag_v03
[2024-10-12T20:07:14.313+0700] {logging_mixin.py:188} INFO - [2024-10-12T20:07:14.313+0700] {dag.py:3954} INFO - Setting next_dagrun for bash_operator_daily_dag_v03 to 2024-09-03 07:30:00+00:00, run_after=2024-09-10 07:30:00+00:00
[2024-10-12T20:07:14.341+0700] {processor.py:183} INFO - Processing /home/hanifmmufid/airflow/dags/bash_operator_daily_dag_v03.py took 0.287 seconds
[2024-10-12T20:09:04.461+0700] {processor.py:161} INFO - Started process (PID=10378) to work on /home/hanifmmufid/airflow/dags/bash_operator_daily_dag_v03.py
[2024-10-12T20:09:04.463+0700] {processor.py:830} INFO - Processing file /home/hanifmmufid/airflow/dags/bash_operator_daily_dag_v03.py for tasks to queue
[2024-10-12T20:09:04.464+0700] {logging_mixin.py:188} INFO - [2024-10-12T20:09:04.463+0700] {dagbag.py:540} INFO - Filling up the DagBag from /home/hanifmmufid/airflow/dags/bash_operator_daily_dag_v03.py
[2024-10-12T20:09:04.480+0700] {processor.py:840} INFO - DAG(s) 'bash_operator_daily_dag_v03' retrieved from /home/hanifmmufid/airflow/dags/bash_operator_daily_dag_v03.py
[2024-10-12T20:09:04.503+0700] {logging_mixin.py:188} INFO - [2024-10-12T20:09:04.503+0700] {dag.py:3096} INFO - Sync 1 DAGs
[2024-10-12T20:09:04.540+0700] {logging_mixin.py:188} INFO - [2024-10-12T20:09:04.539+0700] {dag.py:3954} INFO - Setting next_dagrun for bash_operator_daily_dag_v03 to 2024-09-03 07:30:00+00:00, run_after=2024-09-10 07:30:00+00:00
[2024-10-12T20:09:04.584+0700] {processor.py:183} INFO - Processing /home/hanifmmufid/airflow/dags/bash_operator_daily_dag_v03.py took 0.132 seconds
[2024-10-12T20:10:41.663+0700] {processor.py:161} INFO - Started process (PID=11485) to work on /home/hanifmmufid/airflow/dags/bash_operator_daily_dag_v03.py
[2024-10-12T20:10:41.665+0700] {processor.py:830} INFO - Processing file /home/hanifmmufid/airflow/dags/bash_operator_daily_dag_v03.py for tasks to queue
[2024-10-12T20:10:41.667+0700] {logging_mixin.py:188} INFO - [2024-10-12T20:10:41.666+0700] {dagbag.py:540} INFO - Filling up the DagBag from /home/hanifmmufid/airflow/dags/bash_operator_daily_dag_v03.py
[2024-10-12T20:10:41.693+0700] {processor.py:840} INFO - DAG(s) 'bash_operator_daily_dag_v03' retrieved from /home/hanifmmufid/airflow/dags/bash_operator_daily_dag_v03.py
[2024-10-12T20:10:41.859+0700] {logging_mixin.py:188} INFO - [2024-10-12T20:10:41.858+0700] {dag.py:3096} INFO - Sync 1 DAGs
[2024-10-12T20:10:41.953+0700] {logging_mixin.py:188} INFO - [2024-10-12T20:10:41.952+0700] {dag.py:3954} INFO - Setting next_dagrun for bash_operator_daily_dag_v03 to 2024-09-03 07:30:00+00:00, run_after=2024-09-10 07:30:00+00:00
[2024-10-12T20:10:42.026+0700] {processor.py:183} INFO - Processing /home/hanifmmufid/airflow/dags/bash_operator_daily_dag_v03.py took 0.374 seconds
[2024-10-12T20:12:11.464+0700] {processor.py:161} INFO - Started process (PID=12235) to work on /home/hanifmmufid/airflow/dags/bash_operator_daily_dag_v03.py
[2024-10-12T20:12:11.466+0700] {processor.py:830} INFO - Processing file /home/hanifmmufid/airflow/dags/bash_operator_daily_dag_v03.py for tasks to queue
[2024-10-12T20:12:11.471+0700] {logging_mixin.py:188} INFO - [2024-10-12T20:12:11.467+0700] {dagbag.py:540} INFO - Filling up the DagBag from /home/hanifmmufid/airflow/dags/bash_operator_daily_dag_v03.py
[2024-10-12T20:12:11.490+0700] {processor.py:840} INFO - DAG(s) 'bash_operator_daily_dag_v03' retrieved from /home/hanifmmufid/airflow/dags/bash_operator_daily_dag_v03.py
[2024-10-12T20:12:11.524+0700] {logging_mixin.py:188} INFO - [2024-10-12T20:12:11.524+0700] {dag.py:3096} INFO - Sync 1 DAGs
[2024-10-12T20:12:11.565+0700] {logging_mixin.py:188} INFO - [2024-10-12T20:12:11.565+0700] {dag.py:3954} INFO - Setting next_dagrun for bash_operator_daily_dag_v03 to 2024-09-03 07:30:00+00:00, run_after=2024-09-10 07:30:00+00:00
[2024-10-12T20:12:11.611+0700] {processor.py:183} INFO - Processing /home/hanifmmufid/airflow/dags/bash_operator_daily_dag_v03.py took 0.155 seconds
[2024-10-12T20:13:35.908+0700] {processor.py:161} INFO - Started process (PID=12971) to work on /home/hanifmmufid/airflow/dags/bash_operator_daily_dag_v03.py
[2024-10-12T20:13:35.910+0700] {processor.py:830} INFO - Processing file /home/hanifmmufid/airflow/dags/bash_operator_daily_dag_v03.py for tasks to queue
[2024-10-12T20:13:35.910+0700] {logging_mixin.py:188} INFO - [2024-10-12T20:13:35.910+0700] {dagbag.py:540} INFO - Filling up the DagBag from /home/hanifmmufid/airflow/dags/bash_operator_daily_dag_v03.py
[2024-10-12T20:13:35.921+0700] {processor.py:840} INFO - DAG(s) 'bash_operator_daily_dag_v03' retrieved from /home/hanifmmufid/airflow/dags/bash_operator_daily_dag_v03.py
[2024-10-12T20:13:35.933+0700] {logging_mixin.py:188} INFO - [2024-10-12T20:13:35.932+0700] {dag.py:3096} INFO - Sync 1 DAGs
[2024-10-12T20:13:35.953+0700] {logging_mixin.py:188} INFO - [2024-10-12T20:13:35.952+0700] {dag.py:3954} INFO - Setting next_dagrun for bash_operator_daily_dag_v03 to 2024-09-03 07:30:00+00:00, run_after=2024-09-10 07:30:00+00:00
[2024-10-12T20:13:35.976+0700] {processor.py:183} INFO - Processing /home/hanifmmufid/airflow/dags/bash_operator_daily_dag_v03.py took 0.072 seconds
[2024-10-12T20:15:02.343+0700] {processor.py:161} INFO - Started process (PID=13654) to work on /home/hanifmmufid/airflow/dags/bash_operator_daily_dag_v03.py
[2024-10-12T20:15:02.344+0700] {processor.py:830} INFO - Processing file /home/hanifmmufid/airflow/dags/bash_operator_daily_dag_v03.py for tasks to queue
[2024-10-12T20:15:02.345+0700] {logging_mixin.py:188} INFO - [2024-10-12T20:15:02.345+0700] {dagbag.py:540} INFO - Filling up the DagBag from /home/hanifmmufid/airflow/dags/bash_operator_daily_dag_v03.py
[2024-10-12T20:15:02.352+0700] {processor.py:840} INFO - DAG(s) 'bash_operator_daily_dag_v03' retrieved from /home/hanifmmufid/airflow/dags/bash_operator_daily_dag_v03.py
[2024-10-12T20:15:02.363+0700] {logging_mixin.py:188} INFO - [2024-10-12T20:15:02.363+0700] {dag.py:3096} INFO - Sync 1 DAGs
[2024-10-12T20:15:02.378+0700] {logging_mixin.py:188} INFO - [2024-10-12T20:15:02.378+0700] {dag.py:3954} INFO - Setting next_dagrun for bash_operator_daily_dag_v03 to 2024-09-03 07:30:00+00:00, run_after=2024-09-10 07:30:00+00:00
[2024-10-12T20:15:02.403+0700] {processor.py:183} INFO - Processing /home/hanifmmufid/airflow/dags/bash_operator_daily_dag_v03.py took 0.065 seconds
