[2024-10-12T20:07:15.263+0700] {processor.py:161} INFO - Started process (PID=9451) to work on /home/hanifmmufid/airflow/dags/my_first_dag.py
[2024-10-12T20:07:15.264+0700] {processor.py:830} INFO - Processing file /home/hanifmmufid/airflow/dags/my_first_dag.py for tasks to queue
[2024-10-12T20:07:15.266+0700] {logging_mixin.py:188} INFO - [2024-10-12T20:07:15.265+0700] {dagbag.py:540} INFO - Filling up the DagBag from /home/hanifmmufid/airflow/dags/my_first_dag.py
[2024-10-12T20:07:15.289+0700] {processor.py:840} INFO - DAG(s) 'my_first_dag' retrieved from /home/hanifmmufid/airflow/dags/my_first_dag.py
[2024-10-12T20:07:15.434+0700] {logging_mixin.py:188} INFO - [2024-10-12T20:07:15.433+0700] {override.py:1901} INFO - Created Permission View: can edit on DAG:my_first_dag
[2024-10-12T20:07:15.458+0700] {logging_mixin.py:188} INFO - [2024-10-12T20:07:15.457+0700] {override.py:1901} INFO - Created Permission View: can read on DAG:my_first_dag
[2024-10-12T20:07:15.475+0700] {logging_mixin.py:188} INFO - [2024-10-12T20:07:15.474+0700] {override.py:1901} INFO - Created Permission View: can delete on DAG:my_first_dag
[2024-10-12T20:07:15.475+0700] {logging_mixin.py:188} INFO - [2024-10-12T20:07:15.475+0700] {dag.py:3096} INFO - Sync 1 DAGs
[2024-10-12T20:07:15.490+0700] {logging_mixin.py:188} INFO - [2024-10-12T20:07:15.490+0700] {dag.py:3118} INFO - Creating ORM DAG for my_first_dag
[2024-10-12T20:07:15.504+0700] {logging_mixin.py:188} INFO - [2024-10-12T20:07:15.504+0700] {dag.py:3954} INFO - Setting next_dagrun for my_first_dag to 2024-10-11 00:00:00+00:00, run_after=2024-10-12 00:00:00+00:00
[2024-10-12T20:07:15.537+0700] {processor.py:183} INFO - Processing /home/hanifmmufid/airflow/dags/my_first_dag.py took 0.283 seconds
[2024-10-12T20:09:00.717+0700] {processor.py:161} INFO - Started process (PID=10351) to work on /home/hanifmmufid/airflow/dags/my_first_dag.py
[2024-10-12T20:09:00.729+0700] {processor.py:830} INFO - Processing file /home/hanifmmufid/airflow/dags/my_first_dag.py for tasks to queue
[2024-10-12T20:09:00.732+0700] {logging_mixin.py:188} INFO - [2024-10-12T20:09:00.731+0700] {dagbag.py:540} INFO - Filling up the DagBag from /home/hanifmmufid/airflow/dags/my_first_dag.py
[2024-10-12T20:09:00.787+0700] {processor.py:840} INFO - DAG(s) 'my_first_dag' retrieved from /home/hanifmmufid/airflow/dags/my_first_dag.py
[2024-10-12T20:09:00.989+0700] {logging_mixin.py:188} INFO - [2024-10-12T20:09:00.989+0700] {dag.py:3096} INFO - Sync 1 DAGs
[2024-10-12T20:09:01.102+0700] {logging_mixin.py:188} INFO - [2024-10-12T20:09:01.101+0700] {dag.py:3954} INFO - Setting next_dagrun for my_first_dag to 2024-10-11 00:00:00+00:00, run_after=2024-10-12 00:00:00+00:00
[2024-10-12T20:09:01.782+0700] {processor.py:183} INFO - Processing /home/hanifmmufid/airflow/dags/my_first_dag.py took 1.089 seconds
[2024-10-12T20:10:40.009+0700] {processor.py:161} INFO - Started process (PID=11449) to work on /home/hanifmmufid/airflow/dags/my_first_dag.py
[2024-10-12T20:10:40.011+0700] {processor.py:830} INFO - Processing file /home/hanifmmufid/airflow/dags/my_first_dag.py for tasks to queue
[2024-10-12T20:10:40.012+0700] {logging_mixin.py:188} INFO - [2024-10-12T20:10:40.012+0700] {dagbag.py:540} INFO - Filling up the DagBag from /home/hanifmmufid/airflow/dags/my_first_dag.py
[2024-10-12T20:10:40.026+0700] {processor.py:840} INFO - DAG(s) 'my_first_dag' retrieved from /home/hanifmmufid/airflow/dags/my_first_dag.py
[2024-10-12T20:10:40.045+0700] {logging_mixin.py:188} INFO - [2024-10-12T20:10:40.045+0700] {dag.py:3096} INFO - Sync 1 DAGs
[2024-10-12T20:10:40.072+0700] {logging_mixin.py:188} INFO - [2024-10-12T20:10:40.072+0700] {dag.py:3954} INFO - Setting next_dagrun for my_first_dag to 2024-10-11 00:00:00+00:00, run_after=2024-10-12 00:00:00+00:00
[2024-10-12T20:10:40.143+0700] {processor.py:183} INFO - Processing /home/hanifmmufid/airflow/dags/my_first_dag.py took 0.140 seconds
[2024-10-12T20:12:08.943+0700] {processor.py:161} INFO - Started process (PID=12218) to work on /home/hanifmmufid/airflow/dags/my_first_dag.py
[2024-10-12T20:12:08.945+0700] {processor.py:830} INFO - Processing file /home/hanifmmufid/airflow/dags/my_first_dag.py for tasks to queue
[2024-10-12T20:12:08.946+0700] {logging_mixin.py:188} INFO - [2024-10-12T20:12:08.945+0700] {dagbag.py:540} INFO - Filling up the DagBag from /home/hanifmmufid/airflow/dags/my_first_dag.py
[2024-10-12T20:12:08.960+0700] {processor.py:840} INFO - DAG(s) 'my_first_dag' retrieved from /home/hanifmmufid/airflow/dags/my_first_dag.py
[2024-10-12T20:12:08.978+0700] {logging_mixin.py:188} INFO - [2024-10-12T20:12:08.978+0700] {dag.py:3096} INFO - Sync 1 DAGs
[2024-10-12T20:12:09.038+0700] {logging_mixin.py:188} INFO - [2024-10-12T20:12:09.037+0700] {dag.py:3954} INFO - Setting next_dagrun for my_first_dag to 2024-10-11 00:00:00+00:00, run_after=2024-10-12 00:00:00+00:00
[2024-10-12T20:12:09.097+0700] {processor.py:183} INFO - Processing /home/hanifmmufid/airflow/dags/my_first_dag.py took 0.164 seconds
[2024-10-12T20:13:35.221+0700] {processor.py:161} INFO - Started process (PID=12967) to work on /home/hanifmmufid/airflow/dags/my_first_dag.py
[2024-10-12T20:13:35.222+0700] {processor.py:830} INFO - Processing file /home/hanifmmufid/airflow/dags/my_first_dag.py for tasks to queue
[2024-10-12T20:13:35.223+0700] {logging_mixin.py:188} INFO - [2024-10-12T20:13:35.223+0700] {dagbag.py:540} INFO - Filling up the DagBag from /home/hanifmmufid/airflow/dags/my_first_dag.py
[2024-10-12T20:13:35.230+0700] {processor.py:840} INFO - DAG(s) 'my_first_dag' retrieved from /home/hanifmmufid/airflow/dags/my_first_dag.py
[2024-10-12T20:13:35.244+0700] {logging_mixin.py:188} INFO - [2024-10-12T20:13:35.244+0700] {dag.py:3096} INFO - Sync 1 DAGs
[2024-10-12T20:13:35.261+0700] {logging_mixin.py:188} INFO - [2024-10-12T20:13:35.261+0700] {dag.py:3954} INFO - Setting next_dagrun for my_first_dag to 2024-10-11 00:00:00+00:00, run_after=2024-10-12 00:00:00+00:00
[2024-10-12T20:13:35.281+0700] {processor.py:183} INFO - Processing /home/hanifmmufid/airflow/dags/my_first_dag.py took 0.065 seconds
[2024-10-12T20:15:00.069+0700] {processor.py:161} INFO - Started process (PID=13634) to work on /home/hanifmmufid/airflow/dags/my_first_dag.py
[2024-10-12T20:15:00.071+0700] {processor.py:830} INFO - Processing file /home/hanifmmufid/airflow/dags/my_first_dag.py for tasks to queue
[2024-10-12T20:15:00.071+0700] {logging_mixin.py:188} INFO - [2024-10-12T20:15:00.071+0700] {dagbag.py:540} INFO - Filling up the DagBag from /home/hanifmmufid/airflow/dags/my_first_dag.py
[2024-10-12T20:15:00.080+0700] {processor.py:840} INFO - DAG(s) 'my_first_dag' retrieved from /home/hanifmmufid/airflow/dags/my_first_dag.py
[2024-10-12T20:15:00.093+0700] {logging_mixin.py:188} INFO - [2024-10-12T20:15:00.092+0700] {dag.py:3096} INFO - Sync 1 DAGs
[2024-10-12T20:15:00.113+0700] {logging_mixin.py:188} INFO - [2024-10-12T20:15:00.112+0700] {dag.py:3954} INFO - Setting next_dagrun for my_first_dag to 2024-10-11 00:00:00+00:00, run_after=2024-10-12 00:00:00+00:00
[2024-10-12T20:15:00.141+0700] {processor.py:183} INFO - Processing /home/hanifmmufid/airflow/dags/my_first_dag.py took 0.077 seconds
[2024-10-12T20:16:11.248+0700] {processor.py:161} INFO - Started process (PID=14299) to work on /home/hanifmmufid/airflow/dags/my_first_dag.py
[2024-10-12T20:16:11.250+0700] {processor.py:830} INFO - Processing file /home/hanifmmufid/airflow/dags/my_first_dag.py for tasks to queue
[2024-10-12T20:16:11.251+0700] {logging_mixin.py:188} INFO - [2024-10-12T20:16:11.251+0700] {dagbag.py:540} INFO - Filling up the DagBag from /home/hanifmmufid/airflow/dags/my_first_dag.py
[2024-10-12T20:16:11.259+0700] {processor.py:840} INFO - DAG(s) 'my_first_dag' retrieved from /home/hanifmmufid/airflow/dags/my_first_dag.py
[2024-10-12T20:16:11.273+0700] {logging_mixin.py:188} INFO - [2024-10-12T20:16:11.273+0700] {dag.py:3096} INFO - Sync 1 DAGs
[2024-10-12T20:16:11.291+0700] {logging_mixin.py:188} INFO - [2024-10-12T20:16:11.290+0700] {dag.py:3954} INFO - Setting next_dagrun for my_first_dag to 2024-10-11 00:00:00+00:00, run_after=2024-10-12 00:00:00+00:00
[2024-10-12T20:16:11.317+0700] {processor.py:183} INFO - Processing /home/hanifmmufid/airflow/dags/my_first_dag.py took 0.075 seconds
[2024-10-12T20:17:31.820+0700] {processor.py:161} INFO - Started process (PID=14957) to work on /home/hanifmmufid/airflow/dags/my_first_dag.py
[2024-10-12T20:17:31.823+0700] {processor.py:830} INFO - Processing file /home/hanifmmufid/airflow/dags/my_first_dag.py for tasks to queue
[2024-10-12T20:17:31.825+0700] {logging_mixin.py:188} INFO - [2024-10-12T20:17:31.824+0700] {dagbag.py:540} INFO - Filling up the DagBag from /home/hanifmmufid/airflow/dags/my_first_dag.py
[2024-10-12T20:17:31.846+0700] {processor.py:840} INFO - DAG(s) 'my_first_dag' retrieved from /home/hanifmmufid/airflow/dags/my_first_dag.py
[2024-10-12T20:17:31.876+0700] {logging_mixin.py:188} INFO - [2024-10-12T20:17:31.875+0700] {dag.py:3096} INFO - Sync 1 DAGs
[2024-10-12T20:17:31.929+0700] {logging_mixin.py:188} INFO - [2024-10-12T20:17:31.929+0700] {dag.py:3954} INFO - Setting next_dagrun for my_first_dag to 2024-10-11 00:00:00+00:00, run_after=2024-10-12 00:00:00+00:00
[2024-10-12T20:17:31.982+0700] {processor.py:183} INFO - Processing /home/hanifmmufid/airflow/dags/my_first_dag.py took 0.178 seconds
