[2024-10-12T20:07:11.935+0700] {processor.py:161} INFO - Started process (PID=9425) to work on /home/hanifmmufid/airflow/dags/simple_xcom_dag.py
[2024-10-12T20:07:11.936+0700] {processor.py:830} INFO - Processing file /home/hanifmmufid/airflow/dags/simple_xcom_dag.py for tasks to queue
[2024-10-12T20:07:11.937+0700] {logging_mixin.py:188} INFO - [2024-10-12T20:07:11.937+0700] {dagbag.py:540} INFO - Filling up the DagBag from /home/hanifmmufid/airflow/dags/simple_xcom_dag.py
[2024-10-12T20:07:11.946+0700] {processor.py:840} INFO - DAG(s) 'simple_xcom_dag' retrieved from /home/hanifmmufid/airflow/dags/simple_xcom_dag.py
[2024-10-12T20:07:12.045+0700] {logging_mixin.py:188} INFO - [2024-10-12T20:07:12.045+0700] {override.py:1901} INFO - Created Permission View: can edit on DAG:simple_xcom_dag
[2024-10-12T20:07:12.067+0700] {logging_mixin.py:188} INFO - [2024-10-12T20:07:12.067+0700] {override.py:1901} INFO - Created Permission View: can read on DAG:simple_xcom_dag
[2024-10-12T20:07:12.087+0700] {logging_mixin.py:188} INFO - [2024-10-12T20:07:12.086+0700] {override.py:1901} INFO - Created Permission View: can delete on DAG:simple_xcom_dag
[2024-10-12T20:07:12.087+0700] {logging_mixin.py:188} INFO - [2024-10-12T20:07:12.087+0700] {dag.py:3096} INFO - Sync 1 DAGs
[2024-10-12T20:07:12.107+0700] {logging_mixin.py:188} INFO - [2024-10-12T20:07:12.107+0700] {dag.py:3118} INFO - Creating ORM DAG for simple_xcom_dag
[2024-10-12T20:07:12.121+0700] {logging_mixin.py:188} INFO - [2024-10-12T20:07:12.121+0700] {dag.py:3954} INFO - Setting next_dagrun for simple_xcom_dag to 2024-10-11 00:00:00+00:00, run_after=2024-10-12 00:00:00+00:00
[2024-10-12T20:07:12.159+0700] {processor.py:183} INFO - Processing /home/hanifmmufid/airflow/dags/simple_xcom_dag.py took 0.228 seconds
[2024-10-12T20:08:16.304+0700] {processor.py:161} INFO - Started process (PID=9990) to work on /home/hanifmmufid/airflow/dags/simple_xcom_dag.py
[2024-10-12T20:08:16.307+0700] {processor.py:830} INFO - Processing file /home/hanifmmufid/airflow/dags/simple_xcom_dag.py for tasks to queue
[2024-10-12T20:08:16.308+0700] {logging_mixin.py:188} INFO - [2024-10-12T20:08:16.308+0700] {dagbag.py:540} INFO - Filling up the DagBag from /home/hanifmmufid/airflow/dags/simple_xcom_dag.py
[2024-10-12T20:08:16.323+0700] {processor.py:840} INFO - DAG(s) 'simple_xcom_dag' retrieved from /home/hanifmmufid/airflow/dags/simple_xcom_dag.py
[2024-10-12T20:08:16.338+0700] {logging_mixin.py:188} INFO - [2024-10-12T20:08:16.338+0700] {dag.py:3096} INFO - Sync 1 DAGs
[2024-10-12T20:08:16.362+0700] {logging_mixin.py:188} INFO - [2024-10-12T20:08:16.362+0700] {dag.py:3954} INFO - Setting next_dagrun for simple_xcom_dag to 2024-10-11 00:00:00+00:00, run_after=2024-10-12 00:00:00+00:00
[2024-10-12T20:08:16.400+0700] {processor.py:183} INFO - Processing /home/hanifmmufid/airflow/dags/simple_xcom_dag.py took 0.105 seconds
[2024-10-12T20:09:50.247+0700] {processor.py:161} INFO - Started process (PID=10736) to work on /home/hanifmmufid/airflow/dags/simple_xcom_dag.py
[2024-10-12T20:09:50.248+0700] {processor.py:830} INFO - Processing file /home/hanifmmufid/airflow/dags/simple_xcom_dag.py for tasks to queue
[2024-10-12T20:09:50.250+0700] {logging_mixin.py:188} INFO - [2024-10-12T20:09:50.249+0700] {dagbag.py:540} INFO - Filling up the DagBag from /home/hanifmmufid/airflow/dags/simple_xcom_dag.py
[2024-10-12T20:09:50.264+0700] {processor.py:840} INFO - DAG(s) 'simple_xcom_dag' retrieved from /home/hanifmmufid/airflow/dags/simple_xcom_dag.py
[2024-10-12T20:09:50.282+0700] {logging_mixin.py:188} INFO - [2024-10-12T20:09:50.282+0700] {dag.py:3096} INFO - Sync 1 DAGs
[2024-10-12T20:09:50.308+0700] {logging_mixin.py:188} INFO - [2024-10-12T20:09:50.308+0700] {dag.py:3954} INFO - Setting next_dagrun for simple_xcom_dag to 2024-10-11 00:00:00+00:00, run_after=2024-10-12 00:00:00+00:00
[2024-10-12T20:09:50.344+0700] {processor.py:183} INFO - Processing /home/hanifmmufid/airflow/dags/simple_xcom_dag.py took 0.104 seconds
[2024-10-12T20:11:25.731+0700] {processor.py:161} INFO - Started process (PID=11861) to work on /home/hanifmmufid/airflow/dags/simple_xcom_dag.py
[2024-10-12T20:11:25.734+0700] {processor.py:830} INFO - Processing file /home/hanifmmufid/airflow/dags/simple_xcom_dag.py for tasks to queue
[2024-10-12T20:11:25.736+0700] {logging_mixin.py:188} INFO - [2024-10-12T20:11:25.736+0700] {dagbag.py:540} INFO - Filling up the DagBag from /home/hanifmmufid/airflow/dags/simple_xcom_dag.py
[2024-10-12T20:11:25.755+0700] {processor.py:840} INFO - DAG(s) 'simple_xcom_dag' retrieved from /home/hanifmmufid/airflow/dags/simple_xcom_dag.py
[2024-10-12T20:11:25.782+0700] {logging_mixin.py:188} INFO - [2024-10-12T20:11:25.782+0700] {dag.py:3096} INFO - Sync 1 DAGs
[2024-10-12T20:11:25.823+0700] {logging_mixin.py:188} INFO - [2024-10-12T20:11:25.822+0700] {dag.py:3954} INFO - Setting next_dagrun for simple_xcom_dag to 2024-10-11 00:00:00+00:00, run_after=2024-10-12 00:00:00+00:00
[2024-10-12T20:11:25.861+0700] {processor.py:183} INFO - Processing /home/hanifmmufid/airflow/dags/simple_xcom_dag.py took 0.137 seconds
[2024-10-12T20:12:50.214+0700] {processor.py:161} INFO - Started process (PID=12598) to work on /home/hanifmmufid/airflow/dags/simple_xcom_dag.py
[2024-10-12T20:12:50.222+0700] {processor.py:830} INFO - Processing file /home/hanifmmufid/airflow/dags/simple_xcom_dag.py for tasks to queue
[2024-10-12T20:12:50.224+0700] {logging_mixin.py:188} INFO - [2024-10-12T20:12:50.223+0700] {dagbag.py:540} INFO - Filling up the DagBag from /home/hanifmmufid/airflow/dags/simple_xcom_dag.py
[2024-10-12T20:12:50.240+0700] {processor.py:840} INFO - DAG(s) 'simple_xcom_dag' retrieved from /home/hanifmmufid/airflow/dags/simple_xcom_dag.py
[2024-10-12T20:12:50.265+0700] {logging_mixin.py:188} INFO - [2024-10-12T20:12:50.264+0700] {dag.py:3096} INFO - Sync 1 DAGs
[2024-10-12T20:12:50.304+0700] {logging_mixin.py:188} INFO - [2024-10-12T20:12:50.304+0700] {dag.py:3954} INFO - Setting next_dagrun for simple_xcom_dag to 2024-10-11 00:00:00+00:00, run_after=2024-10-12 00:00:00+00:00
[2024-10-12T20:12:50.347+0700] {processor.py:183} INFO - Processing /home/hanifmmufid/airflow/dags/simple_xcom_dag.py took 0.162 seconds
[2024-10-12T20:14:15.490+0700] {processor.py:161} INFO - Started process (PID=13279) to work on /home/hanifmmufid/airflow/dags/simple_xcom_dag.py
[2024-10-12T20:14:15.494+0700] {processor.py:830} INFO - Processing file /home/hanifmmufid/airflow/dags/simple_xcom_dag.py for tasks to queue
[2024-10-12T20:14:15.496+0700] {logging_mixin.py:188} INFO - [2024-10-12T20:14:15.495+0700] {dagbag.py:540} INFO - Filling up the DagBag from /home/hanifmmufid/airflow/dags/simple_xcom_dag.py
[2024-10-12T20:14:15.522+0700] {processor.py:840} INFO - DAG(s) 'simple_xcom_dag' retrieved from /home/hanifmmufid/airflow/dags/simple_xcom_dag.py
[2024-10-12T20:14:15.567+0700] {logging_mixin.py:188} INFO - [2024-10-12T20:14:15.567+0700] {dag.py:3096} INFO - Sync 1 DAGs
[2024-10-12T20:14:15.656+0700] {logging_mixin.py:188} INFO - [2024-10-12T20:14:15.656+0700] {dag.py:3954} INFO - Setting next_dagrun for simple_xcom_dag to 2024-10-11 00:00:00+00:00, run_after=2024-10-12 00:00:00+00:00
[2024-10-12T20:14:15.876+0700] {processor.py:183} INFO - Processing /home/hanifmmufid/airflow/dags/simple_xcom_dag.py took 0.406 seconds
[2024-10-12T20:15:35.096+0700] {processor.py:161} INFO - Started process (PID=13940) to work on /home/hanifmmufid/airflow/dags/simple_xcom_dag.py
[2024-10-12T20:15:35.098+0700] {processor.py:830} INFO - Processing file /home/hanifmmufid/airflow/dags/simple_xcom_dag.py for tasks to queue
[2024-10-12T20:15:35.099+0700] {logging_mixin.py:188} INFO - [2024-10-12T20:15:35.098+0700] {dagbag.py:540} INFO - Filling up the DagBag from /home/hanifmmufid/airflow/dags/simple_xcom_dag.py
[2024-10-12T20:15:35.111+0700] {processor.py:840} INFO - DAG(s) 'simple_xcom_dag' retrieved from /home/hanifmmufid/airflow/dags/simple_xcom_dag.py
[2024-10-12T20:15:35.130+0700] {logging_mixin.py:188} INFO - [2024-10-12T20:15:35.130+0700] {dag.py:3096} INFO - Sync 1 DAGs
[2024-10-12T20:15:35.157+0700] {logging_mixin.py:188} INFO - [2024-10-12T20:15:35.157+0700] {dag.py:3954} INFO - Setting next_dagrun for simple_xcom_dag to 2024-10-11 00:00:00+00:00, run_after=2024-10-12 00:00:00+00:00
[2024-10-12T20:15:35.182+0700] {processor.py:183} INFO - Processing /home/hanifmmufid/airflow/dags/simple_xcom_dag.py took 0.095 seconds
