[2024-10-12T20:07:13.318+0700] {processor.py:161} INFO - Started process (PID=9437) to work on /home/hanifmmufid/airflow/dags/xcom_multi_variable_dag.py
[2024-10-12T20:07:13.319+0700] {processor.py:830} INFO - Processing file /home/hanifmmufid/airflow/dags/xcom_multi_variable_dag.py for tasks to queue
[2024-10-12T20:07:13.320+0700] {logging_mixin.py:188} INFO - [2024-10-12T20:07:13.320+0700] {dagbag.py:540} INFO - Filling up the DagBag from /home/hanifmmufid/airflow/dags/xcom_multi_variable_dag.py
[2024-10-12T20:07:13.336+0700] {processor.py:840} INFO - DAG(s) 'xcom_multi_variable_dag' retrieved from /home/hanifmmufid/airflow/dags/xcom_multi_variable_dag.py
[2024-10-12T20:07:13.423+0700] {logging_mixin.py:188} INFO - [2024-10-12T20:07:13.423+0700] {override.py:1901} INFO - Created Permission View: can edit on DAG:xcom_multi_variable_dag
[2024-10-12T20:07:13.438+0700] {logging_mixin.py:188} INFO - [2024-10-12T20:07:13.436+0700] {override.py:1901} INFO - Created Permission View: can read on DAG:xcom_multi_variable_dag
[2024-10-12T20:07:13.452+0700] {logging_mixin.py:188} INFO - [2024-10-12T20:07:13.451+0700] {override.py:1901} INFO - Created Permission View: can delete on DAG:xcom_multi_variable_dag
[2024-10-12T20:07:13.452+0700] {logging_mixin.py:188} INFO - [2024-10-12T20:07:13.452+0700] {dag.py:3096} INFO - Sync 1 DAGs
[2024-10-12T20:07:13.470+0700] {logging_mixin.py:188} INFO - [2024-10-12T20:07:13.470+0700] {dag.py:3118} INFO - Creating ORM DAG for xcom_multi_variable_dag
[2024-10-12T20:07:13.489+0700] {logging_mixin.py:188} INFO - [2024-10-12T20:07:13.489+0700] {dag.py:3954} INFO - Setting next_dagrun for xcom_multi_variable_dag to 2024-10-11 00:00:00+00:00, run_after=2024-10-12 00:00:00+00:00
[2024-10-12T20:07:13.557+0700] {processor.py:183} INFO - Processing /home/hanifmmufid/airflow/dags/xcom_multi_variable_dag.py took 0.251 seconds
[2024-10-12T20:08:55.086+0700] {processor.py:161} INFO - Started process (PID=10313) to work on /home/hanifmmufid/airflow/dags/xcom_multi_variable_dag.py
[2024-10-12T20:08:55.094+0700] {processor.py:830} INFO - Processing file /home/hanifmmufid/airflow/dags/xcom_multi_variable_dag.py for tasks to queue
[2024-10-12T20:08:55.098+0700] {logging_mixin.py:188} INFO - [2024-10-12T20:08:55.096+0700] {dagbag.py:540} INFO - Filling up the DagBag from /home/hanifmmufid/airflow/dags/xcom_multi_variable_dag.py
[2024-10-12T20:08:55.123+0700] {processor.py:840} INFO - DAG(s) 'xcom_multi_variable_dag' retrieved from /home/hanifmmufid/airflow/dags/xcom_multi_variable_dag.py
[2024-10-12T20:08:55.147+0700] {logging_mixin.py:188} INFO - [2024-10-12T20:08:55.147+0700] {dag.py:3096} INFO - Sync 1 DAGs
[2024-10-12T20:08:55.189+0700] {logging_mixin.py:188} INFO - [2024-10-12T20:08:55.189+0700] {dag.py:3954} INFO - Setting next_dagrun for xcom_multi_variable_dag to 2024-10-11 00:00:00+00:00, run_after=2024-10-12 00:00:00+00:00
[2024-10-12T20:08:55.226+0700] {processor.py:183} INFO - Processing /home/hanifmmufid/airflow/dags/xcom_multi_variable_dag.py took 0.176 seconds
[2024-10-12T20:10:35.677+0700] {processor.py:161} INFO - Started process (PID=11414) to work on /home/hanifmmufid/airflow/dags/xcom_multi_variable_dag.py
[2024-10-12T20:10:35.678+0700] {processor.py:830} INFO - Processing file /home/hanifmmufid/airflow/dags/xcom_multi_variable_dag.py for tasks to queue
[2024-10-12T20:10:35.679+0700] {logging_mixin.py:188} INFO - [2024-10-12T20:10:35.678+0700] {dagbag.py:540} INFO - Filling up the DagBag from /home/hanifmmufid/airflow/dags/xcom_multi_variable_dag.py
[2024-10-12T20:10:35.692+0700] {processor.py:840} INFO - DAG(s) 'xcom_multi_variable_dag' retrieved from /home/hanifmmufid/airflow/dags/xcom_multi_variable_dag.py
[2024-10-12T20:10:35.723+0700] {logging_mixin.py:188} INFO - [2024-10-12T20:10:35.722+0700] {dag.py:3096} INFO - Sync 1 DAGs
[2024-10-12T20:10:35.766+0700] {logging_mixin.py:188} INFO - [2024-10-12T20:10:35.766+0700] {dag.py:3954} INFO - Setting next_dagrun for xcom_multi_variable_dag to 2024-10-11 00:00:00+00:00, run_after=2024-10-12 00:00:00+00:00
[2024-10-12T20:10:35.820+0700] {processor.py:183} INFO - Processing /home/hanifmmufid/airflow/dags/xcom_multi_variable_dag.py took 0.149 seconds
[2024-10-12T20:12:04.212+0700] {processor.py:161} INFO - Started process (PID=12176) to work on /home/hanifmmufid/airflow/dags/xcom_multi_variable_dag.py
[2024-10-12T20:12:04.215+0700] {processor.py:830} INFO - Processing file /home/hanifmmufid/airflow/dags/xcom_multi_variable_dag.py for tasks to queue
[2024-10-12T20:12:04.217+0700] {logging_mixin.py:188} INFO - [2024-10-12T20:12:04.216+0700] {dagbag.py:540} INFO - Filling up the DagBag from /home/hanifmmufid/airflow/dags/xcom_multi_variable_dag.py
[2024-10-12T20:12:04.271+0700] {processor.py:840} INFO - DAG(s) 'xcom_multi_variable_dag' retrieved from /home/hanifmmufid/airflow/dags/xcom_multi_variable_dag.py
[2024-10-12T20:12:04.344+0700] {logging_mixin.py:188} INFO - [2024-10-12T20:12:04.334+0700] {dag.py:3096} INFO - Sync 1 DAGs
[2024-10-12T20:12:04.432+0700] {logging_mixin.py:188} INFO - [2024-10-12T20:12:04.432+0700] {dag.py:3954} INFO - Setting next_dagrun for xcom_multi_variable_dag to 2024-10-11 00:00:00+00:00, run_after=2024-10-12 00:00:00+00:00
[2024-10-12T20:12:04.550+0700] {processor.py:183} INFO - Processing /home/hanifmmufid/airflow/dags/xcom_multi_variable_dag.py took 0.371 seconds
[2024-10-12T20:13:31.463+0700] {processor.py:161} INFO - Started process (PID=12936) to work on /home/hanifmmufid/airflow/dags/xcom_multi_variable_dag.py
[2024-10-12T20:13:31.465+0700] {processor.py:830} INFO - Processing file /home/hanifmmufid/airflow/dags/xcom_multi_variable_dag.py for tasks to queue
[2024-10-12T20:13:31.466+0700] {logging_mixin.py:188} INFO - [2024-10-12T20:13:31.466+0700] {dagbag.py:540} INFO - Filling up the DagBag from /home/hanifmmufid/airflow/dags/xcom_multi_variable_dag.py
[2024-10-12T20:13:31.480+0700] {processor.py:840} INFO - DAG(s) 'xcom_multi_variable_dag' retrieved from /home/hanifmmufid/airflow/dags/xcom_multi_variable_dag.py
[2024-10-12T20:13:31.496+0700] {logging_mixin.py:188} INFO - [2024-10-12T20:13:31.496+0700] {dag.py:3096} INFO - Sync 1 DAGs
[2024-10-12T20:13:31.522+0700] {logging_mixin.py:188} INFO - [2024-10-12T20:13:31.522+0700] {dag.py:3954} INFO - Setting next_dagrun for xcom_multi_variable_dag to 2024-10-11 00:00:00+00:00, run_after=2024-10-12 00:00:00+00:00
[2024-10-12T20:13:31.564+0700] {processor.py:183} INFO - Processing /home/hanifmmufid/airflow/dags/xcom_multi_variable_dag.py took 0.110 seconds
[2024-10-12T20:14:57.210+0700] {processor.py:161} INFO - Started process (PID=13611) to work on /home/hanifmmufid/airflow/dags/xcom_multi_variable_dag.py
[2024-10-12T20:14:57.212+0700] {processor.py:830} INFO - Processing file /home/hanifmmufid/airflow/dags/xcom_multi_variable_dag.py for tasks to queue
[2024-10-12T20:14:57.213+0700] {logging_mixin.py:188} INFO - [2024-10-12T20:14:57.212+0700] {dagbag.py:540} INFO - Filling up the DagBag from /home/hanifmmufid/airflow/dags/xcom_multi_variable_dag.py
[2024-10-12T20:14:57.221+0700] {processor.py:840} INFO - DAG(s) 'xcom_multi_variable_dag' retrieved from /home/hanifmmufid/airflow/dags/xcom_multi_variable_dag.py
[2024-10-12T20:14:57.234+0700] {logging_mixin.py:188} INFO - [2024-10-12T20:14:57.233+0700] {dag.py:3096} INFO - Sync 1 DAGs
[2024-10-12T20:14:57.250+0700] {logging_mixin.py:188} INFO - [2024-10-12T20:14:57.250+0700] {dag.py:3954} INFO - Setting next_dagrun for xcom_multi_variable_dag to 2024-10-11 00:00:00+00:00, run_after=2024-10-12 00:00:00+00:00
[2024-10-12T20:14:57.277+0700] {processor.py:183} INFO - Processing /home/hanifmmufid/airflow/dags/xcom_multi_variable_dag.py took 0.072 seconds
[2024-10-12T20:16:08.149+0700] {processor.py:161} INFO - Started process (PID=14266) to work on /home/hanifmmufid/airflow/dags/xcom_multi_variable_dag.py
[2024-10-12T20:16:08.153+0700] {processor.py:830} INFO - Processing file /home/hanifmmufid/airflow/dags/xcom_multi_variable_dag.py for tasks to queue
[2024-10-12T20:16:08.154+0700] {logging_mixin.py:188} INFO - [2024-10-12T20:16:08.153+0700] {dagbag.py:540} INFO - Filling up the DagBag from /home/hanifmmufid/airflow/dags/xcom_multi_variable_dag.py
[2024-10-12T20:16:08.162+0700] {processor.py:840} INFO - DAG(s) 'xcom_multi_variable_dag' retrieved from /home/hanifmmufid/airflow/dags/xcom_multi_variable_dag.py
[2024-10-12T20:16:08.174+0700] {logging_mixin.py:188} INFO - [2024-10-12T20:16:08.173+0700] {dag.py:3096} INFO - Sync 1 DAGs
[2024-10-12T20:16:08.190+0700] {logging_mixin.py:188} INFO - [2024-10-12T20:16:08.190+0700] {dag.py:3954} INFO - Setting next_dagrun for xcom_multi_variable_dag to 2024-10-11 00:00:00+00:00, run_after=2024-10-12 00:00:00+00:00
[2024-10-12T20:16:08.215+0700] {processor.py:183} INFO - Processing /home/hanifmmufid/airflow/dags/xcom_multi_variable_dag.py took 0.072 seconds
[2024-10-12T20:17:27.096+0700] {processor.py:161} INFO - Started process (PID=14923) to work on /home/hanifmmufid/airflow/dags/xcom_multi_variable_dag.py
[2024-10-12T20:17:27.098+0700] {processor.py:830} INFO - Processing file /home/hanifmmufid/airflow/dags/xcom_multi_variable_dag.py for tasks to queue
[2024-10-12T20:17:27.100+0700] {logging_mixin.py:188} INFO - [2024-10-12T20:17:27.099+0700] {dagbag.py:540} INFO - Filling up the DagBag from /home/hanifmmufid/airflow/dags/xcom_multi_variable_dag.py
[2024-10-12T20:17:27.130+0700] {processor.py:840} INFO - DAG(s) 'xcom_multi_variable_dag' retrieved from /home/hanifmmufid/airflow/dags/xcom_multi_variable_dag.py
[2024-10-12T20:17:27.163+0700] {logging_mixin.py:188} INFO - [2024-10-12T20:17:27.162+0700] {dag.py:3096} INFO - Sync 1 DAGs
[2024-10-12T20:17:27.196+0700] {logging_mixin.py:188} INFO - [2024-10-12T20:17:27.196+0700] {dag.py:3954} INFO - Setting next_dagrun for xcom_multi_variable_dag to 2024-10-11 00:00:00+00:00, run_after=2024-10-12 00:00:00+00:00
[2024-10-12T20:17:27.234+0700] {processor.py:183} INFO - Processing /home/hanifmmufid/airflow/dags/xcom_multi_variable_dag.py took 0.155 seconds
