[2024-10-12T20:02:27.884+0700] {processor.py:161} INFO - Started process (PID=5598) to work on /home/hanifmmufid/airflow_env/lib/python3.10/site-packages/airflow/example_dags/example_trigger_target_dag.py
[2024-10-12T20:02:27.884+0700] {processor.py:830} INFO - Processing file /home/hanifmmufid/airflow_env/lib/python3.10/site-packages/airflow/example_dags/example_trigger_target_dag.py for tasks to queue
[2024-10-12T20:02:27.886+0700] {logging_mixin.py:188} INFO - [2024-10-12T20:02:27.885+0700] {dagbag.py:540} INFO - Filling up the DagBag from /home/hanifmmufid/airflow_env/lib/python3.10/site-packages/airflow/example_dags/example_trigger_target_dag.py
[2024-10-12T20:02:27.890+0700] {processor.py:840} INFO - DAG(s) 'example_trigger_target_dag' retrieved from /home/hanifmmufid/airflow_env/lib/python3.10/site-packages/airflow/example_dags/example_trigger_target_dag.py
[2024-10-12T20:02:27.970+0700] {logging_mixin.py:188} INFO - [2024-10-12T20:02:27.970+0700] {override.py:1901} INFO - Created Permission View: can edit on DAG:example_trigger_target_dag
[2024-10-12T20:02:27.986+0700] {logging_mixin.py:188} INFO - [2024-10-12T20:02:27.986+0700] {override.py:1901} INFO - Created Permission View: can read on DAG:example_trigger_target_dag
[2024-10-12T20:02:27.999+0700] {logging_mixin.py:188} INFO - [2024-10-12T20:02:27.999+0700] {override.py:1901} INFO - Created Permission View: can delete on DAG:example_trigger_target_dag
[2024-10-12T20:02:27.999+0700] {logging_mixin.py:188} INFO - [2024-10-12T20:02:27.999+0700] {dag.py:3096} INFO - Sync 1 DAGs
[2024-10-12T20:02:28.006+0700] {logging_mixin.py:188} INFO - [2024-10-12T20:02:28.006+0700] {dag.py:3118} INFO - Creating ORM DAG for example_trigger_target_dag
[2024-10-12T20:02:28.007+0700] {logging_mixin.py:188} INFO - [2024-10-12T20:02:28.007+0700] {dag.py:3954} INFO - Setting next_dagrun for example_trigger_target_dag to None, run_after=None
[2024-10-12T20:02:28.030+0700] {processor.py:183} INFO - Processing /home/hanifmmufid/airflow_env/lib/python3.10/site-packages/airflow/example_dags/example_trigger_target_dag.py took 0.151 seconds
[2024-10-12T20:03:29.883+0700] {processor.py:161} INFO - Started process (PID=5929) to work on /home/hanifmmufid/airflow_env/lib/python3.10/site-packages/airflow/example_dags/example_trigger_target_dag.py
[2024-10-12T20:03:29.885+0700] {processor.py:830} INFO - Processing file /home/hanifmmufid/airflow_env/lib/python3.10/site-packages/airflow/example_dags/example_trigger_target_dag.py for tasks to queue
[2024-10-12T20:03:29.887+0700] {logging_mixin.py:188} INFO - [2024-10-12T20:03:29.887+0700] {dagbag.py:540} INFO - Filling up the DagBag from /home/hanifmmufid/airflow_env/lib/python3.10/site-packages/airflow/example_dags/example_trigger_target_dag.py
[2024-10-12T20:03:29.892+0700] {processor.py:840} INFO - DAG(s) 'example_trigger_target_dag' retrieved from /home/hanifmmufid/airflow_env/lib/python3.10/site-packages/airflow/example_dags/example_trigger_target_dag.py
[2024-10-12T20:03:29.902+0700] {logging_mixin.py:188} INFO - [2024-10-12T20:03:29.901+0700] {dag.py:3096} INFO - Sync 1 DAGs
[2024-10-12T20:03:29.909+0700] {logging_mixin.py:188} INFO - [2024-10-12T20:03:29.909+0700] {dag.py:3954} INFO - Setting next_dagrun for example_trigger_target_dag to None, run_after=None
[2024-10-12T20:03:29.930+0700] {processor.py:183} INFO - Processing /home/hanifmmufid/airflow_env/lib/python3.10/site-packages/airflow/example_dags/example_trigger_target_dag.py took 0.052 seconds
[2024-10-12T20:04:37.232+0700] {processor.py:161} INFO - Started process (PID=6578) to work on /home/hanifmmufid/airflow_env/lib/python3.10/site-packages/airflow/example_dags/example_trigger_target_dag.py
[2024-10-12T20:04:37.234+0700] {processor.py:830} INFO - Processing file /home/hanifmmufid/airflow_env/lib/python3.10/site-packages/airflow/example_dags/example_trigger_target_dag.py for tasks to queue
[2024-10-12T20:04:37.236+0700] {logging_mixin.py:188} INFO - [2024-10-12T20:04:37.236+0700] {dagbag.py:540} INFO - Filling up the DagBag from /home/hanifmmufid/airflow_env/lib/python3.10/site-packages/airflow/example_dags/example_trigger_target_dag.py
[2024-10-12T20:04:37.246+0700] {processor.py:840} INFO - DAG(s) 'example_trigger_target_dag' retrieved from /home/hanifmmufid/airflow_env/lib/python3.10/site-packages/airflow/example_dags/example_trigger_target_dag.py
[2024-10-12T20:04:37.262+0700] {logging_mixin.py:188} INFO - [2024-10-12T20:04:37.262+0700] {dag.py:3096} INFO - Sync 1 DAGs
[2024-10-12T20:04:37.391+0700] {logging_mixin.py:188} INFO - [2024-10-12T20:04:37.390+0700] {dag.py:3954} INFO - Setting next_dagrun for example_trigger_target_dag to None, run_after=None
[2024-10-12T20:04:37.427+0700] {processor.py:183} INFO - Processing /home/hanifmmufid/airflow_env/lib/python3.10/site-packages/airflow/example_dags/example_trigger_target_dag.py took 0.201 seconds
[2024-10-12T20:05:30.109+0700] {processor.py:161} INFO - Started process (PID=8537) to work on /home/hanifmmufid/airflow_env/lib/python3.10/site-packages/airflow/example_dags/example_trigger_target_dag.py
[2024-10-12T20:05:30.111+0700] {processor.py:830} INFO - Processing file /home/hanifmmufid/airflow_env/lib/python3.10/site-packages/airflow/example_dags/example_trigger_target_dag.py for tasks to queue
[2024-10-12T20:05:30.112+0700] {logging_mixin.py:188} INFO - [2024-10-12T20:05:30.112+0700] {dagbag.py:540} INFO - Filling up the DagBag from /home/hanifmmufid/airflow_env/lib/python3.10/site-packages/airflow/example_dags/example_trigger_target_dag.py
[2024-10-12T20:05:30.119+0700] {processor.py:840} INFO - DAG(s) 'example_trigger_target_dag' retrieved from /home/hanifmmufid/airflow_env/lib/python3.10/site-packages/airflow/example_dags/example_trigger_target_dag.py
[2024-10-12T20:05:30.136+0700] {logging_mixin.py:188} INFO - [2024-10-12T20:05:30.136+0700] {dag.py:3096} INFO - Sync 1 DAGs
[2024-10-12T20:05:30.151+0700] {logging_mixin.py:188} INFO - [2024-10-12T20:05:30.150+0700] {dag.py:3954} INFO - Setting next_dagrun for example_trigger_target_dag to None, run_after=None
[2024-10-12T20:05:30.207+0700] {processor.py:183} INFO - Processing /home/hanifmmufid/airflow_env/lib/python3.10/site-packages/airflow/example_dags/example_trigger_target_dag.py took 0.106 seconds
[2024-10-12T20:06:16.142+0700] {processor.py:161} INFO - Started process (PID=8910) to work on /home/hanifmmufid/airflow_env/lib/python3.10/site-packages/airflow/example_dags/example_trigger_target_dag.py
[2024-10-12T20:06:16.143+0700] {processor.py:830} INFO - Processing file /home/hanifmmufid/airflow_env/lib/python3.10/site-packages/airflow/example_dags/example_trigger_target_dag.py for tasks to queue
[2024-10-12T20:06:16.145+0700] {logging_mixin.py:188} INFO - [2024-10-12T20:06:16.145+0700] {dagbag.py:540} INFO - Filling up the DagBag from /home/hanifmmufid/airflow_env/lib/python3.10/site-packages/airflow/example_dags/example_trigger_target_dag.py
[2024-10-12T20:06:16.150+0700] {processor.py:840} INFO - DAG(s) 'example_trigger_target_dag' retrieved from /home/hanifmmufid/airflow_env/lib/python3.10/site-packages/airflow/example_dags/example_trigger_target_dag.py
[2024-10-12T20:06:16.162+0700] {logging_mixin.py:188} INFO - [2024-10-12T20:06:16.161+0700] {dag.py:3096} INFO - Sync 1 DAGs
[2024-10-12T20:06:16.172+0700] {logging_mixin.py:188} INFO - [2024-10-12T20:06:16.172+0700] {dag.py:3954} INFO - Setting next_dagrun for example_trigger_target_dag to None, run_after=None
[2024-10-12T20:06:16.192+0700] {processor.py:183} INFO - Processing /home/hanifmmufid/airflow_env/lib/python3.10/site-packages/airflow/example_dags/example_trigger_target_dag.py took 0.058 seconds
[2024-10-12T20:07:25.546+0700] {processor.py:161} INFO - Started process (PID=9542) to work on /home/hanifmmufid/airflow_env/lib/python3.10/site-packages/airflow/example_dags/example_trigger_target_dag.py
[2024-10-12T20:07:25.548+0700] {processor.py:830} INFO - Processing file /home/hanifmmufid/airflow_env/lib/python3.10/site-packages/airflow/example_dags/example_trigger_target_dag.py for tasks to queue
[2024-10-12T20:07:25.550+0700] {logging_mixin.py:188} INFO - [2024-10-12T20:07:25.549+0700] {dagbag.py:540} INFO - Filling up the DagBag from /home/hanifmmufid/airflow_env/lib/python3.10/site-packages/airflow/example_dags/example_trigger_target_dag.py
[2024-10-12T20:07:25.555+0700] {processor.py:840} INFO - DAG(s) 'example_trigger_target_dag' retrieved from /home/hanifmmufid/airflow_env/lib/python3.10/site-packages/airflow/example_dags/example_trigger_target_dag.py
[2024-10-12T20:07:25.569+0700] {logging_mixin.py:188} INFO - [2024-10-12T20:07:25.569+0700] {dag.py:3096} INFO - Sync 1 DAGs
[2024-10-12T20:07:25.578+0700] {logging_mixin.py:188} INFO - [2024-10-12T20:07:25.578+0700] {dag.py:3954} INFO - Setting next_dagrun for example_trigger_target_dag to None, run_after=None
[2024-10-12T20:07:25.599+0700] {processor.py:183} INFO - Processing /home/hanifmmufid/airflow_env/lib/python3.10/site-packages/airflow/example_dags/example_trigger_target_dag.py took 0.058 seconds
[2024-10-12T20:08:33.796+0700] {processor.py:161} INFO - Started process (PID=10153) to work on /home/hanifmmufid/airflow_env/lib/python3.10/site-packages/airflow/example_dags/example_trigger_target_dag.py
[2024-10-12T20:08:33.798+0700] {processor.py:830} INFO - Processing file /home/hanifmmufid/airflow_env/lib/python3.10/site-packages/airflow/example_dags/example_trigger_target_dag.py for tasks to queue
[2024-10-12T20:08:33.798+0700] {logging_mixin.py:188} INFO - [2024-10-12T20:08:33.798+0700] {dagbag.py:540} INFO - Filling up the DagBag from /home/hanifmmufid/airflow_env/lib/python3.10/site-packages/airflow/example_dags/example_trigger_target_dag.py
[2024-10-12T20:08:33.806+0700] {processor.py:840} INFO - DAG(s) 'example_trigger_target_dag' retrieved from /home/hanifmmufid/airflow_env/lib/python3.10/site-packages/airflow/example_dags/example_trigger_target_dag.py
[2024-10-12T20:08:33.820+0700] {logging_mixin.py:188} INFO - [2024-10-12T20:08:33.820+0700] {dag.py:3096} INFO - Sync 1 DAGs
[2024-10-12T20:08:33.832+0700] {logging_mixin.py:188} INFO - [2024-10-12T20:08:33.832+0700] {dag.py:3954} INFO - Setting next_dagrun for example_trigger_target_dag to None, run_after=None
[2024-10-12T20:08:33.858+0700] {processor.py:183} INFO - Processing /home/hanifmmufid/airflow_env/lib/python3.10/site-packages/airflow/example_dags/example_trigger_target_dag.py took 0.066 seconds
[2024-10-12T20:09:23.927+0700] {processor.py:161} INFO - Started process (PID=10527) to work on /home/hanifmmufid/airflow_env/lib/python3.10/site-packages/airflow/example_dags/example_trigger_target_dag.py
[2024-10-12T20:09:23.929+0700] {processor.py:830} INFO - Processing file /home/hanifmmufid/airflow_env/lib/python3.10/site-packages/airflow/example_dags/example_trigger_target_dag.py for tasks to queue
[2024-10-12T20:09:23.930+0700] {logging_mixin.py:188} INFO - [2024-10-12T20:09:23.929+0700] {dagbag.py:540} INFO - Filling up the DagBag from /home/hanifmmufid/airflow_env/lib/python3.10/site-packages/airflow/example_dags/example_trigger_target_dag.py
[2024-10-12T20:09:23.941+0700] {processor.py:840} INFO - DAG(s) 'example_trigger_target_dag' retrieved from /home/hanifmmufid/airflow_env/lib/python3.10/site-packages/airflow/example_dags/example_trigger_target_dag.py
[2024-10-12T20:09:23.963+0700] {logging_mixin.py:188} INFO - [2024-10-12T20:09:23.963+0700] {dag.py:3096} INFO - Sync 1 DAGs
[2024-10-12T20:09:23.981+0700] {logging_mixin.py:188} INFO - [2024-10-12T20:09:23.980+0700] {dag.py:3954} INFO - Setting next_dagrun for example_trigger_target_dag to None, run_after=None
[2024-10-12T20:09:24.017+0700] {processor.py:183} INFO - Processing /home/hanifmmufid/airflow_env/lib/python3.10/site-packages/airflow/example_dags/example_trigger_target_dag.py took 0.102 seconds
[2024-10-12T20:10:14.128+0700] {processor.py:161} INFO - Started process (PID=10926) to work on /home/hanifmmufid/airflow_env/lib/python3.10/site-packages/airflow/example_dags/example_trigger_target_dag.py
[2024-10-12T20:10:14.132+0700] {processor.py:830} INFO - Processing file /home/hanifmmufid/airflow_env/lib/python3.10/site-packages/airflow/example_dags/example_trigger_target_dag.py for tasks to queue
[2024-10-12T20:10:14.133+0700] {logging_mixin.py:188} INFO - [2024-10-12T20:10:14.133+0700] {dagbag.py:540} INFO - Filling up the DagBag from /home/hanifmmufid/airflow_env/lib/python3.10/site-packages/airflow/example_dags/example_trigger_target_dag.py
[2024-10-12T20:10:14.152+0700] {processor.py:840} INFO - DAG(s) 'example_trigger_target_dag' retrieved from /home/hanifmmufid/airflow_env/lib/python3.10/site-packages/airflow/example_dags/example_trigger_target_dag.py
[2024-10-12T20:10:14.195+0700] {logging_mixin.py:188} INFO - [2024-10-12T20:10:14.195+0700] {dag.py:3096} INFO - Sync 1 DAGs
[2024-10-12T20:10:14.231+0700] {logging_mixin.py:188} INFO - [2024-10-12T20:10:14.230+0700] {dag.py:3954} INFO - Setting next_dagrun for example_trigger_target_dag to None, run_after=None
[2024-10-12T20:10:14.289+0700] {processor.py:183} INFO - Processing /home/hanifmmufid/airflow_env/lib/python3.10/site-packages/airflow/example_dags/example_trigger_target_dag.py took 0.179 seconds
[2024-10-12T20:11:05.082+0700] {processor.py:161} INFO - Started process (PID=11693) to work on /home/hanifmmufid/airflow_env/lib/python3.10/site-packages/airflow/example_dags/example_trigger_target_dag.py
[2024-10-12T20:11:05.085+0700] {processor.py:830} INFO - Processing file /home/hanifmmufid/airflow_env/lib/python3.10/site-packages/airflow/example_dags/example_trigger_target_dag.py for tasks to queue
[2024-10-12T20:11:05.093+0700] {logging_mixin.py:188} INFO - [2024-10-12T20:11:05.092+0700] {dagbag.py:540} INFO - Filling up the DagBag from /home/hanifmmufid/airflow_env/lib/python3.10/site-packages/airflow/example_dags/example_trigger_target_dag.py
[2024-10-12T20:11:05.114+0700] {processor.py:840} INFO - DAG(s) 'example_trigger_target_dag' retrieved from /home/hanifmmufid/airflow_env/lib/python3.10/site-packages/airflow/example_dags/example_trigger_target_dag.py
[2024-10-12T20:11:05.164+0700] {logging_mixin.py:188} INFO - [2024-10-12T20:11:05.163+0700] {dag.py:3096} INFO - Sync 1 DAGs
[2024-10-12T20:11:05.187+0700] {logging_mixin.py:188} INFO - [2024-10-12T20:11:05.187+0700] {dag.py:3954} INFO - Setting next_dagrun for example_trigger_target_dag to None, run_after=None
[2024-10-12T20:11:05.227+0700] {processor.py:183} INFO - Processing /home/hanifmmufid/airflow_env/lib/python3.10/site-packages/airflow/example_dags/example_trigger_target_dag.py took 0.157 seconds
[2024-10-12T20:12:27.834+0700] {processor.py:161} INFO - Started process (PID=12395) to work on /home/hanifmmufid/airflow_env/lib/python3.10/site-packages/airflow/example_dags/example_trigger_target_dag.py
[2024-10-12T20:12:27.837+0700] {processor.py:830} INFO - Processing file /home/hanifmmufid/airflow_env/lib/python3.10/site-packages/airflow/example_dags/example_trigger_target_dag.py for tasks to queue
[2024-10-12T20:12:27.839+0700] {logging_mixin.py:188} INFO - [2024-10-12T20:12:27.838+0700] {dagbag.py:540} INFO - Filling up the DagBag from /home/hanifmmufid/airflow_env/lib/python3.10/site-packages/airflow/example_dags/example_trigger_target_dag.py
[2024-10-12T20:12:27.846+0700] {processor.py:840} INFO - DAG(s) 'example_trigger_target_dag' retrieved from /home/hanifmmufid/airflow_env/lib/python3.10/site-packages/airflow/example_dags/example_trigger_target_dag.py
[2024-10-12T20:12:27.872+0700] {logging_mixin.py:188} INFO - [2024-10-12T20:12:27.871+0700] {dag.py:3096} INFO - Sync 1 DAGs
[2024-10-12T20:12:27.896+0700] {logging_mixin.py:188} INFO - [2024-10-12T20:12:27.895+0700] {dag.py:3954} INFO - Setting next_dagrun for example_trigger_target_dag to None, run_after=None
[2024-10-12T20:12:27.942+0700] {processor.py:183} INFO - Processing /home/hanifmmufid/airflow_env/lib/python3.10/site-packages/airflow/example_dags/example_trigger_target_dag.py took 0.115 seconds
[2024-10-12T20:13:52.356+0700] {processor.py:161} INFO - Started process (PID=13099) to work on /home/hanifmmufid/airflow_env/lib/python3.10/site-packages/airflow/example_dags/example_trigger_target_dag.py
[2024-10-12T20:13:52.359+0700] {processor.py:830} INFO - Processing file /home/hanifmmufid/airflow_env/lib/python3.10/site-packages/airflow/example_dags/example_trigger_target_dag.py for tasks to queue
[2024-10-12T20:13:52.361+0700] {logging_mixin.py:188} INFO - [2024-10-12T20:13:52.360+0700] {dagbag.py:540} INFO - Filling up the DagBag from /home/hanifmmufid/airflow_env/lib/python3.10/site-packages/airflow/example_dags/example_trigger_target_dag.py
[2024-10-12T20:13:52.406+0700] {processor.py:840} INFO - DAG(s) 'example_trigger_target_dag' retrieved from /home/hanifmmufid/airflow_env/lib/python3.10/site-packages/airflow/example_dags/example_trigger_target_dag.py
[2024-10-12T20:13:52.488+0700] {logging_mixin.py:188} INFO - [2024-10-12T20:13:52.487+0700] {dag.py:3096} INFO - Sync 1 DAGs
[2024-10-12T20:13:52.541+0700] {logging_mixin.py:188} INFO - [2024-10-12T20:13:52.541+0700] {dag.py:3954} INFO - Setting next_dagrun for example_trigger_target_dag to None, run_after=None
[2024-10-12T20:13:52.600+0700] {processor.py:183} INFO - Processing /home/hanifmmufid/airflow_env/lib/python3.10/site-packages/airflow/example_dags/example_trigger_target_dag.py took 0.268 seconds
[2024-10-12T20:15:15.634+0700] {processor.py:161} INFO - Started process (PID=13777) to work on /home/hanifmmufid/airflow_env/lib/python3.10/site-packages/airflow/example_dags/example_trigger_target_dag.py
[2024-10-12T20:15:15.636+0700] {processor.py:830} INFO - Processing file /home/hanifmmufid/airflow_env/lib/python3.10/site-packages/airflow/example_dags/example_trigger_target_dag.py for tasks to queue
[2024-10-12T20:15:15.637+0700] {logging_mixin.py:188} INFO - [2024-10-12T20:15:15.637+0700] {dagbag.py:540} INFO - Filling up the DagBag from /home/hanifmmufid/airflow_env/lib/python3.10/site-packages/airflow/example_dags/example_trigger_target_dag.py
[2024-10-12T20:15:15.645+0700] {processor.py:840} INFO - DAG(s) 'example_trigger_target_dag' retrieved from /home/hanifmmufid/airflow_env/lib/python3.10/site-packages/airflow/example_dags/example_trigger_target_dag.py
[2024-10-12T20:15:15.660+0700] {logging_mixin.py:188} INFO - [2024-10-12T20:15:15.660+0700] {dag.py:3096} INFO - Sync 1 DAGs
[2024-10-12T20:15:15.672+0700] {logging_mixin.py:188} INFO - [2024-10-12T20:15:15.672+0700] {dag.py:3954} INFO - Setting next_dagrun for example_trigger_target_dag to None, run_after=None
[2024-10-12T20:15:15.695+0700] {processor.py:183} INFO - Processing /home/hanifmmufid/airflow_env/lib/python3.10/site-packages/airflow/example_dags/example_trigger_target_dag.py took 0.066 seconds
[2024-10-12T20:16:25.565+0700] {processor.py:161} INFO - Started process (PID=14423) to work on /home/hanifmmufid/airflow_env/lib/python3.10/site-packages/airflow/example_dags/example_trigger_target_dag.py
[2024-10-12T20:16:25.567+0700] {processor.py:830} INFO - Processing file /home/hanifmmufid/airflow_env/lib/python3.10/site-packages/airflow/example_dags/example_trigger_target_dag.py for tasks to queue
[2024-10-12T20:16:25.568+0700] {logging_mixin.py:188} INFO - [2024-10-12T20:16:25.568+0700] {dagbag.py:540} INFO - Filling up the DagBag from /home/hanifmmufid/airflow_env/lib/python3.10/site-packages/airflow/example_dags/example_trigger_target_dag.py
[2024-10-12T20:16:25.574+0700] {processor.py:840} INFO - DAG(s) 'example_trigger_target_dag' retrieved from /home/hanifmmufid/airflow_env/lib/python3.10/site-packages/airflow/example_dags/example_trigger_target_dag.py
[2024-10-12T20:16:25.588+0700] {logging_mixin.py:188} INFO - [2024-10-12T20:16:25.588+0700] {dag.py:3096} INFO - Sync 1 DAGs
[2024-10-12T20:16:25.600+0700] {logging_mixin.py:188} INFO - [2024-10-12T20:16:25.600+0700] {dag.py:3954} INFO - Setting next_dagrun for example_trigger_target_dag to None, run_after=None
[2024-10-12T20:16:25.623+0700] {processor.py:183} INFO - Processing /home/hanifmmufid/airflow_env/lib/python3.10/site-packages/airflow/example_dags/example_trigger_target_dag.py took 0.063 seconds
[2024-10-12T20:17:55.321+0700] {processor.py:161} INFO - Started process (PID=15140) to work on /home/hanifmmufid/airflow_env/lib/python3.10/site-packages/airflow/example_dags/example_trigger_target_dag.py
[2024-10-12T20:17:55.322+0700] {processor.py:830} INFO - Processing file /home/hanifmmufid/airflow_env/lib/python3.10/site-packages/airflow/example_dags/example_trigger_target_dag.py for tasks to queue
[2024-10-12T20:17:55.323+0700] {logging_mixin.py:188} INFO - [2024-10-12T20:17:55.323+0700] {dagbag.py:540} INFO - Filling up the DagBag from /home/hanifmmufid/airflow_env/lib/python3.10/site-packages/airflow/example_dags/example_trigger_target_dag.py
[2024-10-12T20:17:55.330+0700] {processor.py:840} INFO - DAG(s) 'example_trigger_target_dag' retrieved from /home/hanifmmufid/airflow_env/lib/python3.10/site-packages/airflow/example_dags/example_trigger_target_dag.py
[2024-10-12T20:17:55.345+0700] {logging_mixin.py:188} INFO - [2024-10-12T20:17:55.345+0700] {dag.py:3096} INFO - Sync 1 DAGs
[2024-10-12T20:17:55.357+0700] {logging_mixin.py:188} INFO - [2024-10-12T20:17:55.356+0700] {dag.py:3954} INFO - Setting next_dagrun for example_trigger_target_dag to None, run_after=None
[2024-10-12T20:17:55.380+0700] {processor.py:183} INFO - Processing /home/hanifmmufid/airflow_env/lib/python3.10/site-packages/airflow/example_dags/example_trigger_target_dag.py took 0.066 seconds
[2024-10-12T20:19:12.019+0700] {processor.py:161} INFO - Started process (PID=16127) to work on /home/hanifmmufid/airflow_env/lib/python3.10/site-packages/airflow/example_dags/example_trigger_target_dag.py
[2024-10-12T20:19:12.026+0700] {processor.py:830} INFO - Processing file /home/hanifmmufid/airflow_env/lib/python3.10/site-packages/airflow/example_dags/example_trigger_target_dag.py for tasks to queue
[2024-10-12T20:19:12.028+0700] {logging_mixin.py:188} INFO - [2024-10-12T20:19:12.027+0700] {dagbag.py:540} INFO - Filling up the DagBag from /home/hanifmmufid/airflow_env/lib/python3.10/site-packages/airflow/example_dags/example_trigger_target_dag.py
[2024-10-12T20:19:12.052+0700] {processor.py:840} INFO - DAG(s) 'example_trigger_target_dag' retrieved from /home/hanifmmufid/airflow_env/lib/python3.10/site-packages/airflow/example_dags/example_trigger_target_dag.py
[2024-10-12T20:19:12.101+0700] {logging_mixin.py:188} INFO - [2024-10-12T20:19:12.100+0700] {dag.py:3096} INFO - Sync 1 DAGs
[2024-10-12T20:19:12.135+0700] {logging_mixin.py:188} INFO - [2024-10-12T20:19:12.134+0700] {dag.py:3954} INFO - Setting next_dagrun for example_trigger_target_dag to None, run_after=None
[2024-10-12T20:19:12.260+0700] {processor.py:183} INFO - Processing /home/hanifmmufid/airflow_env/lib/python3.10/site-packages/airflow/example_dags/example_trigger_target_dag.py took 0.259 seconds
