[2024-10-12T20:02:23.887+0700] {processor.py:161} INFO - Started process (PID=5578) to work on /home/hanifmmufid/airflow_env/lib/python3.10/site-packages/airflow/example_dags/example_latest_only_with_trigger.py
[2024-10-12T20:02:23.887+0700] {processor.py:830} INFO - Processing file /home/hanifmmufid/airflow_env/lib/python3.10/site-packages/airflow/example_dags/example_latest_only_with_trigger.py for tasks to queue
[2024-10-12T20:02:23.889+0700] {logging_mixin.py:188} INFO - [2024-10-12T20:02:23.889+0700] {dagbag.py:540} INFO - Filling up the DagBag from /home/hanifmmufid/airflow_env/lib/python3.10/site-packages/airflow/example_dags/example_latest_only_with_trigger.py
[2024-10-12T20:02:23.893+0700] {processor.py:840} INFO - DAG(s) 'latest_only_with_trigger' retrieved from /home/hanifmmufid/airflow_env/lib/python3.10/site-packages/airflow/example_dags/example_latest_only_with_trigger.py
[2024-10-12T20:02:23.976+0700] {logging_mixin.py:188} INFO - [2024-10-12T20:02:23.975+0700] {override.py:1901} INFO - Created Permission View: can edit on DAG:latest_only_with_trigger
[2024-10-12T20:02:23.989+0700] {logging_mixin.py:188} INFO - [2024-10-12T20:02:23.989+0700] {override.py:1901} INFO - Created Permission View: can read on DAG:latest_only_with_trigger
[2024-10-12T20:02:24.002+0700] {logging_mixin.py:188} INFO - [2024-10-12T20:02:24.002+0700] {override.py:1901} INFO - Created Permission View: can delete on DAG:latest_only_with_trigger
[2024-10-12T20:02:24.002+0700] {logging_mixin.py:188} INFO - [2024-10-12T20:02:24.002+0700] {dag.py:3096} INFO - Sync 1 DAGs
[2024-10-12T20:02:24.010+0700] {logging_mixin.py:188} INFO - [2024-10-12T20:02:24.009+0700] {dag.py:3118} INFO - Creating ORM DAG for latest_only_with_trigger
[2024-10-12T20:02:24.015+0700] {logging_mixin.py:188} INFO - [2024-10-12T20:02:24.015+0700] {dag.py:3954} INFO - Setting next_dagrun for latest_only_with_trigger to 2024-10-12 08:00:00+00:00, run_after=2024-10-12 12:00:00+00:00
[2024-10-12T20:02:24.035+0700] {processor.py:183} INFO - Processing /home/hanifmmufid/airflow_env/lib/python3.10/site-packages/airflow/example_dags/example_latest_only_with_trigger.py took 0.153 seconds
[2024-10-12T20:03:25.952+0700] {processor.py:161} INFO - Started process (PID=5910) to work on /home/hanifmmufid/airflow_env/lib/python3.10/site-packages/airflow/example_dags/example_latest_only_with_trigger.py
[2024-10-12T20:03:25.953+0700] {processor.py:830} INFO - Processing file /home/hanifmmufid/airflow_env/lib/python3.10/site-packages/airflow/example_dags/example_latest_only_with_trigger.py for tasks to queue
[2024-10-12T20:03:25.954+0700] {logging_mixin.py:188} INFO - [2024-10-12T20:03:25.954+0700] {dagbag.py:540} INFO - Filling up the DagBag from /home/hanifmmufid/airflow_env/lib/python3.10/site-packages/airflow/example_dags/example_latest_only_with_trigger.py
[2024-10-12T20:03:25.960+0700] {processor.py:840} INFO - DAG(s) 'latest_only_with_trigger' retrieved from /home/hanifmmufid/airflow_env/lib/python3.10/site-packages/airflow/example_dags/example_latest_only_with_trigger.py
[2024-10-12T20:03:25.974+0700] {logging_mixin.py:188} INFO - [2024-10-12T20:03:25.974+0700] {dag.py:3096} INFO - Sync 1 DAGs
[2024-10-12T20:03:25.992+0700] {logging_mixin.py:188} INFO - [2024-10-12T20:03:25.992+0700] {dag.py:3954} INFO - Setting next_dagrun for latest_only_with_trigger to 2024-10-12 08:00:00+00:00, run_after=2024-10-12 12:00:00+00:00
[2024-10-12T20:03:26.015+0700] {processor.py:183} INFO - Processing /home/hanifmmufid/airflow_env/lib/python3.10/site-packages/airflow/example_dags/example_latest_only_with_trigger.py took 0.070 seconds
[2024-10-12T20:04:32.686+0700] {processor.py:161} INFO - Started process (PID=6544) to work on /home/hanifmmufid/airflow_env/lib/python3.10/site-packages/airflow/example_dags/example_latest_only_with_trigger.py
[2024-10-12T20:04:32.689+0700] {processor.py:830} INFO - Processing file /home/hanifmmufid/airflow_env/lib/python3.10/site-packages/airflow/example_dags/example_latest_only_with_trigger.py for tasks to queue
[2024-10-12T20:04:32.691+0700] {logging_mixin.py:188} INFO - [2024-10-12T20:04:32.690+0700] {dagbag.py:540} INFO - Filling up the DagBag from /home/hanifmmufid/airflow_env/lib/python3.10/site-packages/airflow/example_dags/example_latest_only_with_trigger.py
[2024-10-12T20:04:32.700+0700] {processor.py:840} INFO - DAG(s) 'latest_only_with_trigger' retrieved from /home/hanifmmufid/airflow_env/lib/python3.10/site-packages/airflow/example_dags/example_latest_only_with_trigger.py
[2024-10-12T20:04:32.724+0700] {logging_mixin.py:188} INFO - [2024-10-12T20:04:32.723+0700] {dag.py:3096} INFO - Sync 1 DAGs
[2024-10-12T20:04:32.876+0700] {logging_mixin.py:188} INFO - [2024-10-12T20:04:32.876+0700] {dag.py:3954} INFO - Setting next_dagrun for latest_only_with_trigger to 2024-10-12 08:00:00+00:00, run_after=2024-10-12 12:00:00+00:00
[2024-10-12T20:04:32.915+0700] {processor.py:183} INFO - Processing /home/hanifmmufid/airflow_env/lib/python3.10/site-packages/airflow/example_dags/example_latest_only_with_trigger.py took 0.237 seconds
[2024-10-12T20:05:26.811+0700] {processor.py:161} INFO - Started process (PID=8460) to work on /home/hanifmmufid/airflow_env/lib/python3.10/site-packages/airflow/example_dags/example_latest_only_with_trigger.py
[2024-10-12T20:05:26.812+0700] {processor.py:830} INFO - Processing file /home/hanifmmufid/airflow_env/lib/python3.10/site-packages/airflow/example_dags/example_latest_only_with_trigger.py for tasks to queue
[2024-10-12T20:05:26.814+0700] {logging_mixin.py:188} INFO - [2024-10-12T20:05:26.814+0700] {dagbag.py:540} INFO - Filling up the DagBag from /home/hanifmmufid/airflow_env/lib/python3.10/site-packages/airflow/example_dags/example_latest_only_with_trigger.py
[2024-10-12T20:05:26.819+0700] {processor.py:840} INFO - DAG(s) 'latest_only_with_trigger' retrieved from /home/hanifmmufid/airflow_env/lib/python3.10/site-packages/airflow/example_dags/example_latest_only_with_trigger.py
[2024-10-12T20:05:26.831+0700] {logging_mixin.py:188} INFO - [2024-10-12T20:05:26.831+0700] {dag.py:3096} INFO - Sync 1 DAGs
[2024-10-12T20:05:26.848+0700] {logging_mixin.py:188} INFO - [2024-10-12T20:05:26.847+0700] {dag.py:3954} INFO - Setting next_dagrun for latest_only_with_trigger to 2024-10-12 08:00:00+00:00, run_after=2024-10-12 12:00:00+00:00
[2024-10-12T20:05:26.877+0700] {processor.py:183} INFO - Processing /home/hanifmmufid/airflow_env/lib/python3.10/site-packages/airflow/example_dags/example_latest_only_with_trigger.py took 0.071 seconds
[2024-10-12T20:06:12.973+0700] {processor.py:161} INFO - Started process (PID=8881) to work on /home/hanifmmufid/airflow_env/lib/python3.10/site-packages/airflow/example_dags/example_latest_only_with_trigger.py
[2024-10-12T20:06:12.975+0700] {processor.py:830} INFO - Processing file /home/hanifmmufid/airflow_env/lib/python3.10/site-packages/airflow/example_dags/example_latest_only_with_trigger.py for tasks to queue
[2024-10-12T20:06:12.978+0700] {logging_mixin.py:188} INFO - [2024-10-12T20:06:12.977+0700] {dagbag.py:540} INFO - Filling up the DagBag from /home/hanifmmufid/airflow_env/lib/python3.10/site-packages/airflow/example_dags/example_latest_only_with_trigger.py
[2024-10-12T20:06:12.983+0700] {processor.py:840} INFO - DAG(s) 'latest_only_with_trigger' retrieved from /home/hanifmmufid/airflow_env/lib/python3.10/site-packages/airflow/example_dags/example_latest_only_with_trigger.py
[2024-10-12T20:06:13.005+0700] {logging_mixin.py:188} INFO - [2024-10-12T20:06:13.004+0700] {dag.py:3096} INFO - Sync 1 DAGs
[2024-10-12T20:06:13.026+0700] {logging_mixin.py:188} INFO - [2024-10-12T20:06:13.026+0700] {dag.py:3954} INFO - Setting next_dagrun for latest_only_with_trigger to 2024-10-12 08:00:00+00:00, run_after=2024-10-12 12:00:00+00:00
[2024-10-12T20:06:13.057+0700] {processor.py:183} INFO - Processing /home/hanifmmufid/airflow_env/lib/python3.10/site-packages/airflow/example_dags/example_latest_only_with_trigger.py took 0.094 seconds
