[2024-10-12T20:03:03.066+0700] {processor.py:161} INFO - Started process (PID=5783) to work on /home/hanifmmufid/airflow_env/lib/python3.10/site-packages/airflow/example_dags/example_branch_datetime_operator.py
[2024-10-12T20:03:03.068+0700] {processor.py:830} INFO - Processing file /home/hanifmmufid/airflow_env/lib/python3.10/site-packages/airflow/example_dags/example_branch_datetime_operator.py for tasks to queue
[2024-10-12T20:03:03.070+0700] {logging_mixin.py:188} INFO - [2024-10-12T20:03:03.070+0700] {dagbag.py:540} INFO - Filling up the DagBag from /home/hanifmmufid/airflow_env/lib/python3.10/site-packages/airflow/example_dags/example_branch_datetime_operator.py
[2024-10-12T20:03:03.081+0700] {processor.py:840} INFO - DAG(s) 'example_branch_datetime_operator_2', 'example_branch_datetime_operator_3', 'example_branch_datetime_operator' retrieved from /home/hanifmmufid/airflow_env/lib/python3.10/site-packages/airflow/example_dags/example_branch_datetime_operator.py
[2024-10-12T20:03:03.278+0700] {logging_mixin.py:188} INFO - [2024-10-12T20:03:03.277+0700] {override.py:1901} INFO - Created Permission View: can edit on DAG:example_branch_datetime_operator_2
[2024-10-12T20:03:03.292+0700] {logging_mixin.py:188} INFO - [2024-10-12T20:03:03.291+0700] {override.py:1901} INFO - Created Permission View: can read on DAG:example_branch_datetime_operator_2
[2024-10-12T20:03:03.304+0700] {logging_mixin.py:188} INFO - [2024-10-12T20:03:03.303+0700] {override.py:1901} INFO - Created Permission View: can delete on DAG:example_branch_datetime_operator_2
[2024-10-12T20:03:03.331+0700] {logging_mixin.py:188} INFO - [2024-10-12T20:03:03.331+0700] {override.py:1901} INFO - Created Permission View: can edit on DAG:example_branch_datetime_operator_3
[2024-10-12T20:03:03.343+0700] {logging_mixin.py:188} INFO - [2024-10-12T20:03:03.342+0700] {override.py:1901} INFO - Created Permission View: can read on DAG:example_branch_datetime_operator_3
[2024-10-12T20:03:03.354+0700] {logging_mixin.py:188} INFO - [2024-10-12T20:03:03.353+0700] {override.py:1901} INFO - Created Permission View: can delete on DAG:example_branch_datetime_operator_3
[2024-10-12T20:03:03.380+0700] {logging_mixin.py:188} INFO - [2024-10-12T20:03:03.380+0700] {override.py:1901} INFO - Created Permission View: can edit on DAG:example_branch_datetime_operator
[2024-10-12T20:03:03.393+0700] {logging_mixin.py:188} INFO - [2024-10-12T20:03:03.393+0700] {override.py:1901} INFO - Created Permission View: can read on DAG:example_branch_datetime_operator
[2024-10-12T20:03:03.405+0700] {logging_mixin.py:188} INFO - [2024-10-12T20:03:03.404+0700] {override.py:1901} INFO - Created Permission View: can delete on DAG:example_branch_datetime_operator
[2024-10-12T20:03:03.405+0700] {logging_mixin.py:188} INFO - [2024-10-12T20:03:03.405+0700] {dag.py:3096} INFO - Sync 3 DAGs
[2024-10-12T20:03:03.412+0700] {logging_mixin.py:188} INFO - [2024-10-12T20:03:03.412+0700] {dag.py:3118} INFO - Creating ORM DAG for example_branch_datetime_operator
[2024-10-12T20:03:03.413+0700] {logging_mixin.py:188} INFO - [2024-10-12T20:03:03.413+0700] {dag.py:3118} INFO - Creating ORM DAG for example_branch_datetime_operator_3
[2024-10-12T20:03:03.413+0700] {logging_mixin.py:188} INFO - [2024-10-12T20:03:03.413+0700] {dag.py:3118} INFO - Creating ORM DAG for example_branch_datetime_operator_2
[2024-10-12T20:03:03.421+0700] {logging_mixin.py:188} INFO - [2024-10-12T20:03:03.421+0700] {dag.py:3954} INFO - Setting next_dagrun for example_branch_datetime_operator to 2024-10-11 00:00:00+00:00, run_after=2024-10-12 00:00:00+00:00
[2024-10-12T20:03:03.423+0700] {logging_mixin.py:188} INFO - [2024-10-12T20:03:03.423+0700] {dag.py:3954} INFO - Setting next_dagrun for example_branch_datetime_operator_2 to 2024-10-11 00:00:00+00:00, run_after=2024-10-12 00:00:00+00:00
[2024-10-12T20:03:03.425+0700] {logging_mixin.py:188} INFO - [2024-10-12T20:03:03.425+0700] {dag.py:3954} INFO - Setting next_dagrun for example_branch_datetime_operator_3 to 2024-10-11 00:00:00+00:00, run_after=2024-10-12 00:00:00+00:00
[2024-10-12T20:03:03.451+0700] {processor.py:183} INFO - Processing /home/hanifmmufid/airflow_env/lib/python3.10/site-packages/airflow/example_dags/example_branch_datetime_operator.py took 0.391 seconds
[2024-10-12T20:04:07.877+0700] {processor.py:161} INFO - Started process (PID=6360) to work on /home/hanifmmufid/airflow_env/lib/python3.10/site-packages/airflow/example_dags/example_branch_datetime_operator.py
[2024-10-12T20:04:07.879+0700] {processor.py:830} INFO - Processing file /home/hanifmmufid/airflow_env/lib/python3.10/site-packages/airflow/example_dags/example_branch_datetime_operator.py for tasks to queue
[2024-10-12T20:04:07.881+0700] {logging_mixin.py:188} INFO - [2024-10-12T20:04:07.880+0700] {dagbag.py:540} INFO - Filling up the DagBag from /home/hanifmmufid/airflow_env/lib/python3.10/site-packages/airflow/example_dags/example_branch_datetime_operator.py
[2024-10-12T20:04:07.895+0700] {processor.py:840} INFO - DAG(s) 'example_branch_datetime_operator_2', 'example_branch_datetime_operator_3', 'example_branch_datetime_operator' retrieved from /home/hanifmmufid/airflow_env/lib/python3.10/site-packages/airflow/example_dags/example_branch_datetime_operator.py
[2024-10-12T20:04:07.924+0700] {logging_mixin.py:188} INFO - [2024-10-12T20:04:07.924+0700] {dag.py:3096} INFO - Sync 3 DAGs
[2024-10-12T20:04:08.042+0700] {logging_mixin.py:188} INFO - [2024-10-12T20:04:08.042+0700] {dag.py:3954} INFO - Setting next_dagrun for example_branch_datetime_operator to 2024-10-11 00:00:00+00:00, run_after=2024-10-12 00:00:00+00:00
[2024-10-12T20:04:08.047+0700] {logging_mixin.py:188} INFO - [2024-10-12T20:04:08.047+0700] {dag.py:3954} INFO - Setting next_dagrun for example_branch_datetime_operator_2 to 2024-10-11 00:00:00+00:00, run_after=2024-10-12 00:00:00+00:00
[2024-10-12T20:04:08.049+0700] {logging_mixin.py:188} INFO - [2024-10-12T20:04:08.049+0700] {dag.py:3954} INFO - Setting next_dagrun for example_branch_datetime_operator_3 to 2024-10-11 00:00:00+00:00, run_after=2024-10-12 00:00:00+00:00
[2024-10-12T20:04:08.076+0700] {processor.py:183} INFO - Processing /home/hanifmmufid/airflow_env/lib/python3.10/site-packages/airflow/example_dags/example_branch_datetime_operator.py took 0.205 seconds
[2024-10-12T20:05:09.542+0700] {processor.py:161} INFO - Started process (PID=7244) to work on /home/hanifmmufid/airflow_env/lib/python3.10/site-packages/airflow/example_dags/example_branch_datetime_operator.py
[2024-10-12T20:05:09.543+0700] {processor.py:830} INFO - Processing file /home/hanifmmufid/airflow_env/lib/python3.10/site-packages/airflow/example_dags/example_branch_datetime_operator.py for tasks to queue
[2024-10-12T20:05:09.545+0700] {logging_mixin.py:188} INFO - [2024-10-12T20:05:09.544+0700] {dagbag.py:540} INFO - Filling up the DagBag from /home/hanifmmufid/airflow_env/lib/python3.10/site-packages/airflow/example_dags/example_branch_datetime_operator.py
[2024-10-12T20:05:09.562+0700] {processor.py:840} INFO - DAG(s) 'example_branch_datetime_operator_3', 'example_branch_datetime_operator_2', 'example_branch_datetime_operator' retrieved from /home/hanifmmufid/airflow_env/lib/python3.10/site-packages/airflow/example_dags/example_branch_datetime_operator.py
[2024-10-12T20:05:09.589+0700] {logging_mixin.py:188} INFO - [2024-10-12T20:05:09.589+0700] {dag.py:3096} INFO - Sync 3 DAGs
[2024-10-12T20:05:09.613+0700] {logging_mixin.py:188} INFO - [2024-10-12T20:05:09.613+0700] {dag.py:3954} INFO - Setting next_dagrun for example_branch_datetime_operator to 2024-10-11 00:00:00+00:00, run_after=2024-10-12 00:00:00+00:00
[2024-10-12T20:05:09.618+0700] {logging_mixin.py:188} INFO - [2024-10-12T20:05:09.618+0700] {dag.py:3954} INFO - Setting next_dagrun for example_branch_datetime_operator_2 to 2024-10-11 00:00:00+00:00, run_after=2024-10-12 00:00:00+00:00
[2024-10-12T20:05:09.621+0700] {logging_mixin.py:188} INFO - [2024-10-12T20:05:09.620+0700] {dag.py:3954} INFO - Setting next_dagrun for example_branch_datetime_operator_3 to 2024-10-11 00:00:00+00:00, run_after=2024-10-12 00:00:00+00:00
[2024-10-12T20:05:09.648+0700] {processor.py:183} INFO - Processing /home/hanifmmufid/airflow_env/lib/python3.10/site-packages/airflow/example_dags/example_branch_datetime_operator.py took 0.114 seconds
[2024-10-12T20:06:03.969+0700] {processor.py:161} INFO - Started process (PID=8809) to work on /home/hanifmmufid/airflow_env/lib/python3.10/site-packages/airflow/example_dags/example_branch_datetime_operator.py
[2024-10-12T20:06:03.970+0700] {processor.py:830} INFO - Processing file /home/hanifmmufid/airflow_env/lib/python3.10/site-packages/airflow/example_dags/example_branch_datetime_operator.py for tasks to queue
[2024-10-12T20:06:03.973+0700] {logging_mixin.py:188} INFO - [2024-10-12T20:06:03.972+0700] {dagbag.py:540} INFO - Filling up the DagBag from /home/hanifmmufid/airflow_env/lib/python3.10/site-packages/airflow/example_dags/example_branch_datetime_operator.py
[2024-10-12T20:06:03.984+0700] {processor.py:840} INFO - DAG(s) 'example_branch_datetime_operator', 'example_branch_datetime_operator_2', 'example_branch_datetime_operator_3' retrieved from /home/hanifmmufid/airflow_env/lib/python3.10/site-packages/airflow/example_dags/example_branch_datetime_operator.py
[2024-10-12T20:06:04.004+0700] {logging_mixin.py:188} INFO - [2024-10-12T20:06:04.004+0700] {dag.py:3096} INFO - Sync 3 DAGs
[2024-10-12T20:06:04.022+0700] {logging_mixin.py:188} INFO - [2024-10-12T20:06:04.022+0700] {dag.py:3954} INFO - Setting next_dagrun for example_branch_datetime_operator to 2024-10-11 00:00:00+00:00, run_after=2024-10-12 00:00:00+00:00
[2024-10-12T20:06:04.027+0700] {logging_mixin.py:188} INFO - [2024-10-12T20:06:04.026+0700] {dag.py:3954} INFO - Setting next_dagrun for example_branch_datetime_operator_2 to 2024-10-11 00:00:00+00:00, run_after=2024-10-12 00:00:00+00:00
[2024-10-12T20:06:04.029+0700] {logging_mixin.py:188} INFO - [2024-10-12T20:06:04.028+0700] {dag.py:3954} INFO - Setting next_dagrun for example_branch_datetime_operator_3 to 2024-10-11 00:00:00+00:00, run_after=2024-10-12 00:00:00+00:00
[2024-10-12T20:06:04.048+0700] {processor.py:183} INFO - Processing /home/hanifmmufid/airflow_env/lib/python3.10/site-packages/airflow/example_dags/example_branch_datetime_operator.py took 0.086 seconds
