[2024-10-12T20:03:05.275+0700] {processor.py:161} INFO - Started process (PID=5794) to work on /home/hanifmmufid/airflow_env/lib/python3.10/site-packages/airflow/example_dags/example_branch_python_dop_operator_3.py
[2024-10-12T20:03:05.276+0700] {processor.py:830} INFO - Processing file /home/hanifmmufid/airflow_env/lib/python3.10/site-packages/airflow/example_dags/example_branch_python_dop_operator_3.py for tasks to queue
[2024-10-12T20:03:05.278+0700] {logging_mixin.py:188} INFO - [2024-10-12T20:03:05.278+0700] {dagbag.py:540} INFO - Filling up the DagBag from /home/hanifmmufid/airflow_env/lib/python3.10/site-packages/airflow/example_dags/example_branch_python_dop_operator_3.py
[2024-10-12T20:03:05.288+0700] {processor.py:840} INFO - DAG(s) 'example_branch_dop_operator_v3' retrieved from /home/hanifmmufid/airflow_env/lib/python3.10/site-packages/airflow/example_dags/example_branch_python_dop_operator_3.py
[2024-10-12T20:03:05.478+0700] {logging_mixin.py:188} INFO - [2024-10-12T20:03:05.477+0700] {override.py:1901} INFO - Created Permission View: can edit on DAG:example_branch_dop_operator_v3
[2024-10-12T20:03:05.491+0700] {logging_mixin.py:188} INFO - [2024-10-12T20:03:05.490+0700] {override.py:1901} INFO - Created Permission View: can read on DAG:example_branch_dop_operator_v3
[2024-10-12T20:03:05.501+0700] {logging_mixin.py:188} INFO - [2024-10-12T20:03:05.501+0700] {override.py:1901} INFO - Created Permission View: can delete on DAG:example_branch_dop_operator_v3
[2024-10-12T20:03:05.502+0700] {logging_mixin.py:188} INFO - [2024-10-12T20:03:05.502+0700] {dag.py:3096} INFO - Sync 1 DAGs
[2024-10-12T20:03:05.510+0700] {logging_mixin.py:188} INFO - [2024-10-12T20:03:05.510+0700] {dag.py:3118} INFO - Creating ORM DAG for example_branch_dop_operator_v3
[2024-10-12T20:03:05.519+0700] {logging_mixin.py:188} INFO - [2024-10-12T20:03:05.519+0700] {dag.py:3954} INFO - Setting next_dagrun for example_branch_dop_operator_v3 to 2024-10-12 13:02:00+00:00, run_after=2024-10-12 13:03:00+00:00
[2024-10-12T20:03:05.540+0700] {processor.py:183} INFO - Processing /home/hanifmmufid/airflow_env/lib/python3.10/site-packages/airflow/example_dags/example_branch_python_dop_operator_3.py took 0.273 seconds
[2024-10-12T20:04:10.803+0700] {processor.py:161} INFO - Started process (PID=6386) to work on /home/hanifmmufid/airflow_env/lib/python3.10/site-packages/airflow/example_dags/example_branch_python_dop_operator_3.py
[2024-10-12T20:04:10.805+0700] {processor.py:830} INFO - Processing file /home/hanifmmufid/airflow_env/lib/python3.10/site-packages/airflow/example_dags/example_branch_python_dop_operator_3.py for tasks to queue
[2024-10-12T20:04:10.807+0700] {logging_mixin.py:188} INFO - [2024-10-12T20:04:10.806+0700] {dagbag.py:540} INFO - Filling up the DagBag from /home/hanifmmufid/airflow_env/lib/python3.10/site-packages/airflow/example_dags/example_branch_python_dop_operator_3.py
[2024-10-12T20:04:10.819+0700] {processor.py:840} INFO - DAG(s) 'example_branch_dop_operator_v3' retrieved from /home/hanifmmufid/airflow_env/lib/python3.10/site-packages/airflow/example_dags/example_branch_python_dop_operator_3.py
[2024-10-12T20:04:10.849+0700] {logging_mixin.py:188} INFO - [2024-10-12T20:04:10.849+0700] {dag.py:3096} INFO - Sync 1 DAGs
[2024-10-12T20:04:10.890+0700] {logging_mixin.py:188} INFO - [2024-10-12T20:04:10.889+0700] {dag.py:3954} INFO - Setting next_dagrun for example_branch_dop_operator_v3 to 2024-10-12 13:03:00+00:00, run_after=2024-10-12 13:04:00+00:00
[2024-10-12T20:04:11.053+0700] {processor.py:183} INFO - Processing /home/hanifmmufid/airflow_env/lib/python3.10/site-packages/airflow/example_dags/example_branch_python_dop_operator_3.py took 0.257 seconds
[2024-10-12T20:05:12.162+0700] {processor.py:161} INFO - Started process (PID=7606) to work on /home/hanifmmufid/airflow_env/lib/python3.10/site-packages/airflow/example_dags/example_branch_python_dop_operator_3.py
[2024-10-12T20:05:12.165+0700] {processor.py:830} INFO - Processing file /home/hanifmmufid/airflow_env/lib/python3.10/site-packages/airflow/example_dags/example_branch_python_dop_operator_3.py for tasks to queue
[2024-10-12T20:05:12.166+0700] {logging_mixin.py:188} INFO - [2024-10-12T20:05:12.166+0700] {dagbag.py:540} INFO - Filling up the DagBag from /home/hanifmmufid/airflow_env/lib/python3.10/site-packages/airflow/example_dags/example_branch_python_dop_operator_3.py
[2024-10-12T20:05:12.178+0700] {processor.py:840} INFO - DAG(s) 'example_branch_dop_operator_v3' retrieved from /home/hanifmmufid/airflow_env/lib/python3.10/site-packages/airflow/example_dags/example_branch_python_dop_operator_3.py
[2024-10-12T20:05:12.192+0700] {logging_mixin.py:188} INFO - [2024-10-12T20:05:12.192+0700] {dag.py:3096} INFO - Sync 1 DAGs
[2024-10-12T20:05:12.216+0700] {logging_mixin.py:188} INFO - [2024-10-12T20:05:12.216+0700] {dag.py:3954} INFO - Setting next_dagrun for example_branch_dop_operator_v3 to 2024-10-12 13:04:00+00:00, run_after=2024-10-12 13:05:00+00:00
[2024-10-12T20:05:12.238+0700] {processor.py:183} INFO - Processing /home/hanifmmufid/airflow_env/lib/python3.10/site-packages/airflow/example_dags/example_branch_python_dop_operator_3.py took 0.082 seconds
[2024-10-12T20:06:21.292+0700] {processor.py:161} INFO - Started process (PID=8947) to work on /home/hanifmmufid/airflow_env/lib/python3.10/site-packages/airflow/example_dags/example_branch_python_dop_operator_3.py
[2024-10-12T20:06:21.294+0700] {processor.py:830} INFO - Processing file /home/hanifmmufid/airflow_env/lib/python3.10/site-packages/airflow/example_dags/example_branch_python_dop_operator_3.py for tasks to queue
[2024-10-12T20:06:21.295+0700] {logging_mixin.py:188} INFO - [2024-10-12T20:06:21.295+0700] {dagbag.py:540} INFO - Filling up the DagBag from /home/hanifmmufid/airflow_env/lib/python3.10/site-packages/airflow/example_dags/example_branch_python_dop_operator_3.py
[2024-10-12T20:06:21.304+0700] {processor.py:840} INFO - DAG(s) 'example_branch_dop_operator_v3' retrieved from /home/hanifmmufid/airflow_env/lib/python3.10/site-packages/airflow/example_dags/example_branch_python_dop_operator_3.py
[2024-10-12T20:06:21.315+0700] {logging_mixin.py:188} INFO - [2024-10-12T20:06:21.315+0700] {dag.py:3096} INFO - Sync 1 DAGs
[2024-10-12T20:06:21.331+0700] {logging_mixin.py:188} INFO - [2024-10-12T20:06:21.331+0700] {dag.py:3954} INFO - Setting next_dagrun for example_branch_dop_operator_v3 to 2024-10-12 13:05:00+00:00, run_after=2024-10-12 13:06:00+00:00
[2024-10-12T20:06:21.353+0700] {processor.py:183} INFO - Processing /home/hanifmmufid/airflow_env/lib/python3.10/site-packages/airflow/example_dags/example_branch_python_dop_operator_3.py took 0.066 seconds
