[2024-10-12T20:02:53.249+0700] {processor.py:161} INFO - Started process (PID=5734) to work on /home/hanifmmufid/airflow_env/lib/python3.10/site-packages/airflow/example_dags/example_branch_operator_decorator.py
[2024-10-12T20:02:53.250+0700] {processor.py:830} INFO - Processing file /home/hanifmmufid/airflow_env/lib/python3.10/site-packages/airflow/example_dags/example_branch_operator_decorator.py for tasks to queue
[2024-10-12T20:02:53.253+0700] {logging_mixin.py:188} INFO - [2024-10-12T20:02:53.253+0700] {dagbag.py:540} INFO - Filling up the DagBag from /home/hanifmmufid/airflow_env/lib/python3.10/site-packages/airflow/example_dags/example_branch_operator_decorator.py
[2024-10-12T20:02:53.314+0700] {processor.py:840} INFO - DAG(s) 'example_branch_python_operator_decorator' retrieved from /home/hanifmmufid/airflow_env/lib/python3.10/site-packages/airflow/example_dags/example_branch_operator_decorator.py
[2024-10-12T20:02:53.569+0700] {logging_mixin.py:188} INFO - [2024-10-12T20:02:53.568+0700] {override.py:1901} INFO - Created Permission View: can edit on DAG:example_branch_python_operator_decorator
[2024-10-12T20:02:53.582+0700] {logging_mixin.py:188} INFO - [2024-10-12T20:02:53.582+0700] {override.py:1901} INFO - Created Permission View: can read on DAG:example_branch_python_operator_decorator
[2024-10-12T20:02:53.594+0700] {logging_mixin.py:188} INFO - [2024-10-12T20:02:53.593+0700] {override.py:1901} INFO - Created Permission View: can delete on DAG:example_branch_python_operator_decorator
[2024-10-12T20:02:53.594+0700] {logging_mixin.py:188} INFO - [2024-10-12T20:02:53.594+0700] {dag.py:3096} INFO - Sync 1 DAGs
[2024-10-12T20:02:53.606+0700] {logging_mixin.py:188} INFO - [2024-10-12T20:02:53.605+0700] {dag.py:3118} INFO - Creating ORM DAG for example_branch_python_operator_decorator
[2024-10-12T20:02:53.619+0700] {logging_mixin.py:188} INFO - [2024-10-12T20:02:53.619+0700] {dag.py:3954} INFO - Setting next_dagrun for example_branch_python_operator_decorator to 2024-10-11 00:00:00+00:00, run_after=2024-10-12 00:00:00+00:00
[2024-10-12T20:02:53.646+0700] {processor.py:183} INFO - Processing /home/hanifmmufid/airflow_env/lib/python3.10/site-packages/airflow/example_dags/example_branch_operator_decorator.py took 0.406 seconds
[2024-10-12T20:03:58.374+0700] {processor.py:161} INFO - Started process (PID=6281) to work on /home/hanifmmufid/airflow_env/lib/python3.10/site-packages/airflow/example_dags/example_branch_operator_decorator.py
[2024-10-12T20:03:58.387+0700] {processor.py:830} INFO - Processing file /home/hanifmmufid/airflow_env/lib/python3.10/site-packages/airflow/example_dags/example_branch_operator_decorator.py for tasks to queue
[2024-10-12T20:03:58.413+0700] {logging_mixin.py:188} INFO - [2024-10-12T20:03:58.405+0700] {dagbag.py:540} INFO - Filling up the DagBag from /home/hanifmmufid/airflow_env/lib/python3.10/site-packages/airflow/example_dags/example_branch_operator_decorator.py
[2024-10-12T20:03:58.572+0700] {processor.py:840} INFO - DAG(s) 'example_branch_python_operator_decorator' retrieved from /home/hanifmmufid/airflow_env/lib/python3.10/site-packages/airflow/example_dags/example_branch_operator_decorator.py
[2024-10-12T20:03:58.639+0700] {logging_mixin.py:188} INFO - [2024-10-12T20:03:58.638+0700] {dag.py:3096} INFO - Sync 1 DAGs
[2024-10-12T20:03:58.862+0700] {logging_mixin.py:188} INFO - [2024-10-12T20:03:58.862+0700] {dag.py:3954} INFO - Setting next_dagrun for example_branch_python_operator_decorator to 2024-10-11 00:00:00+00:00, run_after=2024-10-12 00:00:00+00:00
[2024-10-12T20:03:58.903+0700] {processor.py:183} INFO - Processing /home/hanifmmufid/airflow_env/lib/python3.10/site-packages/airflow/example_dags/example_branch_operator_decorator.py took 0.585 seconds
[2024-10-12T20:05:02.339+0700] {processor.py:161} INFO - Started process (PID=6794) to work on /home/hanifmmufid/airflow_env/lib/python3.10/site-packages/airflow/example_dags/example_branch_operator_decorator.py
[2024-10-12T20:05:02.340+0700] {processor.py:830} INFO - Processing file /home/hanifmmufid/airflow_env/lib/python3.10/site-packages/airflow/example_dags/example_branch_operator_decorator.py for tasks to queue
[2024-10-12T20:05:02.342+0700] {logging_mixin.py:188} INFO - [2024-10-12T20:05:02.341+0700] {dagbag.py:540} INFO - Filling up the DagBag from /home/hanifmmufid/airflow_env/lib/python3.10/site-packages/airflow/example_dags/example_branch_operator_decorator.py
[2024-10-12T20:05:02.361+0700] {processor.py:840} INFO - DAG(s) 'example_branch_python_operator_decorator' retrieved from /home/hanifmmufid/airflow_env/lib/python3.10/site-packages/airflow/example_dags/example_branch_operator_decorator.py
[2024-10-12T20:05:02.389+0700] {logging_mixin.py:188} INFO - [2024-10-12T20:05:02.389+0700] {dag.py:3096} INFO - Sync 1 DAGs
[2024-10-12T20:05:02.413+0700] {logging_mixin.py:188} INFO - [2024-10-12T20:05:02.412+0700] {dag.py:3954} INFO - Setting next_dagrun for example_branch_python_operator_decorator to 2024-10-11 00:00:00+00:00, run_after=2024-10-12 00:00:00+00:00
[2024-10-12T20:05:02.444+0700] {processor.py:183} INFO - Processing /home/hanifmmufid/airflow_env/lib/python3.10/site-packages/airflow/example_dags/example_branch_operator_decorator.py took 0.111 seconds
[2024-10-12T20:05:55.342+0700] {processor.py:161} INFO - Started process (PID=8745) to work on /home/hanifmmufid/airflow_env/lib/python3.10/site-packages/airflow/example_dags/example_branch_operator_decorator.py
[2024-10-12T20:05:55.346+0700] {processor.py:830} INFO - Processing file /home/hanifmmufid/airflow_env/lib/python3.10/site-packages/airflow/example_dags/example_branch_operator_decorator.py for tasks to queue
[2024-10-12T20:05:55.350+0700] {logging_mixin.py:188} INFO - [2024-10-12T20:05:55.349+0700] {dagbag.py:540} INFO - Filling up the DagBag from /home/hanifmmufid/airflow_env/lib/python3.10/site-packages/airflow/example_dags/example_branch_operator_decorator.py
[2024-10-12T20:05:55.396+0700] {processor.py:840} INFO - DAG(s) 'example_branch_python_operator_decorator' retrieved from /home/hanifmmufid/airflow_env/lib/python3.10/site-packages/airflow/example_dags/example_branch_operator_decorator.py
[2024-10-12T20:05:55.444+0700] {logging_mixin.py:188} INFO - [2024-10-12T20:05:55.443+0700] {dag.py:3096} INFO - Sync 1 DAGs
[2024-10-12T20:05:55.486+0700] {logging_mixin.py:188} INFO - [2024-10-12T20:05:55.486+0700] {dag.py:3954} INFO - Setting next_dagrun for example_branch_python_operator_decorator to 2024-10-11 00:00:00+00:00, run_after=2024-10-12 00:00:00+00:00
[2024-10-12T20:05:55.527+0700] {processor.py:183} INFO - Processing /home/hanifmmufid/airflow_env/lib/python3.10/site-packages/airflow/example_dags/example_branch_operator_decorator.py took 0.198 seconds
