[2024-10-12T20:02:37.238+0700] {processor.py:161} INFO - Started process (PID=5644) to work on /home/hanifmmufid/airflow_env/lib/python3.10/site-packages/airflow/example_dags/example_local_kubernetes_executor.py
[2024-10-12T20:02:37.238+0700] {processor.py:830} INFO - Processing file /home/hanifmmufid/airflow_env/lib/python3.10/site-packages/airflow/example_dags/example_local_kubernetes_executor.py for tasks to queue
[2024-10-12T20:02:37.240+0700] {logging_mixin.py:188} INFO - [2024-10-12T20:02:37.240+0700] {dagbag.py:540} INFO - Filling up the DagBag from /home/hanifmmufid/airflow_env/lib/python3.10/site-packages/airflow/example_dags/example_local_kubernetes_executor.py
[2024-10-12T20:02:37.242+0700] {logging_mixin.py:188} INFO - [2024-10-12T20:02:37.242+0700] {example_local_kubernetes_executor.py:40} WARNING - Could not import DAGs in example_local_kubernetes_executor.py
Traceback (most recent call last):
  File "/home/hanifmmufid/airflow_env/lib/python3.10/site-packages/airflow/example_dags/example_local_kubernetes_executor.py", line 38, in <module>
    from kubernetes.client import models as k8s
ModuleNotFoundError: No module named 'kubernetes'
[2024-10-12T20:02:37.242+0700] {logging_mixin.py:188} INFO - [2024-10-12T20:02:37.242+0700] {example_local_kubernetes_executor.py:41} WARNING - Install Kubernetes dependencies with: pip install apache-airflow[cncf.kubernetes]
[2024-10-12T20:02:37.243+0700] {processor.py:842} WARNING - No viable dags retrieved from /home/hanifmmufid/airflow_env/lib/python3.10/site-packages/airflow/example_dags/example_local_kubernetes_executor.py
[2024-10-12T20:02:37.250+0700] {processor.py:183} INFO - Processing /home/hanifmmufid/airflow_env/lib/python3.10/site-packages/airflow/example_dags/example_local_kubernetes_executor.py took 0.017 seconds
[2024-10-12T20:03:38.464+0700] {processor.py:161} INFO - Started process (PID=6008) to work on /home/hanifmmufid/airflow_env/lib/python3.10/site-packages/airflow/example_dags/example_local_kubernetes_executor.py
[2024-10-12T20:03:38.465+0700] {processor.py:830} INFO - Processing file /home/hanifmmufid/airflow_env/lib/python3.10/site-packages/airflow/example_dags/example_local_kubernetes_executor.py for tasks to queue
[2024-10-12T20:03:38.467+0700] {logging_mixin.py:188} INFO - [2024-10-12T20:03:38.467+0700] {dagbag.py:540} INFO - Filling up the DagBag from /home/hanifmmufid/airflow_env/lib/python3.10/site-packages/airflow/example_dags/example_local_kubernetes_executor.py
[2024-10-12T20:03:38.471+0700] {logging_mixin.py:188} INFO - [2024-10-12T20:03:38.470+0700] {example_local_kubernetes_executor.py:40} WARNING - Could not import DAGs in example_local_kubernetes_executor.py
Traceback (most recent call last):
  File "/home/hanifmmufid/airflow_env/lib/python3.10/site-packages/airflow/example_dags/example_local_kubernetes_executor.py", line 38, in <module>
    from kubernetes.client import models as k8s
ModuleNotFoundError: No module named 'kubernetes'
[2024-10-12T20:03:38.471+0700] {logging_mixin.py:188} INFO - [2024-10-12T20:03:38.471+0700] {example_local_kubernetes_executor.py:41} WARNING - Install Kubernetes dependencies with: pip install apache-airflow[cncf.kubernetes]
[2024-10-12T20:03:38.471+0700] {processor.py:842} WARNING - No viable dags retrieved from /home/hanifmmufid/airflow_env/lib/python3.10/site-packages/airflow/example_dags/example_local_kubernetes_executor.py
[2024-10-12T20:03:38.482+0700] {processor.py:183} INFO - Processing /home/hanifmmufid/airflow_env/lib/python3.10/site-packages/airflow/example_dags/example_local_kubernetes_executor.py took 0.023 seconds
[2024-10-12T20:04:45.940+0700] {processor.py:161} INFO - Started process (PID=6652) to work on /home/hanifmmufid/airflow_env/lib/python3.10/site-packages/airflow/example_dags/example_local_kubernetes_executor.py
[2024-10-12T20:04:45.941+0700] {processor.py:830} INFO - Processing file /home/hanifmmufid/airflow_env/lib/python3.10/site-packages/airflow/example_dags/example_local_kubernetes_executor.py for tasks to queue
[2024-10-12T20:04:45.943+0700] {logging_mixin.py:188} INFO - [2024-10-12T20:04:45.943+0700] {dagbag.py:540} INFO - Filling up the DagBag from /home/hanifmmufid/airflow_env/lib/python3.10/site-packages/airflow/example_dags/example_local_kubernetes_executor.py
[2024-10-12T20:04:45.947+0700] {logging_mixin.py:188} INFO - [2024-10-12T20:04:45.946+0700] {example_local_kubernetes_executor.py:40} WARNING - Could not import DAGs in example_local_kubernetes_executor.py
Traceback (most recent call last):
  File "/home/hanifmmufid/airflow_env/lib/python3.10/site-packages/airflow/example_dags/example_local_kubernetes_executor.py", line 38, in <module>
    from kubernetes.client import models as k8s
ModuleNotFoundError: No module named 'kubernetes'
[2024-10-12T20:04:45.948+0700] {logging_mixin.py:188} INFO - [2024-10-12T20:04:45.948+0700] {example_local_kubernetes_executor.py:41} WARNING - Install Kubernetes dependencies with: pip install apache-airflow[cncf.kubernetes]
[2024-10-12T20:04:45.948+0700] {processor.py:842} WARNING - No viable dags retrieved from /home/hanifmmufid/airflow_env/lib/python3.10/site-packages/airflow/example_dags/example_local_kubernetes_executor.py
[2024-10-12T20:04:45.957+0700] {processor.py:183} INFO - Processing /home/hanifmmufid/airflow_env/lib/python3.10/site-packages/airflow/example_dags/example_local_kubernetes_executor.py took 0.023 seconds
[2024-10-12T20:05:38.776+0700] {processor.py:161} INFO - Started process (PID=8603) to work on /home/hanifmmufid/airflow_env/lib/python3.10/site-packages/airflow/example_dags/example_local_kubernetes_executor.py
[2024-10-12T20:05:38.777+0700] {processor.py:830} INFO - Processing file /home/hanifmmufid/airflow_env/lib/python3.10/site-packages/airflow/example_dags/example_local_kubernetes_executor.py for tasks to queue
[2024-10-12T20:05:38.779+0700] {logging_mixin.py:188} INFO - [2024-10-12T20:05:38.779+0700] {dagbag.py:540} INFO - Filling up the DagBag from /home/hanifmmufid/airflow_env/lib/python3.10/site-packages/airflow/example_dags/example_local_kubernetes_executor.py
[2024-10-12T20:05:38.783+0700] {logging_mixin.py:188} INFO - [2024-10-12T20:05:38.782+0700] {example_local_kubernetes_executor.py:40} WARNING - Could not import DAGs in example_local_kubernetes_executor.py
Traceback (most recent call last):
  File "/home/hanifmmufid/airflow_env/lib/python3.10/site-packages/airflow/example_dags/example_local_kubernetes_executor.py", line 38, in <module>
    from kubernetes.client import models as k8s
ModuleNotFoundError: No module named 'kubernetes'
[2024-10-12T20:05:38.783+0700] {logging_mixin.py:188} INFO - [2024-10-12T20:05:38.783+0700] {example_local_kubernetes_executor.py:41} WARNING - Install Kubernetes dependencies with: pip install apache-airflow[cncf.kubernetes]
[2024-10-12T20:05:38.783+0700] {processor.py:842} WARNING - No viable dags retrieved from /home/hanifmmufid/airflow_env/lib/python3.10/site-packages/airflow/example_dags/example_local_kubernetes_executor.py
[2024-10-12T20:05:38.793+0700] {processor.py:183} INFO - Processing /home/hanifmmufid/airflow_env/lib/python3.10/site-packages/airflow/example_dags/example_local_kubernetes_executor.py took 0.022 seconds
