[2024-10-12T20:02:58.176+0700] {processor.py:161} INFO - Started process (PID=5761) to work on /home/hanifmmufid/airflow_env/lib/python3.10/site-packages/airflow/example_dags/example_bash_decorator.py
[2024-10-12T20:02:58.177+0700] {processor.py:830} INFO - Processing file /home/hanifmmufid/airflow_env/lib/python3.10/site-packages/airflow/example_dags/example_bash_decorator.py for tasks to queue
[2024-10-12T20:02:58.180+0700] {logging_mixin.py:188} INFO - [2024-10-12T20:02:58.179+0700] {dagbag.py:540} INFO - Filling up the DagBag from /home/hanifmmufid/airflow_env/lib/python3.10/site-packages/airflow/example_dags/example_bash_decorator.py
[2024-10-12T20:02:58.198+0700] {processor.py:840} INFO - DAG(s) 'example_bash_decorator' retrieved from /home/hanifmmufid/airflow_env/lib/python3.10/site-packages/airflow/example_dags/example_bash_decorator.py
[2024-10-12T20:02:58.607+0700] {logging_mixin.py:188} INFO - [2024-10-12T20:02:58.607+0700] {override.py:1901} INFO - Created Permission View: can edit on DAG:example_bash_decorator
[2024-10-12T20:02:58.626+0700] {logging_mixin.py:188} INFO - [2024-10-12T20:02:58.625+0700] {override.py:1901} INFO - Created Permission View: can read on DAG:example_bash_decorator
[2024-10-12T20:02:58.641+0700] {logging_mixin.py:188} INFO - [2024-10-12T20:02:58.641+0700] {override.py:1901} INFO - Created Permission View: can delete on DAG:example_bash_decorator
[2024-10-12T20:02:58.642+0700] {logging_mixin.py:188} INFO - [2024-10-12T20:02:58.642+0700] {dag.py:3096} INFO - Sync 1 DAGs
[2024-10-12T20:02:58.664+0700] {logging_mixin.py:188} INFO - [2024-10-12T20:02:58.664+0700] {dag.py:3118} INFO - Creating ORM DAG for example_bash_decorator
[2024-10-12T20:02:58.665+0700] {logging_mixin.py:188} INFO - [2024-10-12T20:02:58.665+0700] {dag.py:3954} INFO - Setting next_dagrun for example_bash_decorator to None, run_after=None
[2024-10-12T20:02:58.776+0700] {processor.py:183} INFO - Processing /home/hanifmmufid/airflow_env/lib/python3.10/site-packages/airflow/example_dags/example_bash_decorator.py took 0.612 seconds
[2024-10-12T20:04:04.093+0700] {processor.py:161} INFO - Started process (PID=6337) to work on /home/hanifmmufid/airflow_env/lib/python3.10/site-packages/airflow/example_dags/example_bash_decorator.py
[2024-10-12T20:04:04.095+0700] {processor.py:830} INFO - Processing file /home/hanifmmufid/airflow_env/lib/python3.10/site-packages/airflow/example_dags/example_bash_decorator.py for tasks to queue
[2024-10-12T20:04:04.096+0700] {logging_mixin.py:188} INFO - [2024-10-12T20:04:04.096+0700] {dagbag.py:540} INFO - Filling up the DagBag from /home/hanifmmufid/airflow_env/lib/python3.10/site-packages/airflow/example_dags/example_bash_decorator.py
[2024-10-12T20:04:04.110+0700] {processor.py:840} INFO - DAG(s) 'example_bash_decorator' retrieved from /home/hanifmmufid/airflow_env/lib/python3.10/site-packages/airflow/example_dags/example_bash_decorator.py
[2024-10-12T20:04:04.130+0700] {logging_mixin.py:188} INFO - [2024-10-12T20:04:04.130+0700] {dag.py:3096} INFO - Sync 1 DAGs
[2024-10-12T20:04:04.140+0700] {logging_mixin.py:188} INFO - [2024-10-12T20:04:04.140+0700] {dag.py:3954} INFO - Setting next_dagrun for example_bash_decorator to None, run_after=None
[2024-10-12T20:04:04.259+0700] {processor.py:183} INFO - Processing /home/hanifmmufid/airflow_env/lib/python3.10/site-packages/airflow/example_dags/example_bash_decorator.py took 0.172 seconds
[2024-10-12T20:05:06.996+0700] {processor.py:161} INFO - Started process (PID=6830) to work on /home/hanifmmufid/airflow_env/lib/python3.10/site-packages/airflow/example_dags/example_bash_decorator.py
[2024-10-12T20:05:06.998+0700] {processor.py:830} INFO - Processing file /home/hanifmmufid/airflow_env/lib/python3.10/site-packages/airflow/example_dags/example_bash_decorator.py for tasks to queue
[2024-10-12T20:05:07.001+0700] {logging_mixin.py:188} INFO - [2024-10-12T20:05:06.999+0700] {dagbag.py:540} INFO - Filling up the DagBag from /home/hanifmmufid/airflow_env/lib/python3.10/site-packages/airflow/example_dags/example_bash_decorator.py
[2024-10-12T20:05:07.014+0700] {processor.py:840} INFO - DAG(s) 'example_bash_decorator' retrieved from /home/hanifmmufid/airflow_env/lib/python3.10/site-packages/airflow/example_dags/example_bash_decorator.py
[2024-10-12T20:05:07.047+0700] {logging_mixin.py:188} INFO - [2024-10-12T20:05:07.047+0700] {dag.py:3096} INFO - Sync 1 DAGs
[2024-10-12T20:05:07.059+0700] {logging_mixin.py:188} INFO - [2024-10-12T20:05:07.059+0700] {dag.py:3954} INFO - Setting next_dagrun for example_bash_decorator to None, run_after=None
[2024-10-12T20:05:07.087+0700] {processor.py:183} INFO - Processing /home/hanifmmufid/airflow_env/lib/python3.10/site-packages/airflow/example_dags/example_bash_decorator.py took 0.096 seconds
[2024-10-12T20:06:00.450+0700] {processor.py:161} INFO - Started process (PID=8781) to work on /home/hanifmmufid/airflow_env/lib/python3.10/site-packages/airflow/example_dags/example_bash_decorator.py
[2024-10-12T20:06:00.454+0700] {processor.py:830} INFO - Processing file /home/hanifmmufid/airflow_env/lib/python3.10/site-packages/airflow/example_dags/example_bash_decorator.py for tasks to queue
[2024-10-12T20:06:00.455+0700] {logging_mixin.py:188} INFO - [2024-10-12T20:06:00.455+0700] {dagbag.py:540} INFO - Filling up the DagBag from /home/hanifmmufid/airflow_env/lib/python3.10/site-packages/airflow/example_dags/example_bash_decorator.py
[2024-10-12T20:06:00.468+0700] {processor.py:840} INFO - DAG(s) 'example_bash_decorator' retrieved from /home/hanifmmufid/airflow_env/lib/python3.10/site-packages/airflow/example_dags/example_bash_decorator.py
[2024-10-12T20:06:00.484+0700] {logging_mixin.py:188} INFO - [2024-10-12T20:06:00.483+0700] {dag.py:3096} INFO - Sync 1 DAGs
[2024-10-12T20:06:00.494+0700] {logging_mixin.py:188} INFO - [2024-10-12T20:06:00.494+0700] {dag.py:3954} INFO - Setting next_dagrun for example_bash_decorator to None, run_after=None
[2024-10-12T20:06:00.515+0700] {processor.py:183} INFO - Processing /home/hanifmmufid/airflow_env/lib/python3.10/site-packages/airflow/example_dags/example_bash_decorator.py took 0.069 seconds
