[2024-10-12T20:02:11.808+0700] {processor.py:161} INFO - Started process (PID=5503) to work on /home/hanifmmufid/airflow_env/lib/python3.10/site-packages/airflow/example_dags/example_short_circuit_decorator.py
[2024-10-12T20:02:11.809+0700] {processor.py:830} INFO - Processing file /home/hanifmmufid/airflow_env/lib/python3.10/site-packages/airflow/example_dags/example_short_circuit_decorator.py for tasks to queue
[2024-10-12T20:02:11.811+0700] {logging_mixin.py:188} INFO - [2024-10-12T20:02:11.810+0700] {dagbag.py:540} INFO - Filling up the DagBag from /home/hanifmmufid/airflow_env/lib/python3.10/site-packages/airflow/example_dags/example_short_circuit_decorator.py
[2024-10-12T20:02:11.820+0700] {processor.py:840} INFO - DAG(s) 'example_short_circuit_decorator' retrieved from /home/hanifmmufid/airflow_env/lib/python3.10/site-packages/airflow/example_dags/example_short_circuit_decorator.py
[2024-10-12T20:02:11.944+0700] {logging_mixin.py:188} INFO - [2024-10-12T20:02:11.943+0700] {override.py:1901} INFO - Created Permission View: can edit on DAG:example_short_circuit_decorator
[2024-10-12T20:02:11.957+0700] {logging_mixin.py:188} INFO - [2024-10-12T20:02:11.957+0700] {override.py:1901} INFO - Created Permission View: can read on DAG:example_short_circuit_decorator
[2024-10-12T20:02:11.968+0700] {logging_mixin.py:188} INFO - [2024-10-12T20:02:11.968+0700] {override.py:1901} INFO - Created Permission View: can delete on DAG:example_short_circuit_decorator
[2024-10-12T20:02:11.969+0700] {logging_mixin.py:188} INFO - [2024-10-12T20:02:11.969+0700] {dag.py:3096} INFO - Sync 1 DAGs
[2024-10-12T20:02:11.980+0700] {logging_mixin.py:188} INFO - [2024-10-12T20:02:11.979+0700] {dag.py:3118} INFO - Creating ORM DAG for example_short_circuit_decorator
[2024-10-12T20:02:11.988+0700] {logging_mixin.py:188} INFO - [2024-10-12T20:02:11.988+0700] {dag.py:3954} INFO - Setting next_dagrun for example_short_circuit_decorator to 2024-10-11 00:00:00+00:00, run_after=2024-10-12 00:00:00+00:00
[2024-10-12T20:02:12.013+0700] {processor.py:183} INFO - Processing /home/hanifmmufid/airflow_env/lib/python3.10/site-packages/airflow/example_dags/example_short_circuit_decorator.py took 0.210 seconds
[2024-10-12T20:03:14.230+0700] {processor.py:161} INFO - Started process (PID=5839) to work on /home/hanifmmufid/airflow_env/lib/python3.10/site-packages/airflow/example_dags/example_short_circuit_decorator.py
[2024-10-12T20:03:14.232+0700] {processor.py:830} INFO - Processing file /home/hanifmmufid/airflow_env/lib/python3.10/site-packages/airflow/example_dags/example_short_circuit_decorator.py for tasks to queue
[2024-10-12T20:03:14.234+0700] {logging_mixin.py:188} INFO - [2024-10-12T20:03:14.233+0700] {dagbag.py:540} INFO - Filling up the DagBag from /home/hanifmmufid/airflow_env/lib/python3.10/site-packages/airflow/example_dags/example_short_circuit_decorator.py
[2024-10-12T20:03:14.242+0700] {processor.py:840} INFO - DAG(s) 'example_short_circuit_decorator' retrieved from /home/hanifmmufid/airflow_env/lib/python3.10/site-packages/airflow/example_dags/example_short_circuit_decorator.py
[2024-10-12T20:03:14.260+0700] {logging_mixin.py:188} INFO - [2024-10-12T20:03:14.259+0700] {dag.py:3096} INFO - Sync 1 DAGs
[2024-10-12T20:03:14.274+0700] {logging_mixin.py:188} INFO - [2024-10-12T20:03:14.274+0700] {dag.py:3954} INFO - Setting next_dagrun for example_short_circuit_decorator to 2024-10-11 00:00:00+00:00, run_after=2024-10-12 00:00:00+00:00
[2024-10-12T20:03:14.301+0700] {processor.py:183} INFO - Processing /home/hanifmmufid/airflow_env/lib/python3.10/site-packages/airflow/example_dags/example_short_circuit_decorator.py took 0.078 seconds
[2024-10-12T20:04:21.178+0700] {processor.py:161} INFO - Started process (PID=6458) to work on /home/hanifmmufid/airflow_env/lib/python3.10/site-packages/airflow/example_dags/example_short_circuit_decorator.py
[2024-10-12T20:04:21.180+0700] {processor.py:830} INFO - Processing file /home/hanifmmufid/airflow_env/lib/python3.10/site-packages/airflow/example_dags/example_short_circuit_decorator.py for tasks to queue
[2024-10-12T20:04:21.183+0700] {logging_mixin.py:188} INFO - [2024-10-12T20:04:21.182+0700] {dagbag.py:540} INFO - Filling up the DagBag from /home/hanifmmufid/airflow_env/lib/python3.10/site-packages/airflow/example_dags/example_short_circuit_decorator.py
[2024-10-12T20:04:21.193+0700] {processor.py:840} INFO - DAG(s) 'example_short_circuit_decorator' retrieved from /home/hanifmmufid/airflow_env/lib/python3.10/site-packages/airflow/example_dags/example_short_circuit_decorator.py
[2024-10-12T20:04:21.210+0700] {logging_mixin.py:188} INFO - [2024-10-12T20:04:21.210+0700] {dag.py:3096} INFO - Sync 1 DAGs
[2024-10-12T20:04:21.312+0700] {logging_mixin.py:188} INFO - [2024-10-12T20:04:21.312+0700] {dag.py:3954} INFO - Setting next_dagrun for example_short_circuit_decorator to 2024-10-11 00:00:00+00:00, run_after=2024-10-12 00:00:00+00:00
[2024-10-12T20:04:21.342+0700] {processor.py:183} INFO - Processing /home/hanifmmufid/airflow_env/lib/python3.10/site-packages/airflow/example_dags/example_short_circuit_decorator.py took 0.172 seconds
[2024-10-12T20:04:54.329+0700] {processor.py:161} INFO - Started process (PID=6717) to work on /home/hanifmmufid/airflow_env/lib/python3.10/site-packages/airflow/example_dags/example_short_circuit_decorator.py
[2024-10-12T20:04:54.330+0700] {processor.py:830} INFO - Processing file /home/hanifmmufid/airflow_env/lib/python3.10/site-packages/airflow/example_dags/example_short_circuit_decorator.py for tasks to queue
[2024-10-12T20:04:54.332+0700] {logging_mixin.py:188} INFO - [2024-10-12T20:04:54.331+0700] {dagbag.py:540} INFO - Filling up the DagBag from /home/hanifmmufid/airflow_env/lib/python3.10/site-packages/airflow/example_dags/example_short_circuit_decorator.py
[2024-10-12T20:04:54.339+0700] {processor.py:840} INFO - DAG(s) 'example_short_circuit_decorator' retrieved from /home/hanifmmufid/airflow_env/lib/python3.10/site-packages/airflow/example_dags/example_short_circuit_decorator.py
[2024-10-12T20:04:54.430+0700] {logging_mixin.py:188} INFO - [2024-10-12T20:04:54.430+0700] {dag.py:3096} INFO - Sync 1 DAGs
[2024-10-12T20:04:54.442+0700] {logging_mixin.py:188} INFO - [2024-10-12T20:04:54.442+0700] {dag.py:3954} INFO - Setting next_dagrun for example_short_circuit_decorator to 2024-10-11 00:00:00+00:00, run_after=2024-10-12 00:00:00+00:00
[2024-10-12T20:04:54.465+0700] {processor.py:183} INFO - Processing /home/hanifmmufid/airflow_env/lib/python3.10/site-packages/airflow/example_dags/example_short_circuit_decorator.py took 0.140 seconds
[2024-10-12T20:05:43.775+0700] {processor.py:161} INFO - Started process (PID=8645) to work on /home/hanifmmufid/airflow_env/lib/python3.10/site-packages/airflow/example_dags/example_short_circuit_decorator.py
[2024-10-12T20:05:43.778+0700] {processor.py:830} INFO - Processing file /home/hanifmmufid/airflow_env/lib/python3.10/site-packages/airflow/example_dags/example_short_circuit_decorator.py for tasks to queue
[2024-10-12T20:05:43.780+0700] {logging_mixin.py:188} INFO - [2024-10-12T20:05:43.779+0700] {dagbag.py:540} INFO - Filling up the DagBag from /home/hanifmmufid/airflow_env/lib/python3.10/site-packages/airflow/example_dags/example_short_circuit_decorator.py
[2024-10-12T20:05:43.790+0700] {processor.py:840} INFO - DAG(s) 'example_short_circuit_decorator' retrieved from /home/hanifmmufid/airflow_env/lib/python3.10/site-packages/airflow/example_dags/example_short_circuit_decorator.py
[2024-10-12T20:05:43.813+0700] {logging_mixin.py:188} INFO - [2024-10-12T20:05:43.813+0700] {dag.py:3096} INFO - Sync 1 DAGs
[2024-10-12T20:05:43.840+0700] {logging_mixin.py:188} INFO - [2024-10-12T20:05:43.840+0700] {dag.py:3954} INFO - Setting next_dagrun for example_short_circuit_decorator to 2024-10-11 00:00:00+00:00, run_after=2024-10-12 00:00:00+00:00
[2024-10-12T20:05:43.869+0700] {processor.py:183} INFO - Processing /home/hanifmmufid/airflow_env/lib/python3.10/site-packages/airflow/example_dags/example_short_circuit_decorator.py took 0.101 seconds
[2024-10-12T20:06:29.600+0700] {processor.py:161} INFO - Started process (PID=9031) to work on /home/hanifmmufid/airflow_env/lib/python3.10/site-packages/airflow/example_dags/example_short_circuit_decorator.py
[2024-10-12T20:06:29.602+0700] {processor.py:830} INFO - Processing file /home/hanifmmufid/airflow_env/lib/python3.10/site-packages/airflow/example_dags/example_short_circuit_decorator.py for tasks to queue
[2024-10-12T20:06:29.607+0700] {logging_mixin.py:188} INFO - [2024-10-12T20:06:29.606+0700] {dagbag.py:540} INFO - Filling up the DagBag from /home/hanifmmufid/airflow_env/lib/python3.10/site-packages/airflow/example_dags/example_short_circuit_decorator.py
[2024-10-12T20:06:29.626+0700] {processor.py:840} INFO - DAG(s) 'example_short_circuit_decorator' retrieved from /home/hanifmmufid/airflow_env/lib/python3.10/site-packages/airflow/example_dags/example_short_circuit_decorator.py
[2024-10-12T20:06:29.660+0700] {logging_mixin.py:188} INFO - [2024-10-12T20:06:29.660+0700] {dag.py:3096} INFO - Sync 1 DAGs
[2024-10-12T20:06:29.700+0700] {logging_mixin.py:188} INFO - [2024-10-12T20:06:29.699+0700] {dag.py:3954} INFO - Setting next_dagrun for example_short_circuit_decorator to 2024-10-11 00:00:00+00:00, run_after=2024-10-12 00:00:00+00:00
