[2024-10-12T20:03:08.789+0700] {processor.py:161} INFO - Started process (PID=5811) to work on /home/hanifmmufid/airflow_env/lib/python3.10/site-packages/airflow/example_dags/example_kubernetes_executor.py
[2024-10-12T20:03:08.790+0700] {processor.py:830} INFO - Processing file /home/hanifmmufid/airflow_env/lib/python3.10/site-packages/airflow/example_dags/example_kubernetes_executor.py for tasks to queue
[2024-10-12T20:03:08.791+0700] {logging_mixin.py:188} INFO - [2024-10-12T20:03:08.791+0700] {dagbag.py:540} INFO - Filling up the DagBag from /home/hanifmmufid/airflow_env/lib/python3.10/site-packages/airflow/example_dags/example_kubernetes_executor.py
[2024-10-12T20:03:08.793+0700] {logging_mixin.py:188} INFO - [2024-10-12T20:03:08.793+0700] {example_kubernetes_executor.py:39} WARNING - The example_kubernetes_executor example DAG requires the kubernetes provider. Please install it with: pip install apache-airflow[cncf.kubernetes]
[2024-10-12T20:03:08.793+0700] {processor.py:842} WARNING - No viable dags retrieved from /home/hanifmmufid/airflow_env/lib/python3.10/site-packages/airflow/example_dags/example_kubernetes_executor.py
[2024-10-12T20:03:08.805+0700] {processor.py:183} INFO - Processing /home/hanifmmufid/airflow_env/lib/python3.10/site-packages/airflow/example_dags/example_kubernetes_executor.py took 0.020 seconds
[2024-10-12T20:04:15.146+0700] {processor.py:161} INFO - Started process (PID=6418) to work on /home/hanifmmufid/airflow_env/lib/python3.10/site-packages/airflow/example_dags/example_kubernetes_executor.py
[2024-10-12T20:04:15.148+0700] {processor.py:830} INFO - Processing file /home/hanifmmufid/airflow_env/lib/python3.10/site-packages/airflow/example_dags/example_kubernetes_executor.py for tasks to queue
[2024-10-12T20:04:15.150+0700] {logging_mixin.py:188} INFO - [2024-10-12T20:04:15.149+0700] {dagbag.py:540} INFO - Filling up the DagBag from /home/hanifmmufid/airflow_env/lib/python3.10/site-packages/airflow/example_dags/example_kubernetes_executor.py
[2024-10-12T20:04:15.157+0700] {logging_mixin.py:188} INFO - [2024-10-12T20:04:15.156+0700] {example_kubernetes_executor.py:39} WARNING - The example_kubernetes_executor example DAG requires the kubernetes provider. Please install it with: pip install apache-airflow[cncf.kubernetes]
[2024-10-12T20:04:15.157+0700] {processor.py:842} WARNING - No viable dags retrieved from /home/hanifmmufid/airflow_env/lib/python3.10/site-packages/airflow/example_dags/example_kubernetes_executor.py
[2024-10-12T20:04:15.170+0700] {processor.py:183} INFO - Processing /home/hanifmmufid/airflow_env/lib/python3.10/site-packages/airflow/example_dags/example_kubernetes_executor.py took 0.031 seconds
[2024-10-12T20:05:14.969+0700] {processor.py:161} INFO - Started process (PID=7632) to work on /home/hanifmmufid/airflow_env/lib/python3.10/site-packages/airflow/example_dags/example_kubernetes_executor.py
[2024-10-12T20:05:14.971+0700] {processor.py:830} INFO - Processing file /home/hanifmmufid/airflow_env/lib/python3.10/site-packages/airflow/example_dags/example_kubernetes_executor.py for tasks to queue
[2024-10-12T20:05:14.973+0700] {logging_mixin.py:188} INFO - [2024-10-12T20:05:14.972+0700] {dagbag.py:540} INFO - Filling up the DagBag from /home/hanifmmufid/airflow_env/lib/python3.10/site-packages/airflow/example_dags/example_kubernetes_executor.py
[2024-10-12T20:05:14.975+0700] {logging_mixin.py:188} INFO - [2024-10-12T20:05:14.975+0700] {example_kubernetes_executor.py:39} WARNING - The example_kubernetes_executor example DAG requires the kubernetes provider. Please install it with: pip install apache-airflow[cncf.kubernetes]
[2024-10-12T20:05:14.975+0700] {processor.py:842} WARNING - No viable dags retrieved from /home/hanifmmufid/airflow_env/lib/python3.10/site-packages/airflow/example_dags/example_kubernetes_executor.py
[2024-10-12T20:05:14.983+0700] {processor.py:183} INFO - Processing /home/hanifmmufid/airflow_env/lib/python3.10/site-packages/airflow/example_dags/example_kubernetes_executor.py took 0.019 seconds
[2024-10-12T20:06:24.248+0700] {processor.py:161} INFO - Started process (PID=8973) to work on /home/hanifmmufid/airflow_env/lib/python3.10/site-packages/airflow/example_dags/example_kubernetes_executor.py
[2024-10-12T20:06:24.251+0700] {processor.py:830} INFO - Processing file /home/hanifmmufid/airflow_env/lib/python3.10/site-packages/airflow/example_dags/example_kubernetes_executor.py for tasks to queue
[2024-10-12T20:06:24.253+0700] {logging_mixin.py:188} INFO - [2024-10-12T20:06:24.252+0700] {dagbag.py:540} INFO - Filling up the DagBag from /home/hanifmmufid/airflow_env/lib/python3.10/site-packages/airflow/example_dags/example_kubernetes_executor.py
[2024-10-12T20:06:24.256+0700] {logging_mixin.py:188} INFO - [2024-10-12T20:06:24.255+0700] {example_kubernetes_executor.py:39} WARNING - The example_kubernetes_executor example DAG requires the kubernetes provider. Please install it with: pip install apache-airflow[cncf.kubernetes]
[2024-10-12T20:06:24.256+0700] {processor.py:842} WARNING - No viable dags retrieved from /home/hanifmmufid/airflow_env/lib/python3.10/site-packages/airflow/example_dags/example_kubernetes_executor.py
[2024-10-12T20:06:24.263+0700] {processor.py:183} INFO - Processing /home/hanifmmufid/airflow_env/lib/python3.10/site-packages/airflow/example_dags/example_kubernetes_executor.py took 0.019 seconds
