[2024-10-12T20:02:41.060+0700] {processor.py:161} INFO - Started process (PID=5665) to work on /home/hanifmmufid/airflow_env/lib/python3.10/site-packages/airflow/example_dags/example_task_group.py
[2024-10-12T20:02:41.061+0700] {processor.py:830} INFO - Processing file /home/hanifmmufid/airflow_env/lib/python3.10/site-packages/airflow/example_dags/example_task_group.py for tasks to queue
[2024-10-12T20:02:41.065+0700] {logging_mixin.py:188} INFO - [2024-10-12T20:02:41.064+0700] {dagbag.py:540} INFO - Filling up the DagBag from /home/hanifmmufid/airflow_env/lib/python3.10/site-packages/airflow/example_dags/example_task_group.py
[2024-10-12T20:02:41.074+0700] {processor.py:840} INFO - DAG(s) 'example_task_group' retrieved from /home/hanifmmufid/airflow_env/lib/python3.10/site-packages/airflow/example_dags/example_task_group.py
[2024-10-12T20:02:41.204+0700] {logging_mixin.py:188} INFO - [2024-10-12T20:02:41.202+0700] {override.py:1901} INFO - Created Permission View: can edit on DAG:example_task_group
[2024-10-12T20:02:41.218+0700] {logging_mixin.py:188} INFO - [2024-10-12T20:02:41.217+0700] {override.py:1901} INFO - Created Permission View: can read on DAG:example_task_group
[2024-10-12T20:02:41.231+0700] {logging_mixin.py:188} INFO - [2024-10-12T20:02:41.230+0700] {override.py:1901} INFO - Created Permission View: can delete on DAG:example_task_group
[2024-10-12T20:02:41.232+0700] {logging_mixin.py:188} INFO - [2024-10-12T20:02:41.231+0700] {dag.py:3096} INFO - Sync 1 DAGs
[2024-10-12T20:02:41.247+0700] {logging_mixin.py:188} INFO - [2024-10-12T20:02:41.247+0700] {dag.py:3118} INFO - Creating ORM DAG for example_task_group
[2024-10-12T20:02:41.415+0700] {logging_mixin.py:188} INFO - [2024-10-12T20:02:41.414+0700] {dag.py:3954} INFO - Setting next_dagrun for example_task_group to 2024-10-11 00:00:00+00:00, run_after=2024-10-12 00:00:00+00:00
[2024-10-12T20:02:41.459+0700] {processor.py:183} INFO - Processing /home/hanifmmufid/airflow_env/lib/python3.10/site-packages/airflow/example_dags/example_task_group.py took 0.408 seconds
[2024-10-12T20:03:42.910+0700] {processor.py:161} INFO - Started process (PID=6031) to work on /home/hanifmmufid/airflow_env/lib/python3.10/site-packages/airflow/example_dags/example_task_group.py
[2024-10-12T20:03:42.913+0700] {processor.py:830} INFO - Processing file /home/hanifmmufid/airflow_env/lib/python3.10/site-packages/airflow/example_dags/example_task_group.py for tasks to queue
[2024-10-12T20:03:42.916+0700] {logging_mixin.py:188} INFO - [2024-10-12T20:03:42.915+0700] {dagbag.py:540} INFO - Filling up the DagBag from /home/hanifmmufid/airflow_env/lib/python3.10/site-packages/airflow/example_dags/example_task_group.py
[2024-10-12T20:03:42.947+0700] {processor.py:840} INFO - DAG(s) 'example_task_group' retrieved from /home/hanifmmufid/airflow_env/lib/python3.10/site-packages/airflow/example_dags/example_task_group.py
[2024-10-12T20:03:42.998+0700] {logging_mixin.py:188} INFO - [2024-10-12T20:03:42.998+0700] {dag.py:3096} INFO - Sync 1 DAGs
[2024-10-12T20:03:43.074+0700] {logging_mixin.py:188} INFO - [2024-10-12T20:03:43.074+0700] {dag.py:3954} INFO - Setting next_dagrun for example_task_group to 2024-10-11 00:00:00+00:00, run_after=2024-10-12 00:00:00+00:00
[2024-10-12T20:03:43.212+0700] {processor.py:183} INFO - Processing /home/hanifmmufid/airflow_env/lib/python3.10/site-packages/airflow/example_dags/example_task_group.py took 0.329 seconds
[2024-10-12T20:04:50.210+0700] {processor.py:161} INFO - Started process (PID=6685) to work on /home/hanifmmufid/airflow_env/lib/python3.10/site-packages/airflow/example_dags/example_task_group.py
[2024-10-12T20:04:50.211+0700] {processor.py:830} INFO - Processing file /home/hanifmmufid/airflow_env/lib/python3.10/site-packages/airflow/example_dags/example_task_group.py for tasks to queue
[2024-10-12T20:04:50.213+0700] {logging_mixin.py:188} INFO - [2024-10-12T20:04:50.213+0700] {dagbag.py:540} INFO - Filling up the DagBag from /home/hanifmmufid/airflow_env/lib/python3.10/site-packages/airflow/example_dags/example_task_group.py
[2024-10-12T20:04:50.221+0700] {processor.py:840} INFO - DAG(s) 'example_task_group' retrieved from /home/hanifmmufid/airflow_env/lib/python3.10/site-packages/airflow/example_dags/example_task_group.py
[2024-10-12T20:04:50.316+0700] {logging_mixin.py:188} INFO - [2024-10-12T20:04:50.315+0700] {dag.py:3096} INFO - Sync 1 DAGs
[2024-10-12T20:04:50.330+0700] {logging_mixin.py:188} INFO - [2024-10-12T20:04:50.330+0700] {dag.py:3954} INFO - Setting next_dagrun for example_task_group to 2024-10-11 00:00:00+00:00, run_after=2024-10-12 00:00:00+00:00
[2024-10-12T20:04:50.353+0700] {processor.py:183} INFO - Processing /home/hanifmmufid/airflow_env/lib/python3.10/site-packages/airflow/example_dags/example_task_group.py took 0.149 seconds
[2024-10-12T20:05:46.490+0700] {processor.py:161} INFO - Started process (PID=8668) to work on /home/hanifmmufid/airflow_env/lib/python3.10/site-packages/airflow/example_dags/example_task_group.py
[2024-10-12T20:05:46.492+0700] {processor.py:830} INFO - Processing file /home/hanifmmufid/airflow_env/lib/python3.10/site-packages/airflow/example_dags/example_task_group.py for tasks to queue
[2024-10-12T20:05:46.493+0700] {logging_mixin.py:188} INFO - [2024-10-12T20:05:46.493+0700] {dagbag.py:540} INFO - Filling up the DagBag from /home/hanifmmufid/airflow_env/lib/python3.10/site-packages/airflow/example_dags/example_task_group.py
[2024-10-12T20:05:46.502+0700] {processor.py:840} INFO - DAG(s) 'example_task_group' retrieved from /home/hanifmmufid/airflow_env/lib/python3.10/site-packages/airflow/example_dags/example_task_group.py
[2024-10-12T20:05:46.516+0700] {logging_mixin.py:188} INFO - [2024-10-12T20:05:46.516+0700] {dag.py:3096} INFO - Sync 1 DAGs
[2024-10-12T20:05:46.532+0700] {logging_mixin.py:188} INFO - [2024-10-12T20:05:46.531+0700] {dag.py:3954} INFO - Setting next_dagrun for example_task_group to 2024-10-11 00:00:00+00:00, run_after=2024-10-12 00:00:00+00:00
[2024-10-12T20:05:46.555+0700] {processor.py:183} INFO - Processing /home/hanifmmufid/airflow_env/lib/python3.10/site-packages/airflow/example_dags/example_task_group.py took 0.070 seconds
[2024-10-12T20:06:38.216+0700] {processor.py:161} INFO - Started process (PID=9117) to work on /home/hanifmmufid/airflow_env/lib/python3.10/site-packages/airflow/example_dags/example_task_group.py
[2024-10-12T20:06:38.218+0700] {processor.py:830} INFO - Processing file /home/hanifmmufid/airflow_env/lib/python3.10/site-packages/airflow/example_dags/example_task_group.py for tasks to queue
[2024-10-12T20:06:38.220+0700] {logging_mixin.py:188} INFO - [2024-10-12T20:06:38.219+0700] {dagbag.py:540} INFO - Filling up the DagBag from /home/hanifmmufid/airflow_env/lib/python3.10/site-packages/airflow/example_dags/example_task_group.py
[2024-10-12T20:06:38.228+0700] {processor.py:840} INFO - DAG(s) 'example_task_group' retrieved from /home/hanifmmufid/airflow_env/lib/python3.10/site-packages/airflow/example_dags/example_task_group.py
[2024-10-12T20:06:38.252+0700] {logging_mixin.py:188} INFO - [2024-10-12T20:06:38.252+0700] {dag.py:3096} INFO - Sync 1 DAGs
[2024-10-12T20:06:38.287+0700] {logging_mixin.py:188} INFO - [2024-10-12T20:06:38.286+0700] {dag.py:3954} INFO - Setting next_dagrun for example_task_group to 2024-10-11 00:00:00+00:00, run_after=2024-10-12 00:00:00+00:00
[2024-10-12T20:06:38.334+0700] {processor.py:183} INFO - Processing /home/hanifmmufid/airflow_env/lib/python3.10/site-packages/airflow/example_dags/example_task_group.py took 0.127 seconds
[2024-10-12T20:07:59.174+0700] {processor.py:161} INFO - Started process (PID=9834) to work on /home/hanifmmufid/airflow_env/lib/python3.10/site-packages/airflow/example_dags/example_task_group.py
[2024-10-12T20:07:59.176+0700] {processor.py:830} INFO - Processing file /home/hanifmmufid/airflow_env/lib/python3.10/site-packages/airflow/example_dags/example_task_group.py for tasks to queue
[2024-10-12T20:07:59.177+0700] {logging_mixin.py:188} INFO - [2024-10-12T20:07:59.176+0700] {dagbag.py:540} INFO - Filling up the DagBag from /home/hanifmmufid/airflow_env/lib/python3.10/site-packages/airflow/example_dags/example_task_group.py
[2024-10-12T20:07:59.188+0700] {processor.py:840} INFO - DAG(s) 'example_task_group' retrieved from /home/hanifmmufid/airflow_env/lib/python3.10/site-packages/airflow/example_dags/example_task_group.py
[2024-10-12T20:07:59.209+0700] {logging_mixin.py:188} INFO - [2024-10-12T20:07:59.208+0700] {dag.py:3096} INFO - Sync 1 DAGs
[2024-10-12T20:07:59.253+0700] {logging_mixin.py:188} INFO - [2024-10-12T20:07:59.253+0700] {dag.py:3954} INFO - Setting next_dagrun for example_task_group to 2024-10-11 00:00:00+00:00, run_after=2024-10-12 00:00:00+00:00
[2024-10-12T20:07:59.280+0700] {processor.py:183} INFO - Processing /home/hanifmmufid/airflow_env/lib/python3.10/site-packages/airflow/example_dags/example_task_group.py took 0.114 seconds
[2024-10-12T20:09:29.342+0700] {processor.py:161} INFO - Started process (PID=10571) to work on /home/hanifmmufid/airflow_env/lib/python3.10/site-packages/airflow/example_dags/example_task_group.py
[2024-10-12T20:09:29.345+0700] {processor.py:830} INFO - Processing file /home/hanifmmufid/airflow_env/lib/python3.10/site-packages/airflow/example_dags/example_task_group.py for tasks to queue
[2024-10-12T20:09:29.346+0700] {logging_mixin.py:188} INFO - [2024-10-12T20:09:29.346+0700] {dagbag.py:540} INFO - Filling up the DagBag from /home/hanifmmufid/airflow_env/lib/python3.10/site-packages/airflow/example_dags/example_task_group.py
[2024-10-12T20:09:29.369+0700] {processor.py:840} INFO - DAG(s) 'example_task_group' retrieved from /home/hanifmmufid/airflow_env/lib/python3.10/site-packages/airflow/example_dags/example_task_group.py
[2024-10-12T20:09:29.440+0700] {logging_mixin.py:188} INFO - [2024-10-12T20:09:29.439+0700] {dag.py:3096} INFO - Sync 1 DAGs
[2024-10-12T20:09:29.526+0700] {logging_mixin.py:188} INFO - [2024-10-12T20:09:29.525+0700] {dag.py:3954} INFO - Setting next_dagrun for example_task_group to 2024-10-11 00:00:00+00:00, run_after=2024-10-12 00:00:00+00:00
[2024-10-12T20:09:29.598+0700] {processor.py:183} INFO - Processing /home/hanifmmufid/airflow_env/lib/python3.10/site-packages/airflow/example_dags/example_task_group.py took 0.272 seconds
[2024-10-12T20:11:08.826+0700] {processor.py:161} INFO - Started process (PID=11717) to work on /home/hanifmmufid/airflow_env/lib/python3.10/site-packages/airflow/example_dags/example_task_group.py
[2024-10-12T20:11:08.828+0700] {processor.py:830} INFO - Processing file /home/hanifmmufid/airflow_env/lib/python3.10/site-packages/airflow/example_dags/example_task_group.py for tasks to queue
[2024-10-12T20:11:08.829+0700] {logging_mixin.py:188} INFO - [2024-10-12T20:11:08.829+0700] {dagbag.py:540} INFO - Filling up the DagBag from /home/hanifmmufid/airflow_env/lib/python3.10/site-packages/airflow/example_dags/example_task_group.py
[2024-10-12T20:11:08.838+0700] {processor.py:840} INFO - DAG(s) 'example_task_group' retrieved from /home/hanifmmufid/airflow_env/lib/python3.10/site-packages/airflow/example_dags/example_task_group.py
[2024-10-12T20:11:08.861+0700] {logging_mixin.py:188} INFO - [2024-10-12T20:11:08.861+0700] {dag.py:3096} INFO - Sync 1 DAGs
[2024-10-12T20:11:08.890+0700] {logging_mixin.py:188} INFO - [2024-10-12T20:11:08.890+0700] {dag.py:3954} INFO - Setting next_dagrun for example_task_group to 2024-10-11 00:00:00+00:00, run_after=2024-10-12 00:00:00+00:00
[2024-10-12T20:11:08.921+0700] {processor.py:183} INFO - Processing /home/hanifmmufid/airflow_env/lib/python3.10/site-packages/airflow/example_dags/example_task_group.py took 0.100 seconds
[2024-10-12T20:12:31.604+0700] {processor.py:161} INFO - Started process (PID=12421) to work on /home/hanifmmufid/airflow_env/lib/python3.10/site-packages/airflow/example_dags/example_task_group.py
[2024-10-12T20:12:31.606+0700] {processor.py:830} INFO - Processing file /home/hanifmmufid/airflow_env/lib/python3.10/site-packages/airflow/example_dags/example_task_group.py for tasks to queue
[2024-10-12T20:12:31.607+0700] {logging_mixin.py:188} INFO - [2024-10-12T20:12:31.607+0700] {dagbag.py:540} INFO - Filling up the DagBag from /home/hanifmmufid/airflow_env/lib/python3.10/site-packages/airflow/example_dags/example_task_group.py
[2024-10-12T20:12:31.624+0700] {processor.py:840} INFO - DAG(s) 'example_task_group' retrieved from /home/hanifmmufid/airflow_env/lib/python3.10/site-packages/airflow/example_dags/example_task_group.py
[2024-10-12T20:12:31.654+0700] {logging_mixin.py:188} INFO - [2024-10-12T20:12:31.654+0700] {dag.py:3096} INFO - Sync 1 DAGs
[2024-10-12T20:12:31.700+0700] {logging_mixin.py:188} INFO - [2024-10-12T20:12:31.699+0700] {dag.py:3954} INFO - Setting next_dagrun for example_task_group to 2024-10-11 00:00:00+00:00, run_after=2024-10-12 00:00:00+00:00
[2024-10-12T20:12:31.749+0700] {processor.py:183} INFO - Processing /home/hanifmmufid/airflow_env/lib/python3.10/site-packages/airflow/example_dags/example_task_group.py took 0.158 seconds
[2024-10-12T20:13:55.852+0700] {processor.py:161} INFO - Started process (PID=13127) to work on /home/hanifmmufid/airflow_env/lib/python3.10/site-packages/airflow/example_dags/example_task_group.py
[2024-10-12T20:13:55.853+0700] {processor.py:830} INFO - Processing file /home/hanifmmufid/airflow_env/lib/python3.10/site-packages/airflow/example_dags/example_task_group.py for tasks to queue
[2024-10-12T20:13:55.855+0700] {logging_mixin.py:188} INFO - [2024-10-12T20:13:55.854+0700] {dagbag.py:540} INFO - Filling up the DagBag from /home/hanifmmufid/airflow_env/lib/python3.10/site-packages/airflow/example_dags/example_task_group.py
[2024-10-12T20:13:55.866+0700] {processor.py:840} INFO - DAG(s) 'example_task_group' retrieved from /home/hanifmmufid/airflow_env/lib/python3.10/site-packages/airflow/example_dags/example_task_group.py
[2024-10-12T20:13:55.890+0700] {logging_mixin.py:188} INFO - [2024-10-12T20:13:55.889+0700] {dag.py:3096} INFO - Sync 1 DAGs
[2024-10-12T20:13:55.924+0700] {logging_mixin.py:188} INFO - [2024-10-12T20:13:55.924+0700] {dag.py:3954} INFO - Setting next_dagrun for example_task_group to 2024-10-11 00:00:00+00:00, run_after=2024-10-12 00:00:00+00:00
[2024-10-12T20:13:55.964+0700] {processor.py:183} INFO - Processing /home/hanifmmufid/airflow_env/lib/python3.10/site-packages/airflow/example_dags/example_task_group.py took 0.120 seconds
[2024-10-12T20:15:18.498+0700] {processor.py:161} INFO - Started process (PID=13801) to work on /home/hanifmmufid/airflow_env/lib/python3.10/site-packages/airflow/example_dags/example_task_group.py
[2024-10-12T20:15:18.499+0700] {processor.py:830} INFO - Processing file /home/hanifmmufid/airflow_env/lib/python3.10/site-packages/airflow/example_dags/example_task_group.py for tasks to queue
[2024-10-12T20:15:18.500+0700] {logging_mixin.py:188} INFO - [2024-10-12T20:15:18.500+0700] {dagbag.py:540} INFO - Filling up the DagBag from /home/hanifmmufid/airflow_env/lib/python3.10/site-packages/airflow/example_dags/example_task_group.py
[2024-10-12T20:15:18.506+0700] {processor.py:840} INFO - DAG(s) 'example_task_group' retrieved from /home/hanifmmufid/airflow_env/lib/python3.10/site-packages/airflow/example_dags/example_task_group.py
[2024-10-12T20:15:18.522+0700] {logging_mixin.py:188} INFO - [2024-10-12T20:15:18.521+0700] {dag.py:3096} INFO - Sync 1 DAGs
[2024-10-12T20:15:18.538+0700] {logging_mixin.py:188} INFO - [2024-10-12T20:15:18.538+0700] {dag.py:3954} INFO - Setting next_dagrun for example_task_group to 2024-10-11 00:00:00+00:00, run_after=2024-10-12 00:00:00+00:00
[2024-10-12T20:15:18.559+0700] {processor.py:183} INFO - Processing /home/hanifmmufid/airflow_env/lib/python3.10/site-packages/airflow/example_dags/example_task_group.py took 0.066 seconds
[2024-10-12T20:16:28.266+0700] {processor.py:161} INFO - Started process (PID=14443) to work on /home/hanifmmufid/airflow_env/lib/python3.10/site-packages/airflow/example_dags/example_task_group.py
[2024-10-12T20:16:28.268+0700] {processor.py:830} INFO - Processing file /home/hanifmmufid/airflow_env/lib/python3.10/site-packages/airflow/example_dags/example_task_group.py for tasks to queue
[2024-10-12T20:16:28.270+0700] {logging_mixin.py:188} INFO - [2024-10-12T20:16:28.269+0700] {dagbag.py:540} INFO - Filling up the DagBag from /home/hanifmmufid/airflow_env/lib/python3.10/site-packages/airflow/example_dags/example_task_group.py
[2024-10-12T20:16:28.278+0700] {processor.py:840} INFO - DAG(s) 'example_task_group' retrieved from /home/hanifmmufid/airflow_env/lib/python3.10/site-packages/airflow/example_dags/example_task_group.py
[2024-10-12T20:16:28.295+0700] {logging_mixin.py:188} INFO - [2024-10-12T20:16:28.295+0700] {dag.py:3096} INFO - Sync 1 DAGs
[2024-10-12T20:16:28.311+0700] {logging_mixin.py:188} INFO - [2024-10-12T20:16:28.311+0700] {dag.py:3954} INFO - Setting next_dagrun for example_task_group to 2024-10-11 00:00:00+00:00, run_after=2024-10-12 00:00:00+00:00
[2024-10-12T20:16:28.330+0700] {processor.py:183} INFO - Processing /home/hanifmmufid/airflow_env/lib/python3.10/site-packages/airflow/example_dags/example_task_group.py took 0.069 seconds
[2024-10-12T20:18:00.244+0700] {processor.py:161} INFO - Started process (PID=15182) to work on /home/hanifmmufid/airflow_env/lib/python3.10/site-packages/airflow/example_dags/example_task_group.py
[2024-10-12T20:18:00.246+0700] {processor.py:830} INFO - Processing file /home/hanifmmufid/airflow_env/lib/python3.10/site-packages/airflow/example_dags/example_task_group.py for tasks to queue
[2024-10-12T20:18:00.248+0700] {logging_mixin.py:188} INFO - [2024-10-12T20:18:00.247+0700] {dagbag.py:540} INFO - Filling up the DagBag from /home/hanifmmufid/airflow_env/lib/python3.10/site-packages/airflow/example_dags/example_task_group.py
[2024-10-12T20:18:00.256+0700] {processor.py:840} INFO - DAG(s) 'example_task_group' retrieved from /home/hanifmmufid/airflow_env/lib/python3.10/site-packages/airflow/example_dags/example_task_group.py
[2024-10-12T20:18:00.271+0700] {logging_mixin.py:188} INFO - [2024-10-12T20:18:00.271+0700] {dag.py:3096} INFO - Sync 1 DAGs
[2024-10-12T20:18:00.302+0700] {logging_mixin.py:188} INFO - [2024-10-12T20:18:00.302+0700] {dag.py:3954} INFO - Setting next_dagrun for example_task_group to 2024-10-11 00:00:00+00:00, run_after=2024-10-12 00:00:00+00:00
[2024-10-12T20:18:00.355+0700] {processor.py:183} INFO - Processing /home/hanifmmufid/airflow_env/lib/python3.10/site-packages/airflow/example_dags/example_task_group.py took 0.120 seconds
[2024-10-12T20:19:17.236+0700] {processor.py:161} INFO - Started process (PID=16176) to work on /home/hanifmmufid/airflow_env/lib/python3.10/site-packages/airflow/example_dags/example_task_group.py
[2024-10-12T20:19:17.238+0700] {processor.py:830} INFO - Processing file /home/hanifmmufid/airflow_env/lib/python3.10/site-packages/airflow/example_dags/example_task_group.py for tasks to queue
[2024-10-12T20:19:17.238+0700] {logging_mixin.py:188} INFO - [2024-10-12T20:19:17.238+0700] {dagbag.py:540} INFO - Filling up the DagBag from /home/hanifmmufid/airflow_env/lib/python3.10/site-packages/airflow/example_dags/example_task_group.py
[2024-10-12T20:19:17.246+0700] {processor.py:840} INFO - DAG(s) 'example_task_group' retrieved from /home/hanifmmufid/airflow_env/lib/python3.10/site-packages/airflow/example_dags/example_task_group.py
[2024-10-12T20:19:17.262+0700] {logging_mixin.py:188} INFO - [2024-10-12T20:19:17.261+0700] {dag.py:3096} INFO - Sync 1 DAGs
[2024-10-12T20:19:17.311+0700] {logging_mixin.py:188} INFO - [2024-10-12T20:19:17.310+0700] {dag.py:3954} INFO - Setting next_dagrun for example_task_group to 2024-10-11 00:00:00+00:00, run_after=2024-10-12 00:00:00+00:00
[2024-10-12T20:19:17.406+0700] {processor.py:183} INFO - Processing /home/hanifmmufid/airflow_env/lib/python3.10/site-packages/airflow/example_dags/example_task_group.py took 0.177 seconds
