[2024-10-12T20:02:39.708+0700] {processor.py:161} INFO - Started process (PID=5658) to work on /home/hanifmmufid/airflow_env/lib/python3.10/site-packages/airflow/example_dags/example_setup_teardown_taskflow.py
[2024-10-12T20:02:39.709+0700] {processor.py:830} INFO - Processing file /home/hanifmmufid/airflow_env/lib/python3.10/site-packages/airflow/example_dags/example_setup_teardown_taskflow.py for tasks to queue
[2024-10-12T20:02:39.710+0700] {logging_mixin.py:188} INFO - [2024-10-12T20:02:39.710+0700] {dagbag.py:540} INFO - Filling up the DagBag from /home/hanifmmufid/airflow_env/lib/python3.10/site-packages/airflow/example_dags/example_setup_teardown_taskflow.py
[2024-10-12T20:02:39.717+0700] {processor.py:840} INFO - DAG(s) 'example_setup_teardown_taskflow' retrieved from /home/hanifmmufid/airflow_env/lib/python3.10/site-packages/airflow/example_dags/example_setup_teardown_taskflow.py
[2024-10-12T20:02:39.796+0700] {logging_mixin.py:188} INFO - [2024-10-12T20:02:39.795+0700] {override.py:1901} INFO - Created Permission View: can edit on DAG:example_setup_teardown_taskflow
[2024-10-12T20:02:39.810+0700] {logging_mixin.py:188} INFO - [2024-10-12T20:02:39.810+0700] {override.py:1901} INFO - Created Permission View: can read on DAG:example_setup_teardown_taskflow
[2024-10-12T20:02:39.821+0700] {logging_mixin.py:188} INFO - [2024-10-12T20:02:39.820+0700] {override.py:1901} INFO - Created Permission View: can delete on DAG:example_setup_teardown_taskflow
[2024-10-12T20:02:39.821+0700] {logging_mixin.py:188} INFO - [2024-10-12T20:02:39.821+0700] {dag.py:3096} INFO - Sync 1 DAGs
[2024-10-12T20:02:39.833+0700] {logging_mixin.py:188} INFO - [2024-10-12T20:02:39.833+0700] {dag.py:3118} INFO - Creating ORM DAG for example_setup_teardown_taskflow
[2024-10-12T20:02:39.944+0700] {logging_mixin.py:188} INFO - [2024-10-12T20:02:39.943+0700] {dag.py:3954} INFO - Setting next_dagrun for example_setup_teardown_taskflow to 2024-10-11 00:00:00+00:00, run_after=2024-10-12 00:00:00+00:00
[2024-10-12T20:02:39.965+0700] {processor.py:183} INFO - Processing /home/hanifmmufid/airflow_env/lib/python3.10/site-packages/airflow/example_dags/example_setup_teardown_taskflow.py took 0.261 seconds
[2024-10-12T20:03:40.188+0700] {processor.py:161} INFO - Started process (PID=6018) to work on /home/hanifmmufid/airflow_env/lib/python3.10/site-packages/airflow/example_dags/example_setup_teardown_taskflow.py
[2024-10-12T20:03:40.190+0700] {processor.py:830} INFO - Processing file /home/hanifmmufid/airflow_env/lib/python3.10/site-packages/airflow/example_dags/example_setup_teardown_taskflow.py for tasks to queue
[2024-10-12T20:03:40.192+0700] {logging_mixin.py:188} INFO - [2024-10-12T20:03:40.191+0700] {dagbag.py:540} INFO - Filling up the DagBag from /home/hanifmmufid/airflow_env/lib/python3.10/site-packages/airflow/example_dags/example_setup_teardown_taskflow.py
[2024-10-12T20:03:40.203+0700] {processor.py:840} INFO - DAG(s) 'example_setup_teardown_taskflow' retrieved from /home/hanifmmufid/airflow_env/lib/python3.10/site-packages/airflow/example_dags/example_setup_teardown_taskflow.py
[2024-10-12T20:03:40.225+0700] {logging_mixin.py:188} INFO - [2024-10-12T20:03:40.225+0700] {dag.py:3096} INFO - Sync 1 DAGs
[2024-10-12T20:03:40.247+0700] {logging_mixin.py:188} INFO - [2024-10-12T20:03:40.246+0700] {dag.py:3954} INFO - Setting next_dagrun for example_setup_teardown_taskflow to 2024-10-11 00:00:00+00:00, run_after=2024-10-12 00:00:00+00:00
[2024-10-12T20:03:40.266+0700] {processor.py:183} INFO - Processing /home/hanifmmufid/airflow_env/lib/python3.10/site-packages/airflow/example_dags/example_setup_teardown_taskflow.py took 0.085 seconds
[2024-10-12T20:04:48.975+0700] {processor.py:161} INFO - Started process (PID=6673) to work on /home/hanifmmufid/airflow_env/lib/python3.10/site-packages/airflow/example_dags/example_setup_teardown_taskflow.py
[2024-10-12T20:04:48.976+0700] {processor.py:830} INFO - Processing file /home/hanifmmufid/airflow_env/lib/python3.10/site-packages/airflow/example_dags/example_setup_teardown_taskflow.py for tasks to queue
[2024-10-12T20:04:48.978+0700] {logging_mixin.py:188} INFO - [2024-10-12T20:04:48.978+0700] {dagbag.py:540} INFO - Filling up the DagBag from /home/hanifmmufid/airflow_env/lib/python3.10/site-packages/airflow/example_dags/example_setup_teardown_taskflow.py
[2024-10-12T20:04:48.989+0700] {processor.py:840} INFO - DAG(s) 'example_setup_teardown_taskflow' retrieved from /home/hanifmmufid/airflow_env/lib/python3.10/site-packages/airflow/example_dags/example_setup_teardown_taskflow.py
[2024-10-12T20:04:49.087+0700] {logging_mixin.py:188} INFO - [2024-10-12T20:04:49.086+0700] {dag.py:3096} INFO - Sync 1 DAGs
[2024-10-12T20:04:49.101+0700] {logging_mixin.py:188} INFO - [2024-10-12T20:04:49.101+0700] {dag.py:3954} INFO - Setting next_dagrun for example_setup_teardown_taskflow to 2024-10-11 00:00:00+00:00, run_after=2024-10-12 00:00:00+00:00
[2024-10-12T20:04:49.125+0700] {processor.py:183} INFO - Processing /home/hanifmmufid/airflow_env/lib/python3.10/site-packages/airflow/example_dags/example_setup_teardown_taskflow.py took 0.156 seconds
[2024-10-12T20:05:45.357+0700] {processor.py:161} INFO - Started process (PID=8657) to work on /home/hanifmmufid/airflow_env/lib/python3.10/site-packages/airflow/example_dags/example_setup_teardown_taskflow.py
[2024-10-12T20:05:45.359+0700] {processor.py:830} INFO - Processing file /home/hanifmmufid/airflow_env/lib/python3.10/site-packages/airflow/example_dags/example_setup_teardown_taskflow.py for tasks to queue
[2024-10-12T20:05:45.360+0700] {logging_mixin.py:188} INFO - [2024-10-12T20:05:45.360+0700] {dagbag.py:540} INFO - Filling up the DagBag from /home/hanifmmufid/airflow_env/lib/python3.10/site-packages/airflow/example_dags/example_setup_teardown_taskflow.py
[2024-10-12T20:05:45.369+0700] {processor.py:840} INFO - DAG(s) 'example_setup_teardown_taskflow' retrieved from /home/hanifmmufid/airflow_env/lib/python3.10/site-packages/airflow/example_dags/example_setup_teardown_taskflow.py
[2024-10-12T20:05:45.383+0700] {logging_mixin.py:188} INFO - [2024-10-12T20:05:45.383+0700] {dag.py:3096} INFO - Sync 1 DAGs
[2024-10-12T20:05:45.399+0700] {logging_mixin.py:188} INFO - [2024-10-12T20:05:45.398+0700] {dag.py:3954} INFO - Setting next_dagrun for example_setup_teardown_taskflow to 2024-10-11 00:00:00+00:00, run_after=2024-10-12 00:00:00+00:00
[2024-10-12T20:05:45.430+0700] {processor.py:183} INFO - Processing /home/hanifmmufid/airflow_env/lib/python3.10/site-packages/airflow/example_dags/example_setup_teardown_taskflow.py took 0.078 seconds
