[2024-10-12T20:02:22.650+0700] {processor.py:161} INFO - Started process (PID=5572) to work on /home/hanifmmufid/airflow_env/lib/python3.10/site-packages/airflow/example_dags/example_sensor_decorator.py
[2024-10-12T20:02:22.651+0700] {processor.py:830} INFO - Processing file /home/hanifmmufid/airflow_env/lib/python3.10/site-packages/airflow/example_dags/example_sensor_decorator.py for tasks to queue
[2024-10-12T20:02:22.652+0700] {logging_mixin.py:188} INFO - [2024-10-12T20:02:22.652+0700] {dagbag.py:540} INFO - Filling up the DagBag from /home/hanifmmufid/airflow_env/lib/python3.10/site-packages/airflow/example_dags/example_sensor_decorator.py
[2024-10-12T20:02:22.660+0700] {processor.py:840} INFO - DAG(s) 'example_sensor_decorator' retrieved from /home/hanifmmufid/airflow_env/lib/python3.10/site-packages/airflow/example_dags/example_sensor_decorator.py
[2024-10-12T20:02:22.748+0700] {logging_mixin.py:188} INFO - [2024-10-12T20:02:22.748+0700] {override.py:1901} INFO - Created Permission View: can edit on DAG:example_sensor_decorator
[2024-10-12T20:02:22.760+0700] {logging_mixin.py:188} INFO - [2024-10-12T20:02:22.760+0700] {override.py:1901} INFO - Created Permission View: can read on DAG:example_sensor_decorator
[2024-10-12T20:02:22.769+0700] {logging_mixin.py:188} INFO - [2024-10-12T20:02:22.769+0700] {override.py:1901} INFO - Created Permission View: can delete on DAG:example_sensor_decorator
[2024-10-12T20:02:22.770+0700] {logging_mixin.py:188} INFO - [2024-10-12T20:02:22.770+0700] {dag.py:3096} INFO - Sync 1 DAGs
[2024-10-12T20:02:22.777+0700] {logging_mixin.py:188} INFO - [2024-10-12T20:02:22.777+0700] {dag.py:3118} INFO - Creating ORM DAG for example_sensor_decorator
[2024-10-12T20:02:22.777+0700] {logging_mixin.py:188} INFO - [2024-10-12T20:02:22.777+0700] {dag.py:3954} INFO - Setting next_dagrun for example_sensor_decorator to None, run_after=None
[2024-10-12T20:02:22.796+0700] {processor.py:183} INFO - Processing /home/hanifmmufid/airflow_env/lib/python3.10/site-packages/airflow/example_dags/example_sensor_decorator.py took 0.150 seconds
[2024-10-12T20:03:23.192+0700] {processor.py:161} INFO - Started process (PID=5883) to work on /home/hanifmmufid/airflow_env/lib/python3.10/site-packages/airflow/example_dags/example_sensor_decorator.py
[2024-10-12T20:03:23.630+0700] {processor.py:830} INFO - Processing file /home/hanifmmufid/airflow_env/lib/python3.10/site-packages/airflow/example_dags/example_sensor_decorator.py for tasks to queue
[2024-10-12T20:03:23.631+0700] {logging_mixin.py:188} INFO - [2024-10-12T20:03:23.631+0700] {dagbag.py:540} INFO - Filling up the DagBag from /home/hanifmmufid/airflow_env/lib/python3.10/site-packages/airflow/example_dags/example_sensor_decorator.py
[2024-10-12T20:03:23.636+0700] {processor.py:840} INFO - DAG(s) 'example_sensor_decorator' retrieved from /home/hanifmmufid/airflow_env/lib/python3.10/site-packages/airflow/example_dags/example_sensor_decorator.py
[2024-10-12T20:03:23.646+0700] {logging_mixin.py:188} INFO - [2024-10-12T20:03:23.645+0700] {dag.py:3096} INFO - Sync 1 DAGs
[2024-10-12T20:03:23.653+0700] {logging_mixin.py:188} INFO - [2024-10-12T20:03:23.653+0700] {dag.py:3954} INFO - Setting next_dagrun for example_sensor_decorator to None, run_after=None
[2024-10-12T20:03:24.827+0700] {processor.py:183} INFO - Processing /home/hanifmmufid/airflow_env/lib/python3.10/site-packages/airflow/example_dags/example_sensor_decorator.py took 1.645 seconds
[2024-10-12T20:04:31.433+0700] {processor.py:161} INFO - Started process (PID=6537) to work on /home/hanifmmufid/airflow_env/lib/python3.10/site-packages/airflow/example_dags/example_sensor_decorator.py
[2024-10-12T20:04:31.435+0700] {processor.py:830} INFO - Processing file /home/hanifmmufid/airflow_env/lib/python3.10/site-packages/airflow/example_dags/example_sensor_decorator.py for tasks to queue
[2024-10-12T20:04:31.436+0700] {logging_mixin.py:188} INFO - [2024-10-12T20:04:31.436+0700] {dagbag.py:540} INFO - Filling up the DagBag from /home/hanifmmufid/airflow_env/lib/python3.10/site-packages/airflow/example_dags/example_sensor_decorator.py
[2024-10-12T20:04:31.442+0700] {processor.py:840} INFO - DAG(s) 'example_sensor_decorator' retrieved from /home/hanifmmufid/airflow_env/lib/python3.10/site-packages/airflow/example_dags/example_sensor_decorator.py
[2024-10-12T20:04:31.455+0700] {logging_mixin.py:188} INFO - [2024-10-12T20:04:31.455+0700] {dag.py:3096} INFO - Sync 1 DAGs
[2024-10-12T20:04:31.545+0700] {logging_mixin.py:188} INFO - [2024-10-12T20:04:31.545+0700] {dag.py:3954} INFO - Setting next_dagrun for example_sensor_decorator to None, run_after=None
[2024-10-12T20:04:31.564+0700] {processor.py:183} INFO - Processing /home/hanifmmufid/airflow_env/lib/python3.10/site-packages/airflow/example_dags/example_sensor_decorator.py took 0.135 seconds
[2024-10-12T20:05:25.677+0700] {processor.py:161} INFO - Started process (PID=8454) to work on /home/hanifmmufid/airflow_env/lib/python3.10/site-packages/airflow/example_dags/example_sensor_decorator.py
[2024-10-12T20:05:25.679+0700] {processor.py:830} INFO - Processing file /home/hanifmmufid/airflow_env/lib/python3.10/site-packages/airflow/example_dags/example_sensor_decorator.py for tasks to queue
[2024-10-12T20:05:25.682+0700] {logging_mixin.py:188} INFO - [2024-10-12T20:05:25.681+0700] {dagbag.py:540} INFO - Filling up the DagBag from /home/hanifmmufid/airflow_env/lib/python3.10/site-packages/airflow/example_dags/example_sensor_decorator.py
[2024-10-12T20:05:25.688+0700] {processor.py:840} INFO - DAG(s) 'example_sensor_decorator' retrieved from /home/hanifmmufid/airflow_env/lib/python3.10/site-packages/airflow/example_dags/example_sensor_decorator.py
[2024-10-12T20:05:25.705+0700] {logging_mixin.py:188} INFO - [2024-10-12T20:05:25.704+0700] {dag.py:3096} INFO - Sync 1 DAGs
[2024-10-12T20:05:25.721+0700] {logging_mixin.py:188} INFO - [2024-10-12T20:05:25.720+0700] {dag.py:3954} INFO - Setting next_dagrun for example_sensor_decorator to None, run_after=None
[2024-10-12T20:05:25.749+0700] {processor.py:183} INFO - Processing /home/hanifmmufid/airflow_env/lib/python3.10/site-packages/airflow/example_dags/example_sensor_decorator.py took 0.078 seconds
[2024-10-12T20:06:12.179+0700] {processor.py:161} INFO - Started process (PID=8877) to work on /home/hanifmmufid/airflow_env/lib/python3.10/site-packages/airflow/example_dags/example_sensor_decorator.py
[2024-10-12T20:06:12.181+0700] {processor.py:830} INFO - Processing file /home/hanifmmufid/airflow_env/lib/python3.10/site-packages/airflow/example_dags/example_sensor_decorator.py for tasks to queue
[2024-10-12T20:06:12.184+0700] {logging_mixin.py:188} INFO - [2024-10-12T20:06:12.183+0700] {dagbag.py:540} INFO - Filling up the DagBag from /home/hanifmmufid/airflow_env/lib/python3.10/site-packages/airflow/example_dags/example_sensor_decorator.py
[2024-10-12T20:06:12.197+0700] {processor.py:840} INFO - DAG(s) 'example_sensor_decorator' retrieved from /home/hanifmmufid/airflow_env/lib/python3.10/site-packages/airflow/example_dags/example_sensor_decorator.py
[2024-10-12T20:06:12.228+0700] {logging_mixin.py:188} INFO - [2024-10-12T20:06:12.227+0700] {dag.py:3096} INFO - Sync 1 DAGs
[2024-10-12T20:06:12.262+0700] {logging_mixin.py:188} INFO - [2024-10-12T20:06:12.262+0700] {dag.py:3954} INFO - Setting next_dagrun for example_sensor_decorator to None, run_after=None
[2024-10-12T20:06:12.314+0700] {processor.py:183} INFO - Processing /home/hanifmmufid/airflow_env/lib/python3.10/site-packages/airflow/example_dags/example_sensor_decorator.py took 0.144 seconds
[2024-10-12T20:06:54.931+0700] {processor.py:161} INFO - Started process (PID=9278) to work on /home/hanifmmufid/airflow_env/lib/python3.10/site-packages/airflow/example_dags/example_sensor_decorator.py
[2024-10-12T20:06:54.933+0700] {processor.py:830} INFO - Processing file /home/hanifmmufid/airflow_env/lib/python3.10/site-packages/airflow/example_dags/example_sensor_decorator.py for tasks to queue
[2024-10-12T20:06:54.936+0700] {logging_mixin.py:188} INFO - [2024-10-12T20:06:54.935+0700] {dagbag.py:540} INFO - Filling up the DagBag from /home/hanifmmufid/airflow_env/lib/python3.10/site-packages/airflow/example_dags/example_sensor_decorator.py
[2024-10-12T20:06:54.949+0700] {processor.py:840} INFO - DAG(s) 'example_sensor_decorator' retrieved from /home/hanifmmufid/airflow_env/lib/python3.10/site-packages/airflow/example_dags/example_sensor_decorator.py
[2024-10-12T20:06:54.980+0700] {logging_mixin.py:188} INFO - [2024-10-12T20:06:54.980+0700] {dag.py:3096} INFO - Sync 1 DAGs
[2024-10-12T20:06:54.993+0700] {logging_mixin.py:188} INFO - [2024-10-12T20:06:54.993+0700] {dag.py:3954} INFO - Setting next_dagrun for example_sensor_decorator to None, run_after=None
[2024-10-12T20:06:55.020+0700] {processor.py:183} INFO - Processing /home/hanifmmufid/airflow_env/lib/python3.10/site-packages/airflow/example_dags/example_sensor_decorator.py took 0.102 seconds
[2024-10-12T20:07:52.481+0700] {processor.py:161} INFO - Started process (PID=9783) to work on /home/hanifmmufid/airflow_env/lib/python3.10/site-packages/airflow/example_dags/example_sensor_decorator.py
[2024-10-12T20:07:52.580+0700] {processor.py:830} INFO - Processing file /home/hanifmmufid/airflow_env/lib/python3.10/site-packages/airflow/example_dags/example_sensor_decorator.py for tasks to queue
[2024-10-12T20:07:52.582+0700] {logging_mixin.py:188} INFO - [2024-10-12T20:07:52.581+0700] {dagbag.py:540} INFO - Filling up the DagBag from /home/hanifmmufid/airflow_env/lib/python3.10/site-packages/airflow/example_dags/example_sensor_decorator.py
[2024-10-12T20:07:52.597+0700] {processor.py:840} INFO - DAG(s) 'example_sensor_decorator' retrieved from /home/hanifmmufid/airflow_env/lib/python3.10/site-packages/airflow/example_dags/example_sensor_decorator.py
[2024-10-12T20:07:52.631+0700] {logging_mixin.py:188} INFO - [2024-10-12T20:07:52.627+0700] {dag.py:3096} INFO - Sync 1 DAGs
[2024-10-12T20:07:52.673+0700] {logging_mixin.py:188} INFO - [2024-10-12T20:07:52.673+0700] {dag.py:3954} INFO - Setting next_dagrun for example_sensor_decorator to None, run_after=None
[2024-10-12T20:07:52.727+0700] {processor.py:183} INFO - Processing /home/hanifmmufid/airflow_env/lib/python3.10/site-packages/airflow/example_dags/example_sensor_decorator.py took 0.253 seconds
[2024-10-12T20:09:17.392+0700] {processor.py:161} INFO - Started process (PID=10479) to work on /home/hanifmmufid/airflow_env/lib/python3.10/site-packages/airflow/example_dags/example_sensor_decorator.py
[2024-10-12T20:09:17.394+0700] {processor.py:830} INFO - Processing file /home/hanifmmufid/airflow_env/lib/python3.10/site-packages/airflow/example_dags/example_sensor_decorator.py for tasks to queue
[2024-10-12T20:09:17.395+0700] {logging_mixin.py:188} INFO - [2024-10-12T20:09:17.394+0700] {dagbag.py:540} INFO - Filling up the DagBag from /home/hanifmmufid/airflow_env/lib/python3.10/site-packages/airflow/example_dags/example_sensor_decorator.py
[2024-10-12T20:09:17.413+0700] {processor.py:840} INFO - DAG(s) 'example_sensor_decorator' retrieved from /home/hanifmmufid/airflow_env/lib/python3.10/site-packages/airflow/example_dags/example_sensor_decorator.py
[2024-10-12T20:09:17.443+0700] {logging_mixin.py:188} INFO - [2024-10-12T20:09:17.443+0700] {dag.py:3096} INFO - Sync 1 DAGs
[2024-10-12T20:09:17.467+0700] {logging_mixin.py:188} INFO - [2024-10-12T20:09:17.466+0700] {dag.py:3954} INFO - Setting next_dagrun for example_sensor_decorator to None, run_after=None
[2024-10-12T20:09:17.530+0700] {processor.py:183} INFO - Processing /home/hanifmmufid/airflow_env/lib/python3.10/site-packages/airflow/example_dags/example_sensor_decorator.py took 0.153 seconds
[2024-10-12T20:10:08.675+0700] {processor.py:161} INFO - Started process (PID=10887) to work on /home/hanifmmufid/airflow_env/lib/python3.10/site-packages/airflow/example_dags/example_sensor_decorator.py
[2024-10-12T20:10:08.678+0700] {processor.py:830} INFO - Processing file /home/hanifmmufid/airflow_env/lib/python3.10/site-packages/airflow/example_dags/example_sensor_decorator.py for tasks to queue
[2024-10-12T20:10:08.680+0700] {logging_mixin.py:188} INFO - [2024-10-12T20:10:08.679+0700] {dagbag.py:540} INFO - Filling up the DagBag from /home/hanifmmufid/airflow_env/lib/python3.10/site-packages/airflow/example_dags/example_sensor_decorator.py
[2024-10-12T20:10:08.696+0700] {processor.py:840} INFO - DAG(s) 'example_sensor_decorator' retrieved from /home/hanifmmufid/airflow_env/lib/python3.10/site-packages/airflow/example_dags/example_sensor_decorator.py
[2024-10-12T20:10:08.735+0700] {logging_mixin.py:188} INFO - [2024-10-12T20:10:08.734+0700] {dag.py:3096} INFO - Sync 1 DAGs
[2024-10-12T20:10:08.763+0700] {logging_mixin.py:188} INFO - [2024-10-12T20:10:08.762+0700] {dag.py:3954} INFO - Setting next_dagrun for example_sensor_decorator to None, run_after=None
[2024-10-12T20:10:08.822+0700] {processor.py:183} INFO - Processing /home/hanifmmufid/airflow_env/lib/python3.10/site-packages/airflow/example_dags/example_sensor_decorator.py took 0.163 seconds
[2024-10-12T20:11:00.506+0700] {processor.py:161} INFO - Started process (PID=11651) to work on /home/hanifmmufid/airflow_env/lib/python3.10/site-packages/airflow/example_dags/example_sensor_decorator.py
[2024-10-12T20:11:00.509+0700] {processor.py:830} INFO - Processing file /home/hanifmmufid/airflow_env/lib/python3.10/site-packages/airflow/example_dags/example_sensor_decorator.py for tasks to queue
[2024-10-12T20:11:00.510+0700] {logging_mixin.py:188} INFO - [2024-10-12T20:11:00.510+0700] {dagbag.py:540} INFO - Filling up the DagBag from /home/hanifmmufid/airflow_env/lib/python3.10/site-packages/airflow/example_dags/example_sensor_decorator.py
[2024-10-12T20:11:00.528+0700] {processor.py:840} INFO - DAG(s) 'example_sensor_decorator' retrieved from /home/hanifmmufid/airflow_env/lib/python3.10/site-packages/airflow/example_dags/example_sensor_decorator.py
[2024-10-12T20:11:00.570+0700] {logging_mixin.py:188} INFO - [2024-10-12T20:11:00.570+0700] {dag.py:3096} INFO - Sync 1 DAGs
[2024-10-12T20:11:00.604+0700] {logging_mixin.py:188} INFO - [2024-10-12T20:11:00.603+0700] {dag.py:3954} INFO - Setting next_dagrun for example_sensor_decorator to None, run_after=None
[2024-10-12T20:11:00.647+0700] {processor.py:183} INFO - Processing /home/hanifmmufid/airflow_env/lib/python3.10/site-packages/airflow/example_dags/example_sensor_decorator.py took 0.154 seconds
[2024-10-12T20:11:44.368+0700] {processor.py:161} INFO - Started process (PID=12015) to work on /home/hanifmmufid/airflow_env/lib/python3.10/site-packages/airflow/example_dags/example_sensor_decorator.py
[2024-10-12T20:11:44.371+0700] {processor.py:830} INFO - Processing file /home/hanifmmufid/airflow_env/lib/python3.10/site-packages/airflow/example_dags/example_sensor_decorator.py for tasks to queue
[2024-10-12T20:11:44.372+0700] {logging_mixin.py:188} INFO - [2024-10-12T20:11:44.371+0700] {dagbag.py:540} INFO - Filling up the DagBag from /home/hanifmmufid/airflow_env/lib/python3.10/site-packages/airflow/example_dags/example_sensor_decorator.py
[2024-10-12T20:11:44.382+0700] {processor.py:840} INFO - DAG(s) 'example_sensor_decorator' retrieved from /home/hanifmmufid/airflow_env/lib/python3.10/site-packages/airflow/example_dags/example_sensor_decorator.py
[2024-10-12T20:11:44.416+0700] {logging_mixin.py:188} INFO - [2024-10-12T20:11:44.415+0700] {dag.py:3096} INFO - Sync 1 DAGs
[2024-10-12T20:11:44.443+0700] {logging_mixin.py:188} INFO - [2024-10-12T20:11:44.442+0700] {dag.py:3954} INFO - Setting next_dagrun for example_sensor_decorator to None, run_after=None
[2024-10-12T20:11:44.483+0700] {processor.py:183} INFO - Processing /home/hanifmmufid/airflow_env/lib/python3.10/site-packages/airflow/example_dags/example_sensor_decorator.py took 0.123 seconds
[2024-10-12T20:13:09.211+0700] {processor.py:161} INFO - Started process (PID=12764) to work on /home/hanifmmufid/airflow_env/lib/python3.10/site-packages/airflow/example_dags/example_sensor_decorator.py
[2024-10-12T20:13:09.213+0700] {processor.py:830} INFO - Processing file /home/hanifmmufid/airflow_env/lib/python3.10/site-packages/airflow/example_dags/example_sensor_decorator.py for tasks to queue
[2024-10-12T20:13:09.215+0700] {logging_mixin.py:188} INFO - [2024-10-12T20:13:09.214+0700] {dagbag.py:540} INFO - Filling up the DagBag from /home/hanifmmufid/airflow_env/lib/python3.10/site-packages/airflow/example_dags/example_sensor_decorator.py
[2024-10-12T20:13:09.236+0700] {processor.py:840} INFO - DAG(s) 'example_sensor_decorator' retrieved from /home/hanifmmufid/airflow_env/lib/python3.10/site-packages/airflow/example_dags/example_sensor_decorator.py
[2024-10-12T20:13:09.281+0700] {logging_mixin.py:188} INFO - [2024-10-12T20:13:09.281+0700] {dag.py:3096} INFO - Sync 1 DAGs
[2024-10-12T20:13:09.315+0700] {logging_mixin.py:188} INFO - [2024-10-12T20:13:09.315+0700] {dag.py:3954} INFO - Setting next_dagrun for example_sensor_decorator to None, run_after=None
[2024-10-12T20:13:09.361+0700] {processor.py:183} INFO - Processing /home/hanifmmufid/airflow_env/lib/python3.10/site-packages/airflow/example_dags/example_sensor_decorator.py took 0.167 seconds
[2024-10-12T20:14:34.905+0700] {processor.py:161} INFO - Started process (PID=13433) to work on /home/hanifmmufid/airflow_env/lib/python3.10/site-packages/airflow/example_dags/example_sensor_decorator.py
[2024-10-12T20:14:34.907+0700] {processor.py:830} INFO - Processing file /home/hanifmmufid/airflow_env/lib/python3.10/site-packages/airflow/example_dags/example_sensor_decorator.py for tasks to queue
[2024-10-12T20:14:34.908+0700] {logging_mixin.py:188} INFO - [2024-10-12T20:14:34.908+0700] {dagbag.py:540} INFO - Filling up the DagBag from /home/hanifmmufid/airflow_env/lib/python3.10/site-packages/airflow/example_dags/example_sensor_decorator.py
[2024-10-12T20:14:34.916+0700] {processor.py:840} INFO - DAG(s) 'example_sensor_decorator' retrieved from /home/hanifmmufid/airflow_env/lib/python3.10/site-packages/airflow/example_dags/example_sensor_decorator.py
[2024-10-12T20:14:34.931+0700] {logging_mixin.py:188} INFO - [2024-10-12T20:14:34.931+0700] {dag.py:3096} INFO - Sync 1 DAGs
[2024-10-12T20:14:34.943+0700] {logging_mixin.py:188} INFO - [2024-10-12T20:14:34.943+0700] {dag.py:3954} INFO - Setting next_dagrun for example_sensor_decorator to None, run_after=None
[2024-10-12T20:14:34.965+0700] {processor.py:183} INFO - Processing /home/hanifmmufid/airflow_env/lib/python3.10/site-packages/airflow/example_dags/example_sensor_decorator.py took 0.069 seconds
[2024-10-12T20:15:47.993+0700] {processor.py:161} INFO - Started process (PID=14077) to work on /home/hanifmmufid/airflow_env/lib/python3.10/site-packages/airflow/example_dags/example_sensor_decorator.py
[2024-10-12T20:15:47.995+0700] {processor.py:830} INFO - Processing file /home/hanifmmufid/airflow_env/lib/python3.10/site-packages/airflow/example_dags/example_sensor_decorator.py for tasks to queue
[2024-10-12T20:15:47.997+0700] {logging_mixin.py:188} INFO - [2024-10-12T20:15:47.996+0700] {dagbag.py:540} INFO - Filling up the DagBag from /home/hanifmmufid/airflow_env/lib/python3.10/site-packages/airflow/example_dags/example_sensor_decorator.py
[2024-10-12T20:15:48.009+0700] {processor.py:840} INFO - DAG(s) 'example_sensor_decorator' retrieved from /home/hanifmmufid/airflow_env/lib/python3.10/site-packages/airflow/example_dags/example_sensor_decorator.py
[2024-10-12T20:15:48.028+0700] {logging_mixin.py:188} INFO - [2024-10-12T20:15:48.027+0700] {dag.py:3096} INFO - Sync 1 DAGs
[2024-10-12T20:15:48.042+0700] {logging_mixin.py:188} INFO - [2024-10-12T20:15:48.041+0700] {dag.py:3954} INFO - Setting next_dagrun for example_sensor_decorator to None, run_after=None
[2024-10-12T20:15:48.083+0700] {processor.py:183} INFO - Processing /home/hanifmmufid/airflow_env/lib/python3.10/site-packages/airflow/example_dags/example_sensor_decorator.py took 0.099 seconds
[2024-10-12T20:16:59.497+0700] {processor.py:161} INFO - Started process (PID=14719) to work on /home/hanifmmufid/airflow_env/lib/python3.10/site-packages/airflow/example_dags/example_sensor_decorator.py
[2024-10-12T20:16:59.504+0700] {processor.py:830} INFO - Processing file /home/hanifmmufid/airflow_env/lib/python3.10/site-packages/airflow/example_dags/example_sensor_decorator.py for tasks to queue
[2024-10-12T20:16:59.506+0700] {logging_mixin.py:188} INFO - [2024-10-12T20:16:59.505+0700] {dagbag.py:540} INFO - Filling up the DagBag from /home/hanifmmufid/airflow_env/lib/python3.10/site-packages/airflow/example_dags/example_sensor_decorator.py
[2024-10-12T20:16:59.515+0700] {processor.py:840} INFO - DAG(s) 'example_sensor_decorator' retrieved from /home/hanifmmufid/airflow_env/lib/python3.10/site-packages/airflow/example_dags/example_sensor_decorator.py
[2024-10-12T20:16:59.549+0700] {logging_mixin.py:188} INFO - [2024-10-12T20:16:59.548+0700] {dag.py:3096} INFO - Sync 1 DAGs
[2024-10-12T20:16:59.570+0700] {logging_mixin.py:188} INFO - [2024-10-12T20:16:59.570+0700] {dag.py:3954} INFO - Setting next_dagrun for example_sensor_decorator to None, run_after=None
[2024-10-12T20:16:59.613+0700] {processor.py:183} INFO - Processing /home/hanifmmufid/airflow_env/lib/python3.10/site-packages/airflow/example_dags/example_sensor_decorator.py took 0.124 seconds
[2024-10-12T20:17:49.924+0700] {processor.py:161} INFO - Started process (PID=15095) to work on /home/hanifmmufid/airflow_env/lib/python3.10/site-packages/airflow/example_dags/example_sensor_decorator.py
[2024-10-12T20:17:49.935+0700] {processor.py:830} INFO - Processing file /home/hanifmmufid/airflow_env/lib/python3.10/site-packages/airflow/example_dags/example_sensor_decorator.py for tasks to queue
[2024-10-12T20:17:49.938+0700] {logging_mixin.py:188} INFO - [2024-10-12T20:17:49.937+0700] {dagbag.py:540} INFO - Filling up the DagBag from /home/hanifmmufid/airflow_env/lib/python3.10/site-packages/airflow/example_dags/example_sensor_decorator.py
[2024-10-12T20:17:49.960+0700] {processor.py:840} INFO - DAG(s) 'example_sensor_decorator' retrieved from /home/hanifmmufid/airflow_env/lib/python3.10/site-packages/airflow/example_dags/example_sensor_decorator.py
[2024-10-12T20:17:50.011+0700] {logging_mixin.py:188} INFO - [2024-10-12T20:17:50.008+0700] {dag.py:3096} INFO - Sync 1 DAGs
[2024-10-12T20:17:50.043+0700] {logging_mixin.py:188} INFO - [2024-10-12T20:17:50.043+0700] {dag.py:3954} INFO - Setting next_dagrun for example_sensor_decorator to None, run_after=None
[2024-10-12T20:17:50.135+0700] {processor.py:183} INFO - Processing /home/hanifmmufid/airflow_env/lib/python3.10/site-packages/airflow/example_dags/example_sensor_decorator.py took 0.227 seconds
[2024-10-12T20:18:34.711+0700] {processor.py:161} INFO - Started process (PID=15499) to work on /home/hanifmmufid/airflow_env/lib/python3.10/site-packages/airflow/example_dags/example_sensor_decorator.py
[2024-10-12T20:18:34.713+0700] {processor.py:830} INFO - Processing file /home/hanifmmufid/airflow_env/lib/python3.10/site-packages/airflow/example_dags/example_sensor_decorator.py for tasks to queue
[2024-10-12T20:18:34.714+0700] {logging_mixin.py:188} INFO - [2024-10-12T20:18:34.713+0700] {dagbag.py:540} INFO - Filling up the DagBag from /home/hanifmmufid/airflow_env/lib/python3.10/site-packages/airflow/example_dags/example_sensor_decorator.py
[2024-10-12T20:18:34.719+0700] {processor.py:840} INFO - DAG(s) 'example_sensor_decorator' retrieved from /home/hanifmmufid/airflow_env/lib/python3.10/site-packages/airflow/example_dags/example_sensor_decorator.py
[2024-10-12T20:18:34.731+0700] {logging_mixin.py:188} INFO - [2024-10-12T20:18:34.731+0700] {dag.py:3096} INFO - Sync 1 DAGs
[2024-10-12T20:18:34.739+0700] {logging_mixin.py:188} INFO - [2024-10-12T20:18:34.738+0700] {dag.py:3954} INFO - Setting next_dagrun for example_sensor_decorator to None, run_after=None
[2024-10-12T20:18:34.762+0700] {processor.py:183} INFO - Processing /home/hanifmmufid/airflow_env/lib/python3.10/site-packages/airflow/example_dags/example_sensor_decorator.py took 0.056 seconds
