[2024-10-12T20:03:09.269+0700] {processor.py:161} INFO - Started process (PID=5815) to work on /home/hanifmmufid/airflow_env/lib/python3.10/site-packages/airflow/example_dags/example_external_task_marker_dag.py
[2024-10-12T20:03:09.270+0700] {processor.py:830} INFO - Processing file /home/hanifmmufid/airflow_env/lib/python3.10/site-packages/airflow/example_dags/example_external_task_marker_dag.py for tasks to queue
[2024-10-12T20:03:09.271+0700] {logging_mixin.py:188} INFO - [2024-10-12T20:03:09.271+0700] {dagbag.py:540} INFO - Filling up the DagBag from /home/hanifmmufid/airflow_env/lib/python3.10/site-packages/airflow/example_dags/example_external_task_marker_dag.py
[2024-10-12T20:03:09.280+0700] {processor.py:840} INFO - DAG(s) 'example_external_task_marker_parent', 'example_external_task_marker_child' retrieved from /home/hanifmmufid/airflow_env/lib/python3.10/site-packages/airflow/example_dags/example_external_task_marker_dag.py
[2024-10-12T20:03:09.454+0700] {logging_mixin.py:188} INFO - [2024-10-12T20:03:09.452+0700] {override.py:1901} INFO - Created Permission View: can edit on DAG:example_external_task_marker_parent
[2024-10-12T20:03:09.468+0700] {logging_mixin.py:188} INFO - [2024-10-12T20:03:09.468+0700] {override.py:1901} INFO - Created Permission View: can read on DAG:example_external_task_marker_parent
[2024-10-12T20:03:09.479+0700] {logging_mixin.py:188} INFO - [2024-10-12T20:03:09.479+0700] {override.py:1901} INFO - Created Permission View: can delete on DAG:example_external_task_marker_parent
[2024-10-12T20:03:09.506+0700] {logging_mixin.py:188} INFO - [2024-10-12T20:03:09.505+0700] {override.py:1901} INFO - Created Permission View: can edit on DAG:example_external_task_marker_child
[2024-10-12T20:03:09.517+0700] {logging_mixin.py:188} INFO - [2024-10-12T20:03:09.517+0700] {override.py:1901} INFO - Created Permission View: can read on DAG:example_external_task_marker_child
[2024-10-12T20:03:09.529+0700] {logging_mixin.py:188} INFO - [2024-10-12T20:03:09.529+0700] {override.py:1901} INFO - Created Permission View: can delete on DAG:example_external_task_marker_child
[2024-10-12T20:03:09.529+0700] {logging_mixin.py:188} INFO - [2024-10-12T20:03:09.529+0700] {dag.py:3096} INFO - Sync 2 DAGs
[2024-10-12T20:03:09.537+0700] {logging_mixin.py:188} INFO - [2024-10-12T20:03:09.537+0700] {dag.py:3118} INFO - Creating ORM DAG for example_external_task_marker_parent
[2024-10-12T20:03:09.538+0700] {logging_mixin.py:188} INFO - [2024-10-12T20:03:09.538+0700] {dag.py:3118} INFO - Creating ORM DAG for example_external_task_marker_child
[2024-10-12T20:03:09.538+0700] {logging_mixin.py:188} INFO - [2024-10-12T20:03:09.538+0700] {dag.py:3954} INFO - Setting next_dagrun for example_external_task_marker_child to None, run_after=None
[2024-10-12T20:03:09.539+0700] {logging_mixin.py:188} INFO - [2024-10-12T20:03:09.538+0700] {dag.py:3954} INFO - Setting next_dagrun for example_external_task_marker_parent to None, run_after=None
[2024-10-12T20:03:09.564+0700] {processor.py:183} INFO - Processing /home/hanifmmufid/airflow_env/lib/python3.10/site-packages/airflow/example_dags/example_external_task_marker_dag.py took 0.300 seconds
[2024-10-12T20:04:16.303+0700] {processor.py:161} INFO - Started process (PID=6423) to work on /home/hanifmmufid/airflow_env/lib/python3.10/site-packages/airflow/example_dags/example_external_task_marker_dag.py
[2024-10-12T20:04:16.305+0700] {processor.py:830} INFO - Processing file /home/hanifmmufid/airflow_env/lib/python3.10/site-packages/airflow/example_dags/example_external_task_marker_dag.py for tasks to queue
[2024-10-12T20:04:16.308+0700] {logging_mixin.py:188} INFO - [2024-10-12T20:04:16.307+0700] {dagbag.py:540} INFO - Filling up the DagBag from /home/hanifmmufid/airflow_env/lib/python3.10/site-packages/airflow/example_dags/example_external_task_marker_dag.py
[2024-10-12T20:04:16.320+0700] {processor.py:840} INFO - DAG(s) 'example_external_task_marker_parent', 'example_external_task_marker_child' retrieved from /home/hanifmmufid/airflow_env/lib/python3.10/site-packages/airflow/example_dags/example_external_task_marker_dag.py
[2024-10-12T20:04:16.346+0700] {logging_mixin.py:188} INFO - [2024-10-12T20:04:16.346+0700] {dag.py:3096} INFO - Sync 2 DAGs
[2024-10-12T20:04:16.372+0700] {logging_mixin.py:188} INFO - [2024-10-12T20:04:16.371+0700] {dag.py:3954} INFO - Setting next_dagrun for example_external_task_marker_child to None, run_after=None
[2024-10-12T20:04:16.498+0700] {logging_mixin.py:188} INFO - [2024-10-12T20:04:16.498+0700] {dag.py:3954} INFO - Setting next_dagrun for example_external_task_marker_parent to None, run_after=None
[2024-10-12T20:04:16.529+0700] {processor.py:183} INFO - Processing /home/hanifmmufid/airflow_env/lib/python3.10/site-packages/airflow/example_dags/example_external_task_marker_dag.py took 0.233 seconds
[2024-10-12T20:05:16.114+0700] {processor.py:161} INFO - Started process (PID=7637) to work on /home/hanifmmufid/airflow_env/lib/python3.10/site-packages/airflow/example_dags/example_external_task_marker_dag.py
[2024-10-12T20:05:16.117+0700] {processor.py:830} INFO - Processing file /home/hanifmmufid/airflow_env/lib/python3.10/site-packages/airflow/example_dags/example_external_task_marker_dag.py for tasks to queue
[2024-10-12T20:05:16.119+0700] {logging_mixin.py:188} INFO - [2024-10-12T20:05:16.118+0700] {dagbag.py:540} INFO - Filling up the DagBag from /home/hanifmmufid/airflow_env/lib/python3.10/site-packages/airflow/example_dags/example_external_task_marker_dag.py
[2024-10-12T20:05:16.126+0700] {processor.py:840} INFO - DAG(s) 'example_external_task_marker_child', 'example_external_task_marker_parent' retrieved from /home/hanifmmufid/airflow_env/lib/python3.10/site-packages/airflow/example_dags/example_external_task_marker_dag.py
[2024-10-12T20:05:16.151+0700] {logging_mixin.py:188} INFO - [2024-10-12T20:05:16.151+0700] {dag.py:3096} INFO - Sync 2 DAGs
[2024-10-12T20:05:16.180+0700] {logging_mixin.py:188} INFO - [2024-10-12T20:05:16.180+0700] {dag.py:3954} INFO - Setting next_dagrun for example_external_task_marker_child to None, run_after=None
[2024-10-12T20:05:16.185+0700] {logging_mixin.py:188} INFO - [2024-10-12T20:05:16.185+0700] {dag.py:3954} INFO - Setting next_dagrun for example_external_task_marker_parent to None, run_after=None
[2024-10-12T20:05:16.225+0700] {processor.py:183} INFO - Processing /home/hanifmmufid/airflow_env/lib/python3.10/site-packages/airflow/example_dags/example_external_task_marker_dag.py took 0.122 seconds
[2024-10-12T20:06:25.289+0700] {processor.py:161} INFO - Started process (PID=8979) to work on /home/hanifmmufid/airflow_env/lib/python3.10/site-packages/airflow/example_dags/example_external_task_marker_dag.py
[2024-10-12T20:06:25.290+0700] {processor.py:830} INFO - Processing file /home/hanifmmufid/airflow_env/lib/python3.10/site-packages/airflow/example_dags/example_external_task_marker_dag.py for tasks to queue
[2024-10-12T20:06:25.292+0700] {logging_mixin.py:188} INFO - [2024-10-12T20:06:25.291+0700] {dagbag.py:540} INFO - Filling up the DagBag from /home/hanifmmufid/airflow_env/lib/python3.10/site-packages/airflow/example_dags/example_external_task_marker_dag.py
[2024-10-12T20:06:25.297+0700] {processor.py:840} INFO - DAG(s) 'example_external_task_marker_child', 'example_external_task_marker_parent' retrieved from /home/hanifmmufid/airflow_env/lib/python3.10/site-packages/airflow/example_dags/example_external_task_marker_dag.py
[2024-10-12T20:06:25.315+0700] {logging_mixin.py:188} INFO - [2024-10-12T20:06:25.314+0700] {dag.py:3096} INFO - Sync 2 DAGs
[2024-10-12T20:06:25.327+0700] {logging_mixin.py:188} INFO - [2024-10-12T20:06:25.327+0700] {dag.py:3954} INFO - Setting next_dagrun for example_external_task_marker_child to None, run_after=None
[2024-10-12T20:06:25.331+0700] {logging_mixin.py:188} INFO - [2024-10-12T20:06:25.331+0700] {dag.py:3954} INFO - Setting next_dagrun for example_external_task_marker_parent to None, run_after=None
[2024-10-12T20:06:25.353+0700] {processor.py:183} INFO - Processing /home/hanifmmufid/airflow_env/lib/python3.10/site-packages/airflow/example_dags/example_external_task_marker_dag.py took 0.069 seconds
[2024-10-12T20:07:42.120+0700] {processor.py:161} INFO - Started process (PID=9689) to work on /home/hanifmmufid/airflow_env/lib/python3.10/site-packages/airflow/example_dags/example_external_task_marker_dag.py
[2024-10-12T20:07:42.122+0700] {processor.py:830} INFO - Processing file /home/hanifmmufid/airflow_env/lib/python3.10/site-packages/airflow/example_dags/example_external_task_marker_dag.py for tasks to queue
[2024-10-12T20:07:42.123+0700] {logging_mixin.py:188} INFO - [2024-10-12T20:07:42.123+0700] {dagbag.py:540} INFO - Filling up the DagBag from /home/hanifmmufid/airflow_env/lib/python3.10/site-packages/airflow/example_dags/example_external_task_marker_dag.py
[2024-10-12T20:07:42.128+0700] {processor.py:840} INFO - DAG(s) 'example_external_task_marker_child', 'example_external_task_marker_parent' retrieved from /home/hanifmmufid/airflow_env/lib/python3.10/site-packages/airflow/example_dags/example_external_task_marker_dag.py
[2024-10-12T20:07:42.146+0700] {logging_mixin.py:188} INFO - [2024-10-12T20:07:42.145+0700] {dag.py:3096} INFO - Sync 2 DAGs
[2024-10-12T20:07:42.157+0700] {logging_mixin.py:188} INFO - [2024-10-12T20:07:42.157+0700] {dag.py:3954} INFO - Setting next_dagrun for example_external_task_marker_child to None, run_after=None
[2024-10-12T20:07:42.159+0700] {logging_mixin.py:188} INFO - [2024-10-12T20:07:42.159+0700] {dag.py:3954} INFO - Setting next_dagrun for example_external_task_marker_parent to None, run_after=None
[2024-10-12T20:07:42.178+0700] {processor.py:183} INFO - Processing /home/hanifmmufid/airflow_env/lib/python3.10/site-packages/airflow/example_dags/example_external_task_marker_dag.py took 0.063 seconds
[2024-10-12T20:08:52.535+0700] {processor.py:161} INFO - Started process (PID=10293) to work on /home/hanifmmufid/airflow_env/lib/python3.10/site-packages/airflow/example_dags/example_external_task_marker_dag.py
[2024-10-12T20:08:52.540+0700] {processor.py:830} INFO - Processing file /home/hanifmmufid/airflow_env/lib/python3.10/site-packages/airflow/example_dags/example_external_task_marker_dag.py for tasks to queue
[2024-10-12T20:08:52.541+0700] {logging_mixin.py:188} INFO - [2024-10-12T20:08:52.541+0700] {dagbag.py:540} INFO - Filling up the DagBag from /home/hanifmmufid/airflow_env/lib/python3.10/site-packages/airflow/example_dags/example_external_task_marker_dag.py
[2024-10-12T20:08:52.553+0700] {processor.py:840} INFO - DAG(s) 'example_external_task_marker_parent', 'example_external_task_marker_child' retrieved from /home/hanifmmufid/airflow_env/lib/python3.10/site-packages/airflow/example_dags/example_external_task_marker_dag.py
[2024-10-12T20:08:52.588+0700] {logging_mixin.py:188} INFO - [2024-10-12T20:08:52.587+0700] {dag.py:3096} INFO - Sync 2 DAGs
[2024-10-12T20:08:52.605+0700] {logging_mixin.py:188} INFO - [2024-10-12T20:08:52.604+0700] {dag.py:3954} INFO - Setting next_dagrun for example_external_task_marker_child to None, run_after=None
[2024-10-12T20:08:52.611+0700] {logging_mixin.py:188} INFO - [2024-10-12T20:08:52.611+0700] {dag.py:3954} INFO - Setting next_dagrun for example_external_task_marker_parent to None, run_after=None
[2024-10-12T20:08:52.647+0700] {processor.py:183} INFO - Processing /home/hanifmmufid/airflow_env/lib/python3.10/site-packages/airflow/example_dags/example_external_task_marker_dag.py took 0.121 seconds
[2024-10-12T20:10:33.312+0700] {processor.py:161} INFO - Started process (PID=11396) to work on /home/hanifmmufid/airflow_env/lib/python3.10/site-packages/airflow/example_dags/example_external_task_marker_dag.py
[2024-10-12T20:10:33.313+0700] {processor.py:830} INFO - Processing file /home/hanifmmufid/airflow_env/lib/python3.10/site-packages/airflow/example_dags/example_external_task_marker_dag.py for tasks to queue
[2024-10-12T20:10:33.315+0700] {logging_mixin.py:188} INFO - [2024-10-12T20:10:33.314+0700] {dagbag.py:540} INFO - Filling up the DagBag from /home/hanifmmufid/airflow_env/lib/python3.10/site-packages/airflow/example_dags/example_external_task_marker_dag.py
[2024-10-12T20:10:33.330+0700] {processor.py:840} INFO - DAG(s) 'example_external_task_marker_parent', 'example_external_task_marker_child' retrieved from /home/hanifmmufid/airflow_env/lib/python3.10/site-packages/airflow/example_dags/example_external_task_marker_dag.py
[2024-10-12T20:10:33.356+0700] {logging_mixin.py:188} INFO - [2024-10-12T20:10:33.356+0700] {dag.py:3096} INFO - Sync 2 DAGs
[2024-10-12T20:10:33.371+0700] {logging_mixin.py:188} INFO - [2024-10-12T20:10:33.370+0700] {dag.py:3954} INFO - Setting next_dagrun for example_external_task_marker_child to None, run_after=None
[2024-10-12T20:10:33.376+0700] {logging_mixin.py:188} INFO - [2024-10-12T20:10:33.375+0700] {dag.py:3954} INFO - Setting next_dagrun for example_external_task_marker_parent to None, run_after=None
[2024-10-12T20:10:33.410+0700] {processor.py:183} INFO - Processing /home/hanifmmufid/airflow_env/lib/python3.10/site-packages/airflow/example_dags/example_external_task_marker_dag.py took 0.111 seconds
[2024-10-12T20:12:01.290+0700] {processor.py:161} INFO - Started process (PID=12147) to work on /home/hanifmmufid/airflow_env/lib/python3.10/site-packages/airflow/example_dags/example_external_task_marker_dag.py
[2024-10-12T20:12:01.300+0700] {processor.py:830} INFO - Processing file /home/hanifmmufid/airflow_env/lib/python3.10/site-packages/airflow/example_dags/example_external_task_marker_dag.py for tasks to queue
[2024-10-12T20:12:01.302+0700] {logging_mixin.py:188} INFO - [2024-10-12T20:12:01.302+0700] {dagbag.py:540} INFO - Filling up the DagBag from /home/hanifmmufid/airflow_env/lib/python3.10/site-packages/airflow/example_dags/example_external_task_marker_dag.py
[2024-10-12T20:12:01.344+0700] {processor.py:840} INFO - DAG(s) 'example_external_task_marker_child', 'example_external_task_marker_parent' retrieved from /home/hanifmmufid/airflow_env/lib/python3.10/site-packages/airflow/example_dags/example_external_task_marker_dag.py
[2024-10-12T20:12:01.412+0700] {logging_mixin.py:188} INFO - [2024-10-12T20:12:01.411+0700] {dag.py:3096} INFO - Sync 2 DAGs
[2024-10-12T20:12:01.462+0700] {logging_mixin.py:188} INFO - [2024-10-12T20:12:01.456+0700] {dag.py:3954} INFO - Setting next_dagrun for example_external_task_marker_child to None, run_after=None
[2024-10-12T20:12:01.472+0700] {logging_mixin.py:188} INFO - [2024-10-12T20:12:01.471+0700] {dag.py:3954} INFO - Setting next_dagrun for example_external_task_marker_parent to None, run_after=None
[2024-10-12T20:12:01.577+0700] {processor.py:183} INFO - Processing /home/hanifmmufid/airflow_env/lib/python3.10/site-packages/airflow/example_dags/example_external_task_marker_dag.py took 0.298 seconds
