[2024-10-12T20:02:50.082+0700] {processor.py:161} INFO - Started process (PID=5721) to work on /home/hanifmmufid/airflow_env/lib/python3.10/site-packages/airflow/example_dags/example_branch_labels.py
[2024-10-12T20:02:50.085+0700] {processor.py:830} INFO - Processing file /home/hanifmmufid/airflow_env/lib/python3.10/site-packages/airflow/example_dags/example_branch_labels.py for tasks to queue
[2024-10-12T20:02:50.088+0700] {logging_mixin.py:188} INFO - [2024-10-12T20:02:50.087+0700] {dagbag.py:540} INFO - Filling up the DagBag from /home/hanifmmufid/airflow_env/lib/python3.10/site-packages/airflow/example_dags/example_branch_labels.py
[2024-10-12T20:02:50.107+0700] {processor.py:840} INFO - DAG(s) 'example_branch_labels' retrieved from /home/hanifmmufid/airflow_env/lib/python3.10/site-packages/airflow/example_dags/example_branch_labels.py
[2024-10-12T20:02:50.543+0700] {logging_mixin.py:188} INFO - [2024-10-12T20:02:50.542+0700] {override.py:1901} INFO - Created Permission View: can edit on DAG:example_branch_labels
[2024-10-12T20:02:50.644+0700] {logging_mixin.py:188} INFO - [2024-10-12T20:02:50.643+0700] {override.py:1901} INFO - Created Permission View: can read on DAG:example_branch_labels
[2024-10-12T20:02:52.650+0700] {logging_mixin.py:188} INFO - [2024-10-12T20:02:52.650+0700] {override.py:1901} INFO - Created Permission View: can delete on DAG:example_branch_labels
[2024-10-12T20:02:52.651+0700] {logging_mixin.py:188} INFO - [2024-10-12T20:02:52.651+0700] {dag.py:3096} INFO - Sync 1 DAGs
[2024-10-12T20:02:52.924+0700] {logging_mixin.py:188} INFO - [2024-10-12T20:02:52.924+0700] {dag.py:3118} INFO - Creating ORM DAG for example_branch_labels
[2024-10-12T20:02:52.964+0700] {logging_mixin.py:188} INFO - [2024-10-12T20:02:52.963+0700] {dag.py:3954} INFO - Setting next_dagrun for example_branch_labels to 2024-10-11 00:00:00+00:00, run_after=2024-10-12 00:00:00+00:00
[2024-10-12T20:02:53.066+0700] {processor.py:183} INFO - Processing /home/hanifmmufid/airflow_env/lib/python3.10/site-packages/airflow/example_dags/example_branch_labels.py took 2.997 seconds
[2024-10-12T20:03:54.693+0700] {processor.py:161} INFO - Started process (PID=6240) to work on /home/hanifmmufid/airflow_env/lib/python3.10/site-packages/airflow/example_dags/example_branch_labels.py
[2024-10-12T20:03:54.701+0700] {processor.py:830} INFO - Processing file /home/hanifmmufid/airflow_env/lib/python3.10/site-packages/airflow/example_dags/example_branch_labels.py for tasks to queue
[2024-10-12T20:03:54.712+0700] {logging_mixin.py:188} INFO - [2024-10-12T20:03:54.706+0700] {dagbag.py:540} INFO - Filling up the DagBag from /home/hanifmmufid/airflow_env/lib/python3.10/site-packages/airflow/example_dags/example_branch_labels.py
[2024-10-12T20:03:54.755+0700] {processor.py:840} INFO - DAG(s) 'example_branch_labels' retrieved from /home/hanifmmufid/airflow_env/lib/python3.10/site-packages/airflow/example_dags/example_branch_labels.py
[2024-10-12T20:03:54.845+0700] {logging_mixin.py:188} INFO - [2024-10-12T20:03:54.844+0700] {dag.py:3096} INFO - Sync 1 DAGs
[2024-10-12T20:03:54.995+0700] {logging_mixin.py:188} INFO - [2024-10-12T20:03:54.994+0700] {dag.py:3954} INFO - Setting next_dagrun for example_branch_labels to 2024-10-11 00:00:00+00:00, run_after=2024-10-12 00:00:00+00:00
[2024-10-12T20:03:56.651+0700] {processor.py:183} INFO - Processing /home/hanifmmufid/airflow_env/lib/python3.10/site-packages/airflow/example_dags/example_branch_labels.py took 1.984 seconds
[2024-10-12T20:05:02.095+0700] {processor.py:161} INFO - Started process (PID=6790) to work on /home/hanifmmufid/airflow_env/lib/python3.10/site-packages/airflow/example_dags/example_branch_labels.py
[2024-10-12T20:05:02.096+0700] {processor.py:830} INFO - Processing file /home/hanifmmufid/airflow_env/lib/python3.10/site-packages/airflow/example_dags/example_branch_labels.py for tasks to queue
[2024-10-12T20:05:02.098+0700] {logging_mixin.py:188} INFO - [2024-10-12T20:05:02.097+0700] {dagbag.py:540} INFO - Filling up the DagBag from /home/hanifmmufid/airflow_env/lib/python3.10/site-packages/airflow/example_dags/example_branch_labels.py
[2024-10-12T20:05:02.105+0700] {processor.py:840} INFO - DAG(s) 'example_branch_labels' retrieved from /home/hanifmmufid/airflow_env/lib/python3.10/site-packages/airflow/example_dags/example_branch_labels.py
[2024-10-12T20:05:02.119+0700] {logging_mixin.py:188} INFO - [2024-10-12T20:05:02.118+0700] {dag.py:3096} INFO - Sync 1 DAGs
[2024-10-12T20:05:02.134+0700] {logging_mixin.py:188} INFO - [2024-10-12T20:05:02.134+0700] {dag.py:3954} INFO - Setting next_dagrun for example_branch_labels to 2024-10-11 00:00:00+00:00, run_after=2024-10-12 00:00:00+00:00
[2024-10-12T20:05:02.158+0700] {processor.py:183} INFO - Processing /home/hanifmmufid/airflow_env/lib/python3.10/site-packages/airflow/example_dags/example_branch_labels.py took 0.068 seconds
[2024-10-12T20:05:54.165+0700] {processor.py:161} INFO - Started process (PID=8733) to work on /home/hanifmmufid/airflow_env/lib/python3.10/site-packages/airflow/example_dags/example_branch_labels.py
[2024-10-12T20:05:54.166+0700] {processor.py:830} INFO - Processing file /home/hanifmmufid/airflow_env/lib/python3.10/site-packages/airflow/example_dags/example_branch_labels.py for tasks to queue
[2024-10-12T20:05:54.168+0700] {logging_mixin.py:188} INFO - [2024-10-12T20:05:54.167+0700] {dagbag.py:540} INFO - Filling up the DagBag from /home/hanifmmufid/airflow_env/lib/python3.10/site-packages/airflow/example_dags/example_branch_labels.py
[2024-10-12T20:05:54.175+0700] {processor.py:840} INFO - DAG(s) 'example_branch_labels' retrieved from /home/hanifmmufid/airflow_env/lib/python3.10/site-packages/airflow/example_dags/example_branch_labels.py
[2024-10-12T20:05:54.191+0700] {logging_mixin.py:188} INFO - [2024-10-12T20:05:54.190+0700] {dag.py:3096} INFO - Sync 1 DAGs
[2024-10-12T20:05:54.207+0700] {logging_mixin.py:188} INFO - [2024-10-12T20:05:54.207+0700] {dag.py:3954} INFO - Setting next_dagrun for example_branch_labels to 2024-10-11 00:00:00+00:00, run_after=2024-10-12 00:00:00+00:00
[2024-10-12T20:05:54.227+0700] {processor.py:183} INFO - Processing /home/hanifmmufid/airflow_env/lib/python3.10/site-packages/airflow/example_dags/example_branch_labels.py took 0.067 seconds
[2024-10-12T20:06:44.878+0700] {processor.py:161} INFO - Started process (PID=9185) to work on /home/hanifmmufid/airflow_env/lib/python3.10/site-packages/airflow/example_dags/example_branch_labels.py
[2024-10-12T20:06:44.882+0700] {processor.py:830} INFO - Processing file /home/hanifmmufid/airflow_env/lib/python3.10/site-packages/airflow/example_dags/example_branch_labels.py for tasks to queue
[2024-10-12T20:06:44.883+0700] {logging_mixin.py:188} INFO - [2024-10-12T20:06:44.883+0700] {dagbag.py:540} INFO - Filling up the DagBag from /home/hanifmmufid/airflow_env/lib/python3.10/site-packages/airflow/example_dags/example_branch_labels.py
[2024-10-12T20:06:44.894+0700] {processor.py:840} INFO - DAG(s) 'example_branch_labels' retrieved from /home/hanifmmufid/airflow_env/lib/python3.10/site-packages/airflow/example_dags/example_branch_labels.py
[2024-10-12T20:06:44.910+0700] {logging_mixin.py:188} INFO - [2024-10-12T20:06:44.910+0700] {dag.py:3096} INFO - Sync 1 DAGs
[2024-10-12T20:06:44.929+0700] {logging_mixin.py:188} INFO - [2024-10-12T20:06:44.929+0700] {dag.py:3954} INFO - Setting next_dagrun for example_branch_labels to 2024-10-11 00:00:00+00:00, run_after=2024-10-12 00:00:00+00:00
[2024-10-12T20:06:44.953+0700] {processor.py:183} INFO - Processing /home/hanifmmufid/airflow_env/lib/python3.10/site-packages/airflow/example_dags/example_branch_labels.py took 0.080 seconds
[2024-10-12T20:08:07.687+0700] {processor.py:161} INFO - Started process (PID=9909) to work on /home/hanifmmufid/airflow_env/lib/python3.10/site-packages/airflow/example_dags/example_branch_labels.py
[2024-10-12T20:08:07.689+0700] {processor.py:830} INFO - Processing file /home/hanifmmufid/airflow_env/lib/python3.10/site-packages/airflow/example_dags/example_branch_labels.py for tasks to queue
[2024-10-12T20:08:07.690+0700] {logging_mixin.py:188} INFO - [2024-10-12T20:08:07.690+0700] {dagbag.py:540} INFO - Filling up the DagBag from /home/hanifmmufid/airflow_env/lib/python3.10/site-packages/airflow/example_dags/example_branch_labels.py
[2024-10-12T20:08:07.701+0700] {processor.py:840} INFO - DAG(s) 'example_branch_labels' retrieved from /home/hanifmmufid/airflow_env/lib/python3.10/site-packages/airflow/example_dags/example_branch_labels.py
[2024-10-12T20:08:07.717+0700] {logging_mixin.py:188} INFO - [2024-10-12T20:08:07.717+0700] {dag.py:3096} INFO - Sync 1 DAGs
[2024-10-12T20:08:07.734+0700] {logging_mixin.py:188} INFO - [2024-10-12T20:08:07.733+0700] {dag.py:3954} INFO - Setting next_dagrun for example_branch_labels to 2024-10-11 00:00:00+00:00, run_after=2024-10-12 00:00:00+00:00
[2024-10-12T20:08:07.758+0700] {processor.py:183} INFO - Processing /home/hanifmmufid/airflow_env/lib/python3.10/site-packages/airflow/example_dags/example_branch_labels.py took 0.076 seconds
[2024-10-12T20:09:38.497+0700] {processor.py:161} INFO - Started process (PID=10645) to work on /home/hanifmmufid/airflow_env/lib/python3.10/site-packages/airflow/example_dags/example_branch_labels.py
[2024-10-12T20:09:38.499+0700] {processor.py:830} INFO - Processing file /home/hanifmmufid/airflow_env/lib/python3.10/site-packages/airflow/example_dags/example_branch_labels.py for tasks to queue
[2024-10-12T20:09:38.501+0700] {logging_mixin.py:188} INFO - [2024-10-12T20:09:38.500+0700] {dagbag.py:540} INFO - Filling up the DagBag from /home/hanifmmufid/airflow_env/lib/python3.10/site-packages/airflow/example_dags/example_branch_labels.py
[2024-10-12T20:09:38.515+0700] {processor.py:840} INFO - DAG(s) 'example_branch_labels' retrieved from /home/hanifmmufid/airflow_env/lib/python3.10/site-packages/airflow/example_dags/example_branch_labels.py
[2024-10-12T20:09:38.541+0700] {logging_mixin.py:188} INFO - [2024-10-12T20:09:38.541+0700] {dag.py:3096} INFO - Sync 1 DAGs
[2024-10-12T20:09:38.568+0700] {logging_mixin.py:188} INFO - [2024-10-12T20:09:38.568+0700] {dag.py:3954} INFO - Setting next_dagrun for example_branch_labels to 2024-10-11 00:00:00+00:00, run_after=2024-10-12 00:00:00+00:00
[2024-10-12T20:09:38.616+0700] {processor.py:183} INFO - Processing /home/hanifmmufid/airflow_env/lib/python3.10/site-packages/airflow/example_dags/example_branch_labels.py took 0.128 seconds
[2024-10-12T20:11:16.360+0700] {processor.py:161} INFO - Started process (PID=11784) to work on /home/hanifmmufid/airflow_env/lib/python3.10/site-packages/airflow/example_dags/example_branch_labels.py
[2024-10-12T20:11:16.361+0700] {processor.py:830} INFO - Processing file /home/hanifmmufid/airflow_env/lib/python3.10/site-packages/airflow/example_dags/example_branch_labels.py for tasks to queue
[2024-10-12T20:11:16.362+0700] {logging_mixin.py:188} INFO - [2024-10-12T20:11:16.362+0700] {dagbag.py:540} INFO - Filling up the DagBag from /home/hanifmmufid/airflow_env/lib/python3.10/site-packages/airflow/example_dags/example_branch_labels.py
[2024-10-12T20:11:16.370+0700] {processor.py:840} INFO - DAG(s) 'example_branch_labels' retrieved from /home/hanifmmufid/airflow_env/lib/python3.10/site-packages/airflow/example_dags/example_branch_labels.py
[2024-10-12T20:11:16.383+0700] {logging_mixin.py:188} INFO - [2024-10-12T20:11:16.383+0700] {dag.py:3096} INFO - Sync 1 DAGs
[2024-10-12T20:11:16.397+0700] {logging_mixin.py:188} INFO - [2024-10-12T20:11:16.397+0700] {dag.py:3954} INFO - Setting next_dagrun for example_branch_labels to 2024-10-11 00:00:00+00:00, run_after=2024-10-12 00:00:00+00:00
[2024-10-12T20:11:16.421+0700] {processor.py:183} INFO - Processing /home/hanifmmufid/airflow_env/lib/python3.10/site-packages/airflow/example_dags/example_branch_labels.py took 0.066 seconds
[2024-10-12T20:12:40.402+0700] {processor.py:161} INFO - Started process (PID=12517) to work on /home/hanifmmufid/airflow_env/lib/python3.10/site-packages/airflow/example_dags/example_branch_labels.py
[2024-10-12T20:12:40.404+0700] {processor.py:830} INFO - Processing file /home/hanifmmufid/airflow_env/lib/python3.10/site-packages/airflow/example_dags/example_branch_labels.py for tasks to queue
[2024-10-12T20:12:40.406+0700] {logging_mixin.py:188} INFO - [2024-10-12T20:12:40.405+0700] {dagbag.py:540} INFO - Filling up the DagBag from /home/hanifmmufid/airflow_env/lib/python3.10/site-packages/airflow/example_dags/example_branch_labels.py
[2024-10-12T20:12:40.422+0700] {processor.py:840} INFO - DAG(s) 'example_branch_labels' retrieved from /home/hanifmmufid/airflow_env/lib/python3.10/site-packages/airflow/example_dags/example_branch_labels.py
[2024-10-12T20:12:40.448+0700] {logging_mixin.py:188} INFO - [2024-10-12T20:12:40.447+0700] {dag.py:3096} INFO - Sync 1 DAGs
[2024-10-12T20:12:40.474+0700] {logging_mixin.py:188} INFO - [2024-10-12T20:12:40.474+0700] {dag.py:3954} INFO - Setting next_dagrun for example_branch_labels to 2024-10-11 00:00:00+00:00, run_after=2024-10-12 00:00:00+00:00
[2024-10-12T20:12:40.508+0700] {processor.py:183} INFO - Processing /home/hanifmmufid/airflow_env/lib/python3.10/site-packages/airflow/example_dags/example_branch_labels.py took 0.119 seconds
[2024-10-12T20:14:05.815+0700] {processor.py:161} INFO - Started process (PID=13207) to work on /home/hanifmmufid/airflow_env/lib/python3.10/site-packages/airflow/example_dags/example_branch_labels.py
[2024-10-12T20:14:05.817+0700] {processor.py:830} INFO - Processing file /home/hanifmmufid/airflow_env/lib/python3.10/site-packages/airflow/example_dags/example_branch_labels.py for tasks to queue
[2024-10-12T20:14:05.819+0700] {logging_mixin.py:188} INFO - [2024-10-12T20:14:05.818+0700] {dagbag.py:540} INFO - Filling up the DagBag from /home/hanifmmufid/airflow_env/lib/python3.10/site-packages/airflow/example_dags/example_branch_labels.py
[2024-10-12T20:14:05.843+0700] {processor.py:840} INFO - DAG(s) 'example_branch_labels' retrieved from /home/hanifmmufid/airflow_env/lib/python3.10/site-packages/airflow/example_dags/example_branch_labels.py
[2024-10-12T20:14:05.888+0700] {logging_mixin.py:188} INFO - [2024-10-12T20:14:05.888+0700] {dag.py:3096} INFO - Sync 1 DAGs
[2024-10-12T20:14:05.965+0700] {logging_mixin.py:188} INFO - [2024-10-12T20:14:05.964+0700] {dag.py:3954} INFO - Setting next_dagrun for example_branch_labels to 2024-10-11 00:00:00+00:00, run_after=2024-10-12 00:00:00+00:00
[2024-10-12T20:14:06.019+0700] {processor.py:183} INFO - Processing /home/hanifmmufid/airflow_env/lib/python3.10/site-packages/airflow/example_dags/example_branch_labels.py took 0.219 seconds
[2024-10-12T20:15:26.055+0700] {processor.py:161} INFO - Started process (PID=13871) to work on /home/hanifmmufid/airflow_env/lib/python3.10/site-packages/airflow/example_dags/example_branch_labels.py
[2024-10-12T20:15:26.057+0700] {processor.py:830} INFO - Processing file /home/hanifmmufid/airflow_env/lib/python3.10/site-packages/airflow/example_dags/example_branch_labels.py for tasks to queue
[2024-10-12T20:15:26.058+0700] {logging_mixin.py:188} INFO - [2024-10-12T20:15:26.058+0700] {dagbag.py:540} INFO - Filling up the DagBag from /home/hanifmmufid/airflow_env/lib/python3.10/site-packages/airflow/example_dags/example_branch_labels.py
[2024-10-12T20:15:26.070+0700] {processor.py:840} INFO - DAG(s) 'example_branch_labels' retrieved from /home/hanifmmufid/airflow_env/lib/python3.10/site-packages/airflow/example_dags/example_branch_labels.py
[2024-10-12T20:15:26.098+0700] {logging_mixin.py:188} INFO - [2024-10-12T20:15:26.098+0700] {dag.py:3096} INFO - Sync 1 DAGs
[2024-10-12T20:15:26.138+0700] {logging_mixin.py:188} INFO - [2024-10-12T20:15:26.138+0700] {dag.py:3954} INFO - Setting next_dagrun for example_branch_labels to 2024-10-11 00:00:00+00:00, run_after=2024-10-12 00:00:00+00:00
[2024-10-12T20:15:26.169+0700] {processor.py:183} INFO - Processing /home/hanifmmufid/airflow_env/lib/python3.10/site-packages/airflow/example_dags/example_branch_labels.py took 0.125 seconds
[2024-10-12T20:16:35.685+0700] {processor.py:161} INFO - Started process (PID=14518) to work on /home/hanifmmufid/airflow_env/lib/python3.10/site-packages/airflow/example_dags/example_branch_labels.py
[2024-10-12T20:16:35.686+0700] {processor.py:830} INFO - Processing file /home/hanifmmufid/airflow_env/lib/python3.10/site-packages/airflow/example_dags/example_branch_labels.py for tasks to queue
[2024-10-12T20:16:35.687+0700] {logging_mixin.py:188} INFO - [2024-10-12T20:16:35.686+0700] {dagbag.py:540} INFO - Filling up the DagBag from /home/hanifmmufid/airflow_env/lib/python3.10/site-packages/airflow/example_dags/example_branch_labels.py
[2024-10-12T20:16:35.693+0700] {processor.py:840} INFO - DAG(s) 'example_branch_labels' retrieved from /home/hanifmmufid/airflow_env/lib/python3.10/site-packages/airflow/example_dags/example_branch_labels.py
[2024-10-12T20:16:35.708+0700] {logging_mixin.py:188} INFO - [2024-10-12T20:16:35.708+0700] {dag.py:3096} INFO - Sync 1 DAGs
[2024-10-12T20:16:35.724+0700] {logging_mixin.py:188} INFO - [2024-10-12T20:16:35.724+0700] {dag.py:3954} INFO - Setting next_dagrun for example_branch_labels to 2024-10-11 00:00:00+00:00, run_after=2024-10-12 00:00:00+00:00
[2024-10-12T20:16:35.745+0700] {processor.py:183} INFO - Processing /home/hanifmmufid/airflow_env/lib/python3.10/site-packages/airflow/example_dags/example_branch_labels.py took 0.067 seconds
[2024-10-12T20:18:07.863+0700] {processor.py:161} INFO - Started process (PID=15251) to work on /home/hanifmmufid/airflow_env/lib/python3.10/site-packages/airflow/example_dags/example_branch_labels.py
[2024-10-12T20:18:07.865+0700] {processor.py:830} INFO - Processing file /home/hanifmmufid/airflow_env/lib/python3.10/site-packages/airflow/example_dags/example_branch_labels.py for tasks to queue
[2024-10-12T20:18:07.865+0700] {logging_mixin.py:188} INFO - [2024-10-12T20:18:07.865+0700] {dagbag.py:540} INFO - Filling up the DagBag from /home/hanifmmufid/airflow_env/lib/python3.10/site-packages/airflow/example_dags/example_branch_labels.py
[2024-10-12T20:18:07.874+0700] {processor.py:840} INFO - DAG(s) 'example_branch_labels' retrieved from /home/hanifmmufid/airflow_env/lib/python3.10/site-packages/airflow/example_dags/example_branch_labels.py
[2024-10-12T20:18:07.887+0700] {logging_mixin.py:188} INFO - [2024-10-12T20:18:07.887+0700] {dag.py:3096} INFO - Sync 1 DAGs
[2024-10-12T20:18:07.904+0700] {logging_mixin.py:188} INFO - [2024-10-12T20:18:07.903+0700] {dag.py:3954} INFO - Setting next_dagrun for example_branch_labels to 2024-10-11 00:00:00+00:00, run_after=2024-10-12 00:00:00+00:00
[2024-10-12T20:18:07.927+0700] {processor.py:183} INFO - Processing /home/hanifmmufid/airflow_env/lib/python3.10/site-packages/airflow/example_dags/example_branch_labels.py took 0.069 seconds
[2024-10-12T20:19:25.153+0700] {processor.py:161} INFO - Started process (PID=16256) to work on /home/hanifmmufid/airflow_env/lib/python3.10/site-packages/airflow/example_dags/example_branch_labels.py
[2024-10-12T20:19:25.155+0700] {processor.py:830} INFO - Processing file /home/hanifmmufid/airflow_env/lib/python3.10/site-packages/airflow/example_dags/example_branch_labels.py for tasks to queue
[2024-10-12T20:19:25.156+0700] {logging_mixin.py:188} INFO - [2024-10-12T20:19:25.155+0700] {dagbag.py:540} INFO - Filling up the DagBag from /home/hanifmmufid/airflow_env/lib/python3.10/site-packages/airflow/example_dags/example_branch_labels.py
[2024-10-12T20:19:25.171+0700] {processor.py:840} INFO - DAG(s) 'example_branch_labels' retrieved from /home/hanifmmufid/airflow_env/lib/python3.10/site-packages/airflow/example_dags/example_branch_labels.py
[2024-10-12T20:19:25.204+0700] {logging_mixin.py:188} INFO - [2024-10-12T20:19:25.204+0700] {dag.py:3096} INFO - Sync 1 DAGs
[2024-10-12T20:19:25.244+0700] {logging_mixin.py:188} INFO - [2024-10-12T20:19:25.243+0700] {dag.py:3954} INFO - Setting next_dagrun for example_branch_labels to 2024-10-11 00:00:00+00:00, run_after=2024-10-12 00:00:00+00:00
[2024-10-12T20:19:25.292+0700] {processor.py:183} INFO - Processing /home/hanifmmufid/airflow_env/lib/python3.10/site-packages/airflow/example_dags/example_branch_labels.py took 0.147 seconds
