[2024-10-12T20:02:56.132+0700] {processor.py:161} INFO - Started process (PID=5747) to work on /home/hanifmmufid/airflow_env/lib/python3.10/site-packages/airflow/example_dags/example_branch_day_of_week_operator.py
[2024-10-12T20:02:56.133+0700] {processor.py:830} INFO - Processing file /home/hanifmmufid/airflow_env/lib/python3.10/site-packages/airflow/example_dags/example_branch_day_of_week_operator.py for tasks to queue
[2024-10-12T20:02:56.136+0700] {logging_mixin.py:188} INFO - [2024-10-12T20:02:56.135+0700] {dagbag.py:540} INFO - Filling up the DagBag from /home/hanifmmufid/airflow_env/lib/python3.10/site-packages/airflow/example_dags/example_branch_day_of_week_operator.py
[2024-10-12T20:02:56.144+0700] {processor.py:840} INFO - DAG(s) 'example_weekday_branch_operator' retrieved from /home/hanifmmufid/airflow_env/lib/python3.10/site-packages/airflow/example_dags/example_branch_day_of_week_operator.py
[2024-10-12T20:02:56.238+0700] {logging_mixin.py:188} INFO - [2024-10-12T20:02:56.237+0700] {override.py:1901} INFO - Created Permission View: can edit on DAG:example_weekday_branch_operator
[2024-10-12T20:02:56.339+0700] {logging_mixin.py:188} INFO - [2024-10-12T20:02:56.339+0700] {override.py:1901} INFO - Created Permission View: can read on DAG:example_weekday_branch_operator
[2024-10-12T20:02:56.359+0700] {logging_mixin.py:188} INFO - [2024-10-12T20:02:56.359+0700] {override.py:1901} INFO - Created Permission View: can delete on DAG:example_weekday_branch_operator
[2024-10-12T20:02:56.360+0700] {logging_mixin.py:188} INFO - [2024-10-12T20:02:56.359+0700] {dag.py:3096} INFO - Sync 1 DAGs
[2024-10-12T20:02:56.367+0700] {logging_mixin.py:188} INFO - [2024-10-12T20:02:56.367+0700] {dag.py:3118} INFO - Creating ORM DAG for example_weekday_branch_operator
[2024-10-12T20:02:56.373+0700] {logging_mixin.py:188} INFO - [2024-10-12T20:02:56.373+0700] {dag.py:3954} INFO - Setting next_dagrun for example_weekday_branch_operator to 2024-10-11 00:00:00+00:00, run_after=2024-10-12 00:00:00+00:00
[2024-10-12T20:02:56.396+0700] {processor.py:183} INFO - Processing /home/hanifmmufid/airflow_env/lib/python3.10/site-packages/airflow/example_dags/example_branch_day_of_week_operator.py took 0.275 seconds
[2024-10-12T20:04:01.874+0700] {processor.py:161} INFO - Started process (PID=6319) to work on /home/hanifmmufid/airflow_env/lib/python3.10/site-packages/airflow/example_dags/example_branch_day_of_week_operator.py
[2024-10-12T20:04:01.879+0700] {processor.py:830} INFO - Processing file /home/hanifmmufid/airflow_env/lib/python3.10/site-packages/airflow/example_dags/example_branch_day_of_week_operator.py for tasks to queue
[2024-10-12T20:04:01.888+0700] {logging_mixin.py:188} INFO - [2024-10-12T20:04:01.887+0700] {dagbag.py:540} INFO - Filling up the DagBag from /home/hanifmmufid/airflow_env/lib/python3.10/site-packages/airflow/example_dags/example_branch_day_of_week_operator.py
[2024-10-12T20:04:01.916+0700] {processor.py:840} INFO - DAG(s) 'example_weekday_branch_operator' retrieved from /home/hanifmmufid/airflow_env/lib/python3.10/site-packages/airflow/example_dags/example_branch_day_of_week_operator.py
[2024-10-12T20:04:01.969+0700] {logging_mixin.py:188} INFO - [2024-10-12T20:04:01.968+0700] {dag.py:3096} INFO - Sync 1 DAGs
[2024-10-12T20:04:02.032+0700] {logging_mixin.py:188} INFO - [2024-10-12T20:04:02.032+0700] {dag.py:3954} INFO - Setting next_dagrun for example_weekday_branch_operator to 2024-10-11 00:00:00+00:00, run_after=2024-10-12 00:00:00+00:00
[2024-10-12T20:04:02.293+0700] {processor.py:183} INFO - Processing /home/hanifmmufid/airflow_env/lib/python3.10/site-packages/airflow/example_dags/example_branch_day_of_week_operator.py took 0.443 seconds
[2024-10-12T20:05:04.717+0700] {processor.py:161} INFO - Started process (PID=6812) to work on /home/hanifmmufid/airflow_env/lib/python3.10/site-packages/airflow/example_dags/example_branch_day_of_week_operator.py
[2024-10-12T20:05:04.718+0700] {processor.py:830} INFO - Processing file /home/hanifmmufid/airflow_env/lib/python3.10/site-packages/airflow/example_dags/example_branch_day_of_week_operator.py for tasks to queue
[2024-10-12T20:05:04.719+0700] {logging_mixin.py:188} INFO - [2024-10-12T20:05:04.719+0700] {dagbag.py:540} INFO - Filling up the DagBag from /home/hanifmmufid/airflow_env/lib/python3.10/site-packages/airflow/example_dags/example_branch_day_of_week_operator.py
[2024-10-12T20:05:04.726+0700] {processor.py:840} INFO - DAG(s) 'example_weekday_branch_operator' retrieved from /home/hanifmmufid/airflow_env/lib/python3.10/site-packages/airflow/example_dags/example_branch_day_of_week_operator.py
[2024-10-12T20:05:04.741+0700] {logging_mixin.py:188} INFO - [2024-10-12T20:05:04.741+0700] {dag.py:3096} INFO - Sync 1 DAGs
[2024-10-12T20:05:04.762+0700] {logging_mixin.py:188} INFO - [2024-10-12T20:05:04.761+0700] {dag.py:3954} INFO - Setting next_dagrun for example_weekday_branch_operator to 2024-10-11 00:00:00+00:00, run_after=2024-10-12 00:00:00+00:00
[2024-10-12T20:05:04.791+0700] {processor.py:183} INFO - Processing /home/hanifmmufid/airflow_env/lib/python3.10/site-packages/airflow/example_dags/example_branch_day_of_week_operator.py took 0.079 seconds
[2024-10-12T20:05:57.932+0700] {processor.py:161} INFO - Started process (PID=8763) to work on /home/hanifmmufid/airflow_env/lib/python3.10/site-packages/airflow/example_dags/example_branch_day_of_week_operator.py
[2024-10-12T20:05:57.934+0700] {processor.py:830} INFO - Processing file /home/hanifmmufid/airflow_env/lib/python3.10/site-packages/airflow/example_dags/example_branch_day_of_week_operator.py for tasks to queue
[2024-10-12T20:05:57.937+0700] {logging_mixin.py:188} INFO - [2024-10-12T20:05:57.936+0700] {dagbag.py:540} INFO - Filling up the DagBag from /home/hanifmmufid/airflow_env/lib/python3.10/site-packages/airflow/example_dags/example_branch_day_of_week_operator.py
[2024-10-12T20:05:57.947+0700] {processor.py:840} INFO - DAG(s) 'example_weekday_branch_operator' retrieved from /home/hanifmmufid/airflow_env/lib/python3.10/site-packages/airflow/example_dags/example_branch_day_of_week_operator.py
[2024-10-12T20:05:57.986+0700] {logging_mixin.py:188} INFO - [2024-10-12T20:05:57.984+0700] {dag.py:3096} INFO - Sync 1 DAGs
[2024-10-12T20:05:58.043+0700] {logging_mixin.py:188} INFO - [2024-10-12T20:05:58.043+0700] {dag.py:3954} INFO - Setting next_dagrun for example_weekday_branch_operator to 2024-10-11 00:00:00+00:00, run_after=2024-10-12 00:00:00+00:00
[2024-10-12T20:05:58.092+0700] {processor.py:183} INFO - Processing /home/hanifmmufid/airflow_env/lib/python3.10/site-packages/airflow/example_dags/example_branch_day_of_week_operator.py took 0.166 seconds
