[2024-10-12T20:02:12.875+0700] {processor.py:161} INFO - Started process (PID=5508) to work on /home/hanifmmufid/airflow_env/lib/python3.10/site-packages/airflow/example_dags/example_params_ui_tutorial.py
[2024-10-12T20:02:12.875+0700] {processor.py:830} INFO - Processing file /home/hanifmmufid/airflow_env/lib/python3.10/site-packages/airflow/example_dags/example_params_ui_tutorial.py for tasks to queue
[2024-10-12T20:02:12.877+0700] {logging_mixin.py:188} INFO - [2024-10-12T20:02:12.876+0700] {dagbag.py:540} INFO - Filling up the DagBag from /home/hanifmmufid/airflow_env/lib/python3.10/site-packages/airflow/example_dags/example_params_ui_tutorial.py
[2024-10-12T20:02:12.890+0700] {processor.py:840} INFO - DAG(s) 'example_params_ui_tutorial' retrieved from /home/hanifmmufid/airflow_env/lib/python3.10/site-packages/airflow/example_dags/example_params_ui_tutorial.py
[2024-10-12T20:02:13.383+0700] {logging_mixin.py:188} INFO - [2024-10-12T20:02:13.382+0700] {override.py:1901} INFO - Created Permission View: can edit on DAG:example_params_ui_tutorial
[2024-10-12T20:02:13.540+0700] {logging_mixin.py:188} INFO - [2024-10-12T20:02:13.540+0700] {override.py:1901} INFO - Created Permission View: can read on DAG:example_params_ui_tutorial
[2024-10-12T20:02:13.721+0700] {logging_mixin.py:188} INFO - [2024-10-12T20:02:13.720+0700] {override.py:1901} INFO - Created Permission View: can delete on DAG:example_params_ui_tutorial
[2024-10-12T20:02:13.722+0700] {logging_mixin.py:188} INFO - [2024-10-12T20:02:13.721+0700] {dag.py:3096} INFO - Sync 1 DAGs
[2024-10-12T20:02:13.730+0700] {logging_mixin.py:188} INFO - [2024-10-12T20:02:13.730+0700] {dag.py:3118} INFO - Creating ORM DAG for example_params_ui_tutorial
[2024-10-12T20:02:13.731+0700] {logging_mixin.py:188} INFO - [2024-10-12T20:02:13.731+0700] {dag.py:3954} INFO - Setting next_dagrun for example_params_ui_tutorial to None, run_after=None
[2024-10-12T20:02:13.800+0700] {processor.py:183} INFO - Processing /home/hanifmmufid/airflow_env/lib/python3.10/site-packages/airflow/example_dags/example_params_ui_tutorial.py took 0.932 seconds
[2024-10-12T20:03:14.726+0700] {processor.py:161} INFO - Started process (PID=5842) to work on /home/hanifmmufid/airflow_env/lib/python3.10/site-packages/airflow/example_dags/example_params_ui_tutorial.py
[2024-10-12T20:03:14.727+0700] {processor.py:830} INFO - Processing file /home/hanifmmufid/airflow_env/lib/python3.10/site-packages/airflow/example_dags/example_params_ui_tutorial.py for tasks to queue
[2024-10-12T20:03:14.729+0700] {logging_mixin.py:188} INFO - [2024-10-12T20:03:14.729+0700] {dagbag.py:540} INFO - Filling up the DagBag from /home/hanifmmufid/airflow_env/lib/python3.10/site-packages/airflow/example_dags/example_params_ui_tutorial.py
[2024-10-12T20:03:14.742+0700] {processor.py:840} INFO - DAG(s) 'example_params_ui_tutorial' retrieved from /home/hanifmmufid/airflow_env/lib/python3.10/site-packages/airflow/example_dags/example_params_ui_tutorial.py
[2024-10-12T20:03:14.779+0700] {logging_mixin.py:188} INFO - [2024-10-12T20:03:14.779+0700] {dag.py:3096} INFO - Sync 1 DAGs
[2024-10-12T20:03:14.787+0700] {logging_mixin.py:188} INFO - [2024-10-12T20:03:14.787+0700] {dag.py:3954} INFO - Setting next_dagrun for example_params_ui_tutorial to None, run_after=None
[2024-10-12T20:03:14.808+0700] {processor.py:183} INFO - Processing /home/hanifmmufid/airflow_env/lib/python3.10/site-packages/airflow/example_dags/example_params_ui_tutorial.py took 0.089 seconds
[2024-10-12T20:04:22.502+0700] {processor.py:161} INFO - Started process (PID=6470) to work on /home/hanifmmufid/airflow_env/lib/python3.10/site-packages/airflow/example_dags/example_params_ui_tutorial.py
[2024-10-12T20:04:22.505+0700] {processor.py:830} INFO - Processing file /home/hanifmmufid/airflow_env/lib/python3.10/site-packages/airflow/example_dags/example_params_ui_tutorial.py for tasks to queue
[2024-10-12T20:04:22.507+0700] {logging_mixin.py:188} INFO - [2024-10-12T20:04:22.507+0700] {dagbag.py:540} INFO - Filling up the DagBag from /home/hanifmmufid/airflow_env/lib/python3.10/site-packages/airflow/example_dags/example_params_ui_tutorial.py
[2024-10-12T20:04:22.537+0700] {processor.py:840} INFO - DAG(s) 'example_params_ui_tutorial' retrieved from /home/hanifmmufid/airflow_env/lib/python3.10/site-packages/airflow/example_dags/example_params_ui_tutorial.py
[2024-10-12T20:04:22.603+0700] {logging_mixin.py:188} INFO - [2024-10-12T20:04:22.603+0700] {dag.py:3096} INFO - Sync 1 DAGs
[2024-10-12T20:04:22.736+0700] {logging_mixin.py:188} INFO - [2024-10-12T20:04:22.736+0700] {dag.py:3954} INFO - Setting next_dagrun for example_params_ui_tutorial to None, run_after=None
[2024-10-12T20:04:22.774+0700] {processor.py:183} INFO - Processing /home/hanifmmufid/airflow_env/lib/python3.10/site-packages/airflow/example_dags/example_params_ui_tutorial.py took 0.311 seconds
[2024-10-12T20:05:17.370+0700] {processor.py:161} INFO - Started process (PID=7649) to work on /home/hanifmmufid/airflow_env/lib/python3.10/site-packages/airflow/example_dags/example_params_ui_tutorial.py
[2024-10-12T20:05:17.372+0700] {processor.py:830} INFO - Processing file /home/hanifmmufid/airflow_env/lib/python3.10/site-packages/airflow/example_dags/example_params_ui_tutorial.py for tasks to queue
[2024-10-12T20:05:17.375+0700] {logging_mixin.py:188} INFO - [2024-10-12T20:05:17.374+0700] {dagbag.py:540} INFO - Filling up the DagBag from /home/hanifmmufid/airflow_env/lib/python3.10/site-packages/airflow/example_dags/example_params_ui_tutorial.py
[2024-10-12T20:05:17.397+0700] {processor.py:840} INFO - DAG(s) 'example_params_ui_tutorial' retrieved from /home/hanifmmufid/airflow_env/lib/python3.10/site-packages/airflow/example_dags/example_params_ui_tutorial.py
[2024-10-12T20:05:17.451+0700] {logging_mixin.py:188} INFO - [2024-10-12T20:05:17.450+0700] {dag.py:3096} INFO - Sync 1 DAGs
[2024-10-12T20:05:17.471+0700] {logging_mixin.py:188} INFO - [2024-10-12T20:05:17.471+0700] {dag.py:3954} INFO - Setting next_dagrun for example_params_ui_tutorial to None, run_after=None
[2024-10-12T20:05:17.497+0700] {processor.py:183} INFO - Processing /home/hanifmmufid/airflow_env/lib/python3.10/site-packages/airflow/example_dags/example_params_ui_tutorial.py took 0.143 seconds
[2024-10-12T20:06:04.466+0700] {processor.py:161} INFO - Started process (PID=8812) to work on /home/hanifmmufid/airflow_env/lib/python3.10/site-packages/airflow/example_dags/example_params_ui_tutorial.py
[2024-10-12T20:06:04.469+0700] {processor.py:830} INFO - Processing file /home/hanifmmufid/airflow_env/lib/python3.10/site-packages/airflow/example_dags/example_params_ui_tutorial.py for tasks to queue
[2024-10-12T20:06:04.472+0700] {logging_mixin.py:188} INFO - [2024-10-12T20:06:04.472+0700] {dagbag.py:540} INFO - Filling up the DagBag from /home/hanifmmufid/airflow_env/lib/python3.10/site-packages/airflow/example_dags/example_params_ui_tutorial.py
[2024-10-12T20:06:04.498+0700] {processor.py:840} INFO - DAG(s) 'example_params_ui_tutorial' retrieved from /home/hanifmmufid/airflow_env/lib/python3.10/site-packages/airflow/example_dags/example_params_ui_tutorial.py
[2024-10-12T20:06:04.624+0700] {logging_mixin.py:188} INFO - [2024-10-12T20:06:04.624+0700] {dag.py:3096} INFO - Sync 1 DAGs
[2024-10-12T20:06:04.660+0700] {logging_mixin.py:188} INFO - [2024-10-12T20:06:04.659+0700] {dag.py:3954} INFO - Setting next_dagrun for example_params_ui_tutorial to None, run_after=None
[2024-10-12T20:06:04.745+0700] {processor.py:183} INFO - Processing /home/hanifmmufid/airflow_env/lib/python3.10/site-packages/airflow/example_dags/example_params_ui_tutorial.py took 0.292 seconds
[2024-10-12T20:06:46.216+0700] {processor.py:161} INFO - Started process (PID=9192) to work on /home/hanifmmufid/airflow_env/lib/python3.10/site-packages/airflow/example_dags/example_params_ui_tutorial.py
[2024-10-12T20:06:46.218+0700] {processor.py:830} INFO - Processing file /home/hanifmmufid/airflow_env/lib/python3.10/site-packages/airflow/example_dags/example_params_ui_tutorial.py for tasks to queue
[2024-10-12T20:06:46.219+0700] {logging_mixin.py:188} INFO - [2024-10-12T20:06:46.219+0700] {dagbag.py:540} INFO - Filling up the DagBag from /home/hanifmmufid/airflow_env/lib/python3.10/site-packages/airflow/example_dags/example_params_ui_tutorial.py
[2024-10-12T20:06:46.228+0700] {processor.py:840} INFO - DAG(s) 'example_params_ui_tutorial' retrieved from /home/hanifmmufid/airflow_env/lib/python3.10/site-packages/airflow/example_dags/example_params_ui_tutorial.py
[2024-10-12T20:06:46.262+0700] {logging_mixin.py:188} INFO - [2024-10-12T20:06:46.262+0700] {dag.py:3096} INFO - Sync 1 DAGs
[2024-10-12T20:06:46.272+0700] {logging_mixin.py:188} INFO - [2024-10-12T20:06:46.272+0700] {dag.py:3954} INFO - Setting next_dagrun for example_params_ui_tutorial to None, run_after=None
[2024-10-12T20:06:46.294+0700] {processor.py:183} INFO - Processing /home/hanifmmufid/airflow_env/lib/python3.10/site-packages/airflow/example_dags/example_params_ui_tutorial.py took 0.083 seconds
[2024-10-12T20:07:43.537+0700] {processor.py:161} INFO - Started process (PID=9700) to work on /home/hanifmmufid/airflow_env/lib/python3.10/site-packages/airflow/example_dags/example_params_ui_tutorial.py
[2024-10-12T20:07:43.540+0700] {processor.py:830} INFO - Processing file /home/hanifmmufid/airflow_env/lib/python3.10/site-packages/airflow/example_dags/example_params_ui_tutorial.py for tasks to queue
[2024-10-12T20:07:43.542+0700] {logging_mixin.py:188} INFO - [2024-10-12T20:07:43.541+0700] {dagbag.py:540} INFO - Filling up the DagBag from /home/hanifmmufid/airflow_env/lib/python3.10/site-packages/airflow/example_dags/example_params_ui_tutorial.py
[2024-10-12T20:07:43.558+0700] {processor.py:840} INFO - DAG(s) 'example_params_ui_tutorial' retrieved from /home/hanifmmufid/airflow_env/lib/python3.10/site-packages/airflow/example_dags/example_params_ui_tutorial.py
[2024-10-12T20:07:43.601+0700] {logging_mixin.py:188} INFO - [2024-10-12T20:07:43.601+0700] {dag.py:3096} INFO - Sync 1 DAGs
[2024-10-12T20:07:43.616+0700] {logging_mixin.py:188} INFO - [2024-10-12T20:07:43.616+0700] {dag.py:3954} INFO - Setting next_dagrun for example_params_ui_tutorial to None, run_after=None
[2024-10-12T20:07:43.657+0700] {processor.py:183} INFO - Processing /home/hanifmmufid/airflow_env/lib/python3.10/site-packages/airflow/example_dags/example_params_ui_tutorial.py took 0.127 seconds
[2024-10-12T20:08:25.894+0700] {processor.py:161} INFO - Started process (PID=10082) to work on /home/hanifmmufid/airflow_env/lib/python3.10/site-packages/airflow/example_dags/example_params_ui_tutorial.py
[2024-10-12T20:08:25.896+0700] {processor.py:830} INFO - Processing file /home/hanifmmufid/airflow_env/lib/python3.10/site-packages/airflow/example_dags/example_params_ui_tutorial.py for tasks to queue
[2024-10-12T20:08:25.896+0700] {logging_mixin.py:188} INFO - [2024-10-12T20:08:25.896+0700] {dagbag.py:540} INFO - Filling up the DagBag from /home/hanifmmufid/airflow_env/lib/python3.10/site-packages/airflow/example_dags/example_params_ui_tutorial.py
[2024-10-12T20:08:25.906+0700] {processor.py:840} INFO - DAG(s) 'example_params_ui_tutorial' retrieved from /home/hanifmmufid/airflow_env/lib/python3.10/site-packages/airflow/example_dags/example_params_ui_tutorial.py
[2024-10-12T20:08:25.939+0700] {logging_mixin.py:188} INFO - [2024-10-12T20:08:25.938+0700] {dag.py:3096} INFO - Sync 1 DAGs
[2024-10-12T20:08:25.947+0700] {logging_mixin.py:188} INFO - [2024-10-12T20:08:25.946+0700] {dag.py:3954} INFO - Setting next_dagrun for example_params_ui_tutorial to None, run_after=None
[2024-10-12T20:08:25.970+0700] {processor.py:183} INFO - Processing /home/hanifmmufid/airflow_env/lib/python3.10/site-packages/airflow/example_dags/example_params_ui_tutorial.py took 0.080 seconds
[2024-10-12T20:09:10.227+0700] {processor.py:161} INFO - Started process (PID=10425) to work on /home/hanifmmufid/airflow_env/lib/python3.10/site-packages/airflow/example_dags/example_params_ui_tutorial.py
[2024-10-12T20:09:10.229+0700] {processor.py:830} INFO - Processing file /home/hanifmmufid/airflow_env/lib/python3.10/site-packages/airflow/example_dags/example_params_ui_tutorial.py for tasks to queue
[2024-10-12T20:09:10.230+0700] {logging_mixin.py:188} INFO - [2024-10-12T20:09:10.230+0700] {dagbag.py:540} INFO - Filling up the DagBag from /home/hanifmmufid/airflow_env/lib/python3.10/site-packages/airflow/example_dags/example_params_ui_tutorial.py
[2024-10-12T20:09:10.243+0700] {processor.py:840} INFO - DAG(s) 'example_params_ui_tutorial' retrieved from /home/hanifmmufid/airflow_env/lib/python3.10/site-packages/airflow/example_dags/example_params_ui_tutorial.py
[2024-10-12T20:09:10.283+0700] {logging_mixin.py:188} INFO - [2024-10-12T20:09:10.283+0700] {dag.py:3096} INFO - Sync 1 DAGs
[2024-10-12T20:09:10.294+0700] {logging_mixin.py:188} INFO - [2024-10-12T20:09:10.294+0700] {dag.py:3954} INFO - Setting next_dagrun for example_params_ui_tutorial to None, run_after=None
[2024-10-12T20:09:10.317+0700] {processor.py:183} INFO - Processing /home/hanifmmufid/airflow_env/lib/python3.10/site-packages/airflow/example_dags/example_params_ui_tutorial.py took 0.095 seconds
[2024-10-12T20:10:00.787+0700] {processor.py:161} INFO - Started process (PID=10823) to work on /home/hanifmmufid/airflow_env/lib/python3.10/site-packages/airflow/example_dags/example_params_ui_tutorial.py
[2024-10-12T20:10:00.789+0700] {processor.py:830} INFO - Processing file /home/hanifmmufid/airflow_env/lib/python3.10/site-packages/airflow/example_dags/example_params_ui_tutorial.py for tasks to queue
[2024-10-12T20:10:00.791+0700] {logging_mixin.py:188} INFO - [2024-10-12T20:10:00.790+0700] {dagbag.py:540} INFO - Filling up the DagBag from /home/hanifmmufid/airflow_env/lib/python3.10/site-packages/airflow/example_dags/example_params_ui_tutorial.py
[2024-10-12T20:10:00.812+0700] {processor.py:840} INFO - DAG(s) 'example_params_ui_tutorial' retrieved from /home/hanifmmufid/airflow_env/lib/python3.10/site-packages/airflow/example_dags/example_params_ui_tutorial.py
[2024-10-12T20:10:00.870+0700] {logging_mixin.py:188} INFO - [2024-10-12T20:10:00.870+0700] {dag.py:3096} INFO - Sync 1 DAGs
[2024-10-12T20:10:00.886+0700] {logging_mixin.py:188} INFO - [2024-10-12T20:10:00.886+0700] {dag.py:3954} INFO - Setting next_dagrun for example_params_ui_tutorial to None, run_after=None
[2024-10-12T20:10:00.918+0700] {processor.py:183} INFO - Processing /home/hanifmmufid/airflow_env/lib/python3.10/site-packages/airflow/example_dags/example_params_ui_tutorial.py took 0.139 seconds
[2024-10-12T20:10:49.013+0700] {processor.py:161} INFO - Started process (PID=11577) to work on /home/hanifmmufid/airflow_env/lib/python3.10/site-packages/airflow/example_dags/example_params_ui_tutorial.py
[2024-10-12T20:10:49.015+0700] {processor.py:830} INFO - Processing file /home/hanifmmufid/airflow_env/lib/python3.10/site-packages/airflow/example_dags/example_params_ui_tutorial.py for tasks to queue
[2024-10-12T20:10:49.017+0700] {logging_mixin.py:188} INFO - [2024-10-12T20:10:49.016+0700] {dagbag.py:540} INFO - Filling up the DagBag from /home/hanifmmufid/airflow_env/lib/python3.10/site-packages/airflow/example_dags/example_params_ui_tutorial.py
[2024-10-12T20:10:49.033+0700] {processor.py:840} INFO - DAG(s) 'example_params_ui_tutorial' retrieved from /home/hanifmmufid/airflow_env/lib/python3.10/site-packages/airflow/example_dags/example_params_ui_tutorial.py
[2024-10-12T20:10:49.089+0700] {logging_mixin.py:188} INFO - [2024-10-12T20:10:49.089+0700] {dag.py:3096} INFO - Sync 1 DAGs
[2024-10-12T20:10:49.102+0700] {logging_mixin.py:188} INFO - [2024-10-12T20:10:49.102+0700] {dag.py:3954} INFO - Setting next_dagrun for example_params_ui_tutorial to None, run_after=None
[2024-10-12T20:10:49.148+0700] {processor.py:183} INFO - Processing /home/hanifmmufid/airflow_env/lib/python3.10/site-packages/airflow/example_dags/example_params_ui_tutorial.py took 0.144 seconds
[2024-10-12T20:11:36.313+0700] {processor.py:161} INFO - Started process (PID=11949) to work on /home/hanifmmufid/airflow_env/lib/python3.10/site-packages/airflow/example_dags/example_params_ui_tutorial.py
[2024-10-12T20:11:36.315+0700] {processor.py:830} INFO - Processing file /home/hanifmmufid/airflow_env/lib/python3.10/site-packages/airflow/example_dags/example_params_ui_tutorial.py for tasks to queue
[2024-10-12T20:11:36.317+0700] {logging_mixin.py:188} INFO - [2024-10-12T20:11:36.316+0700] {dagbag.py:540} INFO - Filling up the DagBag from /home/hanifmmufid/airflow_env/lib/python3.10/site-packages/airflow/example_dags/example_params_ui_tutorial.py
[2024-10-12T20:11:36.346+0700] {processor.py:840} INFO - DAG(s) 'example_params_ui_tutorial' retrieved from /home/hanifmmufid/airflow_env/lib/python3.10/site-packages/airflow/example_dags/example_params_ui_tutorial.py
[2024-10-12T20:11:36.410+0700] {logging_mixin.py:188} INFO - [2024-10-12T20:11:36.410+0700] {dag.py:3096} INFO - Sync 1 DAGs
[2024-10-12T20:11:36.422+0700] {logging_mixin.py:188} INFO - [2024-10-12T20:11:36.421+0700] {dag.py:3954} INFO - Setting next_dagrun for example_params_ui_tutorial to None, run_after=None
[2024-10-12T20:11:36.446+0700] {processor.py:183} INFO - Processing /home/hanifmmufid/airflow_env/lib/python3.10/site-packages/airflow/example_dags/example_params_ui_tutorial.py took 0.141 seconds
[2024-10-12T20:12:17.242+0700] {processor.py:161} INFO - Started process (PID=12282) to work on /home/hanifmmufid/airflow_env/lib/python3.10/site-packages/airflow/example_dags/example_params_ui_tutorial.py
[2024-10-12T20:12:17.244+0700] {processor.py:830} INFO - Processing file /home/hanifmmufid/airflow_env/lib/python3.10/site-packages/airflow/example_dags/example_params_ui_tutorial.py for tasks to queue
[2024-10-12T20:12:17.246+0700] {logging_mixin.py:188} INFO - [2024-10-12T20:12:17.245+0700] {dagbag.py:540} INFO - Filling up the DagBag from /home/hanifmmufid/airflow_env/lib/python3.10/site-packages/airflow/example_dags/example_params_ui_tutorial.py
[2024-10-12T20:12:17.265+0700] {processor.py:840} INFO - DAG(s) 'example_params_ui_tutorial' retrieved from /home/hanifmmufid/airflow_env/lib/python3.10/site-packages/airflow/example_dags/example_params_ui_tutorial.py
[2024-10-12T20:12:17.334+0700] {logging_mixin.py:188} INFO - [2024-10-12T20:12:17.333+0700] {dag.py:3096} INFO - Sync 1 DAGs
[2024-10-12T20:12:17.352+0700] {logging_mixin.py:188} INFO - [2024-10-12T20:12:17.351+0700] {dag.py:3954} INFO - Setting next_dagrun for example_params_ui_tutorial to None, run_after=None
[2024-10-12T20:12:17.408+0700] {processor.py:183} INFO - Processing /home/hanifmmufid/airflow_env/lib/python3.10/site-packages/airflow/example_dags/example_params_ui_tutorial.py took 0.192 seconds
[2024-10-12T20:13:00.062+0700] {processor.py:161} INFO - Started process (PID=12689) to work on /home/hanifmmufid/airflow_env/lib/python3.10/site-packages/airflow/example_dags/example_params_ui_tutorial.py
[2024-10-12T20:13:00.064+0700] {processor.py:830} INFO - Processing file /home/hanifmmufid/airflow_env/lib/python3.10/site-packages/airflow/example_dags/example_params_ui_tutorial.py for tasks to queue
[2024-10-12T20:13:00.074+0700] {logging_mixin.py:188} INFO - [2024-10-12T20:13:00.073+0700] {dagbag.py:540} INFO - Filling up the DagBag from /home/hanifmmufid/airflow_env/lib/python3.10/site-packages/airflow/example_dags/example_params_ui_tutorial.py
[2024-10-12T20:13:00.107+0700] {processor.py:840} INFO - DAG(s) 'example_params_ui_tutorial' retrieved from /home/hanifmmufid/airflow_env/lib/python3.10/site-packages/airflow/example_dags/example_params_ui_tutorial.py
[2024-10-12T20:13:00.168+0700] {logging_mixin.py:188} INFO - [2024-10-12T20:13:00.168+0700] {dag.py:3096} INFO - Sync 1 DAGs
[2024-10-12T20:13:00.184+0700] {logging_mixin.py:188} INFO - [2024-10-12T20:13:00.184+0700] {dag.py:3954} INFO - Setting next_dagrun for example_params_ui_tutorial to None, run_after=None
[2024-10-12T20:13:00.214+0700] {processor.py:183} INFO - Processing /home/hanifmmufid/airflow_env/lib/python3.10/site-packages/airflow/example_dags/example_params_ui_tutorial.py took 0.162 seconds
[2024-10-12T20:13:42.099+0700] {processor.py:161} INFO - Started process (PID=13020) to work on /home/hanifmmufid/airflow_env/lib/python3.10/site-packages/airflow/example_dags/example_params_ui_tutorial.py
[2024-10-12T20:13:42.101+0700] {processor.py:830} INFO - Processing file /home/hanifmmufid/airflow_env/lib/python3.10/site-packages/airflow/example_dags/example_params_ui_tutorial.py for tasks to queue
[2024-10-12T20:13:42.102+0700] {logging_mixin.py:188} INFO - [2024-10-12T20:13:42.102+0700] {dagbag.py:540} INFO - Filling up the DagBag from /home/hanifmmufid/airflow_env/lib/python3.10/site-packages/airflow/example_dags/example_params_ui_tutorial.py
[2024-10-12T20:13:42.115+0700] {processor.py:840} INFO - DAG(s) 'example_params_ui_tutorial' retrieved from /home/hanifmmufid/airflow_env/lib/python3.10/site-packages/airflow/example_dags/example_params_ui_tutorial.py
[2024-10-12T20:13:42.165+0700] {logging_mixin.py:188} INFO - [2024-10-12T20:13:42.164+0700] {dag.py:3096} INFO - Sync 1 DAGs
[2024-10-12T20:13:42.178+0700] {logging_mixin.py:188} INFO - [2024-10-12T20:13:42.178+0700] {dag.py:3954} INFO - Setting next_dagrun for example_params_ui_tutorial to None, run_after=None
[2024-10-12T20:13:42.210+0700] {processor.py:183} INFO - Processing /home/hanifmmufid/airflow_env/lib/python3.10/site-packages/airflow/example_dags/example_params_ui_tutorial.py took 0.117 seconds
[2024-10-12T20:14:26.247+0700] {processor.py:161} INFO - Started process (PID=13367) to work on /home/hanifmmufid/airflow_env/lib/python3.10/site-packages/airflow/example_dags/example_params_ui_tutorial.py
[2024-10-12T20:14:26.249+0700] {processor.py:830} INFO - Processing file /home/hanifmmufid/airflow_env/lib/python3.10/site-packages/airflow/example_dags/example_params_ui_tutorial.py for tasks to queue
[2024-10-12T20:14:26.250+0700] {logging_mixin.py:188} INFO - [2024-10-12T20:14:26.249+0700] {dagbag.py:540} INFO - Filling up the DagBag from /home/hanifmmufid/airflow_env/lib/python3.10/site-packages/airflow/example_dags/example_params_ui_tutorial.py
[2024-10-12T20:14:26.266+0700] {processor.py:840} INFO - DAG(s) 'example_params_ui_tutorial' retrieved from /home/hanifmmufid/airflow_env/lib/python3.10/site-packages/airflow/example_dags/example_params_ui_tutorial.py
[2024-10-12T20:14:26.324+0700] {logging_mixin.py:188} INFO - [2024-10-12T20:14:26.323+0700] {dag.py:3096} INFO - Sync 1 DAGs
[2024-10-12T20:14:26.339+0700] {logging_mixin.py:188} INFO - [2024-10-12T20:14:26.339+0700] {dag.py:3954} INFO - Setting next_dagrun for example_params_ui_tutorial to None, run_after=None
[2024-10-12T20:14:26.381+0700] {processor.py:183} INFO - Processing /home/hanifmmufid/airflow_env/lib/python3.10/site-packages/airflow/example_dags/example_params_ui_tutorial.py took 0.141 seconds
[2024-10-12T20:15:07.690+0700] {processor.py:161} INFO - Started process (PID=13703) to work on /home/hanifmmufid/airflow_env/lib/python3.10/site-packages/airflow/example_dags/example_params_ui_tutorial.py
[2024-10-12T20:15:07.694+0700] {processor.py:830} INFO - Processing file /home/hanifmmufid/airflow_env/lib/python3.10/site-packages/airflow/example_dags/example_params_ui_tutorial.py for tasks to queue
[2024-10-12T20:15:07.696+0700] {logging_mixin.py:188} INFO - [2024-10-12T20:15:07.696+0700] {dagbag.py:540} INFO - Filling up the DagBag from /home/hanifmmufid/airflow_env/lib/python3.10/site-packages/airflow/example_dags/example_params_ui_tutorial.py
[2024-10-12T20:15:07.718+0700] {processor.py:840} INFO - DAG(s) 'example_params_ui_tutorial' retrieved from /home/hanifmmufid/airflow_env/lib/python3.10/site-packages/airflow/example_dags/example_params_ui_tutorial.py
[2024-10-12T20:15:07.780+0700] {logging_mixin.py:188} INFO - [2024-10-12T20:15:07.780+0700] {dag.py:3096} INFO - Sync 1 DAGs
[2024-10-12T20:15:07.797+0700] {logging_mixin.py:188} INFO - [2024-10-12T20:15:07.797+0700] {dag.py:3954} INFO - Setting next_dagrun for example_params_ui_tutorial to None, run_after=None
[2024-10-12T20:15:07.832+0700] {processor.py:183} INFO - Processing /home/hanifmmufid/airflow_env/lib/python3.10/site-packages/airflow/example_dags/example_params_ui_tutorial.py took 0.155 seconds
[2024-10-12T20:15:44.339+0700] {processor.py:161} INFO - Started process (PID=14032) to work on /home/hanifmmufid/airflow_env/lib/python3.10/site-packages/airflow/example_dags/example_params_ui_tutorial.py
[2024-10-12T20:15:44.341+0700] {processor.py:830} INFO - Processing file /home/hanifmmufid/airflow_env/lib/python3.10/site-packages/airflow/example_dags/example_params_ui_tutorial.py for tasks to queue
[2024-10-12T20:15:44.343+0700] {logging_mixin.py:188} INFO - [2024-10-12T20:15:44.342+0700] {dagbag.py:540} INFO - Filling up the DagBag from /home/hanifmmufid/airflow_env/lib/python3.10/site-packages/airflow/example_dags/example_params_ui_tutorial.py
[2024-10-12T20:15:44.361+0700] {processor.py:840} INFO - DAG(s) 'example_params_ui_tutorial' retrieved from /home/hanifmmufid/airflow_env/lib/python3.10/site-packages/airflow/example_dags/example_params_ui_tutorial.py
[2024-10-12T20:15:44.421+0700] {logging_mixin.py:188} INFO - [2024-10-12T20:15:44.421+0700] {dag.py:3096} INFO - Sync 1 DAGs
[2024-10-12T20:15:44.431+0700] {logging_mixin.py:188} INFO - [2024-10-12T20:15:44.431+0700] {dag.py:3954} INFO - Setting next_dagrun for example_params_ui_tutorial to None, run_after=None
[2024-10-12T20:15:44.461+0700] {processor.py:183} INFO - Processing /home/hanifmmufid/airflow_env/lib/python3.10/site-packages/airflow/example_dags/example_params_ui_tutorial.py took 0.129 seconds
[2024-10-12T20:16:19.988+0700] {processor.py:161} INFO - Started process (PID=14370) to work on /home/hanifmmufid/airflow_env/lib/python3.10/site-packages/airflow/example_dags/example_params_ui_tutorial.py
[2024-10-12T20:16:19.990+0700] {processor.py:830} INFO - Processing file /home/hanifmmufid/airflow_env/lib/python3.10/site-packages/airflow/example_dags/example_params_ui_tutorial.py for tasks to queue
[2024-10-12T20:16:19.992+0700] {logging_mixin.py:188} INFO - [2024-10-12T20:16:19.991+0700] {dagbag.py:540} INFO - Filling up the DagBag from /home/hanifmmufid/airflow_env/lib/python3.10/site-packages/airflow/example_dags/example_params_ui_tutorial.py
[2024-10-12T20:16:20.006+0700] {processor.py:840} INFO - DAG(s) 'example_params_ui_tutorial' retrieved from /home/hanifmmufid/airflow_env/lib/python3.10/site-packages/airflow/example_dags/example_params_ui_tutorial.py
[2024-10-12T20:16:20.044+0700] {logging_mixin.py:188} INFO - [2024-10-12T20:16:20.043+0700] {dag.py:3096} INFO - Sync 1 DAGs
[2024-10-12T20:16:20.053+0700] {logging_mixin.py:188} INFO - [2024-10-12T20:16:20.053+0700] {dag.py:3954} INFO - Setting next_dagrun for example_params_ui_tutorial to None, run_after=None
[2024-10-12T20:16:20.078+0700] {processor.py:183} INFO - Processing /home/hanifmmufid/airflow_env/lib/python3.10/site-packages/airflow/example_dags/example_params_ui_tutorial.py took 0.096 seconds
[2024-10-12T20:16:54.723+0700] {processor.py:161} INFO - Started process (PID=14684) to work on /home/hanifmmufid/airflow_env/lib/python3.10/site-packages/airflow/example_dags/example_params_ui_tutorial.py
[2024-10-12T20:16:54.725+0700] {processor.py:830} INFO - Processing file /home/hanifmmufid/airflow_env/lib/python3.10/site-packages/airflow/example_dags/example_params_ui_tutorial.py for tasks to queue
[2024-10-12T20:16:54.726+0700] {logging_mixin.py:188} INFO - [2024-10-12T20:16:54.726+0700] {dagbag.py:540} INFO - Filling up the DagBag from /home/hanifmmufid/airflow_env/lib/python3.10/site-packages/airflow/example_dags/example_params_ui_tutorial.py
[2024-10-12T20:16:54.743+0700] {processor.py:840} INFO - DAG(s) 'example_params_ui_tutorial' retrieved from /home/hanifmmufid/airflow_env/lib/python3.10/site-packages/airflow/example_dags/example_params_ui_tutorial.py
[2024-10-12T20:16:54.786+0700] {logging_mixin.py:188} INFO - [2024-10-12T20:16:54.786+0700] {dag.py:3096} INFO - Sync 1 DAGs
[2024-10-12T20:16:54.797+0700] {logging_mixin.py:188} INFO - [2024-10-12T20:16:54.797+0700] {dag.py:3954} INFO - Setting next_dagrun for example_params_ui_tutorial to None, run_after=None
[2024-10-12T20:16:54.840+0700] {processor.py:183} INFO - Processing /home/hanifmmufid/airflow_env/lib/python3.10/site-packages/airflow/example_dags/example_params_ui_tutorial.py took 0.125 seconds
[2024-10-12T20:17:40.981+0700] {processor.py:161} INFO - Started process (PID=15025) to work on /home/hanifmmufid/airflow_env/lib/python3.10/site-packages/airflow/example_dags/example_params_ui_tutorial.py
[2024-10-12T20:17:40.983+0700] {processor.py:830} INFO - Processing file /home/hanifmmufid/airflow_env/lib/python3.10/site-packages/airflow/example_dags/example_params_ui_tutorial.py for tasks to queue
[2024-10-12T20:17:40.985+0700] {logging_mixin.py:188} INFO - [2024-10-12T20:17:40.984+0700] {dagbag.py:540} INFO - Filling up the DagBag from /home/hanifmmufid/airflow_env/lib/python3.10/site-packages/airflow/example_dags/example_params_ui_tutorial.py
[2024-10-12T20:17:41.006+0700] {processor.py:840} INFO - DAG(s) 'example_params_ui_tutorial' retrieved from /home/hanifmmufid/airflow_env/lib/python3.10/site-packages/airflow/example_dags/example_params_ui_tutorial.py
[2024-10-12T20:17:41.101+0700] {logging_mixin.py:188} INFO - [2024-10-12T20:17:41.100+0700] {dag.py:3096} INFO - Sync 1 DAGs
[2024-10-12T20:17:41.122+0700] {logging_mixin.py:188} INFO - [2024-10-12T20:17:41.122+0700] {dag.py:3954} INFO - Setting next_dagrun for example_params_ui_tutorial to None, run_after=None
[2024-10-12T20:17:41.167+0700] {processor.py:183} INFO - Processing /home/hanifmmufid/airflow_env/lib/python3.10/site-packages/airflow/example_dags/example_params_ui_tutorial.py took 0.197 seconds
[2024-10-12T20:18:26.212+0700] {processor.py:161} INFO - Started process (PID=15428) to work on /home/hanifmmufid/airflow_env/lib/python3.10/site-packages/airflow/example_dags/example_params_ui_tutorial.py
[2024-10-12T20:18:26.214+0700] {processor.py:830} INFO - Processing file /home/hanifmmufid/airflow_env/lib/python3.10/site-packages/airflow/example_dags/example_params_ui_tutorial.py for tasks to queue
[2024-10-12T20:18:26.216+0700] {logging_mixin.py:188} INFO - [2024-10-12T20:18:26.215+0700] {dagbag.py:540} INFO - Filling up the DagBag from /home/hanifmmufid/airflow_env/lib/python3.10/site-packages/airflow/example_dags/example_params_ui_tutorial.py
[2024-10-12T20:18:26.236+0700] {processor.py:840} INFO - DAG(s) 'example_params_ui_tutorial' retrieved from /home/hanifmmufid/airflow_env/lib/python3.10/site-packages/airflow/example_dags/example_params_ui_tutorial.py
[2024-10-12T20:18:26.277+0700] {logging_mixin.py:188} INFO - [2024-10-12T20:18:26.276+0700] {dag.py:3096} INFO - Sync 1 DAGs
[2024-10-12T20:18:26.287+0700] {logging_mixin.py:188} INFO - [2024-10-12T20:18:26.286+0700] {dag.py:3954} INFO - Setting next_dagrun for example_params_ui_tutorial to None, run_after=None
[2024-10-12T20:18:26.315+0700] {processor.py:183} INFO - Processing /home/hanifmmufid/airflow_env/lib/python3.10/site-packages/airflow/example_dags/example_params_ui_tutorial.py took 0.110 seconds
[2024-10-12T20:19:03.999+0700] {processor.py:161} INFO - Started process (PID=15786) to work on /home/hanifmmufid/airflow_env/lib/python3.10/site-packages/airflow/example_dags/example_params_ui_tutorial.py
[2024-10-12T20:19:04.000+0700] {processor.py:830} INFO - Processing file /home/hanifmmufid/airflow_env/lib/python3.10/site-packages/airflow/example_dags/example_params_ui_tutorial.py for tasks to queue
[2024-10-12T20:19:04.002+0700] {logging_mixin.py:188} INFO - [2024-10-12T20:19:04.001+0700] {dagbag.py:540} INFO - Filling up the DagBag from /home/hanifmmufid/airflow_env/lib/python3.10/site-packages/airflow/example_dags/example_params_ui_tutorial.py
[2024-10-12T20:19:04.025+0700] {processor.py:840} INFO - DAG(s) 'example_params_ui_tutorial' retrieved from /home/hanifmmufid/airflow_env/lib/python3.10/site-packages/airflow/example_dags/example_params_ui_tutorial.py
[2024-10-12T20:19:04.141+0700] {logging_mixin.py:188} INFO - [2024-10-12T20:19:04.140+0700] {dag.py:3096} INFO - Sync 1 DAGs
[2024-10-12T20:19:04.182+0700] {logging_mixin.py:188} INFO - [2024-10-12T20:19:04.181+0700] {dag.py:3954} INFO - Setting next_dagrun for example_params_ui_tutorial to None, run_after=None
[2024-10-12T20:19:04.226+0700] {processor.py:183} INFO - Processing /home/hanifmmufid/airflow_env/lib/python3.10/site-packages/airflow/example_dags/example_params_ui_tutorial.py took 0.237 seconds
[2024-10-12T20:19:47.322+0700] {processor.py:161} INFO - Started process (PID=17016) to work on /home/hanifmmufid/airflow_env/lib/python3.10/site-packages/airflow/example_dags/example_params_ui_tutorial.py
[2024-10-12T20:19:47.324+0700] {processor.py:830} INFO - Processing file /home/hanifmmufid/airflow_env/lib/python3.10/site-packages/airflow/example_dags/example_params_ui_tutorial.py for tasks to queue
[2024-10-12T20:19:47.325+0700] {logging_mixin.py:188} INFO - [2024-10-12T20:19:47.324+0700] {dagbag.py:540} INFO - Filling up the DagBag from /home/hanifmmufid/airflow_env/lib/python3.10/site-packages/airflow/example_dags/example_params_ui_tutorial.py
[2024-10-12T20:19:47.340+0700] {processor.py:840} INFO - DAG(s) 'example_params_ui_tutorial' retrieved from /home/hanifmmufid/airflow_env/lib/python3.10/site-packages/airflow/example_dags/example_params_ui_tutorial.py
[2024-10-12T20:19:47.385+0700] {logging_mixin.py:188} INFO - [2024-10-12T20:19:47.384+0700] {dag.py:3096} INFO - Sync 1 DAGs
[2024-10-12T20:19:47.394+0700] {logging_mixin.py:188} INFO - [2024-10-12T20:19:47.393+0700] {dag.py:3954} INFO - Setting next_dagrun for example_params_ui_tutorial to None, run_after=None
[2024-10-12T20:19:47.413+0700] {processor.py:183} INFO - Processing /home/hanifmmufid/airflow_env/lib/python3.10/site-packages/airflow/example_dags/example_params_ui_tutorial.py took 0.096 seconds
