[2024-10-12T20:02:34.543+0700] {processor.py:161} INFO - Started process (PID=5632) to work on /home/hanifmmufid/airflow_env/lib/python3.10/site-packages/airflow/example_dags/example_short_circuit_operator.py
[2024-10-12T20:02:34.544+0700] {processor.py:830} INFO - Processing file /home/hanifmmufid/airflow_env/lib/python3.10/site-packages/airflow/example_dags/example_short_circuit_operator.py for tasks to queue
[2024-10-12T20:02:34.546+0700] {logging_mixin.py:188} INFO - [2024-10-12T20:02:34.545+0700] {dagbag.py:540} INFO - Filling up the DagBag from /home/hanifmmufid/airflow_env/lib/python3.10/site-packages/airflow/example_dags/example_short_circuit_operator.py
[2024-10-12T20:02:34.552+0700] {processor.py:840} INFO - DAG(s) 'example_short_circuit_operator' retrieved from /home/hanifmmufid/airflow_env/lib/python3.10/site-packages/airflow/example_dags/example_short_circuit_operator.py
[2024-10-12T20:02:34.642+0700] {logging_mixin.py:188} INFO - [2024-10-12T20:02:34.641+0700] {override.py:1901} INFO - Created Permission View: can edit on DAG:example_short_circuit_operator
[2024-10-12T20:02:34.653+0700] {logging_mixin.py:188} INFO - [2024-10-12T20:02:34.653+0700] {override.py:1901} INFO - Created Permission View: can read on DAG:example_short_circuit_operator
[2024-10-12T20:02:34.662+0700] {logging_mixin.py:188} INFO - [2024-10-12T20:02:34.662+0700] {override.py:1901} INFO - Created Permission View: can delete on DAG:example_short_circuit_operator
[2024-10-12T20:02:34.662+0700] {logging_mixin.py:188} INFO - [2024-10-12T20:02:34.662+0700] {dag.py:3096} INFO - Sync 1 DAGs
[2024-10-12T20:02:34.670+0700] {logging_mixin.py:188} INFO - [2024-10-12T20:02:34.670+0700] {dag.py:3118} INFO - Creating ORM DAG for example_short_circuit_operator
[2024-10-12T20:02:34.677+0700] {logging_mixin.py:188} INFO - [2024-10-12T20:02:34.677+0700] {dag.py:3954} INFO - Setting next_dagrun for example_short_circuit_operator to 2024-10-11 00:00:00+00:00, run_after=2024-10-12 00:00:00+00:00
[2024-10-12T20:02:34.780+0700] {processor.py:183} INFO - Processing /home/hanifmmufid/airflow_env/lib/python3.10/site-packages/airflow/example_dags/example_short_circuit_operator.py took 0.241 seconds
[2024-10-12T20:03:36.185+0700] {processor.py:161} INFO - Started process (PID=5997) to work on /home/hanifmmufid/airflow_env/lib/python3.10/site-packages/airflow/example_dags/example_short_circuit_operator.py
[2024-10-12T20:03:36.186+0700] {processor.py:830} INFO - Processing file /home/hanifmmufid/airflow_env/lib/python3.10/site-packages/airflow/example_dags/example_short_circuit_operator.py for tasks to queue
[2024-10-12T20:03:36.188+0700] {logging_mixin.py:188} INFO - [2024-10-12T20:03:36.187+0700] {dagbag.py:540} INFO - Filling up the DagBag from /home/hanifmmufid/airflow_env/lib/python3.10/site-packages/airflow/example_dags/example_short_circuit_operator.py
[2024-10-12T20:03:36.195+0700] {processor.py:840} INFO - DAG(s) 'example_short_circuit_operator' retrieved from /home/hanifmmufid/airflow_env/lib/python3.10/site-packages/airflow/example_dags/example_short_circuit_operator.py
[2024-10-12T20:03:36.215+0700] {logging_mixin.py:188} INFO - [2024-10-12T20:03:36.214+0700] {dag.py:3096} INFO - Sync 1 DAGs
[2024-10-12T20:03:36.229+0700] {logging_mixin.py:188} INFO - [2024-10-12T20:03:36.228+0700] {dag.py:3954} INFO - Setting next_dagrun for example_short_circuit_operator to 2024-10-11 00:00:00+00:00, run_after=2024-10-12 00:00:00+00:00
[2024-10-12T20:03:36.249+0700] {processor.py:183} INFO - Processing /home/hanifmmufid/airflow_env/lib/python3.10/site-packages/airflow/example_dags/example_short_circuit_operator.py took 0.071 seconds
[2024-10-12T20:04:43.360+0700] {processor.py:161} INFO - Started process (PID=6626) to work on /home/hanifmmufid/airflow_env/lib/python3.10/site-packages/airflow/example_dags/example_short_circuit_operator.py
[2024-10-12T20:04:43.362+0700] {processor.py:830} INFO - Processing file /home/hanifmmufid/airflow_env/lib/python3.10/site-packages/airflow/example_dags/example_short_circuit_operator.py for tasks to queue
[2024-10-12T20:04:43.363+0700] {logging_mixin.py:188} INFO - [2024-10-12T20:04:43.363+0700] {dagbag.py:540} INFO - Filling up the DagBag from /home/hanifmmufid/airflow_env/lib/python3.10/site-packages/airflow/example_dags/example_short_circuit_operator.py
[2024-10-12T20:04:43.370+0700] {processor.py:840} INFO - DAG(s) 'example_short_circuit_operator' retrieved from /home/hanifmmufid/airflow_env/lib/python3.10/site-packages/airflow/example_dags/example_short_circuit_operator.py
[2024-10-12T20:04:43.388+0700] {logging_mixin.py:188} INFO - [2024-10-12T20:04:43.387+0700] {dag.py:3096} INFO - Sync 1 DAGs
[2024-10-12T20:04:43.495+0700] {logging_mixin.py:188} INFO - [2024-10-12T20:04:43.494+0700] {dag.py:3954} INFO - Setting next_dagrun for example_short_circuit_operator to 2024-10-11 00:00:00+00:00, run_after=2024-10-12 00:00:00+00:00
[2024-10-12T20:04:43.518+0700] {processor.py:183} INFO - Processing /home/hanifmmufid/airflow_env/lib/python3.10/site-packages/airflow/example_dags/example_short_circuit_operator.py took 0.165 seconds
[2024-10-12T20:05:37.052+0700] {processor.py:161} INFO - Started process (PID=8588) to work on /home/hanifmmufid/airflow_env/lib/python3.10/site-packages/airflow/example_dags/example_short_circuit_operator.py
[2024-10-12T20:05:37.054+0700] {processor.py:830} INFO - Processing file /home/hanifmmufid/airflow_env/lib/python3.10/site-packages/airflow/example_dags/example_short_circuit_operator.py for tasks to queue
[2024-10-12T20:05:37.057+0700] {logging_mixin.py:188} INFO - [2024-10-12T20:05:37.056+0700] {dagbag.py:540} INFO - Filling up the DagBag from /home/hanifmmufid/airflow_env/lib/python3.10/site-packages/airflow/example_dags/example_short_circuit_operator.py
[2024-10-12T20:05:37.065+0700] {processor.py:840} INFO - DAG(s) 'example_short_circuit_operator' retrieved from /home/hanifmmufid/airflow_env/lib/python3.10/site-packages/airflow/example_dags/example_short_circuit_operator.py
[2024-10-12T20:05:37.087+0700] {logging_mixin.py:188} INFO - [2024-10-12T20:05:37.087+0700] {dag.py:3096} INFO - Sync 1 DAGs
[2024-10-12T20:05:37.106+0700] {logging_mixin.py:188} INFO - [2024-10-12T20:05:37.106+0700] {dag.py:3954} INFO - Setting next_dagrun for example_short_circuit_operator to 2024-10-11 00:00:00+00:00, run_after=2024-10-12 00:00:00+00:00
[2024-10-12T20:05:37.136+0700] {processor.py:183} INFO - Processing /home/hanifmmufid/airflow_env/lib/python3.10/site-packages/airflow/example_dags/example_short_circuit_operator.py took 0.092 seconds
