[2024-10-12T20:03:00.744+0700] {processor.py:161} INFO - Started process (PID=5773) to work on /home/hanifmmufid/airflow_env/lib/python3.10/site-packages/airflow/example_dags/example_datasets.py
[2024-10-12T20:03:00.749+0700] {processor.py:830} INFO - Processing file /home/hanifmmufid/airflow_env/lib/python3.10/site-packages/airflow/example_dags/example_datasets.py for tasks to queue
[2024-10-12T20:03:00.752+0700] {logging_mixin.py:188} INFO - [2024-10-12T20:03:00.751+0700] {dagbag.py:540} INFO - Filling up the DagBag from /home/hanifmmufid/airflow_env/lib/python3.10/site-packages/airflow/example_dags/example_datasets.py
[2024-10-12T20:03:00.832+0700] {processor.py:840} INFO - DAG(s) 'dataset_consumes_1_never_scheduled', 'dataset_consumes_1_and_2', 'consume_1_or_both_2_and_3_with_dataset_expressions', 'conditional_dataset_and_time_based_timetable', 'dataset_consumes_1', 'consume_1_and_2_with_dataset_expressions', 'consume_1_or_2_with_dataset_expressions', 'dataset_produces_1', 'dataset_consumes_unknown_never_scheduled', 'dataset_produces_2' retrieved from /home/hanifmmufid/airflow_env/lib/python3.10/site-packages/airflow/example_dags/example_datasets.py
[2024-10-12T20:03:01.208+0700] {logging_mixin.py:188} INFO - [2024-10-12T20:03:01.207+0700] {override.py:1901} INFO - Created Permission View: can edit on DAG:dataset_consumes_1_never_scheduled
[2024-10-12T20:03:01.224+0700] {logging_mixin.py:188} INFO - [2024-10-12T20:03:01.224+0700] {override.py:1901} INFO - Created Permission View: can read on DAG:dataset_consumes_1_never_scheduled
[2024-10-12T20:03:01.240+0700] {logging_mixin.py:188} INFO - [2024-10-12T20:03:01.240+0700] {override.py:1901} INFO - Created Permission View: can delete on DAG:dataset_consumes_1_never_scheduled
[2024-10-12T20:03:01.274+0700] {logging_mixin.py:188} INFO - [2024-10-12T20:03:01.273+0700] {override.py:1901} INFO - Created Permission View: can edit on DAG:dataset_consumes_1_and_2
[2024-10-12T20:03:01.290+0700] {logging_mixin.py:188} INFO - [2024-10-12T20:03:01.289+0700] {override.py:1901} INFO - Created Permission View: can read on DAG:dataset_consumes_1_and_2
[2024-10-12T20:03:01.306+0700] {logging_mixin.py:188} INFO - [2024-10-12T20:03:01.305+0700] {override.py:1901} INFO - Created Permission View: can delete on DAG:dataset_consumes_1_and_2
[2024-10-12T20:03:01.339+0700] {logging_mixin.py:188} INFO - [2024-10-12T20:03:01.339+0700] {override.py:1901} INFO - Created Permission View: can edit on DAG:consume_1_or_both_2_and_3_with_dataset_expressions
[2024-10-12T20:03:01.358+0700] {logging_mixin.py:188} INFO - [2024-10-12T20:03:01.358+0700] {override.py:1901} INFO - Created Permission View: can read on DAG:consume_1_or_both_2_and_3_with_dataset_expressions
[2024-10-12T20:03:01.375+0700] {logging_mixin.py:188} INFO - [2024-10-12T20:03:01.375+0700] {override.py:1901} INFO - Created Permission View: can delete on DAG:consume_1_or_both_2_and_3_with_dataset_expressions
[2024-10-12T20:03:01.413+0700] {logging_mixin.py:188} INFO - [2024-10-12T20:03:01.412+0700] {override.py:1901} INFO - Created Permission View: can edit on DAG:conditional_dataset_and_time_based_timetable
[2024-10-12T20:03:01.432+0700] {logging_mixin.py:188} INFO - [2024-10-12T20:03:01.431+0700] {override.py:1901} INFO - Created Permission View: can read on DAG:conditional_dataset_and_time_based_timetable
[2024-10-12T20:03:01.450+0700] {logging_mixin.py:188} INFO - [2024-10-12T20:03:01.450+0700] {override.py:1901} INFO - Created Permission View: can delete on DAG:conditional_dataset_and_time_based_timetable
[2024-10-12T20:03:01.486+0700] {logging_mixin.py:188} INFO - [2024-10-12T20:03:01.485+0700] {override.py:1901} INFO - Created Permission View: can edit on DAG:dataset_consumes_1
[2024-10-12T20:03:01.503+0700] {logging_mixin.py:188} INFO - [2024-10-12T20:03:01.502+0700] {override.py:1901} INFO - Created Permission View: can read on DAG:dataset_consumes_1
[2024-10-12T20:03:01.515+0700] {logging_mixin.py:188} INFO - [2024-10-12T20:03:01.515+0700] {override.py:1901} INFO - Created Permission View: can delete on DAG:dataset_consumes_1
[2024-10-12T20:03:01.545+0700] {logging_mixin.py:188} INFO - [2024-10-12T20:03:01.544+0700] {override.py:1901} INFO - Created Permission View: can edit on DAG:consume_1_and_2_with_dataset_expressions
[2024-10-12T20:03:01.558+0700] {logging_mixin.py:188} INFO - [2024-10-12T20:03:01.558+0700] {override.py:1901} INFO - Created Permission View: can read on DAG:consume_1_and_2_with_dataset_expressions
[2024-10-12T20:03:01.571+0700] {logging_mixin.py:188} INFO - [2024-10-12T20:03:01.571+0700] {override.py:1901} INFO - Created Permission View: can delete on DAG:consume_1_and_2_with_dataset_expressions
[2024-10-12T20:03:01.599+0700] {logging_mixin.py:188} INFO - [2024-10-12T20:03:01.598+0700] {override.py:1901} INFO - Created Permission View: can edit on DAG:consume_1_or_2_with_dataset_expressions
[2024-10-12T20:03:01.613+0700] {logging_mixin.py:188} INFO - [2024-10-12T20:03:01.611+0700] {override.py:1901} INFO - Created Permission View: can read on DAG:consume_1_or_2_with_dataset_expressions
[2024-10-12T20:03:01.628+0700] {logging_mixin.py:188} INFO - [2024-10-12T20:03:01.628+0700] {override.py:1901} INFO - Created Permission View: can delete on DAG:consume_1_or_2_with_dataset_expressions
[2024-10-12T20:03:01.655+0700] {logging_mixin.py:188} INFO - [2024-10-12T20:03:01.654+0700] {override.py:1901} INFO - Created Permission View: can edit on DAG:dataset_produces_1
[2024-10-12T20:03:01.667+0700] {logging_mixin.py:188} INFO - [2024-10-12T20:03:01.667+0700] {override.py:1901} INFO - Created Permission View: can read on DAG:dataset_produces_1
[2024-10-12T20:03:01.682+0700] {logging_mixin.py:188} INFO - [2024-10-12T20:03:01.681+0700] {override.py:1901} INFO - Created Permission View: can delete on DAG:dataset_produces_1
[2024-10-12T20:03:01.715+0700] {logging_mixin.py:188} INFO - [2024-10-12T20:03:01.714+0700] {override.py:1901} INFO - Created Permission View: can edit on DAG:dataset_consumes_unknown_never_scheduled
[2024-10-12T20:03:01.756+0700] {logging_mixin.py:188} INFO - [2024-10-12T20:03:01.756+0700] {override.py:1901} INFO - Created Permission View: can read on DAG:dataset_consumes_unknown_never_scheduled
[2024-10-12T20:03:01.769+0700] {logging_mixin.py:188} INFO - [2024-10-12T20:03:01.769+0700] {override.py:1901} INFO - Created Permission View: can delete on DAG:dataset_consumes_unknown_never_scheduled
[2024-10-12T20:03:01.794+0700] {logging_mixin.py:188} INFO - [2024-10-12T20:03:01.794+0700] {override.py:1901} INFO - Created Permission View: can edit on DAG:dataset_produces_2
[2024-10-12T20:03:01.805+0700] {logging_mixin.py:188} INFO - [2024-10-12T20:03:01.805+0700] {override.py:1901} INFO - Created Permission View: can read on DAG:dataset_produces_2
[2024-10-12T20:03:01.816+0700] {logging_mixin.py:188} INFO - [2024-10-12T20:03:01.815+0700] {override.py:1901} INFO - Created Permission View: can delete on DAG:dataset_produces_2
[2024-10-12T20:03:01.816+0700] {logging_mixin.py:188} INFO - [2024-10-12T20:03:01.816+0700] {dag.py:3096} INFO - Sync 10 DAGs
[2024-10-12T20:03:01.825+0700] {logging_mixin.py:188} INFO - [2024-10-12T20:03:01.825+0700] {dag.py:3118} INFO - Creating ORM DAG for dataset_consumes_1_and_2
[2024-10-12T20:03:01.826+0700] {logging_mixin.py:188} INFO - [2024-10-12T20:03:01.826+0700] {dag.py:3118} INFO - Creating ORM DAG for consume_1_or_2_with_dataset_expressions
[2024-10-12T20:03:01.826+0700] {logging_mixin.py:188} INFO - [2024-10-12T20:03:01.826+0700] {dag.py:3118} INFO - Creating ORM DAG for dataset_consumes_unknown_never_scheduled
[2024-10-12T20:03:01.826+0700] {logging_mixin.py:188} INFO - [2024-10-12T20:03:01.826+0700] {dag.py:3118} INFO - Creating ORM DAG for dataset_consumes_1
[2024-10-12T20:03:01.827+0700] {logging_mixin.py:188} INFO - [2024-10-12T20:03:01.827+0700] {dag.py:3118} INFO - Creating ORM DAG for consume_1_or_both_2_and_3_with_dataset_expressions
[2024-10-12T20:03:01.827+0700] {logging_mixin.py:188} INFO - [2024-10-12T20:03:01.827+0700] {dag.py:3118} INFO - Creating ORM DAG for dataset_produces_1
[2024-10-12T20:03:01.828+0700] {logging_mixin.py:188} INFO - [2024-10-12T20:03:01.828+0700] {dag.py:3118} INFO - Creating ORM DAG for dataset_consumes_1_never_scheduled
[2024-10-12T20:03:01.828+0700] {logging_mixin.py:188} INFO - [2024-10-12T20:03:01.828+0700] {dag.py:3118} INFO - Creating ORM DAG for conditional_dataset_and_time_based_timetable
[2024-10-12T20:03:01.828+0700] {logging_mixin.py:188} INFO - [2024-10-12T20:03:01.828+0700] {dag.py:3118} INFO - Creating ORM DAG for dataset_produces_2
[2024-10-12T20:03:01.829+0700] {logging_mixin.py:188} INFO - [2024-10-12T20:03:01.829+0700] {dag.py:3118} INFO - Creating ORM DAG for consume_1_and_2_with_dataset_expressions
[2024-10-12T20:03:01.843+0700] {logging_mixin.py:188} INFO - [2024-10-12T20:03:01.843+0700] {dag.py:3954} INFO - Setting next_dagrun for conditional_dataset_and_time_based_timetable to 2024-10-09 01:00:00+00:00, run_after=2024-10-09 01:00:00+00:00
[2024-10-12T20:03:01.845+0700] {logging_mixin.py:188} INFO - [2024-10-12T20:03:01.845+0700] {dag.py:3954} INFO - Setting next_dagrun for consume_1_and_2_with_dataset_expressions to None, run_after=None
[2024-10-12T20:03:01.846+0700] {logging_mixin.py:188} INFO - [2024-10-12T20:03:01.845+0700] {dag.py:3954} INFO - Setting next_dagrun for consume_1_or_2_with_dataset_expressions to None, run_after=None
[2024-10-12T20:03:01.846+0700] {logging_mixin.py:188} INFO - [2024-10-12T20:03:01.846+0700] {dag.py:3954} INFO - Setting next_dagrun for consume_1_or_both_2_and_3_with_dataset_expressions to None, run_after=None
[2024-10-12T20:03:01.847+0700] {logging_mixin.py:188} INFO - [2024-10-12T20:03:01.847+0700] {dag.py:3954} INFO - Setting next_dagrun for dataset_consumes_1 to None, run_after=None
[2024-10-12T20:03:01.848+0700] {logging_mixin.py:188} INFO - [2024-10-12T20:03:01.848+0700] {dag.py:3954} INFO - Setting next_dagrun for dataset_consumes_1_and_2 to None, run_after=None
[2024-10-12T20:03:01.849+0700] {logging_mixin.py:188} INFO - [2024-10-12T20:03:01.849+0700] {dag.py:3954} INFO - Setting next_dagrun for dataset_consumes_1_never_scheduled to None, run_after=None
[2024-10-12T20:03:01.850+0700] {logging_mixin.py:188} INFO - [2024-10-12T20:03:01.850+0700] {dag.py:3954} INFO - Setting next_dagrun for dataset_consumes_unknown_never_scheduled to None, run_after=None
[2024-10-12T20:03:01.855+0700] {logging_mixin.py:188} INFO - [2024-10-12T20:03:01.855+0700] {dag.py:3954} INFO - Setting next_dagrun for dataset_produces_1 to 2024-10-11 00:00:00+00:00, run_after=2024-10-12 00:00:00+00:00
[2024-10-12T20:03:01.857+0700] {logging_mixin.py:188} INFO - [2024-10-12T20:03:01.857+0700] {dag.py:3954} INFO - Setting next_dagrun for dataset_produces_2 to None, run_after=None
[2024-10-12T20:03:01.931+0700] {processor.py:183} INFO - Processing /home/hanifmmufid/airflow_env/lib/python3.10/site-packages/airflow/example_dags/example_datasets.py took 1.209 seconds
[2024-10-12T20:04:06.505+0700] {processor.py:161} INFO - Started process (PID=6354) to work on /home/hanifmmufid/airflow_env/lib/python3.10/site-packages/airflow/example_dags/example_datasets.py
[2024-10-12T20:04:06.507+0700] {processor.py:830} INFO - Processing file /home/hanifmmufid/airflow_env/lib/python3.10/site-packages/airflow/example_dags/example_datasets.py for tasks to queue
[2024-10-12T20:04:06.509+0700] {logging_mixin.py:188} INFO - [2024-10-12T20:04:06.509+0700] {dagbag.py:540} INFO - Filling up the DagBag from /home/hanifmmufid/airflow_env/lib/python3.10/site-packages/airflow/example_dags/example_datasets.py
[2024-10-12T20:04:06.537+0700] {processor.py:840} INFO - DAG(s) 'dataset_consumes_1', 'dataset_consumes_unknown_never_scheduled', 'dataset_consumes_1_and_2', 'dataset_produces_1', 'consume_1_or_2_with_dataset_expressions', 'conditional_dataset_and_time_based_timetable', 'dataset_consumes_1_never_scheduled', 'consume_1_or_both_2_and_3_with_dataset_expressions', 'dataset_produces_2', 'consume_1_and_2_with_dataset_expressions' retrieved from /home/hanifmmufid/airflow_env/lib/python3.10/site-packages/airflow/example_dags/example_datasets.py
[2024-10-12T20:04:06.604+0700] {logging_mixin.py:188} INFO - [2024-10-12T20:04:06.603+0700] {dag.py:3096} INFO - Sync 10 DAGs
[2024-10-12T20:04:06.751+0700] {logging_mixin.py:188} INFO - [2024-10-12T20:04:06.751+0700] {dag.py:3954} INFO - Setting next_dagrun for conditional_dataset_and_time_based_timetable to 2024-10-09 01:00:00+00:00, run_after=2024-10-09 01:00:00+00:00
[2024-10-12T20:04:06.756+0700] {logging_mixin.py:188} INFO - [2024-10-12T20:04:06.756+0700] {dag.py:3954} INFO - Setting next_dagrun for consume_1_and_2_with_dataset_expressions to None, run_after=None
[2024-10-12T20:04:06.758+0700] {logging_mixin.py:188} INFO - [2024-10-12T20:04:06.758+0700] {dag.py:3954} INFO - Setting next_dagrun for consume_1_or_2_with_dataset_expressions to None, run_after=None
[2024-10-12T20:04:06.759+0700] {logging_mixin.py:188} INFO - [2024-10-12T20:04:06.759+0700] {dag.py:3954} INFO - Setting next_dagrun for consume_1_or_both_2_and_3_with_dataset_expressions to None, run_after=None
[2024-10-12T20:04:06.760+0700] {logging_mixin.py:188} INFO - [2024-10-12T20:04:06.760+0700] {dag.py:3954} INFO - Setting next_dagrun for dataset_consumes_1 to None, run_after=None
[2024-10-12T20:04:06.762+0700] {logging_mixin.py:188} INFO - [2024-10-12T20:04:06.761+0700] {dag.py:3954} INFO - Setting next_dagrun for dataset_consumes_1_and_2 to None, run_after=None
[2024-10-12T20:04:06.763+0700] {logging_mixin.py:188} INFO - [2024-10-12T20:04:06.762+0700] {dag.py:3954} INFO - Setting next_dagrun for dataset_consumes_1_never_scheduled to None, run_after=None
[2024-10-12T20:04:06.764+0700] {logging_mixin.py:188} INFO - [2024-10-12T20:04:06.764+0700] {dag.py:3954} INFO - Setting next_dagrun for dataset_consumes_unknown_never_scheduled to None, run_after=None
[2024-10-12T20:04:06.768+0700] {logging_mixin.py:188} INFO - [2024-10-12T20:04:06.767+0700] {dag.py:3954} INFO - Setting next_dagrun for dataset_produces_1 to 2024-10-11 00:00:00+00:00, run_after=2024-10-12 00:00:00+00:00
[2024-10-12T20:04:06.772+0700] {logging_mixin.py:188} INFO - [2024-10-12T20:04:06.771+0700] {dag.py:3954} INFO - Setting next_dagrun for dataset_produces_2 to None, run_after=None
[2024-10-12T20:04:06.810+0700] {processor.py:183} INFO - Processing /home/hanifmmufid/airflow_env/lib/python3.10/site-packages/airflow/example_dags/example_datasets.py took 0.311 seconds
[2024-10-12T20:05:08.285+0700] {processor.py:161} INFO - Started process (PID=6840) to work on /home/hanifmmufid/airflow_env/lib/python3.10/site-packages/airflow/example_dags/example_datasets.py
[2024-10-12T20:05:08.286+0700] {processor.py:830} INFO - Processing file /home/hanifmmufid/airflow_env/lib/python3.10/site-packages/airflow/example_dags/example_datasets.py for tasks to queue
[2024-10-12T20:05:08.288+0700] {logging_mixin.py:188} INFO - [2024-10-12T20:05:08.288+0700] {dagbag.py:540} INFO - Filling up the DagBag from /home/hanifmmufid/airflow_env/lib/python3.10/site-packages/airflow/example_dags/example_datasets.py
[2024-10-12T20:05:08.301+0700] {processor.py:840} INFO - DAG(s) 'dataset_consumes_1_and_2', 'dataset_produces_2', 'consume_1_or_both_2_and_3_with_dataset_expressions', 'dataset_consumes_1_never_scheduled', 'consume_1_and_2_with_dataset_expressions', 'conditional_dataset_and_time_based_timetable', 'dataset_consumes_unknown_never_scheduled', 'dataset_consumes_1', 'consume_1_or_2_with_dataset_expressions', 'dataset_produces_1' retrieved from /home/hanifmmufid/airflow_env/lib/python3.10/site-packages/airflow/example_dags/example_datasets.py
[2024-10-12T20:05:08.349+0700] {logging_mixin.py:188} INFO - [2024-10-12T20:05:08.349+0700] {dag.py:3096} INFO - Sync 10 DAGs
[2024-10-12T20:05:08.388+0700] {logging_mixin.py:188} INFO - [2024-10-12T20:05:08.387+0700] {dag.py:3954} INFO - Setting next_dagrun for conditional_dataset_and_time_based_timetable to 2024-10-09 01:00:00+00:00, run_after=2024-10-09 01:00:00+00:00
[2024-10-12T20:05:08.394+0700] {logging_mixin.py:188} INFO - [2024-10-12T20:05:08.394+0700] {dag.py:3954} INFO - Setting next_dagrun for consume_1_and_2_with_dataset_expressions to None, run_after=None
[2024-10-12T20:05:08.396+0700] {logging_mixin.py:188} INFO - [2024-10-12T20:05:08.396+0700] {dag.py:3954} INFO - Setting next_dagrun for consume_1_or_2_with_dataset_expressions to None, run_after=None
[2024-10-12T20:05:08.399+0700] {logging_mixin.py:188} INFO - [2024-10-12T20:05:08.399+0700] {dag.py:3954} INFO - Setting next_dagrun for consume_1_or_both_2_and_3_with_dataset_expressions to None, run_after=None
[2024-10-12T20:05:08.402+0700] {logging_mixin.py:188} INFO - [2024-10-12T20:05:08.401+0700] {dag.py:3954} INFO - Setting next_dagrun for dataset_consumes_1 to None, run_after=None
[2024-10-12T20:05:08.405+0700] {logging_mixin.py:188} INFO - [2024-10-12T20:05:08.404+0700] {dag.py:3954} INFO - Setting next_dagrun for dataset_consumes_1_and_2 to None, run_after=None
[2024-10-12T20:05:08.407+0700] {logging_mixin.py:188} INFO - [2024-10-12T20:05:08.406+0700] {dag.py:3954} INFO - Setting next_dagrun for dataset_consumes_1_never_scheduled to None, run_after=None
[2024-10-12T20:05:08.408+0700] {logging_mixin.py:188} INFO - [2024-10-12T20:05:08.408+0700] {dag.py:3954} INFO - Setting next_dagrun for dataset_consumes_unknown_never_scheduled to None, run_after=None
[2024-10-12T20:05:08.411+0700] {logging_mixin.py:188} INFO - [2024-10-12T20:05:08.411+0700] {dag.py:3954} INFO - Setting next_dagrun for dataset_produces_1 to 2024-10-11 00:00:00+00:00, run_after=2024-10-12 00:00:00+00:00
[2024-10-12T20:05:08.413+0700] {logging_mixin.py:188} INFO - [2024-10-12T20:05:08.412+0700] {dag.py:3954} INFO - Setting next_dagrun for dataset_produces_2 to None, run_after=None
[2024-10-12T20:05:08.463+0700] {processor.py:183} INFO - Processing /home/hanifmmufid/airflow_env/lib/python3.10/site-packages/airflow/example_dags/example_datasets.py took 0.185 seconds
[2024-10-12T20:06:02.718+0700] {processor.py:161} INFO - Started process (PID=8798) to work on /home/hanifmmufid/airflow_env/lib/python3.10/site-packages/airflow/example_dags/example_datasets.py
[2024-10-12T20:06:02.720+0700] {processor.py:830} INFO - Processing file /home/hanifmmufid/airflow_env/lib/python3.10/site-packages/airflow/example_dags/example_datasets.py for tasks to queue
[2024-10-12T20:06:02.722+0700] {logging_mixin.py:188} INFO - [2024-10-12T20:06:02.722+0700] {dagbag.py:540} INFO - Filling up the DagBag from /home/hanifmmufid/airflow_env/lib/python3.10/site-packages/airflow/example_dags/example_datasets.py
[2024-10-12T20:06:02.742+0700] {processor.py:840} INFO - DAG(s) 'dataset_produces_1', 'dataset_produces_2', 'consume_1_and_2_with_dataset_expressions', 'consume_1_or_2_with_dataset_expressions', 'consume_1_or_both_2_and_3_with_dataset_expressions', 'dataset_consumes_1', 'conditional_dataset_and_time_based_timetable', 'dataset_consumes_1_never_scheduled', 'dataset_consumes_1_and_2', 'dataset_consumes_unknown_never_scheduled' retrieved from /home/hanifmmufid/airflow_env/lib/python3.10/site-packages/airflow/example_dags/example_datasets.py
[2024-10-12T20:06:02.777+0700] {logging_mixin.py:188} INFO - [2024-10-12T20:06:02.776+0700] {dag.py:3096} INFO - Sync 10 DAGs
[2024-10-12T20:06:02.801+0700] {logging_mixin.py:188} INFO - [2024-10-12T20:06:02.801+0700] {dag.py:3954} INFO - Setting next_dagrun for conditional_dataset_and_time_based_timetable to 2024-10-09 01:00:00+00:00, run_after=2024-10-09 01:00:00+00:00
[2024-10-12T20:06:02.805+0700] {logging_mixin.py:188} INFO - [2024-10-12T20:06:02.805+0700] {dag.py:3954} INFO - Setting next_dagrun for consume_1_and_2_with_dataset_expressions to None, run_after=None
[2024-10-12T20:06:02.806+0700] {logging_mixin.py:188} INFO - [2024-10-12T20:06:02.806+0700] {dag.py:3954} INFO - Setting next_dagrun for consume_1_or_2_with_dataset_expressions to None, run_after=None
[2024-10-12T20:06:02.807+0700] {logging_mixin.py:188} INFO - [2024-10-12T20:06:02.807+0700] {dag.py:3954} INFO - Setting next_dagrun for consume_1_or_both_2_and_3_with_dataset_expressions to None, run_after=None
[2024-10-12T20:06:02.807+0700] {logging_mixin.py:188} INFO - [2024-10-12T20:06:02.807+0700] {dag.py:3954} INFO - Setting next_dagrun for dataset_consumes_1 to None, run_after=None
[2024-10-12T20:06:02.809+0700] {logging_mixin.py:188} INFO - [2024-10-12T20:06:02.809+0700] {dag.py:3954} INFO - Setting next_dagrun for dataset_consumes_1_and_2 to None, run_after=None
[2024-10-12T20:06:02.811+0700] {logging_mixin.py:188} INFO - [2024-10-12T20:06:02.810+0700] {dag.py:3954} INFO - Setting next_dagrun for dataset_consumes_1_never_scheduled to None, run_after=None
[2024-10-12T20:06:02.812+0700] {logging_mixin.py:188} INFO - [2024-10-12T20:06:02.812+0700] {dag.py:3954} INFO - Setting next_dagrun for dataset_consumes_unknown_never_scheduled to None, run_after=None
[2024-10-12T20:06:02.815+0700] {logging_mixin.py:188} INFO - [2024-10-12T20:06:02.815+0700] {dag.py:3954} INFO - Setting next_dagrun for dataset_produces_1 to 2024-10-11 00:00:00+00:00, run_after=2024-10-12 00:00:00+00:00
[2024-10-12T20:06:02.816+0700] {logging_mixin.py:188} INFO - [2024-10-12T20:06:02.816+0700] {dag.py:3954} INFO - Setting next_dagrun for dataset_produces_2 to None, run_after=None
[2024-10-12T20:06:02.854+0700] {processor.py:183} INFO - Processing /home/hanifmmufid/airflow_env/lib/python3.10/site-packages/airflow/example_dags/example_datasets.py took 0.142 seconds
[2024-10-12T20:07:05.057+0700] {processor.py:161} INFO - Started process (PID=9363) to work on /home/hanifmmufid/airflow_env/lib/python3.10/site-packages/airflow/example_dags/example_datasets.py
[2024-10-12T20:07:05.060+0700] {processor.py:830} INFO - Processing file /home/hanifmmufid/airflow_env/lib/python3.10/site-packages/airflow/example_dags/example_datasets.py for tasks to queue
[2024-10-12T20:07:05.062+0700] {logging_mixin.py:188} INFO - [2024-10-12T20:07:05.061+0700] {dagbag.py:540} INFO - Filling up the DagBag from /home/hanifmmufid/airflow_env/lib/python3.10/site-packages/airflow/example_dags/example_datasets.py
[2024-10-12T20:07:05.084+0700] {processor.py:840} INFO - DAG(s) 'dataset_consumes_1', 'dataset_consumes_1_and_2', 'consume_1_or_both_2_and_3_with_dataset_expressions', 'dataset_produces_2', 'dataset_produces_1', 'conditional_dataset_and_time_based_timetable', 'dataset_consumes_1_never_scheduled', 'dataset_consumes_unknown_never_scheduled', 'consume_1_and_2_with_dataset_expressions', 'consume_1_or_2_with_dataset_expressions' retrieved from /home/hanifmmufid/airflow_env/lib/python3.10/site-packages/airflow/example_dags/example_datasets.py
[2024-10-12T20:07:05.118+0700] {logging_mixin.py:188} INFO - [2024-10-12T20:07:05.118+0700] {dag.py:3096} INFO - Sync 10 DAGs
[2024-10-12T20:07:05.138+0700] {logging_mixin.py:188} INFO - [2024-10-12T20:07:05.138+0700] {dag.py:3954} INFO - Setting next_dagrun for conditional_dataset_and_time_based_timetable to 2024-10-09 01:00:00+00:00, run_after=2024-10-09 01:00:00+00:00
[2024-10-12T20:07:05.143+0700] {logging_mixin.py:188} INFO - [2024-10-12T20:07:05.143+0700] {dag.py:3954} INFO - Setting next_dagrun for consume_1_and_2_with_dataset_expressions to None, run_after=None
[2024-10-12T20:07:05.144+0700] {logging_mixin.py:188} INFO - [2024-10-12T20:07:05.144+0700] {dag.py:3954} INFO - Setting next_dagrun for consume_1_or_2_with_dataset_expressions to None, run_after=None
[2024-10-12T20:07:05.145+0700] {logging_mixin.py:188} INFO - [2024-10-12T20:07:05.145+0700] {dag.py:3954} INFO - Setting next_dagrun for consume_1_or_both_2_and_3_with_dataset_expressions to None, run_after=None
[2024-10-12T20:07:05.146+0700] {logging_mixin.py:188} INFO - [2024-10-12T20:07:05.145+0700] {dag.py:3954} INFO - Setting next_dagrun for dataset_consumes_1 to None, run_after=None
[2024-10-12T20:07:05.146+0700] {logging_mixin.py:188} INFO - [2024-10-12T20:07:05.146+0700] {dag.py:3954} INFO - Setting next_dagrun for dataset_consumes_1_and_2 to None, run_after=None
[2024-10-12T20:07:05.147+0700] {logging_mixin.py:188} INFO - [2024-10-12T20:07:05.147+0700] {dag.py:3954} INFO - Setting next_dagrun for dataset_consumes_1_never_scheduled to None, run_after=None
[2024-10-12T20:07:05.147+0700] {logging_mixin.py:188} INFO - [2024-10-12T20:07:05.147+0700] {dag.py:3954} INFO - Setting next_dagrun for dataset_consumes_unknown_never_scheduled to None, run_after=None
[2024-10-12T20:07:05.149+0700] {logging_mixin.py:188} INFO - [2024-10-12T20:07:05.149+0700] {dag.py:3954} INFO - Setting next_dagrun for dataset_produces_1 to 2024-10-11 00:00:00+00:00, run_after=2024-10-12 00:00:00+00:00
[2024-10-12T20:07:05.149+0700] {logging_mixin.py:188} INFO - [2024-10-12T20:07:05.149+0700] {dag.py:3954} INFO - Setting next_dagrun for dataset_produces_2 to None, run_after=None
[2024-10-12T20:07:05.184+0700] {processor.py:183} INFO - Processing /home/hanifmmufid/airflow_env/lib/python3.10/site-packages/airflow/example_dags/example_datasets.py took 0.138 seconds
[2024-10-12T20:08:14.418+0700] {processor.py:161} INFO - Started process (PID=9975) to work on /home/hanifmmufid/airflow_env/lib/python3.10/site-packages/airflow/example_dags/example_datasets.py
[2024-10-12T20:08:14.419+0700] {processor.py:830} INFO - Processing file /home/hanifmmufid/airflow_env/lib/python3.10/site-packages/airflow/example_dags/example_datasets.py for tasks to queue
[2024-10-12T20:08:14.421+0700] {logging_mixin.py:188} INFO - [2024-10-12T20:08:14.420+0700] {dagbag.py:540} INFO - Filling up the DagBag from /home/hanifmmufid/airflow_env/lib/python3.10/site-packages/airflow/example_dags/example_datasets.py
[2024-10-12T20:08:14.450+0700] {processor.py:840} INFO - DAG(s) 'consume_1_and_2_with_dataset_expressions', 'dataset_produces_2', 'consume_1_or_both_2_and_3_with_dataset_expressions', 'conditional_dataset_and_time_based_timetable', 'dataset_produces_1', 'dataset_consumes_1', 'dataset_consumes_unknown_never_scheduled', 'dataset_consumes_1_never_scheduled', 'dataset_consumes_1_and_2', 'consume_1_or_2_with_dataset_expressions' retrieved from /home/hanifmmufid/airflow_env/lib/python3.10/site-packages/airflow/example_dags/example_datasets.py
[2024-10-12T20:08:14.562+0700] {logging_mixin.py:188} INFO - [2024-10-12T20:08:14.562+0700] {dag.py:3096} INFO - Sync 10 DAGs
[2024-10-12T20:08:14.639+0700] {logging_mixin.py:188} INFO - [2024-10-12T20:08:14.638+0700] {dag.py:3954} INFO - Setting next_dagrun for conditional_dataset_and_time_based_timetable to 2024-10-09 01:00:00+00:00, run_after=2024-10-09 01:00:00+00:00
[2024-10-12T20:08:14.645+0700] {logging_mixin.py:188} INFO - [2024-10-12T20:08:14.645+0700] {dag.py:3954} INFO - Setting next_dagrun for consume_1_and_2_with_dataset_expressions to None, run_after=None
[2024-10-12T20:08:14.648+0700] {logging_mixin.py:188} INFO - [2024-10-12T20:08:14.648+0700] {dag.py:3954} INFO - Setting next_dagrun for consume_1_or_2_with_dataset_expressions to None, run_after=None
[2024-10-12T20:08:14.650+0700] {logging_mixin.py:188} INFO - [2024-10-12T20:08:14.650+0700] {dag.py:3954} INFO - Setting next_dagrun for consume_1_or_both_2_and_3_with_dataset_expressions to None, run_after=None
[2024-10-12T20:08:14.651+0700] {logging_mixin.py:188} INFO - [2024-10-12T20:08:14.651+0700] {dag.py:3954} INFO - Setting next_dagrun for dataset_consumes_1 to None, run_after=None
[2024-10-12T20:08:14.653+0700] {logging_mixin.py:188} INFO - [2024-10-12T20:08:14.653+0700] {dag.py:3954} INFO - Setting next_dagrun for dataset_consumes_1_and_2 to None, run_after=None
[2024-10-12T20:08:14.657+0700] {logging_mixin.py:188} INFO - [2024-10-12T20:08:14.657+0700] {dag.py:3954} INFO - Setting next_dagrun for dataset_consumes_1_never_scheduled to None, run_after=None
[2024-10-12T20:08:14.660+0700] {logging_mixin.py:188} INFO - [2024-10-12T20:08:14.660+0700] {dag.py:3954} INFO - Setting next_dagrun for dataset_consumes_unknown_never_scheduled to None, run_after=None
[2024-10-12T20:08:14.665+0700] {logging_mixin.py:188} INFO - [2024-10-12T20:08:14.664+0700] {dag.py:3954} INFO - Setting next_dagrun for dataset_produces_1 to 2024-10-11 00:00:00+00:00, run_after=2024-10-12 00:00:00+00:00
[2024-10-12T20:08:14.666+0700] {logging_mixin.py:188} INFO - [2024-10-12T20:08:14.666+0700] {dag.py:3954} INFO - Setting next_dagrun for dataset_produces_2 to None, run_after=None
[2024-10-12T20:08:14.741+0700] {processor.py:183} INFO - Processing /home/hanifmmufid/airflow_env/lib/python3.10/site-packages/airflow/example_dags/example_datasets.py took 0.331 seconds
[2024-10-12T20:09:47.490+0700] {processor.py:161} INFO - Started process (PID=10711) to work on /home/hanifmmufid/airflow_env/lib/python3.10/site-packages/airflow/example_dags/example_datasets.py
[2024-10-12T20:09:47.492+0700] {processor.py:830} INFO - Processing file /home/hanifmmufid/airflow_env/lib/python3.10/site-packages/airflow/example_dags/example_datasets.py for tasks to queue
[2024-10-12T20:09:47.494+0700] {logging_mixin.py:188} INFO - [2024-10-12T20:09:47.493+0700] {dagbag.py:540} INFO - Filling up the DagBag from /home/hanifmmufid/airflow_env/lib/python3.10/site-packages/airflow/example_dags/example_datasets.py
[2024-10-12T20:09:47.523+0700] {processor.py:840} INFO - DAG(s) 'dataset_consumes_unknown_never_scheduled', 'consume_1_and_2_with_dataset_expressions', 'dataset_consumes_1_never_scheduled', 'consume_1_or_2_with_dataset_expressions', 'consume_1_or_both_2_and_3_with_dataset_expressions', 'dataset_consumes_1_and_2', 'conditional_dataset_and_time_based_timetable', 'dataset_consumes_1', 'dataset_produces_2', 'dataset_produces_1' retrieved from /home/hanifmmufid/airflow_env/lib/python3.10/site-packages/airflow/example_dags/example_datasets.py
[2024-10-12T20:09:47.577+0700] {logging_mixin.py:188} INFO - [2024-10-12T20:09:47.577+0700] {dag.py:3096} INFO - Sync 10 DAGs
[2024-10-12T20:09:47.611+0700] {logging_mixin.py:188} INFO - [2024-10-12T20:09:47.611+0700] {dag.py:3954} INFO - Setting next_dagrun for conditional_dataset_and_time_based_timetable to 2024-10-09 01:00:00+00:00, run_after=2024-10-09 01:00:00+00:00
[2024-10-12T20:09:47.614+0700] {logging_mixin.py:188} INFO - [2024-10-12T20:09:47.614+0700] {dag.py:3954} INFO - Setting next_dagrun for consume_1_and_2_with_dataset_expressions to None, run_after=None
[2024-10-12T20:09:47.615+0700] {logging_mixin.py:188} INFO - [2024-10-12T20:09:47.615+0700] {dag.py:3954} INFO - Setting next_dagrun for consume_1_or_2_with_dataset_expressions to None, run_after=None
[2024-10-12T20:09:47.616+0700] {logging_mixin.py:188} INFO - [2024-10-12T20:09:47.616+0700] {dag.py:3954} INFO - Setting next_dagrun for consume_1_or_both_2_and_3_with_dataset_expressions to None, run_after=None
[2024-10-12T20:09:47.616+0700] {logging_mixin.py:188} INFO - [2024-10-12T20:09:47.616+0700] {dag.py:3954} INFO - Setting next_dagrun for dataset_consumes_1 to None, run_after=None
[2024-10-12T20:09:47.617+0700] {logging_mixin.py:188} INFO - [2024-10-12T20:09:47.617+0700] {dag.py:3954} INFO - Setting next_dagrun for dataset_consumes_1_and_2 to None, run_after=None
[2024-10-12T20:09:47.618+0700] {logging_mixin.py:188} INFO - [2024-10-12T20:09:47.618+0700] {dag.py:3954} INFO - Setting next_dagrun for dataset_consumes_1_never_scheduled to None, run_after=None
[2024-10-12T20:09:47.619+0700] {logging_mixin.py:188} INFO - [2024-10-12T20:09:47.619+0700] {dag.py:3954} INFO - Setting next_dagrun for dataset_consumes_unknown_never_scheduled to None, run_after=None
[2024-10-12T20:09:47.621+0700] {logging_mixin.py:188} INFO - [2024-10-12T20:09:47.621+0700] {dag.py:3954} INFO - Setting next_dagrun for dataset_produces_1 to 2024-10-11 00:00:00+00:00, run_after=2024-10-12 00:00:00+00:00
[2024-10-12T20:09:47.623+0700] {logging_mixin.py:188} INFO - [2024-10-12T20:09:47.623+0700] {dag.py:3954} INFO - Setting next_dagrun for dataset_produces_2 to None, run_after=None
[2024-10-12T20:09:47.669+0700] {processor.py:183} INFO - Processing /home/hanifmmufid/airflow_env/lib/python3.10/site-packages/airflow/example_dags/example_datasets.py took 0.185 seconds
[2024-10-12T20:11:23.962+0700] {processor.py:161} INFO - Started process (PID=11846) to work on /home/hanifmmufid/airflow_env/lib/python3.10/site-packages/airflow/example_dags/example_datasets.py
[2024-10-12T20:11:23.968+0700] {processor.py:830} INFO - Processing file /home/hanifmmufid/airflow_env/lib/python3.10/site-packages/airflow/example_dags/example_datasets.py for tasks to queue
[2024-10-12T20:11:23.969+0700] {logging_mixin.py:188} INFO - [2024-10-12T20:11:23.968+0700] {dagbag.py:540} INFO - Filling up the DagBag from /home/hanifmmufid/airflow_env/lib/python3.10/site-packages/airflow/example_dags/example_datasets.py
[2024-10-12T20:11:24.022+0700] {processor.py:840} INFO - DAG(s) 'dataset_consumes_unknown_never_scheduled', 'conditional_dataset_and_time_based_timetable', 'dataset_produces_1', 'dataset_consumes_1', 'consume_1_or_both_2_and_3_with_dataset_expressions', 'dataset_consumes_1_never_scheduled', 'dataset_produces_2', 'consume_1_or_2_with_dataset_expressions', 'dataset_consumes_1_and_2', 'consume_1_and_2_with_dataset_expressions' retrieved from /home/hanifmmufid/airflow_env/lib/python3.10/site-packages/airflow/example_dags/example_datasets.py
[2024-10-12T20:11:24.078+0700] {logging_mixin.py:188} INFO - [2024-10-12T20:11:24.078+0700] {dag.py:3096} INFO - Sync 10 DAGs
[2024-10-12T20:11:24.102+0700] {logging_mixin.py:188} INFO - [2024-10-12T20:11:24.102+0700] {dag.py:3954} INFO - Setting next_dagrun for conditional_dataset_and_time_based_timetable to 2024-10-09 01:00:00+00:00, run_after=2024-10-09 01:00:00+00:00
[2024-10-12T20:11:24.106+0700] {logging_mixin.py:188} INFO - [2024-10-12T20:11:24.106+0700] {dag.py:3954} INFO - Setting next_dagrun for consume_1_and_2_with_dataset_expressions to None, run_after=None
[2024-10-12T20:11:24.108+0700] {logging_mixin.py:188} INFO - [2024-10-12T20:11:24.108+0700] {dag.py:3954} INFO - Setting next_dagrun for consume_1_or_2_with_dataset_expressions to None, run_after=None
[2024-10-12T20:11:24.109+0700] {logging_mixin.py:188} INFO - [2024-10-12T20:11:24.109+0700] {dag.py:3954} INFO - Setting next_dagrun for consume_1_or_both_2_and_3_with_dataset_expressions to None, run_after=None
[2024-10-12T20:11:24.110+0700] {logging_mixin.py:188} INFO - [2024-10-12T20:11:24.110+0700] {dag.py:3954} INFO - Setting next_dagrun for dataset_consumes_1 to None, run_after=None
[2024-10-12T20:11:24.112+0700] {logging_mixin.py:188} INFO - [2024-10-12T20:11:24.111+0700] {dag.py:3954} INFO - Setting next_dagrun for dataset_consumes_1_and_2 to None, run_after=None
[2024-10-12T20:11:24.113+0700] {logging_mixin.py:188} INFO - [2024-10-12T20:11:24.113+0700] {dag.py:3954} INFO - Setting next_dagrun for dataset_consumes_1_never_scheduled to None, run_after=None
[2024-10-12T20:11:24.114+0700] {logging_mixin.py:188} INFO - [2024-10-12T20:11:24.114+0700] {dag.py:3954} INFO - Setting next_dagrun for dataset_consumes_unknown_never_scheduled to None, run_after=None
[2024-10-12T20:11:24.117+0700] {logging_mixin.py:188} INFO - [2024-10-12T20:11:24.117+0700] {dag.py:3954} INFO - Setting next_dagrun for dataset_produces_1 to 2024-10-11 00:00:00+00:00, run_after=2024-10-12 00:00:00+00:00
[2024-10-12T20:11:24.118+0700] {logging_mixin.py:188} INFO - [2024-10-12T20:11:24.118+0700] {dag.py:3954} INFO - Setting next_dagrun for dataset_produces_2 to None, run_after=None
[2024-10-12T20:11:24.179+0700] {processor.py:183} INFO - Processing /home/hanifmmufid/airflow_env/lib/python3.10/site-packages/airflow/example_dags/example_datasets.py took 0.224 seconds
