[2024-10-12T20:02:17.878+0700] {processor.py:161} INFO - Started process (PID=5550) to work on /home/hanifmmufid/airflow_env/lib/python3.10/site-packages/airflow/example_dags/example_trigger_controller_dag.py
[2024-10-12T20:02:17.879+0700] {processor.py:830} INFO - Processing file /home/hanifmmufid/airflow_env/lib/python3.10/site-packages/airflow/example_dags/example_trigger_controller_dag.py for tasks to queue
[2024-10-12T20:02:17.880+0700] {logging_mixin.py:188} INFO - [2024-10-12T20:02:17.880+0700] {dagbag.py:540} INFO - Filling up the DagBag from /home/hanifmmufid/airflow_env/lib/python3.10/site-packages/airflow/example_dags/example_trigger_controller_dag.py
[2024-10-12T20:02:17.884+0700] {processor.py:840} INFO - DAG(s) 'example_trigger_controller_dag' retrieved from /home/hanifmmufid/airflow_env/lib/python3.10/site-packages/airflow/example_dags/example_trigger_controller_dag.py
[2024-10-12T20:02:17.969+0700] {logging_mixin.py:188} INFO - [2024-10-12T20:02:17.968+0700] {override.py:1901} INFO - Created Permission View: can edit on DAG:example_trigger_controller_dag
[2024-10-12T20:02:17.983+0700] {logging_mixin.py:188} INFO - [2024-10-12T20:02:17.983+0700] {override.py:1901} INFO - Created Permission View: can read on DAG:example_trigger_controller_dag
[2024-10-12T20:02:17.996+0700] {logging_mixin.py:188} INFO - [2024-10-12T20:02:17.996+0700] {override.py:1901} INFO - Created Permission View: can delete on DAG:example_trigger_controller_dag
[2024-10-12T20:02:17.997+0700] {logging_mixin.py:188} INFO - [2024-10-12T20:02:17.996+0700] {dag.py:3096} INFO - Sync 1 DAGs
[2024-10-12T20:02:18.005+0700] {logging_mixin.py:188} INFO - [2024-10-12T20:02:18.005+0700] {dag.py:3118} INFO - Creating ORM DAG for example_trigger_controller_dag
[2024-10-12T20:02:18.012+0700] {logging_mixin.py:188} INFO - [2024-10-12T20:02:18.012+0700] {dag.py:3954} INFO - Setting next_dagrun for example_trigger_controller_dag to 2021-01-01 00:00:00+00:00, run_after=2021-01-01 00:00:00+00:00
[2024-10-12T20:02:18.041+0700] {processor.py:183} INFO - Processing /home/hanifmmufid/airflow_env/lib/python3.10/site-packages/airflow/example_dags/example_trigger_controller_dag.py took 0.167 seconds
[2024-10-12T20:03:19.438+0700] {processor.py:161} INFO - Started process (PID=5864) to work on /home/hanifmmufid/airflow_env/lib/python3.10/site-packages/airflow/example_dags/example_trigger_controller_dag.py
[2024-10-12T20:03:19.440+0700] {processor.py:830} INFO - Processing file /home/hanifmmufid/airflow_env/lib/python3.10/site-packages/airflow/example_dags/example_trigger_controller_dag.py for tasks to queue
[2024-10-12T20:03:19.443+0700] {logging_mixin.py:188} INFO - [2024-10-12T20:03:19.443+0700] {dagbag.py:540} INFO - Filling up the DagBag from /home/hanifmmufid/airflow_env/lib/python3.10/site-packages/airflow/example_dags/example_trigger_controller_dag.py
[2024-10-12T20:03:19.449+0700] {processor.py:840} INFO - DAG(s) 'example_trigger_controller_dag' retrieved from /home/hanifmmufid/airflow_env/lib/python3.10/site-packages/airflow/example_dags/example_trigger_controller_dag.py
[2024-10-12T20:03:19.467+0700] {logging_mixin.py:188} INFO - [2024-10-12T20:03:19.467+0700] {dag.py:3096} INFO - Sync 1 DAGs
[2024-10-12T20:03:19.489+0700] {logging_mixin.py:188} INFO - [2024-10-12T20:03:19.488+0700] {dag.py:3954} INFO - Setting next_dagrun for example_trigger_controller_dag to 2021-01-01 00:00:00+00:00, run_after=2021-01-01 00:00:00+00:00
[2024-10-12T20:03:19.511+0700] {processor.py:183} INFO - Processing /home/hanifmmufid/airflow_env/lib/python3.10/site-packages/airflow/example_dags/example_trigger_controller_dag.py took 0.081 seconds
[2024-10-12T20:04:26.858+0700] {processor.py:161} INFO - Started process (PID=6503) to work on /home/hanifmmufid/airflow_env/lib/python3.10/site-packages/airflow/example_dags/example_trigger_controller_dag.py
[2024-10-12T20:04:26.859+0700] {processor.py:830} INFO - Processing file /home/hanifmmufid/airflow_env/lib/python3.10/site-packages/airflow/example_dags/example_trigger_controller_dag.py for tasks to queue
[2024-10-12T20:04:26.861+0700] {logging_mixin.py:188} INFO - [2024-10-12T20:04:26.861+0700] {dagbag.py:540} INFO - Filling up the DagBag from /home/hanifmmufid/airflow_env/lib/python3.10/site-packages/airflow/example_dags/example_trigger_controller_dag.py
[2024-10-12T20:04:26.869+0700] {processor.py:840} INFO - DAG(s) 'example_trigger_controller_dag' retrieved from /home/hanifmmufid/airflow_env/lib/python3.10/site-packages/airflow/example_dags/example_trigger_controller_dag.py
[2024-10-12T20:04:26.888+0700] {logging_mixin.py:188} INFO - [2024-10-12T20:04:26.888+0700] {dag.py:3096} INFO - Sync 1 DAGs
[2024-10-12T20:04:27.012+0700] {logging_mixin.py:188} INFO - [2024-10-12T20:04:27.012+0700] {dag.py:3954} INFO - Setting next_dagrun for example_trigger_controller_dag to 2021-01-01 00:00:00+00:00, run_after=2021-01-01 00:00:00+00:00
[2024-10-12T20:04:27.035+0700] {processor.py:183} INFO - Processing /home/hanifmmufid/airflow_env/lib/python3.10/site-packages/airflow/example_dags/example_trigger_controller_dag.py took 0.182 seconds
[2024-10-12T20:05:21.992+0700] {processor.py:161} INFO - Started process (PID=7797) to work on /home/hanifmmufid/airflow_env/lib/python3.10/site-packages/airflow/example_dags/example_trigger_controller_dag.py
[2024-10-12T20:05:21.993+0700] {processor.py:830} INFO - Processing file /home/hanifmmufid/airflow_env/lib/python3.10/site-packages/airflow/example_dags/example_trigger_controller_dag.py for tasks to queue
[2024-10-12T20:05:21.995+0700] {logging_mixin.py:188} INFO - [2024-10-12T20:05:21.995+0700] {dagbag.py:540} INFO - Filling up the DagBag from /home/hanifmmufid/airflow_env/lib/python3.10/site-packages/airflow/example_dags/example_trigger_controller_dag.py
[2024-10-12T20:05:22.001+0700] {processor.py:840} INFO - DAG(s) 'example_trigger_controller_dag' retrieved from /home/hanifmmufid/airflow_env/lib/python3.10/site-packages/airflow/example_dags/example_trigger_controller_dag.py
[2024-10-12T20:05:22.019+0700] {logging_mixin.py:188} INFO - [2024-10-12T20:05:22.018+0700] {dag.py:3096} INFO - Sync 1 DAGs
[2024-10-12T20:05:22.044+0700] {logging_mixin.py:188} INFO - [2024-10-12T20:05:22.044+0700] {dag.py:3954} INFO - Setting next_dagrun for example_trigger_controller_dag to 2021-01-01 00:00:00+00:00, run_after=2021-01-01 00:00:00+00:00
[2024-10-12T20:05:22.084+0700] {processor.py:183} INFO - Processing /home/hanifmmufid/airflow_env/lib/python3.10/site-packages/airflow/example_dags/example_trigger_controller_dag.py took 0.098 seconds
[2024-10-12T20:06:08.531+0700] {processor.py:161} INFO - Started process (PID=8847) to work on /home/hanifmmufid/airflow_env/lib/python3.10/site-packages/airflow/example_dags/example_trigger_controller_dag.py
[2024-10-12T20:06:08.533+0700] {processor.py:830} INFO - Processing file /home/hanifmmufid/airflow_env/lib/python3.10/site-packages/airflow/example_dags/example_trigger_controller_dag.py for tasks to queue
[2024-10-12T20:06:08.534+0700] {logging_mixin.py:188} INFO - [2024-10-12T20:06:08.534+0700] {dagbag.py:540} INFO - Filling up the DagBag from /home/hanifmmufid/airflow_env/lib/python3.10/site-packages/airflow/example_dags/example_trigger_controller_dag.py
[2024-10-12T20:06:08.538+0700] {processor.py:840} INFO - DAG(s) 'example_trigger_controller_dag' retrieved from /home/hanifmmufid/airflow_env/lib/python3.10/site-packages/airflow/example_dags/example_trigger_controller_dag.py
[2024-10-12T20:06:08.548+0700] {logging_mixin.py:188} INFO - [2024-10-12T20:06:08.547+0700] {dag.py:3096} INFO - Sync 1 DAGs
[2024-10-12T20:06:08.560+0700] {logging_mixin.py:188} INFO - [2024-10-12T20:06:08.560+0700] {dag.py:3954} INFO - Setting next_dagrun for example_trigger_controller_dag to 2021-01-01 00:00:00+00:00, run_after=2021-01-01 00:00:00+00:00
[2024-10-12T20:06:08.581+0700] {processor.py:183} INFO - Processing /home/hanifmmufid/airflow_env/lib/python3.10/site-packages/airflow/example_dags/example_trigger_controller_dag.py took 0.054 seconds
[2024-10-12T20:06:50.754+0700] {processor.py:161} INFO - Started process (PID=9242) to work on /home/hanifmmufid/airflow_env/lib/python3.10/site-packages/airflow/example_dags/example_trigger_controller_dag.py
[2024-10-12T20:06:50.756+0700] {processor.py:830} INFO - Processing file /home/hanifmmufid/airflow_env/lib/python3.10/site-packages/airflow/example_dags/example_trigger_controller_dag.py for tasks to queue
[2024-10-12T20:06:50.757+0700] {logging_mixin.py:188} INFO - [2024-10-12T20:06:50.757+0700] {dagbag.py:540} INFO - Filling up the DagBag from /home/hanifmmufid/airflow_env/lib/python3.10/site-packages/airflow/example_dags/example_trigger_controller_dag.py
[2024-10-12T20:06:50.763+0700] {processor.py:840} INFO - DAG(s) 'example_trigger_controller_dag' retrieved from /home/hanifmmufid/airflow_env/lib/python3.10/site-packages/airflow/example_dags/example_trigger_controller_dag.py
[2024-10-12T20:06:50.778+0700] {logging_mixin.py:188} INFO - [2024-10-12T20:06:50.777+0700] {dag.py:3096} INFO - Sync 1 DAGs
[2024-10-12T20:06:50.799+0700] {logging_mixin.py:188} INFO - [2024-10-12T20:06:50.799+0700] {dag.py:3954} INFO - Setting next_dagrun for example_trigger_controller_dag to 2021-01-01 00:00:00+00:00, run_after=2021-01-01 00:00:00+00:00
[2024-10-12T20:06:50.828+0700] {processor.py:183} INFO - Processing /home/hanifmmufid/airflow_env/lib/python3.10/site-packages/airflow/example_dags/example_trigger_controller_dag.py took 0.080 seconds
[2024-10-12T20:07:48.042+0700] {processor.py:161} INFO - Started process (PID=9738) to work on /home/hanifmmufid/airflow_env/lib/python3.10/site-packages/airflow/example_dags/example_trigger_controller_dag.py
[2024-10-12T20:07:48.043+0700] {processor.py:830} INFO - Processing file /home/hanifmmufid/airflow_env/lib/python3.10/site-packages/airflow/example_dags/example_trigger_controller_dag.py for tasks to queue
[2024-10-12T20:07:48.044+0700] {logging_mixin.py:188} INFO - [2024-10-12T20:07:48.044+0700] {dagbag.py:540} INFO - Filling up the DagBag from /home/hanifmmufid/airflow_env/lib/python3.10/site-packages/airflow/example_dags/example_trigger_controller_dag.py
[2024-10-12T20:07:48.049+0700] {processor.py:840} INFO - DAG(s) 'example_trigger_controller_dag' retrieved from /home/hanifmmufid/airflow_env/lib/python3.10/site-packages/airflow/example_dags/example_trigger_controller_dag.py
[2024-10-12T20:07:48.065+0700] {logging_mixin.py:188} INFO - [2024-10-12T20:07:48.065+0700] {dag.py:3096} INFO - Sync 1 DAGs
[2024-10-12T20:07:48.087+0700] {logging_mixin.py:188} INFO - [2024-10-12T20:07:48.087+0700] {dag.py:3954} INFO - Setting next_dagrun for example_trigger_controller_dag to 2021-01-01 00:00:00+00:00, run_after=2021-01-01 00:00:00+00:00
[2024-10-12T20:07:48.112+0700] {processor.py:183} INFO - Processing /home/hanifmmufid/airflow_env/lib/python3.10/site-packages/airflow/example_dags/example_trigger_controller_dag.py took 0.079 seconds
[2024-10-12T20:08:30.178+0700] {processor.py:161} INFO - Started process (PID=10119) to work on /home/hanifmmufid/airflow_env/lib/python3.10/site-packages/airflow/example_dags/example_trigger_controller_dag.py
[2024-10-12T20:08:30.179+0700] {processor.py:830} INFO - Processing file /home/hanifmmufid/airflow_env/lib/python3.10/site-packages/airflow/example_dags/example_trigger_controller_dag.py for tasks to queue
[2024-10-12T20:08:30.180+0700] {logging_mixin.py:188} INFO - [2024-10-12T20:08:30.179+0700] {dagbag.py:540} INFO - Filling up the DagBag from /home/hanifmmufid/airflow_env/lib/python3.10/site-packages/airflow/example_dags/example_trigger_controller_dag.py
[2024-10-12T20:08:30.186+0700] {processor.py:840} INFO - DAG(s) 'example_trigger_controller_dag' retrieved from /home/hanifmmufid/airflow_env/lib/python3.10/site-packages/airflow/example_dags/example_trigger_controller_dag.py
[2024-10-12T20:08:30.200+0700] {logging_mixin.py:188} INFO - [2024-10-12T20:08:30.200+0700] {dag.py:3096} INFO - Sync 1 DAGs
[2024-10-12T20:08:30.215+0700] {logging_mixin.py:188} INFO - [2024-10-12T20:08:30.214+0700] {dag.py:3954} INFO - Setting next_dagrun for example_trigger_controller_dag to 2021-01-01 00:00:00+00:00, run_after=2021-01-01 00:00:00+00:00
[2024-10-12T20:08:30.233+0700] {processor.py:183} INFO - Processing /home/hanifmmufid/airflow_env/lib/python3.10/site-packages/airflow/example_dags/example_trigger_controller_dag.py took 0.060 seconds
[2024-10-12T20:09:14.513+0700] {processor.py:161} INFO - Started process (PID=10458) to work on /home/hanifmmufid/airflow_env/lib/python3.10/site-packages/airflow/example_dags/example_trigger_controller_dag.py
[2024-10-12T20:09:14.515+0700] {processor.py:830} INFO - Processing file /home/hanifmmufid/airflow_env/lib/python3.10/site-packages/airflow/example_dags/example_trigger_controller_dag.py for tasks to queue
[2024-10-12T20:09:14.516+0700] {logging_mixin.py:188} INFO - [2024-10-12T20:09:14.515+0700] {dagbag.py:540} INFO - Filling up the DagBag from /home/hanifmmufid/airflow_env/lib/python3.10/site-packages/airflow/example_dags/example_trigger_controller_dag.py
[2024-10-12T20:09:14.521+0700] {processor.py:840} INFO - DAG(s) 'example_trigger_controller_dag' retrieved from /home/hanifmmufid/airflow_env/lib/python3.10/site-packages/airflow/example_dags/example_trigger_controller_dag.py
[2024-10-12T20:09:14.536+0700] {logging_mixin.py:188} INFO - [2024-10-12T20:09:14.535+0700] {dag.py:3096} INFO - Sync 1 DAGs
[2024-10-12T20:09:14.551+0700] {logging_mixin.py:188} INFO - [2024-10-12T20:09:14.550+0700] {dag.py:3954} INFO - Setting next_dagrun for example_trigger_controller_dag to 2021-01-01 00:00:00+00:00, run_after=2021-01-01 00:00:00+00:00
[2024-10-12T20:09:14.572+0700] {processor.py:183} INFO - Processing /home/hanifmmufid/airflow_env/lib/python3.10/site-packages/airflow/example_dags/example_trigger_controller_dag.py took 0.064 seconds
[2024-10-12T20:10:04.798+0700] {processor.py:161} INFO - Started process (PID=10856) to work on /home/hanifmmufid/airflow_env/lib/python3.10/site-packages/airflow/example_dags/example_trigger_controller_dag.py
[2024-10-12T20:10:04.801+0700] {processor.py:830} INFO - Processing file /home/hanifmmufid/airflow_env/lib/python3.10/site-packages/airflow/example_dags/example_trigger_controller_dag.py for tasks to queue
[2024-10-12T20:10:04.802+0700] {logging_mixin.py:188} INFO - [2024-10-12T20:10:04.802+0700] {dagbag.py:540} INFO - Filling up the DagBag from /home/hanifmmufid/airflow_env/lib/python3.10/site-packages/airflow/example_dags/example_trigger_controller_dag.py
[2024-10-12T20:10:04.819+0700] {processor.py:840} INFO - DAG(s) 'example_trigger_controller_dag' retrieved from /home/hanifmmufid/airflow_env/lib/python3.10/site-packages/airflow/example_dags/example_trigger_controller_dag.py
[2024-10-12T20:10:04.863+0700] {logging_mixin.py:188} INFO - [2024-10-12T20:10:04.863+0700] {dag.py:3096} INFO - Sync 1 DAGs
[2024-10-12T20:10:04.911+0700] {logging_mixin.py:188} INFO - [2024-10-12T20:10:04.910+0700] {dag.py:3954} INFO - Setting next_dagrun for example_trigger_controller_dag to 2021-01-01 00:00:00+00:00, run_after=2021-01-01 00:00:00+00:00
[2024-10-12T20:10:04.948+0700] {processor.py:183} INFO - Processing /home/hanifmmufid/airflow_env/lib/python3.10/site-packages/airflow/example_dags/example_trigger_controller_dag.py took 0.166 seconds
[2024-10-12T20:10:53.577+0700] {processor.py:161} INFO - Started process (PID=11611) to work on /home/hanifmmufid/airflow_env/lib/python3.10/site-packages/airflow/example_dags/example_trigger_controller_dag.py
[2024-10-12T20:10:53.582+0700] {processor.py:830} INFO - Processing file /home/hanifmmufid/airflow_env/lib/python3.10/site-packages/airflow/example_dags/example_trigger_controller_dag.py for tasks to queue
[2024-10-12T20:10:53.584+0700] {logging_mixin.py:188} INFO - [2024-10-12T20:10:53.584+0700] {dagbag.py:540} INFO - Filling up the DagBag from /home/hanifmmufid/airflow_env/lib/python3.10/site-packages/airflow/example_dags/example_trigger_controller_dag.py
[2024-10-12T20:10:53.594+0700] {processor.py:840} INFO - DAG(s) 'example_trigger_controller_dag' retrieved from /home/hanifmmufid/airflow_env/lib/python3.10/site-packages/airflow/example_dags/example_trigger_controller_dag.py
[2024-10-12T20:10:53.623+0700] {logging_mixin.py:188} INFO - [2024-10-12T20:10:53.621+0700] {dag.py:3096} INFO - Sync 1 DAGs
[2024-10-12T20:10:53.657+0700] {logging_mixin.py:188} INFO - [2024-10-12T20:10:53.657+0700] {dag.py:3954} INFO - Setting next_dagrun for example_trigger_controller_dag to 2021-01-01 00:00:00+00:00, run_after=2021-01-01 00:00:00+00:00
[2024-10-12T20:10:53.696+0700] {processor.py:183} INFO - Processing /home/hanifmmufid/airflow_env/lib/python3.10/site-packages/airflow/example_dags/example_trigger_controller_dag.py took 0.126 seconds
[2024-10-12T20:11:40.303+0700] {processor.py:161} INFO - Started process (PID=11980) to work on /home/hanifmmufid/airflow_env/lib/python3.10/site-packages/airflow/example_dags/example_trigger_controller_dag.py
[2024-10-12T20:11:40.305+0700] {processor.py:830} INFO - Processing file /home/hanifmmufid/airflow_env/lib/python3.10/site-packages/airflow/example_dags/example_trigger_controller_dag.py for tasks to queue
[2024-10-12T20:11:40.306+0700] {logging_mixin.py:188} INFO - [2024-10-12T20:11:40.305+0700] {dagbag.py:540} INFO - Filling up the DagBag from /home/hanifmmufid/airflow_env/lib/python3.10/site-packages/airflow/example_dags/example_trigger_controller_dag.py
[2024-10-12T20:11:40.312+0700] {processor.py:840} INFO - DAG(s) 'example_trigger_controller_dag' retrieved from /home/hanifmmufid/airflow_env/lib/python3.10/site-packages/airflow/example_dags/example_trigger_controller_dag.py
[2024-10-12T20:11:40.328+0700] {logging_mixin.py:188} INFO - [2024-10-12T20:11:40.328+0700] {dag.py:3096} INFO - Sync 1 DAGs
[2024-10-12T20:11:40.357+0700] {logging_mixin.py:188} INFO - [2024-10-12T20:11:40.356+0700] {dag.py:3954} INFO - Setting next_dagrun for example_trigger_controller_dag to 2021-01-01 00:00:00+00:00, run_after=2021-01-01 00:00:00+00:00
[2024-10-12T20:11:40.398+0700] {processor.py:183} INFO - Processing /home/hanifmmufid/airflow_env/lib/python3.10/site-packages/airflow/example_dags/example_trigger_controller_dag.py took 0.102 seconds
[2024-10-12T20:12:22.057+0700] {processor.py:161} INFO - Started process (PID=12331) to work on /home/hanifmmufid/airflow_env/lib/python3.10/site-packages/airflow/example_dags/example_trigger_controller_dag.py
[2024-10-12T20:12:22.062+0700] {processor.py:830} INFO - Processing file /home/hanifmmufid/airflow_env/lib/python3.10/site-packages/airflow/example_dags/example_trigger_controller_dag.py for tasks to queue
[2024-10-12T20:12:22.063+0700] {logging_mixin.py:188} INFO - [2024-10-12T20:12:22.063+0700] {dagbag.py:540} INFO - Filling up the DagBag from /home/hanifmmufid/airflow_env/lib/python3.10/site-packages/airflow/example_dags/example_trigger_controller_dag.py
[2024-10-12T20:12:22.071+0700] {processor.py:840} INFO - DAG(s) 'example_trigger_controller_dag' retrieved from /home/hanifmmufid/airflow_env/lib/python3.10/site-packages/airflow/example_dags/example_trigger_controller_dag.py
[2024-10-12T20:12:22.104+0700] {logging_mixin.py:188} INFO - [2024-10-12T20:12:22.104+0700] {dag.py:3096} INFO - Sync 1 DAGs
[2024-10-12T20:12:22.143+0700] {logging_mixin.py:188} INFO - [2024-10-12T20:12:22.142+0700] {dag.py:3954} INFO - Setting next_dagrun for example_trigger_controller_dag to 2021-01-01 00:00:00+00:00, run_after=2021-01-01 00:00:00+00:00
[2024-10-12T20:12:22.176+0700] {processor.py:183} INFO - Processing /home/hanifmmufid/airflow_env/lib/python3.10/site-packages/airflow/example_dags/example_trigger_controller_dag.py took 0.129 seconds
[2024-10-12T20:13:04.619+0700] {processor.py:161} INFO - Started process (PID=12726) to work on /home/hanifmmufid/airflow_env/lib/python3.10/site-packages/airflow/example_dags/example_trigger_controller_dag.py
[2024-10-12T20:13:04.621+0700] {processor.py:830} INFO - Processing file /home/hanifmmufid/airflow_env/lib/python3.10/site-packages/airflow/example_dags/example_trigger_controller_dag.py for tasks to queue
[2024-10-12T20:13:04.623+0700] {logging_mixin.py:188} INFO - [2024-10-12T20:13:04.622+0700] {dagbag.py:540} INFO - Filling up the DagBag from /home/hanifmmufid/airflow_env/lib/python3.10/site-packages/airflow/example_dags/example_trigger_controller_dag.py
[2024-10-12T20:13:04.632+0700] {processor.py:840} INFO - DAG(s) 'example_trigger_controller_dag' retrieved from /home/hanifmmufid/airflow_env/lib/python3.10/site-packages/airflow/example_dags/example_trigger_controller_dag.py
[2024-10-12T20:13:04.661+0700] {logging_mixin.py:188} INFO - [2024-10-12T20:13:04.660+0700] {dag.py:3096} INFO - Sync 1 DAGs
[2024-10-12T20:13:04.690+0700] {logging_mixin.py:188} INFO - [2024-10-12T20:13:04.689+0700] {dag.py:3954} INFO - Setting next_dagrun for example_trigger_controller_dag to 2021-01-01 00:00:00+00:00, run_after=2021-01-01 00:00:00+00:00
[2024-10-12T20:13:04.735+0700] {processor.py:183} INFO - Processing /home/hanifmmufid/airflow_env/lib/python3.10/site-packages/airflow/example_dags/example_trigger_controller_dag.py took 0.124 seconds
[2024-10-12T20:13:46.757+0700] {processor.py:161} INFO - Started process (PID=13057) to work on /home/hanifmmufid/airflow_env/lib/python3.10/site-packages/airflow/example_dags/example_trigger_controller_dag.py
[2024-10-12T20:13:46.758+0700] {processor.py:830} INFO - Processing file /home/hanifmmufid/airflow_env/lib/python3.10/site-packages/airflow/example_dags/example_trigger_controller_dag.py for tasks to queue
[2024-10-12T20:13:46.759+0700] {logging_mixin.py:188} INFO - [2024-10-12T20:13:46.759+0700] {dagbag.py:540} INFO - Filling up the DagBag from /home/hanifmmufid/airflow_env/lib/python3.10/site-packages/airflow/example_dags/example_trigger_controller_dag.py
[2024-10-12T20:13:46.765+0700] {processor.py:840} INFO - DAG(s) 'example_trigger_controller_dag' retrieved from /home/hanifmmufid/airflow_env/lib/python3.10/site-packages/airflow/example_dags/example_trigger_controller_dag.py
[2024-10-12T20:13:46.787+0700] {logging_mixin.py:188} INFO - [2024-10-12T20:13:46.786+0700] {dag.py:3096} INFO - Sync 1 DAGs
[2024-10-12T20:13:46.818+0700] {logging_mixin.py:188} INFO - [2024-10-12T20:13:46.818+0700] {dag.py:3954} INFO - Setting next_dagrun for example_trigger_controller_dag to 2021-01-01 00:00:00+00:00, run_after=2021-01-01 00:00:00+00:00
[2024-10-12T20:13:46.859+0700] {processor.py:183} INFO - Processing /home/hanifmmufid/airflow_env/lib/python3.10/site-packages/airflow/example_dags/example_trigger_controller_dag.py took 0.108 seconds
[2024-10-12T20:14:30.478+0700] {processor.py:161} INFO - Started process (PID=13399) to work on /home/hanifmmufid/airflow_env/lib/python3.10/site-packages/airflow/example_dags/example_trigger_controller_dag.py
[2024-10-12T20:14:30.480+0700] {processor.py:830} INFO - Processing file /home/hanifmmufid/airflow_env/lib/python3.10/site-packages/airflow/example_dags/example_trigger_controller_dag.py for tasks to queue
[2024-10-12T20:14:30.483+0700] {logging_mixin.py:188} INFO - [2024-10-12T20:14:30.482+0700] {dagbag.py:540} INFO - Filling up the DagBag from /home/hanifmmufid/airflow_env/lib/python3.10/site-packages/airflow/example_dags/example_trigger_controller_dag.py
[2024-10-12T20:14:30.490+0700] {processor.py:840} INFO - DAG(s) 'example_trigger_controller_dag' retrieved from /home/hanifmmufid/airflow_env/lib/python3.10/site-packages/airflow/example_dags/example_trigger_controller_dag.py
[2024-10-12T20:14:30.511+0700] {logging_mixin.py:188} INFO - [2024-10-12T20:14:30.510+0700] {dag.py:3096} INFO - Sync 1 DAGs
[2024-10-12T20:14:30.537+0700] {logging_mixin.py:188} INFO - [2024-10-12T20:14:30.537+0700] {dag.py:3954} INFO - Setting next_dagrun for example_trigger_controller_dag to 2021-01-01 00:00:00+00:00, run_after=2021-01-01 00:00:00+00:00
[2024-10-12T20:14:30.579+0700] {processor.py:183} INFO - Processing /home/hanifmmufid/airflow_env/lib/python3.10/site-packages/airflow/example_dags/example_trigger_controller_dag.py took 0.108 seconds
[2024-10-12T20:15:11.109+0700] {processor.py:161} INFO - Started process (PID=13736) to work on /home/hanifmmufid/airflow_env/lib/python3.10/site-packages/airflow/example_dags/example_trigger_controller_dag.py
[2024-10-12T20:15:11.110+0700] {processor.py:830} INFO - Processing file /home/hanifmmufid/airflow_env/lib/python3.10/site-packages/airflow/example_dags/example_trigger_controller_dag.py for tasks to queue
[2024-10-12T20:15:11.111+0700] {logging_mixin.py:188} INFO - [2024-10-12T20:15:11.111+0700] {dagbag.py:540} INFO - Filling up the DagBag from /home/hanifmmufid/airflow_env/lib/python3.10/site-packages/airflow/example_dags/example_trigger_controller_dag.py
[2024-10-12T20:15:11.115+0700] {processor.py:840} INFO - DAG(s) 'example_trigger_controller_dag' retrieved from /home/hanifmmufid/airflow_env/lib/python3.10/site-packages/airflow/example_dags/example_trigger_controller_dag.py
[2024-10-12T20:15:11.128+0700] {logging_mixin.py:188} INFO - [2024-10-12T20:15:11.128+0700] {dag.py:3096} INFO - Sync 1 DAGs
[2024-10-12T20:15:11.146+0700] {logging_mixin.py:188} INFO - [2024-10-12T20:15:11.146+0700] {dag.py:3954} INFO - Setting next_dagrun for example_trigger_controller_dag to 2021-01-01 00:00:00+00:00, run_after=2021-01-01 00:00:00+00:00
[2024-10-12T20:15:11.171+0700] {processor.py:183} INFO - Processing /home/hanifmmufid/airflow_env/lib/python3.10/site-packages/airflow/example_dags/example_trigger_controller_dag.py took 0.066 seconds
[2024-10-12T20:16:21.864+0700] {processor.py:161} INFO - Started process (PID=14389) to work on /home/hanifmmufid/airflow_env/lib/python3.10/site-packages/airflow/example_dags/example_trigger_controller_dag.py
[2024-10-12T20:16:21.866+0700] {processor.py:830} INFO - Processing file /home/hanifmmufid/airflow_env/lib/python3.10/site-packages/airflow/example_dags/example_trigger_controller_dag.py for tasks to queue
[2024-10-12T20:16:21.866+0700] {logging_mixin.py:188} INFO - [2024-10-12T20:16:21.866+0700] {dagbag.py:540} INFO - Filling up the DagBag from /home/hanifmmufid/airflow_env/lib/python3.10/site-packages/airflow/example_dags/example_trigger_controller_dag.py
[2024-10-12T20:16:21.871+0700] {processor.py:840} INFO - DAG(s) 'example_trigger_controller_dag' retrieved from /home/hanifmmufid/airflow_env/lib/python3.10/site-packages/airflow/example_dags/example_trigger_controller_dag.py
[2024-10-12T20:16:21.892+0700] {logging_mixin.py:188} INFO - [2024-10-12T20:16:21.892+0700] {dag.py:3096} INFO - Sync 1 DAGs
[2024-10-12T20:16:21.919+0700] {logging_mixin.py:188} INFO - [2024-10-12T20:16:21.918+0700] {dag.py:3954} INFO - Setting next_dagrun for example_trigger_controller_dag to 2021-01-01 00:00:00+00:00, run_after=2021-01-01 00:00:00+00:00
[2024-10-12T20:16:21.952+0700] {processor.py:183} INFO - Processing /home/hanifmmufid/airflow_env/lib/python3.10/site-packages/airflow/example_dags/example_trigger_controller_dag.py took 0.092 seconds
[2024-10-12T20:17:44.969+0700] {processor.py:161} INFO - Started process (PID=15057) to work on /home/hanifmmufid/airflow_env/lib/python3.10/site-packages/airflow/example_dags/example_trigger_controller_dag.py
[2024-10-12T20:17:44.971+0700] {processor.py:830} INFO - Processing file /home/hanifmmufid/airflow_env/lib/python3.10/site-packages/airflow/example_dags/example_trigger_controller_dag.py for tasks to queue
[2024-10-12T20:17:44.973+0700] {logging_mixin.py:188} INFO - [2024-10-12T20:17:44.972+0700] {dagbag.py:540} INFO - Filling up the DagBag from /home/hanifmmufid/airflow_env/lib/python3.10/site-packages/airflow/example_dags/example_trigger_controller_dag.py
[2024-10-12T20:17:44.980+0700] {processor.py:840} INFO - DAG(s) 'example_trigger_controller_dag' retrieved from /home/hanifmmufid/airflow_env/lib/python3.10/site-packages/airflow/example_dags/example_trigger_controller_dag.py
[2024-10-12T20:17:44.999+0700] {logging_mixin.py:188} INFO - [2024-10-12T20:17:44.999+0700] {dag.py:3096} INFO - Sync 1 DAGs
[2024-10-12T20:17:45.027+0700] {logging_mixin.py:188} INFO - [2024-10-12T20:17:45.027+0700] {dag.py:3954} INFO - Setting next_dagrun for example_trigger_controller_dag to 2021-01-01 00:00:00+00:00, run_after=2021-01-01 00:00:00+00:00
[2024-10-12T20:17:45.056+0700] {processor.py:183} INFO - Processing /home/hanifmmufid/airflow_env/lib/python3.10/site-packages/airflow/example_dags/example_trigger_controller_dag.py took 0.096 seconds
[2024-10-12T20:18:30.867+0700] {processor.py:161} INFO - Started process (PID=15468) to work on /home/hanifmmufid/airflow_env/lib/python3.10/site-packages/airflow/example_dags/example_trigger_controller_dag.py
[2024-10-12T20:18:30.869+0700] {processor.py:830} INFO - Processing file /home/hanifmmufid/airflow_env/lib/python3.10/site-packages/airflow/example_dags/example_trigger_controller_dag.py for tasks to queue
[2024-10-12T20:18:30.871+0700] {logging_mixin.py:188} INFO - [2024-10-12T20:18:30.870+0700] {dagbag.py:540} INFO - Filling up the DagBag from /home/hanifmmufid/airflow_env/lib/python3.10/site-packages/airflow/example_dags/example_trigger_controller_dag.py
[2024-10-12T20:18:30.880+0700] {processor.py:840} INFO - DAG(s) 'example_trigger_controller_dag' retrieved from /home/hanifmmufid/airflow_env/lib/python3.10/site-packages/airflow/example_dags/example_trigger_controller_dag.py
[2024-10-12T20:18:30.895+0700] {logging_mixin.py:188} INFO - [2024-10-12T20:18:30.895+0700] {dag.py:3096} INFO - Sync 1 DAGs
[2024-10-12T20:18:30.916+0700] {logging_mixin.py:188} INFO - [2024-10-12T20:18:30.916+0700] {dag.py:3954} INFO - Setting next_dagrun for example_trigger_controller_dag to 2021-01-01 00:00:00+00:00, run_after=2021-01-01 00:00:00+00:00
[2024-10-12T20:18:30.954+0700] {processor.py:183} INFO - Processing /home/hanifmmufid/airflow_env/lib/python3.10/site-packages/airflow/example_dags/example_trigger_controller_dag.py took 0.091 seconds
