[2024-10-12T20:02:20.178+0700] {processor.py:161} INFO - Started process (PID=5561) to work on /home/hanifmmufid/airflow_env/lib/python3.10/site-packages/airflow/example_dags/tutorial_dag.py
[2024-10-12T20:02:20.179+0700] {processor.py:830} INFO - Processing file /home/hanifmmufid/airflow_env/lib/python3.10/site-packages/airflow/example_dags/tutorial_dag.py for tasks to queue
[2024-10-12T20:02:20.180+0700] {logging_mixin.py:188} INFO - [2024-10-12T20:02:20.180+0700] {dagbag.py:540} INFO - Filling up the DagBag from /home/hanifmmufid/airflow_env/lib/python3.10/site-packages/airflow/example_dags/tutorial_dag.py
[2024-10-12T20:02:20.184+0700] {processor.py:840} INFO - DAG(s) 'tutorial_dag' retrieved from /home/hanifmmufid/airflow_env/lib/python3.10/site-packages/airflow/example_dags/tutorial_dag.py
[2024-10-12T20:02:20.274+0700] {logging_mixin.py:188} INFO - [2024-10-12T20:02:20.273+0700] {override.py:1901} INFO - Created Permission View: can edit on DAG:tutorial_dag
[2024-10-12T20:02:20.287+0700] {logging_mixin.py:188} INFO - [2024-10-12T20:02:20.287+0700] {override.py:1901} INFO - Created Permission View: can read on DAG:tutorial_dag
[2024-10-12T20:02:20.298+0700] {logging_mixin.py:188} INFO - [2024-10-12T20:02:20.298+0700] {override.py:1901} INFO - Created Permission View: can delete on DAG:tutorial_dag
[2024-10-12T20:02:20.299+0700] {logging_mixin.py:188} INFO - [2024-10-12T20:02:20.299+0700] {dag.py:3096} INFO - Sync 1 DAGs
[2024-10-12T20:02:20.310+0700] {logging_mixin.py:188} INFO - [2024-10-12T20:02:20.309+0700] {dag.py:3118} INFO - Creating ORM DAG for tutorial_dag
[2024-10-12T20:02:20.310+0700] {logging_mixin.py:188} INFO - [2024-10-12T20:02:20.310+0700] {dag.py:3954} INFO - Setting next_dagrun for tutorial_dag to None, run_after=None
[2024-10-12T20:02:20.330+0700] {processor.py:183} INFO - Processing /home/hanifmmufid/airflow_env/lib/python3.10/site-packages/airflow/example_dags/tutorial_dag.py took 0.156 seconds
[2024-10-12T20:03:20.893+0700] {processor.py:161} INFO - Started process (PID=5872) to work on /home/hanifmmufid/airflow_env/lib/python3.10/site-packages/airflow/example_dags/tutorial_dag.py
[2024-10-12T20:03:20.895+0700] {processor.py:830} INFO - Processing file /home/hanifmmufid/airflow_env/lib/python3.10/site-packages/airflow/example_dags/tutorial_dag.py for tasks to queue
[2024-10-12T20:03:20.898+0700] {logging_mixin.py:188} INFO - [2024-10-12T20:03:20.898+0700] {dagbag.py:540} INFO - Filling up the DagBag from /home/hanifmmufid/airflow_env/lib/python3.10/site-packages/airflow/example_dags/tutorial_dag.py
[2024-10-12T20:03:20.907+0700] {processor.py:840} INFO - DAG(s) 'tutorial_dag' retrieved from /home/hanifmmufid/airflow_env/lib/python3.10/site-packages/airflow/example_dags/tutorial_dag.py
[2024-10-12T20:03:20.930+0700] {logging_mixin.py:188} INFO - [2024-10-12T20:03:20.930+0700] {dag.py:3096} INFO - Sync 1 DAGs
[2024-10-12T20:03:20.945+0700] {logging_mixin.py:188} INFO - [2024-10-12T20:03:20.945+0700] {dag.py:3954} INFO - Setting next_dagrun for tutorial_dag to None, run_after=None
[2024-10-12T20:03:20.979+0700] {processor.py:183} INFO - Processing /home/hanifmmufid/airflow_env/lib/python3.10/site-packages/airflow/example_dags/tutorial_dag.py took 0.095 seconds
[2024-10-12T20:04:29.367+0700] {processor.py:161} INFO - Started process (PID=6521) to work on /home/hanifmmufid/airflow_env/lib/python3.10/site-packages/airflow/example_dags/tutorial_dag.py
[2024-10-12T20:04:29.368+0700] {processor.py:830} INFO - Processing file /home/hanifmmufid/airflow_env/lib/python3.10/site-packages/airflow/example_dags/tutorial_dag.py for tasks to queue
[2024-10-12T20:04:29.372+0700] {logging_mixin.py:188} INFO - [2024-10-12T20:04:29.370+0700] {dagbag.py:540} INFO - Filling up the DagBag from /home/hanifmmufid/airflow_env/lib/python3.10/site-packages/airflow/example_dags/tutorial_dag.py
[2024-10-12T20:04:29.379+0700] {processor.py:840} INFO - DAG(s) 'tutorial_dag' retrieved from /home/hanifmmufid/airflow_env/lib/python3.10/site-packages/airflow/example_dags/tutorial_dag.py
[2024-10-12T20:04:29.395+0700] {logging_mixin.py:188} INFO - [2024-10-12T20:04:29.394+0700] {dag.py:3096} INFO - Sync 1 DAGs
[2024-10-12T20:04:29.540+0700] {logging_mixin.py:188} INFO - [2024-10-12T20:04:29.540+0700] {dag.py:3954} INFO - Setting next_dagrun for tutorial_dag to None, run_after=None
[2024-10-12T20:04:29.562+0700] {processor.py:183} INFO - Processing /home/hanifmmufid/airflow_env/lib/python3.10/site-packages/airflow/example_dags/tutorial_dag.py took 0.201 seconds
[2024-10-12T20:05:23.274+0700] {processor.py:161} INFO - Started process (PID=8436) to work on /home/hanifmmufid/airflow_env/lib/python3.10/site-packages/airflow/example_dags/tutorial_dag.py
[2024-10-12T20:05:23.281+0700] {processor.py:830} INFO - Processing file /home/hanifmmufid/airflow_env/lib/python3.10/site-packages/airflow/example_dags/tutorial_dag.py for tasks to queue
[2024-10-12T20:05:23.283+0700] {logging_mixin.py:188} INFO - [2024-10-12T20:05:23.282+0700] {dagbag.py:540} INFO - Filling up the DagBag from /home/hanifmmufid/airflow_env/lib/python3.10/site-packages/airflow/example_dags/tutorial_dag.py
[2024-10-12T20:05:23.294+0700] {processor.py:840} INFO - DAG(s) 'tutorial_dag' retrieved from /home/hanifmmufid/airflow_env/lib/python3.10/site-packages/airflow/example_dags/tutorial_dag.py
[2024-10-12T20:05:23.324+0700] {logging_mixin.py:188} INFO - [2024-10-12T20:05:23.323+0700] {dag.py:3096} INFO - Sync 1 DAGs
[2024-10-12T20:05:23.352+0700] {logging_mixin.py:188} INFO - [2024-10-12T20:05:23.351+0700] {dag.py:3954} INFO - Setting next_dagrun for tutorial_dag to None, run_after=None
[2024-10-12T20:05:23.416+0700] {processor.py:183} INFO - Processing /home/hanifmmufid/airflow_env/lib/python3.10/site-packages/airflow/example_dags/tutorial_dag.py took 0.154 seconds
[2024-10-12T20:06:09.847+0700] {processor.py:161} INFO - Started process (PID=8860) to work on /home/hanifmmufid/airflow_env/lib/python3.10/site-packages/airflow/example_dags/tutorial_dag.py
[2024-10-12T20:06:09.848+0700] {processor.py:830} INFO - Processing file /home/hanifmmufid/airflow_env/lib/python3.10/site-packages/airflow/example_dags/tutorial_dag.py for tasks to queue
[2024-10-12T20:06:09.850+0700] {logging_mixin.py:188} INFO - [2024-10-12T20:06:09.850+0700] {dagbag.py:540} INFO - Filling up the DagBag from /home/hanifmmufid/airflow_env/lib/python3.10/site-packages/airflow/example_dags/tutorial_dag.py
[2024-10-12T20:06:09.855+0700] {processor.py:840} INFO - DAG(s) 'tutorial_dag' retrieved from /home/hanifmmufid/airflow_env/lib/python3.10/site-packages/airflow/example_dags/tutorial_dag.py
[2024-10-12T20:06:09.866+0700] {logging_mixin.py:188} INFO - [2024-10-12T20:06:09.865+0700] {dag.py:3096} INFO - Sync 1 DAGs
[2024-10-12T20:06:09.875+0700] {logging_mixin.py:188} INFO - [2024-10-12T20:06:09.874+0700] {dag.py:3954} INFO - Setting next_dagrun for tutorial_dag to None, run_after=None
[2024-10-12T20:06:09.898+0700] {processor.py:183} INFO - Processing /home/hanifmmufid/airflow_env/lib/python3.10/site-packages/airflow/example_dags/tutorial_dag.py took 0.055 seconds
[2024-10-12T20:06:52.506+0700] {processor.py:161} INFO - Started process (PID=9251) to work on /home/hanifmmufid/airflow_env/lib/python3.10/site-packages/airflow/example_dags/tutorial_dag.py
[2024-10-12T20:06:52.507+0700] {processor.py:830} INFO - Processing file /home/hanifmmufid/airflow_env/lib/python3.10/site-packages/airflow/example_dags/tutorial_dag.py for tasks to queue
[2024-10-12T20:06:52.509+0700] {logging_mixin.py:188} INFO - [2024-10-12T20:06:52.508+0700] {dagbag.py:540} INFO - Filling up the DagBag from /home/hanifmmufid/airflow_env/lib/python3.10/site-packages/airflow/example_dags/tutorial_dag.py
[2024-10-12T20:06:52.516+0700] {processor.py:840} INFO - DAG(s) 'tutorial_dag' retrieved from /home/hanifmmufid/airflow_env/lib/python3.10/site-packages/airflow/example_dags/tutorial_dag.py
[2024-10-12T20:06:52.535+0700] {logging_mixin.py:188} INFO - [2024-10-12T20:06:52.535+0700] {dag.py:3096} INFO - Sync 1 DAGs
[2024-10-12T20:06:52.549+0700] {logging_mixin.py:188} INFO - [2024-10-12T20:06:52.548+0700] {dag.py:3954} INFO - Setting next_dagrun for tutorial_dag to None, run_after=None
[2024-10-12T20:06:52.573+0700] {processor.py:183} INFO - Processing /home/hanifmmufid/airflow_env/lib/python3.10/site-packages/airflow/example_dags/tutorial_dag.py took 0.074 seconds
[2024-10-12T20:07:49.973+0700] {processor.py:161} INFO - Started process (PID=9754) to work on /home/hanifmmufid/airflow_env/lib/python3.10/site-packages/airflow/example_dags/tutorial_dag.py
[2024-10-12T20:07:49.974+0700] {processor.py:830} INFO - Processing file /home/hanifmmufid/airflow_env/lib/python3.10/site-packages/airflow/example_dags/tutorial_dag.py for tasks to queue
[2024-10-12T20:07:49.975+0700] {logging_mixin.py:188} INFO - [2024-10-12T20:07:49.975+0700] {dagbag.py:540} INFO - Filling up the DagBag from /home/hanifmmufid/airflow_env/lib/python3.10/site-packages/airflow/example_dags/tutorial_dag.py
[2024-10-12T20:07:49.983+0700] {processor.py:840} INFO - DAG(s) 'tutorial_dag' retrieved from /home/hanifmmufid/airflow_env/lib/python3.10/site-packages/airflow/example_dags/tutorial_dag.py
[2024-10-12T20:07:49.997+0700] {logging_mixin.py:188} INFO - [2024-10-12T20:07:49.996+0700] {dag.py:3096} INFO - Sync 1 DAGs
[2024-10-12T20:07:50.006+0700] {logging_mixin.py:188} INFO - [2024-10-12T20:07:50.006+0700] {dag.py:3954} INFO - Setting next_dagrun for tutorial_dag to None, run_after=None
[2024-10-12T20:07:50.030+0700] {processor.py:183} INFO - Processing /home/hanifmmufid/airflow_env/lib/python3.10/site-packages/airflow/example_dags/tutorial_dag.py took 0.063 seconds
[2024-10-12T20:08:31.530+0700] {processor.py:161} INFO - Started process (PID=10126) to work on /home/hanifmmufid/airflow_env/lib/python3.10/site-packages/airflow/example_dags/tutorial_dag.py
[2024-10-12T20:08:31.531+0700] {processor.py:830} INFO - Processing file /home/hanifmmufid/airflow_env/lib/python3.10/site-packages/airflow/example_dags/tutorial_dag.py for tasks to queue
[2024-10-12T20:08:31.532+0700] {logging_mixin.py:188} INFO - [2024-10-12T20:08:31.531+0700] {dagbag.py:540} INFO - Filling up the DagBag from /home/hanifmmufid/airflow_env/lib/python3.10/site-packages/airflow/example_dags/tutorial_dag.py
[2024-10-12T20:08:31.536+0700] {processor.py:840} INFO - DAG(s) 'tutorial_dag' retrieved from /home/hanifmmufid/airflow_env/lib/python3.10/site-packages/airflow/example_dags/tutorial_dag.py
[2024-10-12T20:08:31.549+0700] {logging_mixin.py:188} INFO - [2024-10-12T20:08:31.549+0700] {dag.py:3096} INFO - Sync 1 DAGs
[2024-10-12T20:08:31.559+0700] {logging_mixin.py:188} INFO - [2024-10-12T20:08:31.558+0700] {dag.py:3954} INFO - Setting next_dagrun for tutorial_dag to None, run_after=None
[2024-10-12T20:08:31.583+0700] {processor.py:183} INFO - Processing /home/hanifmmufid/airflow_env/lib/python3.10/site-packages/airflow/example_dags/tutorial_dag.py took 0.058 seconds
[2024-10-12T20:09:16.789+0700] {processor.py:161} INFO - Started process (PID=10475) to work on /home/hanifmmufid/airflow_env/lib/python3.10/site-packages/airflow/example_dags/tutorial_dag.py
[2024-10-12T20:09:16.790+0700] {processor.py:830} INFO - Processing file /home/hanifmmufid/airflow_env/lib/python3.10/site-packages/airflow/example_dags/tutorial_dag.py for tasks to queue
[2024-10-12T20:09:16.792+0700] {logging_mixin.py:188} INFO - [2024-10-12T20:09:16.791+0700] {dagbag.py:540} INFO - Filling up the DagBag from /home/hanifmmufid/airflow_env/lib/python3.10/site-packages/airflow/example_dags/tutorial_dag.py
[2024-10-12T20:09:16.797+0700] {processor.py:840} INFO - DAG(s) 'tutorial_dag' retrieved from /home/hanifmmufid/airflow_env/lib/python3.10/site-packages/airflow/example_dags/tutorial_dag.py
[2024-10-12T20:09:16.817+0700] {logging_mixin.py:188} INFO - [2024-10-12T20:09:16.816+0700] {dag.py:3096} INFO - Sync 1 DAGs
[2024-10-12T20:09:16.830+0700] {logging_mixin.py:188} INFO - [2024-10-12T20:09:16.830+0700] {dag.py:3954} INFO - Setting next_dagrun for tutorial_dag to None, run_after=None
[2024-10-12T20:09:16.874+0700] {processor.py:183} INFO - Processing /home/hanifmmufid/airflow_env/lib/python3.10/site-packages/airflow/example_dags/tutorial_dag.py took 0.092 seconds
[2024-10-12T20:10:07.327+0700] {processor.py:161} INFO - Started process (PID=10874) to work on /home/hanifmmufid/airflow_env/lib/python3.10/site-packages/airflow/example_dags/tutorial_dag.py
[2024-10-12T20:10:07.329+0700] {processor.py:830} INFO - Processing file /home/hanifmmufid/airflow_env/lib/python3.10/site-packages/airflow/example_dags/tutorial_dag.py for tasks to queue
[2024-10-12T20:10:07.331+0700] {logging_mixin.py:188} INFO - [2024-10-12T20:10:07.330+0700] {dagbag.py:540} INFO - Filling up the DagBag from /home/hanifmmufid/airflow_env/lib/python3.10/site-packages/airflow/example_dags/tutorial_dag.py
[2024-10-12T20:10:07.346+0700] {processor.py:840} INFO - DAG(s) 'tutorial_dag' retrieved from /home/hanifmmufid/airflow_env/lib/python3.10/site-packages/airflow/example_dags/tutorial_dag.py
[2024-10-12T20:10:07.377+0700] {logging_mixin.py:188} INFO - [2024-10-12T20:10:07.376+0700] {dag.py:3096} INFO - Sync 1 DAGs
[2024-10-12T20:10:07.398+0700] {logging_mixin.py:188} INFO - [2024-10-12T20:10:07.398+0700] {dag.py:3954} INFO - Setting next_dagrun for tutorial_dag to None, run_after=None
[2024-10-12T20:10:07.452+0700] {processor.py:183} INFO - Processing /home/hanifmmufid/airflow_env/lib/python3.10/site-packages/airflow/example_dags/tutorial_dag.py took 0.135 seconds
[2024-10-12T20:10:56.208+0700] {processor.py:161} INFO - Started process (PID=11629) to work on /home/hanifmmufid/airflow_env/lib/python3.10/site-packages/airflow/example_dags/tutorial_dag.py
[2024-10-12T20:10:56.321+0700] {processor.py:830} INFO - Processing file /home/hanifmmufid/airflow_env/lib/python3.10/site-packages/airflow/example_dags/tutorial_dag.py for tasks to queue
[2024-10-12T20:10:56.323+0700] {logging_mixin.py:188} INFO - [2024-10-12T20:10:56.323+0700] {dagbag.py:540} INFO - Filling up the DagBag from /home/hanifmmufid/airflow_env/lib/python3.10/site-packages/airflow/example_dags/tutorial_dag.py
[2024-10-12T20:10:56.330+0700] {processor.py:840} INFO - DAG(s) 'tutorial_dag' retrieved from /home/hanifmmufid/airflow_env/lib/python3.10/site-packages/airflow/example_dags/tutorial_dag.py
[2024-10-12T20:10:56.343+0700] {logging_mixin.py:188} INFO - [2024-10-12T20:10:56.343+0700] {dag.py:3096} INFO - Sync 1 DAGs
[2024-10-12T20:10:56.353+0700] {logging_mixin.py:188} INFO - [2024-10-12T20:10:56.353+0700] {dag.py:3954} INFO - Setting next_dagrun for tutorial_dag to None, run_after=None
[2024-10-12T20:10:58.621+0700] {processor.py:183} INFO - Processing /home/hanifmmufid/airflow_env/lib/python3.10/site-packages/airflow/example_dags/tutorial_dag.py took 2.425 seconds
[2024-10-12T20:11:42.080+0700] {processor.py:161} INFO - Started process (PID=11992) to work on /home/hanifmmufid/airflow_env/lib/python3.10/site-packages/airflow/example_dags/tutorial_dag.py
[2024-10-12T20:11:42.081+0700] {processor.py:830} INFO - Processing file /home/hanifmmufid/airflow_env/lib/python3.10/site-packages/airflow/example_dags/tutorial_dag.py for tasks to queue
[2024-10-12T20:11:42.082+0700] {logging_mixin.py:188} INFO - [2024-10-12T20:11:42.082+0700] {dagbag.py:540} INFO - Filling up the DagBag from /home/hanifmmufid/airflow_env/lib/python3.10/site-packages/airflow/example_dags/tutorial_dag.py
[2024-10-12T20:11:42.092+0700] {processor.py:840} INFO - DAG(s) 'tutorial_dag' retrieved from /home/hanifmmufid/airflow_env/lib/python3.10/site-packages/airflow/example_dags/tutorial_dag.py
[2024-10-12T20:11:42.114+0700] {logging_mixin.py:188} INFO - [2024-10-12T20:11:42.114+0700] {dag.py:3096} INFO - Sync 1 DAGs
[2024-10-12T20:11:42.131+0700] {logging_mixin.py:188} INFO - [2024-10-12T20:11:42.130+0700] {dag.py:3954} INFO - Setting next_dagrun for tutorial_dag to None, run_after=None
[2024-10-12T20:11:42.163+0700] {processor.py:183} INFO - Processing /home/hanifmmufid/airflow_env/lib/python3.10/site-packages/airflow/example_dags/tutorial_dag.py took 0.090 seconds
[2024-10-12T20:13:06.646+0700] {processor.py:161} INFO - Started process (PID=12746) to work on /home/hanifmmufid/airflow_env/lib/python3.10/site-packages/airflow/example_dags/tutorial_dag.py
[2024-10-12T20:13:06.648+0700] {processor.py:830} INFO - Processing file /home/hanifmmufid/airflow_env/lib/python3.10/site-packages/airflow/example_dags/tutorial_dag.py for tasks to queue
[2024-10-12T20:13:06.649+0700] {logging_mixin.py:188} INFO - [2024-10-12T20:13:06.648+0700] {dagbag.py:540} INFO - Filling up the DagBag from /home/hanifmmufid/airflow_env/lib/python3.10/site-packages/airflow/example_dags/tutorial_dag.py
[2024-10-12T20:13:06.658+0700] {processor.py:840} INFO - DAG(s) 'tutorial_dag' retrieved from /home/hanifmmufid/airflow_env/lib/python3.10/site-packages/airflow/example_dags/tutorial_dag.py
[2024-10-12T20:13:06.683+0700] {logging_mixin.py:188} INFO - [2024-10-12T20:13:06.683+0700] {dag.py:3096} INFO - Sync 1 DAGs
[2024-10-12T20:13:06.707+0700] {logging_mixin.py:188} INFO - [2024-10-12T20:13:06.706+0700] {dag.py:3954} INFO - Setting next_dagrun for tutorial_dag to None, run_after=None
[2024-10-12T20:13:06.750+0700] {processor.py:183} INFO - Processing /home/hanifmmufid/airflow_env/lib/python3.10/site-packages/airflow/example_dags/tutorial_dag.py took 0.112 seconds
[2024-10-12T20:13:48.626+0700] {processor.py:161} INFO - Started process (PID=13069) to work on /home/hanifmmufid/airflow_env/lib/python3.10/site-packages/airflow/example_dags/tutorial_dag.py
[2024-10-12T20:13:48.627+0700] {processor.py:830} INFO - Processing file /home/hanifmmufid/airflow_env/lib/python3.10/site-packages/airflow/example_dags/tutorial_dag.py for tasks to queue
[2024-10-12T20:13:48.629+0700] {logging_mixin.py:188} INFO - [2024-10-12T20:13:48.628+0700] {dagbag.py:540} INFO - Filling up the DagBag from /home/hanifmmufid/airflow_env/lib/python3.10/site-packages/airflow/example_dags/tutorial_dag.py
[2024-10-12T20:13:48.635+0700] {processor.py:840} INFO - DAG(s) 'tutorial_dag' retrieved from /home/hanifmmufid/airflow_env/lib/python3.10/site-packages/airflow/example_dags/tutorial_dag.py
[2024-10-12T20:13:48.661+0700] {logging_mixin.py:188} INFO - [2024-10-12T20:13:48.661+0700] {dag.py:3096} INFO - Sync 1 DAGs
[2024-10-12T20:13:48.682+0700] {logging_mixin.py:188} INFO - [2024-10-12T20:13:48.682+0700] {dag.py:3954} INFO - Setting next_dagrun for tutorial_dag to None, run_after=None
[2024-10-12T20:13:48.716+0700] {processor.py:183} INFO - Processing /home/hanifmmufid/airflow_env/lib/python3.10/site-packages/airflow/example_dags/tutorial_dag.py took 0.100 seconds
[2024-10-12T20:14:32.639+0700] {processor.py:161} INFO - Started process (PID=13416) to work on /home/hanifmmufid/airflow_env/lib/python3.10/site-packages/airflow/example_dags/tutorial_dag.py
[2024-10-12T20:14:32.640+0700] {processor.py:830} INFO - Processing file /home/hanifmmufid/airflow_env/lib/python3.10/site-packages/airflow/example_dags/tutorial_dag.py for tasks to queue
[2024-10-12T20:14:32.641+0700] {logging_mixin.py:188} INFO - [2024-10-12T20:14:32.640+0700] {dagbag.py:540} INFO - Filling up the DagBag from /home/hanifmmufid/airflow_env/lib/python3.10/site-packages/airflow/example_dags/tutorial_dag.py
[2024-10-12T20:14:32.648+0700] {processor.py:840} INFO - DAG(s) 'tutorial_dag' retrieved from /home/hanifmmufid/airflow_env/lib/python3.10/site-packages/airflow/example_dags/tutorial_dag.py
[2024-10-12T20:14:32.662+0700] {logging_mixin.py:188} INFO - [2024-10-12T20:14:32.661+0700] {dag.py:3096} INFO - Sync 1 DAGs
[2024-10-12T20:14:32.672+0700] {logging_mixin.py:188} INFO - [2024-10-12T20:14:32.672+0700] {dag.py:3954} INFO - Setting next_dagrun for tutorial_dag to None, run_after=None
[2024-10-12T20:14:32.695+0700] {processor.py:183} INFO - Processing /home/hanifmmufid/airflow_env/lib/python3.10/site-packages/airflow/example_dags/tutorial_dag.py took 0.062 seconds
[2024-10-12T20:15:13.260+0700] {processor.py:161} INFO - Started process (PID=13756) to work on /home/hanifmmufid/airflow_env/lib/python3.10/site-packages/airflow/example_dags/tutorial_dag.py
[2024-10-12T20:15:13.262+0700] {processor.py:830} INFO - Processing file /home/hanifmmufid/airflow_env/lib/python3.10/site-packages/airflow/example_dags/tutorial_dag.py for tasks to queue
[2024-10-12T20:15:13.264+0700] {logging_mixin.py:188} INFO - [2024-10-12T20:15:13.263+0700] {dagbag.py:540} INFO - Filling up the DagBag from /home/hanifmmufid/airflow_env/lib/python3.10/site-packages/airflow/example_dags/tutorial_dag.py
[2024-10-12T20:15:13.275+0700] {processor.py:840} INFO - DAG(s) 'tutorial_dag' retrieved from /home/hanifmmufid/airflow_env/lib/python3.10/site-packages/airflow/example_dags/tutorial_dag.py
[2024-10-12T20:15:13.299+0700] {logging_mixin.py:188} INFO - [2024-10-12T20:15:13.299+0700] {dag.py:3096} INFO - Sync 1 DAGs
[2024-10-12T20:15:13.323+0700] {logging_mixin.py:188} INFO - [2024-10-12T20:15:13.322+0700] {dag.py:3954} INFO - Setting next_dagrun for tutorial_dag to None, run_after=None
[2024-10-12T20:15:13.371+0700] {processor.py:183} INFO - Processing /home/hanifmmufid/airflow_env/lib/python3.10/site-packages/airflow/example_dags/tutorial_dag.py took 0.125 seconds
[2024-10-12T20:16:23.288+0700] {processor.py:161} INFO - Started process (PID=14402) to work on /home/hanifmmufid/airflow_env/lib/python3.10/site-packages/airflow/example_dags/tutorial_dag.py
[2024-10-12T20:16:23.290+0700] {processor.py:830} INFO - Processing file /home/hanifmmufid/airflow_env/lib/python3.10/site-packages/airflow/example_dags/tutorial_dag.py for tasks to queue
[2024-10-12T20:16:23.291+0700] {logging_mixin.py:188} INFO - [2024-10-12T20:16:23.290+0700] {dagbag.py:540} INFO - Filling up the DagBag from /home/hanifmmufid/airflow_env/lib/python3.10/site-packages/airflow/example_dags/tutorial_dag.py
[2024-10-12T20:16:23.295+0700] {processor.py:840} INFO - DAG(s) 'tutorial_dag' retrieved from /home/hanifmmufid/airflow_env/lib/python3.10/site-packages/airflow/example_dags/tutorial_dag.py
[2024-10-12T20:16:23.308+0700] {logging_mixin.py:188} INFO - [2024-10-12T20:16:23.308+0700] {dag.py:3096} INFO - Sync 1 DAGs
[2024-10-12T20:16:23.317+0700] {logging_mixin.py:188} INFO - [2024-10-12T20:16:23.317+0700] {dag.py:3954} INFO - Setting next_dagrun for tutorial_dag to None, run_after=None
[2024-10-12T20:16:23.340+0700] {processor.py:183} INFO - Processing /home/hanifmmufid/airflow_env/lib/python3.10/site-packages/airflow/example_dags/tutorial_dag.py took 0.057 seconds
[2024-10-12T20:17:47.386+0700] {processor.py:161} INFO - Started process (PID=15074) to work on /home/hanifmmufid/airflow_env/lib/python3.10/site-packages/airflow/example_dags/tutorial_dag.py
[2024-10-12T20:17:47.389+0700] {processor.py:830} INFO - Processing file /home/hanifmmufid/airflow_env/lib/python3.10/site-packages/airflow/example_dags/tutorial_dag.py for tasks to queue
[2024-10-12T20:17:47.390+0700] {logging_mixin.py:188} INFO - [2024-10-12T20:17:47.390+0700] {dagbag.py:540} INFO - Filling up the DagBag from /home/hanifmmufid/airflow_env/lib/python3.10/site-packages/airflow/example_dags/tutorial_dag.py
[2024-10-12T20:17:47.401+0700] {processor.py:840} INFO - DAG(s) 'tutorial_dag' retrieved from /home/hanifmmufid/airflow_env/lib/python3.10/site-packages/airflow/example_dags/tutorial_dag.py
[2024-10-12T20:17:47.428+0700] {logging_mixin.py:188} INFO - [2024-10-12T20:17:47.428+0700] {dag.py:3096} INFO - Sync 1 DAGs
[2024-10-12T20:17:47.445+0700] {logging_mixin.py:188} INFO - [2024-10-12T20:17:47.444+0700] {dag.py:3954} INFO - Setting next_dagrun for tutorial_dag to None, run_after=None
[2024-10-12T20:17:47.480+0700] {processor.py:183} INFO - Processing /home/hanifmmufid/airflow_env/lib/python3.10/site-packages/airflow/example_dags/tutorial_dag.py took 0.104 seconds
[2024-10-12T20:18:32.623+0700] {processor.py:161} INFO - Started process (PID=15482) to work on /home/hanifmmufid/airflow_env/lib/python3.10/site-packages/airflow/example_dags/tutorial_dag.py
[2024-10-12T20:18:32.626+0700] {processor.py:830} INFO - Processing file /home/hanifmmufid/airflow_env/lib/python3.10/site-packages/airflow/example_dags/tutorial_dag.py for tasks to queue
[2024-10-12T20:18:32.628+0700] {logging_mixin.py:188} INFO - [2024-10-12T20:18:32.627+0700] {dagbag.py:540} INFO - Filling up the DagBag from /home/hanifmmufid/airflow_env/lib/python3.10/site-packages/airflow/example_dags/tutorial_dag.py
[2024-10-12T20:18:32.633+0700] {processor.py:840} INFO - DAG(s) 'tutorial_dag' retrieved from /home/hanifmmufid/airflow_env/lib/python3.10/site-packages/airflow/example_dags/tutorial_dag.py
[2024-10-12T20:18:32.646+0700] {logging_mixin.py:188} INFO - [2024-10-12T20:18:32.646+0700] {dag.py:3096} INFO - Sync 1 DAGs
[2024-10-12T20:18:32.657+0700] {logging_mixin.py:188} INFO - [2024-10-12T20:18:32.656+0700] {dag.py:3954} INFO - Setting next_dagrun for tutorial_dag to None, run_after=None
[2024-10-12T20:18:32.680+0700] {processor.py:183} INFO - Processing /home/hanifmmufid/airflow_env/lib/python3.10/site-packages/airflow/example_dags/tutorial_dag.py took 0.064 seconds
