[2024-10-12T20:02:28.124+0700] {processor.py:161} INFO - Started process (PID=5600) to work on /home/hanifmmufid/airflow_env/lib/python3.10/site-packages/airflow/example_dags/tutorial.py
[2024-10-12T20:02:28.125+0700] {processor.py:830} INFO - Processing file /home/hanifmmufid/airflow_env/lib/python3.10/site-packages/airflow/example_dags/tutorial.py for tasks to queue
[2024-10-12T20:02:28.126+0700] {logging_mixin.py:188} INFO - [2024-10-12T20:02:28.126+0700] {dagbag.py:540} INFO - Filling up the DagBag from /home/hanifmmufid/airflow_env/lib/python3.10/site-packages/airflow/example_dags/tutorial.py
[2024-10-12T20:02:28.130+0700] {processor.py:840} INFO - DAG(s) 'tutorial' retrieved from /home/hanifmmufid/airflow_env/lib/python3.10/site-packages/airflow/example_dags/tutorial.py
[2024-10-12T20:02:28.215+0700] {logging_mixin.py:188} INFO - [2024-10-12T20:02:28.215+0700] {override.py:1901} INFO - Created Permission View: can edit on DAG:tutorial
[2024-10-12T20:02:28.227+0700] {logging_mixin.py:188} INFO - [2024-10-12T20:02:28.227+0700] {override.py:1901} INFO - Created Permission View: can read on DAG:tutorial
[2024-10-12T20:02:28.237+0700] {logging_mixin.py:188} INFO - [2024-10-12T20:02:28.236+0700] {override.py:1901} INFO - Created Permission View: can delete on DAG:tutorial
[2024-10-12T20:02:28.237+0700] {logging_mixin.py:188} INFO - [2024-10-12T20:02:28.237+0700] {dag.py:3096} INFO - Sync 1 DAGs
[2024-10-12T20:02:28.244+0700] {logging_mixin.py:188} INFO - [2024-10-12T20:02:28.244+0700] {dag.py:3118} INFO - Creating ORM DAG for tutorial
[2024-10-12T20:02:28.252+0700] {logging_mixin.py:188} INFO - [2024-10-12T20:02:28.252+0700] {dag.py:3954} INFO - Setting next_dagrun for tutorial to 2024-10-11 00:00:00+00:00, run_after=2024-10-12 00:00:00+00:00
[2024-10-12T20:02:28.273+0700] {processor.py:183} INFO - Processing /home/hanifmmufid/airflow_env/lib/python3.10/site-packages/airflow/example_dags/tutorial.py took 0.152 seconds
[2024-10-12T20:03:31.041+0700] {processor.py:161} INFO - Started process (PID=5934) to work on /home/hanifmmufid/airflow_env/lib/python3.10/site-packages/airflow/example_dags/tutorial.py
[2024-10-12T20:03:31.042+0700] {processor.py:830} INFO - Processing file /home/hanifmmufid/airflow_env/lib/python3.10/site-packages/airflow/example_dags/tutorial.py for tasks to queue
[2024-10-12T20:03:31.044+0700] {logging_mixin.py:188} INFO - [2024-10-12T20:03:31.043+0700] {dagbag.py:540} INFO - Filling up the DagBag from /home/hanifmmufid/airflow_env/lib/python3.10/site-packages/airflow/example_dags/tutorial.py
[2024-10-12T20:03:31.047+0700] {processor.py:840} INFO - DAG(s) 'tutorial' retrieved from /home/hanifmmufid/airflow_env/lib/python3.10/site-packages/airflow/example_dags/tutorial.py
[2024-10-12T20:03:31.060+0700] {logging_mixin.py:188} INFO - [2024-10-12T20:03:31.060+0700] {dag.py:3096} INFO - Sync 1 DAGs
[2024-10-12T20:03:31.074+0700] {logging_mixin.py:188} INFO - [2024-10-12T20:03:31.074+0700] {dag.py:3954} INFO - Setting next_dagrun for tutorial to 2024-10-11 00:00:00+00:00, run_after=2024-10-12 00:00:00+00:00
[2024-10-12T20:03:31.096+0700] {processor.py:183} INFO - Processing /home/hanifmmufid/airflow_env/lib/python3.10/site-packages/airflow/example_dags/tutorial.py took 0.060 seconds
[2024-10-12T20:04:38.576+0700] {processor.py:161} INFO - Started process (PID=6590) to work on /home/hanifmmufid/airflow_env/lib/python3.10/site-packages/airflow/example_dags/tutorial.py
[2024-10-12T20:04:38.578+0700] {processor.py:830} INFO - Processing file /home/hanifmmufid/airflow_env/lib/python3.10/site-packages/airflow/example_dags/tutorial.py for tasks to queue
[2024-10-12T20:04:38.581+0700] {logging_mixin.py:188} INFO - [2024-10-12T20:04:38.581+0700] {dagbag.py:540} INFO - Filling up the DagBag from /home/hanifmmufid/airflow_env/lib/python3.10/site-packages/airflow/example_dags/tutorial.py
[2024-10-12T20:04:38.592+0700] {processor.py:840} INFO - DAG(s) 'tutorial' retrieved from /home/hanifmmufid/airflow_env/lib/python3.10/site-packages/airflow/example_dags/tutorial.py
[2024-10-12T20:04:38.613+0700] {logging_mixin.py:188} INFO - [2024-10-12T20:04:38.613+0700] {dag.py:3096} INFO - Sync 1 DAGs
[2024-10-12T20:04:38.745+0700] {logging_mixin.py:188} INFO - [2024-10-12T20:04:38.745+0700] {dag.py:3954} INFO - Setting next_dagrun for tutorial to 2024-10-11 00:00:00+00:00, run_after=2024-10-12 00:00:00+00:00
[2024-10-12T20:04:38.781+0700] {processor.py:183} INFO - Processing /home/hanifmmufid/airflow_env/lib/python3.10/site-packages/airflow/example_dags/tutorial.py took 0.214 seconds
[2024-10-12T20:05:31.379+0700] {processor.py:161} INFO - Started process (PID=8549) to work on /home/hanifmmufid/airflow_env/lib/python3.10/site-packages/airflow/example_dags/tutorial.py
[2024-10-12T20:05:31.381+0700] {processor.py:830} INFO - Processing file /home/hanifmmufid/airflow_env/lib/python3.10/site-packages/airflow/example_dags/tutorial.py for tasks to queue
[2024-10-12T20:05:31.384+0700] {logging_mixin.py:188} INFO - [2024-10-12T20:05:31.383+0700] {dagbag.py:540} INFO - Filling up the DagBag from /home/hanifmmufid/airflow_env/lib/python3.10/site-packages/airflow/example_dags/tutorial.py
[2024-10-12T20:05:31.388+0700] {processor.py:840} INFO - DAG(s) 'tutorial' retrieved from /home/hanifmmufid/airflow_env/lib/python3.10/site-packages/airflow/example_dags/tutorial.py
[2024-10-12T20:05:31.401+0700] {logging_mixin.py:188} INFO - [2024-10-12T20:05:31.401+0700] {dag.py:3096} INFO - Sync 1 DAGs
[2024-10-12T20:05:31.417+0700] {logging_mixin.py:188} INFO - [2024-10-12T20:05:31.417+0700] {dag.py:3954} INFO - Setting next_dagrun for tutorial to 2024-10-11 00:00:00+00:00, run_after=2024-10-12 00:00:00+00:00
[2024-10-12T20:05:31.438+0700] {processor.py:183} INFO - Processing /home/hanifmmufid/airflow_env/lib/python3.10/site-packages/airflow/example_dags/tutorial.py took 0.065 seconds
[2024-10-12T20:06:17.277+0700] {processor.py:161} INFO - Started process (PID=8915) to work on /home/hanifmmufid/airflow_env/lib/python3.10/site-packages/airflow/example_dags/tutorial.py
[2024-10-12T20:06:17.278+0700] {processor.py:830} INFO - Processing file /home/hanifmmufid/airflow_env/lib/python3.10/site-packages/airflow/example_dags/tutorial.py for tasks to queue
[2024-10-12T20:06:17.280+0700] {logging_mixin.py:188} INFO - [2024-10-12T20:06:17.280+0700] {dagbag.py:540} INFO - Filling up the DagBag from /home/hanifmmufid/airflow_env/lib/python3.10/site-packages/airflow/example_dags/tutorial.py
[2024-10-12T20:06:17.288+0700] {processor.py:840} INFO - DAG(s) 'tutorial' retrieved from /home/hanifmmufid/airflow_env/lib/python3.10/site-packages/airflow/example_dags/tutorial.py
[2024-10-12T20:06:17.302+0700] {logging_mixin.py:188} INFO - [2024-10-12T20:06:17.301+0700] {dag.py:3096} INFO - Sync 1 DAGs
[2024-10-12T20:06:17.317+0700] {logging_mixin.py:188} INFO - [2024-10-12T20:06:17.317+0700] {dag.py:3954} INFO - Setting next_dagrun for tutorial to 2024-10-11 00:00:00+00:00, run_after=2024-10-12 00:00:00+00:00
[2024-10-12T20:06:17.344+0700] {processor.py:183} INFO - Processing /home/hanifmmufid/airflow_env/lib/python3.10/site-packages/airflow/example_dags/tutorial.py took 0.078 seconds
[2024-10-12T20:07:26.685+0700] {processor.py:161} INFO - Started process (PID=9553) to work on /home/hanifmmufid/airflow_env/lib/python3.10/site-packages/airflow/example_dags/tutorial.py
[2024-10-12T20:07:26.687+0700] {processor.py:830} INFO - Processing file /home/hanifmmufid/airflow_env/lib/python3.10/site-packages/airflow/example_dags/tutorial.py for tasks to queue
[2024-10-12T20:07:26.689+0700] {logging_mixin.py:188} INFO - [2024-10-12T20:07:26.688+0700] {dagbag.py:540} INFO - Filling up the DagBag from /home/hanifmmufid/airflow_env/lib/python3.10/site-packages/airflow/example_dags/tutorial.py
[2024-10-12T20:07:26.701+0700] {processor.py:840} INFO - DAG(s) 'tutorial' retrieved from /home/hanifmmufid/airflow_env/lib/python3.10/site-packages/airflow/example_dags/tutorial.py
[2024-10-12T20:07:26.722+0700] {logging_mixin.py:188} INFO - [2024-10-12T20:07:26.722+0700] {dag.py:3096} INFO - Sync 1 DAGs
[2024-10-12T20:07:26.745+0700] {logging_mixin.py:188} INFO - [2024-10-12T20:07:26.745+0700] {dag.py:3954} INFO - Setting next_dagrun for tutorial to 2024-10-11 00:00:00+00:00, run_after=2024-10-12 00:00:00+00:00
[2024-10-12T20:07:26.776+0700] {processor.py:183} INFO - Processing /home/hanifmmufid/airflow_env/lib/python3.10/site-packages/airflow/example_dags/tutorial.py took 0.098 seconds
[2024-10-12T20:08:34.945+0700] {processor.py:161} INFO - Started process (PID=10158) to work on /home/hanifmmufid/airflow_env/lib/python3.10/site-packages/airflow/example_dags/tutorial.py
[2024-10-12T20:08:34.947+0700] {processor.py:830} INFO - Processing file /home/hanifmmufid/airflow_env/lib/python3.10/site-packages/airflow/example_dags/tutorial.py for tasks to queue
[2024-10-12T20:08:34.948+0700] {logging_mixin.py:188} INFO - [2024-10-12T20:08:34.947+0700] {dagbag.py:540} INFO - Filling up the DagBag from /home/hanifmmufid/airflow_env/lib/python3.10/site-packages/airflow/example_dags/tutorial.py
[2024-10-12T20:08:34.959+0700] {processor.py:840} INFO - DAG(s) 'tutorial' retrieved from /home/hanifmmufid/airflow_env/lib/python3.10/site-packages/airflow/example_dags/tutorial.py
[2024-10-12T20:08:34.978+0700] {logging_mixin.py:188} INFO - [2024-10-12T20:08:34.978+0700] {dag.py:3096} INFO - Sync 1 DAGs
[2024-10-12T20:08:35.000+0700] {logging_mixin.py:188} INFO - [2024-10-12T20:08:34.999+0700] {dag.py:3954} INFO - Setting next_dagrun for tutorial to 2024-10-11 00:00:00+00:00, run_after=2024-10-12 00:00:00+00:00
[2024-10-12T20:08:35.031+0700] {processor.py:183} INFO - Processing /home/hanifmmufid/airflow_env/lib/python3.10/site-packages/airflow/example_dags/tutorial.py took 0.098 seconds
[2024-10-12T20:09:25.233+0700] {processor.py:161} INFO - Started process (PID=10539) to work on /home/hanifmmufid/airflow_env/lib/python3.10/site-packages/airflow/example_dags/tutorial.py
[2024-10-12T20:09:25.236+0700] {processor.py:830} INFO - Processing file /home/hanifmmufid/airflow_env/lib/python3.10/site-packages/airflow/example_dags/tutorial.py for tasks to queue
[2024-10-12T20:09:25.238+0700] {logging_mixin.py:188} INFO - [2024-10-12T20:09:25.238+0700] {dagbag.py:540} INFO - Filling up the DagBag from /home/hanifmmufid/airflow_env/lib/python3.10/site-packages/airflow/example_dags/tutorial.py
[2024-10-12T20:09:25.245+0700] {processor.py:840} INFO - DAG(s) 'tutorial' retrieved from /home/hanifmmufid/airflow_env/lib/python3.10/site-packages/airflow/example_dags/tutorial.py
[2024-10-12T20:09:25.262+0700] {logging_mixin.py:188} INFO - [2024-10-12T20:09:25.262+0700] {dag.py:3096} INFO - Sync 1 DAGs
[2024-10-12T20:09:25.285+0700] {logging_mixin.py:188} INFO - [2024-10-12T20:09:25.284+0700] {dag.py:3954} INFO - Setting next_dagrun for tutorial to 2024-10-11 00:00:00+00:00, run_after=2024-10-12 00:00:00+00:00
[2024-10-12T20:09:25.330+0700] {processor.py:183} INFO - Processing /home/hanifmmufid/airflow_env/lib/python3.10/site-packages/airflow/example_dags/tutorial.py took 0.164 seconds
[2024-10-12T20:10:15.440+0700] {processor.py:161} INFO - Started process (PID=10938) to work on /home/hanifmmufid/airflow_env/lib/python3.10/site-packages/airflow/example_dags/tutorial.py
[2024-10-12T20:10:15.448+0700] {processor.py:830} INFO - Processing file /home/hanifmmufid/airflow_env/lib/python3.10/site-packages/airflow/example_dags/tutorial.py for tasks to queue
[2024-10-12T20:10:15.450+0700] {logging_mixin.py:188} INFO - [2024-10-12T20:10:15.450+0700] {dagbag.py:540} INFO - Filling up the DagBag from /home/hanifmmufid/airflow_env/lib/python3.10/site-packages/airflow/example_dags/tutorial.py
[2024-10-12T20:10:15.467+0700] {processor.py:840} INFO - DAG(s) 'tutorial' retrieved from /home/hanifmmufid/airflow_env/lib/python3.10/site-packages/airflow/example_dags/tutorial.py
[2024-10-12T20:10:15.513+0700] {logging_mixin.py:188} INFO - [2024-10-12T20:10:15.512+0700] {dag.py:3096} INFO - Sync 1 DAGs
[2024-10-12T20:10:15.560+0700] {logging_mixin.py:188} INFO - [2024-10-12T20:10:15.560+0700] {dag.py:3954} INFO - Setting next_dagrun for tutorial to 2024-10-11 00:00:00+00:00, run_after=2024-10-12 00:00:00+00:00
[2024-10-12T20:10:15.609+0700] {processor.py:183} INFO - Processing /home/hanifmmufid/airflow_env/lib/python3.10/site-packages/airflow/example_dags/tutorial.py took 0.219 seconds
[2024-10-12T20:11:45.607+0700] {processor.py:161} INFO - Started process (PID=12021) to work on /home/hanifmmufid/airflow_env/lib/python3.10/site-packages/airflow/example_dags/tutorial.py
[2024-10-12T20:11:45.610+0700] {processor.py:830} INFO - Processing file /home/hanifmmufid/airflow_env/lib/python3.10/site-packages/airflow/example_dags/tutorial.py for tasks to queue
[2024-10-12T20:11:45.612+0700] {logging_mixin.py:188} INFO - [2024-10-12T20:11:45.611+0700] {dagbag.py:540} INFO - Filling up the DagBag from /home/hanifmmufid/airflow_env/lib/python3.10/site-packages/airflow/example_dags/tutorial.py
[2024-10-12T20:11:45.623+0700] {processor.py:840} INFO - DAG(s) 'tutorial' retrieved from /home/hanifmmufid/airflow_env/lib/python3.10/site-packages/airflow/example_dags/tutorial.py
[2024-10-12T20:11:45.651+0700] {logging_mixin.py:188} INFO - [2024-10-12T20:11:45.651+0700] {dag.py:3096} INFO - Sync 1 DAGs
[2024-10-12T20:11:45.693+0700] {logging_mixin.py:188} INFO - [2024-10-12T20:11:45.693+0700] {dag.py:3954} INFO - Setting next_dagrun for tutorial to 2024-10-11 00:00:00+00:00, run_after=2024-10-12 00:00:00+00:00
[2024-10-12T20:11:45.759+0700] {processor.py:183} INFO - Processing /home/hanifmmufid/airflow_env/lib/python3.10/site-packages/airflow/example_dags/tutorial.py took 0.163 seconds
[2024-10-12T20:13:13.354+0700] {processor.py:161} INFO - Started process (PID=12795) to work on /home/hanifmmufid/airflow_env/lib/python3.10/site-packages/airflow/example_dags/tutorial.py
[2024-10-12T20:13:13.356+0700] {processor.py:830} INFO - Processing file /home/hanifmmufid/airflow_env/lib/python3.10/site-packages/airflow/example_dags/tutorial.py for tasks to queue
[2024-10-12T20:13:13.357+0700] {logging_mixin.py:188} INFO - [2024-10-12T20:13:13.357+0700] {dagbag.py:540} INFO - Filling up the DagBag from /home/hanifmmufid/airflow_env/lib/python3.10/site-packages/airflow/example_dags/tutorial.py
[2024-10-12T20:13:13.367+0700] {processor.py:840} INFO - DAG(s) 'tutorial' retrieved from /home/hanifmmufid/airflow_env/lib/python3.10/site-packages/airflow/example_dags/tutorial.py
[2024-10-12T20:13:13.389+0700] {logging_mixin.py:188} INFO - [2024-10-12T20:13:13.389+0700] {dag.py:3096} INFO - Sync 1 DAGs
[2024-10-12T20:13:13.424+0700] {logging_mixin.py:188} INFO - [2024-10-12T20:13:13.424+0700] {dag.py:3954} INFO - Setting next_dagrun for tutorial to 2024-10-11 00:00:00+00:00, run_after=2024-10-12 00:00:00+00:00
[2024-10-12T20:13:13.457+0700] {processor.py:183} INFO - Processing /home/hanifmmufid/airflow_env/lib/python3.10/site-packages/airflow/example_dags/tutorial.py took 0.112 seconds
[2024-10-12T20:14:39.627+0700] {processor.py:161} INFO - Started process (PID=13468) to work on /home/hanifmmufid/airflow_env/lib/python3.10/site-packages/airflow/example_dags/tutorial.py
[2024-10-12T20:14:39.629+0700] {processor.py:830} INFO - Processing file /home/hanifmmufid/airflow_env/lib/python3.10/site-packages/airflow/example_dags/tutorial.py for tasks to queue
[2024-10-12T20:14:39.631+0700] {logging_mixin.py:188} INFO - [2024-10-12T20:14:39.630+0700] {dagbag.py:540} INFO - Filling up the DagBag from /home/hanifmmufid/airflow_env/lib/python3.10/site-packages/airflow/example_dags/tutorial.py
[2024-10-12T20:14:39.646+0700] {processor.py:840} INFO - DAG(s) 'tutorial' retrieved from /home/hanifmmufid/airflow_env/lib/python3.10/site-packages/airflow/example_dags/tutorial.py
[2024-10-12T20:14:39.693+0700] {logging_mixin.py:188} INFO - [2024-10-12T20:14:39.692+0700] {dag.py:3096} INFO - Sync 1 DAGs
[2024-10-12T20:14:39.749+0700] {logging_mixin.py:188} INFO - [2024-10-12T20:14:39.749+0700] {dag.py:3954} INFO - Setting next_dagrun for tutorial to 2024-10-11 00:00:00+00:00, run_after=2024-10-12 00:00:00+00:00
[2024-10-12T20:14:39.807+0700] {processor.py:183} INFO - Processing /home/hanifmmufid/airflow_env/lib/python3.10/site-packages/airflow/example_dags/tutorial.py took 0.194 seconds
[2024-10-12T20:15:52.908+0700] {processor.py:161} INFO - Started process (PID=14135) to work on /home/hanifmmufid/airflow_env/lib/python3.10/site-packages/airflow/example_dags/tutorial.py
[2024-10-12T20:15:52.909+0700] {processor.py:830} INFO - Processing file /home/hanifmmufid/airflow_env/lib/python3.10/site-packages/airflow/example_dags/tutorial.py for tasks to queue
[2024-10-12T20:15:52.911+0700] {logging_mixin.py:188} INFO - [2024-10-12T20:15:52.910+0700] {dagbag.py:540} INFO - Filling up the DagBag from /home/hanifmmufid/airflow_env/lib/python3.10/site-packages/airflow/example_dags/tutorial.py
[2024-10-12T20:15:52.922+0700] {processor.py:840} INFO - DAG(s) 'tutorial' retrieved from /home/hanifmmufid/airflow_env/lib/python3.10/site-packages/airflow/example_dags/tutorial.py
[2024-10-12T20:15:52.942+0700] {logging_mixin.py:188} INFO - [2024-10-12T20:15:52.942+0700] {dag.py:3096} INFO - Sync 1 DAGs
[2024-10-12T20:15:52.974+0700] {logging_mixin.py:188} INFO - [2024-10-12T20:15:52.973+0700] {dag.py:3954} INFO - Setting next_dagrun for tutorial to 2024-10-11 00:00:00+00:00, run_after=2024-10-12 00:00:00+00:00
[2024-10-12T20:15:53.003+0700] {processor.py:183} INFO - Processing /home/hanifmmufid/airflow_env/lib/python3.10/site-packages/airflow/example_dags/tutorial.py took 0.101 seconds
[2024-10-12T20:17:04.719+0700] {processor.py:161} INFO - Started process (PID=14765) to work on /home/hanifmmufid/airflow_env/lib/python3.10/site-packages/airflow/example_dags/tutorial.py
[2024-10-12T20:17:04.721+0700] {processor.py:830} INFO - Processing file /home/hanifmmufid/airflow_env/lib/python3.10/site-packages/airflow/example_dags/tutorial.py for tasks to queue
[2024-10-12T20:17:04.721+0700] {logging_mixin.py:188} INFO - [2024-10-12T20:17:04.721+0700] {dagbag.py:540} INFO - Filling up the DagBag from /home/hanifmmufid/airflow_env/lib/python3.10/site-packages/airflow/example_dags/tutorial.py
[2024-10-12T20:17:04.730+0700] {processor.py:840} INFO - DAG(s) 'tutorial' retrieved from /home/hanifmmufid/airflow_env/lib/python3.10/site-packages/airflow/example_dags/tutorial.py
[2024-10-12T20:17:04.746+0700] {logging_mixin.py:188} INFO - [2024-10-12T20:17:04.745+0700] {dag.py:3096} INFO - Sync 1 DAGs
[2024-10-12T20:17:04.767+0700] {logging_mixin.py:188} INFO - [2024-10-12T20:17:04.766+0700] {dag.py:3954} INFO - Setting next_dagrun for tutorial to 2024-10-11 00:00:00+00:00, run_after=2024-10-12 00:00:00+00:00
[2024-10-12T20:17:04.791+0700] {processor.py:183} INFO - Processing /home/hanifmmufid/airflow_env/lib/python3.10/site-packages/airflow/example_dags/tutorial.py took 0.077 seconds
[2024-10-12T20:17:56.488+0700] {processor.py:161} INFO - Started process (PID=15151) to work on /home/hanifmmufid/airflow_env/lib/python3.10/site-packages/airflow/example_dags/tutorial.py
[2024-10-12T20:17:56.490+0700] {processor.py:830} INFO - Processing file /home/hanifmmufid/airflow_env/lib/python3.10/site-packages/airflow/example_dags/tutorial.py for tasks to queue
[2024-10-12T20:17:56.492+0700] {logging_mixin.py:188} INFO - [2024-10-12T20:17:56.491+0700] {dagbag.py:540} INFO - Filling up the DagBag from /home/hanifmmufid/airflow_env/lib/python3.10/site-packages/airflow/example_dags/tutorial.py
[2024-10-12T20:17:56.506+0700] {processor.py:840} INFO - DAG(s) 'tutorial' retrieved from /home/hanifmmufid/airflow_env/lib/python3.10/site-packages/airflow/example_dags/tutorial.py
[2024-10-12T20:17:56.540+0700] {logging_mixin.py:188} INFO - [2024-10-12T20:17:56.539+0700] {dag.py:3096} INFO - Sync 1 DAGs
[2024-10-12T20:17:56.592+0700] {logging_mixin.py:188} INFO - [2024-10-12T20:17:56.591+0700] {dag.py:3954} INFO - Setting next_dagrun for tutorial to 2024-10-11 00:00:00+00:00, run_after=2024-10-12 00:00:00+00:00
[2024-10-12T20:17:56.650+0700] {processor.py:183} INFO - Processing /home/hanifmmufid/airflow_env/lib/python3.10/site-packages/airflow/example_dags/tutorial.py took 0.179 seconds
[2024-10-12T20:19:13.308+0700] {processor.py:161} INFO - Started process (PID=16142) to work on /home/hanifmmufid/airflow_env/lib/python3.10/site-packages/airflow/example_dags/tutorial.py
[2024-10-12T20:19:13.313+0700] {processor.py:830} INFO - Processing file /home/hanifmmufid/airflow_env/lib/python3.10/site-packages/airflow/example_dags/tutorial.py for tasks to queue
[2024-10-12T20:19:13.319+0700] {logging_mixin.py:188} INFO - [2024-10-12T20:19:13.318+0700] {dagbag.py:540} INFO - Filling up the DagBag from /home/hanifmmufid/airflow_env/lib/python3.10/site-packages/airflow/example_dags/tutorial.py
[2024-10-12T20:19:13.345+0700] {processor.py:840} INFO - DAG(s) 'tutorial' retrieved from /home/hanifmmufid/airflow_env/lib/python3.10/site-packages/airflow/example_dags/tutorial.py
[2024-10-12T20:19:13.386+0700] {logging_mixin.py:188} INFO - [2024-10-12T20:19:13.385+0700] {dag.py:3096} INFO - Sync 1 DAGs
[2024-10-12T20:19:13.467+0700] {logging_mixin.py:188} INFO - [2024-10-12T20:19:13.467+0700] {dag.py:3954} INFO - Setting next_dagrun for tutorial to 2024-10-11 00:00:00+00:00, run_after=2024-10-12 00:00:00+00:00
[2024-10-12T20:19:13.580+0700] {processor.py:183} INFO - Processing /home/hanifmmufid/airflow_env/lib/python3.10/site-packages/airflow/example_dags/tutorial.py took 0.295 seconds
