[2024-10-12T20:02:16.158+0700] {processor.py:161} INFO - Started process (PID=5523) to work on /home/hanifmmufid/airflow_env/lib/python3.10/site-packages/airflow/example_dags/tutorial_taskflow_api.py
[2024-10-12T20:02:16.159+0700] {processor.py:830} INFO - Processing file /home/hanifmmufid/airflow_env/lib/python3.10/site-packages/airflow/example_dags/tutorial_taskflow_api.py for tasks to queue
[2024-10-12T20:02:16.160+0700] {logging_mixin.py:188} INFO - [2024-10-12T20:02:16.160+0700] {dagbag.py:540} INFO - Filling up the DagBag from /home/hanifmmufid/airflow_env/lib/python3.10/site-packages/airflow/example_dags/tutorial_taskflow_api.py
[2024-10-12T20:02:16.165+0700] {processor.py:840} INFO - DAG(s) 'tutorial_taskflow_api' retrieved from /home/hanifmmufid/airflow_env/lib/python3.10/site-packages/airflow/example_dags/tutorial_taskflow_api.py
[2024-10-12T20:02:16.261+0700] {logging_mixin.py:188} INFO - [2024-10-12T20:02:16.260+0700] {override.py:1901} INFO - Created Permission View: can edit on DAG:tutorial_taskflow_api
[2024-10-12T20:02:16.276+0700] {logging_mixin.py:188} INFO - [2024-10-12T20:02:16.275+0700] {override.py:1901} INFO - Created Permission View: can read on DAG:tutorial_taskflow_api
[2024-10-12T20:02:16.292+0700] {logging_mixin.py:188} INFO - [2024-10-12T20:02:16.292+0700] {override.py:1901} INFO - Created Permission View: can delete on DAG:tutorial_taskflow_api
[2024-10-12T20:02:16.293+0700] {logging_mixin.py:188} INFO - [2024-10-12T20:02:16.293+0700] {dag.py:3096} INFO - Sync 1 DAGs
[2024-10-12T20:02:16.305+0700] {logging_mixin.py:188} INFO - [2024-10-12T20:02:16.305+0700] {dag.py:3118} INFO - Creating ORM DAG for tutorial_taskflow_api
[2024-10-12T20:02:16.306+0700] {logging_mixin.py:188} INFO - [2024-10-12T20:02:16.306+0700] {dag.py:3954} INFO - Setting next_dagrun for tutorial_taskflow_api to None, run_after=None
[2024-10-12T20:02:16.335+0700] {processor.py:183} INFO - Processing /home/hanifmmufid/airflow_env/lib/python3.10/site-packages/airflow/example_dags/tutorial_taskflow_api.py took 0.182 seconds
[2024-10-12T20:03:17.000+0700] {processor.py:161} INFO - Started process (PID=5853) to work on /home/hanifmmufid/airflow_env/lib/python3.10/site-packages/airflow/example_dags/tutorial_taskflow_api.py
[2024-10-12T20:03:17.002+0700] {processor.py:830} INFO - Processing file /home/hanifmmufid/airflow_env/lib/python3.10/site-packages/airflow/example_dags/tutorial_taskflow_api.py for tasks to queue
[2024-10-12T20:03:17.003+0700] {logging_mixin.py:188} INFO - [2024-10-12T20:03:17.003+0700] {dagbag.py:540} INFO - Filling up the DagBag from /home/hanifmmufid/airflow_env/lib/python3.10/site-packages/airflow/example_dags/tutorial_taskflow_api.py
[2024-10-12T20:03:17.011+0700] {processor.py:840} INFO - DAG(s) 'tutorial_taskflow_api' retrieved from /home/hanifmmufid/airflow_env/lib/python3.10/site-packages/airflow/example_dags/tutorial_taskflow_api.py
[2024-10-12T20:03:17.023+0700] {logging_mixin.py:188} INFO - [2024-10-12T20:03:17.022+0700] {dag.py:3096} INFO - Sync 1 DAGs
[2024-10-12T20:03:17.031+0700] {logging_mixin.py:188} INFO - [2024-10-12T20:03:17.031+0700] {dag.py:3954} INFO - Setting next_dagrun for tutorial_taskflow_api to None, run_after=None
[2024-10-12T20:03:17.053+0700] {processor.py:183} INFO - Processing /home/hanifmmufid/airflow_env/lib/python3.10/site-packages/airflow/example_dags/tutorial_taskflow_api.py took 0.059 seconds
[2024-10-12T20:04:25.261+0700] {processor.py:161} INFO - Started process (PID=6489) to work on /home/hanifmmufid/airflow_env/lib/python3.10/site-packages/airflow/example_dags/tutorial_taskflow_api.py
[2024-10-12T20:04:25.263+0700] {processor.py:830} INFO - Processing file /home/hanifmmufid/airflow_env/lib/python3.10/site-packages/airflow/example_dags/tutorial_taskflow_api.py for tasks to queue
[2024-10-12T20:04:25.265+0700] {logging_mixin.py:188} INFO - [2024-10-12T20:04:25.264+0700] {dagbag.py:540} INFO - Filling up the DagBag from /home/hanifmmufid/airflow_env/lib/python3.10/site-packages/airflow/example_dags/tutorial_taskflow_api.py
[2024-10-12T20:04:25.272+0700] {processor.py:840} INFO - DAG(s) 'tutorial_taskflow_api' retrieved from /home/hanifmmufid/airflow_env/lib/python3.10/site-packages/airflow/example_dags/tutorial_taskflow_api.py
[2024-10-12T20:04:25.288+0700] {logging_mixin.py:188} INFO - [2024-10-12T20:04:25.288+0700] {dag.py:3096} INFO - Sync 1 DAGs
[2024-10-12T20:04:25.397+0700] {logging_mixin.py:188} INFO - [2024-10-12T20:04:25.397+0700] {dag.py:3954} INFO - Setting next_dagrun for tutorial_taskflow_api to None, run_after=None
[2024-10-12T20:04:25.423+0700] {processor.py:183} INFO - Processing /home/hanifmmufid/airflow_env/lib/python3.10/site-packages/airflow/example_dags/tutorial_taskflow_api.py took 0.168 seconds
[2024-10-12T20:05:19.335+0700] {processor.py:161} INFO - Started process (PID=7664) to work on /home/hanifmmufid/airflow_env/lib/python3.10/site-packages/airflow/example_dags/tutorial_taskflow_api.py
[2024-10-12T20:05:19.358+0700] {processor.py:830} INFO - Processing file /home/hanifmmufid/airflow_env/lib/python3.10/site-packages/airflow/example_dags/tutorial_taskflow_api.py for tasks to queue
[2024-10-12T20:05:19.382+0700] {logging_mixin.py:188} INFO - [2024-10-12T20:05:19.379+0700] {dagbag.py:540} INFO - Filling up the DagBag from /home/hanifmmufid/airflow_env/lib/python3.10/site-packages/airflow/example_dags/tutorial_taskflow_api.py
[2024-10-12T20:05:19.396+0700] {processor.py:840} INFO - DAG(s) 'tutorial_taskflow_api' retrieved from /home/hanifmmufid/airflow_env/lib/python3.10/site-packages/airflow/example_dags/tutorial_taskflow_api.py
[2024-10-12T20:05:19.413+0700] {logging_mixin.py:188} INFO - [2024-10-12T20:05:19.413+0700] {dag.py:3096} INFO - Sync 1 DAGs
[2024-10-12T20:05:19.471+0700] {logging_mixin.py:188} INFO - [2024-10-12T20:05:19.471+0700] {dag.py:3954} INFO - Setting next_dagrun for tutorial_taskflow_api to None, run_after=None
[2024-10-12T20:05:19.532+0700] {processor.py:183} INFO - Processing /home/hanifmmufid/airflow_env/lib/python3.10/site-packages/airflow/example_dags/tutorial_taskflow_api.py took 0.265 seconds
[2024-10-12T20:06:07.104+0700] {processor.py:161} INFO - Started process (PID=8833) to work on /home/hanifmmufid/airflow_env/lib/python3.10/site-packages/airflow/example_dags/tutorial_taskflow_api.py
[2024-10-12T20:06:07.106+0700] {processor.py:830} INFO - Processing file /home/hanifmmufid/airflow_env/lib/python3.10/site-packages/airflow/example_dags/tutorial_taskflow_api.py for tasks to queue
[2024-10-12T20:06:07.108+0700] {logging_mixin.py:188} INFO - [2024-10-12T20:06:07.108+0700] {dagbag.py:540} INFO - Filling up the DagBag from /home/hanifmmufid/airflow_env/lib/python3.10/site-packages/airflow/example_dags/tutorial_taskflow_api.py
[2024-10-12T20:06:07.116+0700] {processor.py:840} INFO - DAG(s) 'tutorial_taskflow_api' retrieved from /home/hanifmmufid/airflow_env/lib/python3.10/site-packages/airflow/example_dags/tutorial_taskflow_api.py
[2024-10-12T20:06:07.137+0700] {logging_mixin.py:188} INFO - [2024-10-12T20:06:07.136+0700] {dag.py:3096} INFO - Sync 1 DAGs
[2024-10-12T20:06:07.154+0700] {logging_mixin.py:188} INFO - [2024-10-12T20:06:07.154+0700] {dag.py:3954} INFO - Setting next_dagrun for tutorial_taskflow_api to None, run_after=None
[2024-10-12T20:06:07.189+0700] {processor.py:183} INFO - Processing /home/hanifmmufid/airflow_env/lib/python3.10/site-packages/airflow/example_dags/tutorial_taskflow_api.py took 0.092 seconds
