[2024-10-12T20:02:44.816+0700] {processor.py:161} INFO - Started process (PID=5690) to work on /home/hanifmmufid/airflow_env/lib/python3.10/site-packages/airflow/example_dags/plugins/listener_plugin.py
[2024-10-12T20:02:44.819+0700] {processor.py:830} INFO - Processing file /home/hanifmmufid/airflow_env/lib/python3.10/site-packages/airflow/example_dags/plugins/listener_plugin.py for tasks to queue
[2024-10-12T20:02:44.822+0700] {logging_mixin.py:188} INFO - [2024-10-12T20:02:44.821+0700] {dagbag.py:540} INFO - Filling up the DagBag from /home/hanifmmufid/airflow_env/lib/python3.10/site-packages/airflow/example_dags/plugins/listener_plugin.py
[2024-10-12T20:02:44.827+0700] {processor.py:842} WARNING - No viable dags retrieved from /home/hanifmmufid/airflow_env/lib/python3.10/site-packages/airflow/example_dags/plugins/listener_plugin.py
[2024-10-12T20:02:44.898+0700] {processor.py:183} INFO - Processing /home/hanifmmufid/airflow_env/lib/python3.10/site-packages/airflow/example_dags/plugins/listener_plugin.py took 0.091 seconds
[2024-10-12T20:03:48.997+0700] {processor.py:161} INFO - Started process (PID=6099) to work on /home/hanifmmufid/airflow_env/lib/python3.10/site-packages/airflow/example_dags/plugins/listener_plugin.py
[2024-10-12T20:03:49.000+0700] {processor.py:830} INFO - Processing file /home/hanifmmufid/airflow_env/lib/python3.10/site-packages/airflow/example_dags/plugins/listener_plugin.py for tasks to queue
[2024-10-12T20:03:49.008+0700] {logging_mixin.py:188} INFO - [2024-10-12T20:03:49.007+0700] {dagbag.py:540} INFO - Filling up the DagBag from /home/hanifmmufid/airflow_env/lib/python3.10/site-packages/airflow/example_dags/plugins/listener_plugin.py
[2024-10-12T20:03:49.013+0700] {processor.py:842} WARNING - No viable dags retrieved from /home/hanifmmufid/airflow_env/lib/python3.10/site-packages/airflow/example_dags/plugins/listener_plugin.py
[2024-10-12T20:03:49.035+0700] {processor.py:183} INFO - Processing /home/hanifmmufid/airflow_env/lib/python3.10/site-packages/airflow/example_dags/plugins/listener_plugin.py took 0.052 seconds
[2024-10-12T20:04:57.090+0700] {processor.py:161} INFO - Started process (PID=6743) to work on /home/hanifmmufid/airflow_env/lib/python3.10/site-packages/airflow/example_dags/plugins/listener_plugin.py
[2024-10-12T20:04:57.093+0700] {processor.py:830} INFO - Processing file /home/hanifmmufid/airflow_env/lib/python3.10/site-packages/airflow/example_dags/plugins/listener_plugin.py for tasks to queue
[2024-10-12T20:04:57.095+0700] {logging_mixin.py:188} INFO - [2024-10-12T20:04:57.094+0700] {dagbag.py:540} INFO - Filling up the DagBag from /home/hanifmmufid/airflow_env/lib/python3.10/site-packages/airflow/example_dags/plugins/listener_plugin.py
[2024-10-12T20:04:57.097+0700] {processor.py:842} WARNING - No viable dags retrieved from /home/hanifmmufid/airflow_env/lib/python3.10/site-packages/airflow/example_dags/plugins/listener_plugin.py
[2024-10-12T20:04:57.192+0700] {processor.py:183} INFO - Processing /home/hanifmmufid/airflow_env/lib/python3.10/site-packages/airflow/example_dags/plugins/listener_plugin.py took 0.107 seconds
[2024-10-12T20:05:49.024+0700] {processor.py:161} INFO - Started process (PID=8693) to work on /home/hanifmmufid/airflow_env/lib/python3.10/site-packages/airflow/example_dags/plugins/listener_plugin.py
[2024-10-12T20:05:49.026+0700] {processor.py:830} INFO - Processing file /home/hanifmmufid/airflow_env/lib/python3.10/site-packages/airflow/example_dags/plugins/listener_plugin.py for tasks to queue
[2024-10-12T20:05:49.028+0700] {logging_mixin.py:188} INFO - [2024-10-12T20:05:49.028+0700] {dagbag.py:540} INFO - Filling up the DagBag from /home/hanifmmufid/airflow_env/lib/python3.10/site-packages/airflow/example_dags/plugins/listener_plugin.py
[2024-10-12T20:05:49.031+0700] {processor.py:842} WARNING - No viable dags retrieved from /home/hanifmmufid/airflow_env/lib/python3.10/site-packages/airflow/example_dags/plugins/listener_plugin.py
[2024-10-12T20:05:49.043+0700] {processor.py:183} INFO - Processing /home/hanifmmufid/airflow_env/lib/python3.10/site-packages/airflow/example_dags/plugins/listener_plugin.py took 0.026 seconds
